[2.084s] Invoking command in '/home/racecar/racecar_ws/build/ydlidar_ros2_driver': CMAKE_PREFIX_PATH=${CMAKE_PREFIX_PATH}:/home/racecar/racecar_ws/install/racecar_neo:/opt/ros/iron /usr/bin/cmake --build /home/racecar/racecar_ws/build/ydlidar_ros2_driver -- -j4 -l4
[2.338s] [ 50%] Built target ydlidar_ros2_driver_node
[2.340s] [100%] Built target ydlidar_ros2_driver_client
[2.383s] Invoked command in '/home/racecar/racecar_ws/build/ydlidar_ros2_driver' returned '0': CMAKE_PREFIX_PATH=${CMAKE_PREFIX_PATH}:/home/racecar/racecar_ws/install/racecar_neo:/opt/ros/iron /usr/bin/cmake --build /home/racecar/racecar_ws/build/ydlidar_ros2_driver -- -j4 -l4
[2.555s] Invoking command in '/home/racecar/racecar_ws/build/ydlidar_ros2_driver': CMAKE_PREFIX_PATH=${CMAKE_PREFIX_PATH}:/home/racecar/racecar_ws/install/racecar_neo:/opt/ros/iron /usr/bin/cmake --install /home/racecar/racecar_ws/build/ydlidar_ros2_driver
[2.583s] -- Install configuration: ""
[2.585s] -- Execute custom install script
[2.587s] -- Up-to-date symlink: /home/racecar/racecar_ws/install/ydlidar_ros2_driver/lib/ydlidar_ros2_driver/ydlidar_ros2_driver_node
[2.587s] -- Up-to-date symlink: /home/racecar/racecar_ws/install/ydlidar_ros2_driver/lib/ydlidar_ros2_driver/ydlidar_ros2_driver_client
[2.590s] -- Up-to-date symlink: /home/racecar/racecar_ws/install/ydlidar_ros2_driver/share/ydlidar_ros2_driver/launch/.ipynb_checkpoints/ydlidar_launch-checkpoint.py
[2.591s] -- Up-to-date symlink: /home/racecar/racecar_ws/install/ydlidar_ros2_driver/share/ydlidar_ros2_driver/launch/ydlidar.py
[2.592s] -- Up-to-date symlink: /home/racecar/racecar_ws/install/ydlidar_ros2_driver/share/ydlidar_ros2_driver/launch/ydlidar_launch.py
[2.593s] -- Up-to-date symlink: /home/racecar/racecar_ws/install/ydlidar_ros2_driver/share/ydlidar_ros2_driver/launch/ydlidar_launch_view.py
[2.597s] -- Symlinking: /home/racecar/racecar_ws/install/ydlidar_ros2_driver/share/ydlidar_ros2_driver/params/.ipynb_checkpoints/X4-checkpoint.yaml
[2.628s] -- Up-to-date symlink: /home/racecar/racecar_ws/install/ydlidar_ros2_driver/share/ydlidar_ros2_driver/params/.ipynb_checkpoints/ydlidar-checkpoint.yaml
[2.629s] -- Up-to-date symlink: /home/racecar/racecar_ws/install/ydlidar_ros2_driver/share/ydlidar_ros2_driver/params/G1.yaml
[2.630s] -- Up-to-date symlink: /home/racecar/racecar_ws/install/ydlidar_ros2_driver/share/ydlidar_ros2_driver/params/G2.yaml
[2.631s] -- Up-to-date symlink: /home/racecar/racecar_ws/install/ydlidar_ros2_driver/share/ydlidar_ros2_driver/params/G6.yaml
[2.631s] -- Up-to-date symlink: /home/racecar/racecar_ws/install/ydlidar_ros2_driver/share/ydlidar_ros2_driver/params/TG.yaml
[2.632s] -- Up-to-date symlink: /home/racecar/racecar_ws/install/ydlidar_ros2_driver/share/ydlidar_ros2_driver/params/TminiPro.yaml
[2.633s] -- Up-to-date symlink: /home/racecar/racecar_ws/install/ydlidar_ros2_driver/share/ydlidar_ros2_driver/params/X2.yaml
[2.634s] -- Up-to-date symlink: /home/racecar/racecar_ws/install/ydlidar_ros2_driver/share/ydlidar_ros2_driver/params/X4-Pro.yaml
[2.635s] -- Up-to-date symlink: /home/racecar/racecar_ws/install/ydlidar_ros2_driver/share/ydlidar_ros2_driver/params/X4.yaml
[2.636s] -- Up-to-date symlink: /home/racecar/racecar_ws/install/ydlidar_ros2_driver/share/ydlidar_ros2_driver/params/ydlidar.yaml
[2.637s] -- Up-to-date symlink: /home/racecar/racecar_ws/install/ydlidar_ros2_driver/share/ydlidar_ros2_driver/startup/initenv.sh
[2.638s] -- Up-to-date symlink: /home/racecar/racecar_ws/install/ydlidar_ros2_driver/share/ydlidar_ros2_driver/config/ydlidar.rviz
[2.640s] -- Up-to-date symlink: /home/racecar/racecar_ws/install/ydlidar_ros2_driver/share/ament_index/resource_index/package_run_dependencies/ydlidar_ros2_driver
[2.641s] -- Up-to-date symlink: /home/racecar/racecar_ws/install/ydlidar_ros2_driver/share/ament_index/resource_index/parent_prefix_path/ydlidar_ros2_driver
[2.642s] -- Up-to-date symlink: /home/racecar/racecar_ws/install/ydlidar_ros2_driver/share/ydlidar_ros2_driver/environment/ament_prefix_path.sh
[2.643s] -- Up-to-date symlink: /home/racecar/racecar_ws/install/ydlidar_ros2_driver/share/ydlidar_ros2_driver/environment/ament_prefix_path.dsv
[2.644s] -- Up-to-date symlink: /home/racecar/racecar_ws/install/ydlidar_ros2_driver/share/ydlidar_ros2_driver/environment/path.sh
[2.646s] -- Up-to-date symlink: /home/racecar/racecar_ws/install/ydlidar_ros2_driver/share/ydlidar_ros2_driver/environment/path.dsv
[2.647s] -- Up-to-date symlink: /home/racecar/racecar_ws/install/ydlidar_ros2_driver/share/ydlidar_ros2_driver/local_setup.bash
[2.648s] -- Up-to-date symlink: /home/racecar/racecar_ws/install/ydlidar_ros2_driver/share/ydlidar_ros2_driver/local_setup.sh
[2.649s] -- Up-to-date symlink: /home/racecar/racecar_ws/install/ydlidar_ros2_driver/share/ydlidar_ros2_driver/local_setup.zsh
[2.650s] -- Up-to-date symlink: /home/racecar/racecar_ws/install/ydlidar_ros2_driver/share/ydlidar_ros2_driver/local_setup.dsv
[2.651s] -- Symlinking: /home/racecar/racecar_ws/install/ydlidar_ros2_driver/share/ydlidar_ros2_driver/package.dsv
[2.685s] -- Up-to-date symlink: /home/racecar/racecar_ws/install/ydlidar_ros2_driver/share/ament_index/resource_index/packages/ydlidar_ros2_driver
[2.687s] -- Up-to-date symlink: /home/racecar/racecar_ws/install/ydlidar_ros2_driver/share/ydlidar_ros2_driver/cmake/ydlidar_ros2_driverConfig.cmake
[2.687s] -- Up-to-date symlink: /home/racecar/racecar_ws/install/ydlidar_ros2_driver/share/ydlidar_ros2_driver/cmake/ydlidar_ros2_driverConfig-version.cmake
[2.688s] -- Up-to-date symlink: /home/racecar/racecar_ws/install/ydlidar_ros2_driver/share/ydlidar_ros2_driver/package.xml
[2.695s] Invoked command in '/home/racecar/racecar_ws/build/ydlidar_ros2_driver' returned '0': CMAKE_PREFIX_PATH=${CMAKE_PREFIX_PATH}:/home/racecar/racecar_ws/install/racecar_neo:/opt/ros/iron /usr/bin/cmake --install /home/racecar/racecar_ws/build/ydlidar_ros2_driver
