[4.628s] Invoking command in '/home/racecar/racecar_ws/build/racecar_neo': PYTHONPATH=/home/racecar/racecar_ws/build/racecar_neo/prefix_override:/home/racecar/racecar_ws/install/racecar_neo/lib/python3.10/site-packages:${PYTHONPATH} /usr/bin/python3 setup.py develop --editable --build-directory /home/racecar/racecar_ws/build/racecar_neo/build --no-deps install_data
[5.995s] running develop
[7.117s] running egg_info
[7.118s] writing racecar_neo.egg-info/PKG-INFO
[7.119s] writing dependency_links to racecar_neo.egg-info/dependency_links.txt
[7.120s] writing entry points to racecar_neo.egg-info/entry_points.txt
[7.120s] writing requirements to racecar_neo.egg-info/requires.txt
[7.121s] writing top-level names to racecar_neo.egg-info/top_level.txt
[7.130s] reading manifest file 'racecar_neo.egg-info/SOURCES.txt'
[7.133s] writing manifest file 'racecar_neo.egg-info/SOURCES.txt'
[7.139s] running build_ext
[7.140s] Creating /home/racecar/racecar_ws/install/racecar_neo/lib/python3.10/site-packages/racecar-neo.egg-link (link to .)
[7.143s] Installing gamepad script to /home/racecar/racecar_ws/install/racecar_neo/lib/racecar_neo
[7.144s] Installing mux script to /home/racecar/racecar_ws/install/racecar_neo/lib/racecar_neo
[7.145s] Installing pwm script to /home/racecar/racecar_ws/install/racecar_neo/lib/racecar_neo
[7.145s] Installing throttle script to /home/racecar/racecar_ws/install/racecar_neo/lib/racecar_neo
[7.147s] 
[7.147s] Installed /home/racecar/racecar_ws/build/racecar_neo
[7.147s] running install_data
[7.315s] Invoked command in '/home/racecar/racecar_ws/build/racecar_neo' returned '0': PYTHONPATH=/home/racecar/racecar_ws/build/racecar_neo/prefix_override:/home/racecar/racecar_ws/install/racecar_neo/lib/python3.10/site-packages:${PYTHONPATH} /usr/bin/python3 setup.py develop --editable --build-directory /home/racecar/racecar_ws/build/racecar_neo/build --no-deps install_data
