[4.347s] Invoking command in '/home/racecar/racecar_ws/src/racecar_neo': PYTHONPATH=/home/racecar/racecar_ws/build/racecar_neo/prefix_override:/home/racecar/racecar_ws/install/racecar_neo/lib/python3.10/site-packages:${PYTHONPATH} /usr/bin/python3 setup.py egg_info --egg-base ../../build/racecar_neo build --build-base /home/racecar/racecar_ws/build/racecar_neo/build install --record /home/racecar/racecar_ws/build/racecar_neo/install.log --single-version-externally-managed
[5.810s] running egg_info
[5.814s] writing ../../build/racecar_neo/racecar_neo.egg-info/PKG-INFO
[5.815s] writing dependency_links to ../../build/racecar_neo/racecar_neo.egg-info/dependency_links.txt
[5.815s] writing entry points to ../../build/racecar_neo/racecar_neo.egg-info/entry_points.txt
[5.816s] writing requirements to ../../build/racecar_neo/racecar_neo.egg-info/requires.txt
[5.817s] writing top-level names to ../../build/racecar_neo/racecar_neo.egg-info/top_level.txt
[5.826s] reading manifest file '../../build/racecar_neo/racecar_neo.egg-info/SOURCES.txt'
[5.827s] adding license file 'LICENSE'
[5.829s] writing manifest file '../../build/racecar_neo/racecar_neo.egg-info/SOURCES.txt'
[5.830s] running build
[5.831s] running build_py
[5.832s] copying racecar_neo/maestro.py -> /home/racecar/racecar_ws/build/racecar_neo/build/lib/racecar_neo
[5.833s] copying racecar_neo/gamepad.py -> /home/racecar/racecar_ws/build/racecar_neo/build/lib/racecar_neo
[5.833s] copying racecar_neo/mux.py -> /home/racecar/racecar_ws/build/racecar_neo/build/lib/racecar_neo
[5.834s] copying racecar_neo/throttle.py -> /home/racecar/racecar_ws/build/racecar_neo/build/lib/racecar_neo
[5.835s] copying racecar_neo/pwm.py -> /home/racecar/racecar_ws/build/racecar_neo/build/lib/racecar_neo
[5.836s] running install
[5.837s] running install_lib
[5.841s] copying /home/racecar/racecar_ws/build/racecar_neo/build/lib/racecar_neo/maestro.py -> /home/racecar/racecar_ws/install/racecar_neo/lib/python3.10/site-packages/racecar_neo
[5.842s] copying /home/racecar/racecar_ws/build/racecar_neo/build/lib/racecar_neo/gamepad.py -> /home/racecar/racecar_ws/install/racecar_neo/lib/python3.10/site-packages/racecar_neo
[5.843s] copying /home/racecar/racecar_ws/build/racecar_neo/build/lib/racecar_neo/mux.py -> /home/racecar/racecar_ws/install/racecar_neo/lib/python3.10/site-packages/racecar_neo
[5.844s] copying /home/racecar/racecar_ws/build/racecar_neo/build/lib/racecar_neo/throttle.py -> /home/racecar/racecar_ws/install/racecar_neo/lib/python3.10/site-packages/racecar_neo
[5.844s] copying /home/racecar/racecar_ws/build/racecar_neo/build/lib/racecar_neo/pwm.py -> /home/racecar/racecar_ws/install/racecar_neo/lib/python3.10/site-packages/racecar_neo
[5.847s] byte-compiling /home/racecar/racecar_ws/install/racecar_neo/lib/python3.10/site-packages/racecar_neo/maestro.py to maestro.cpython-310.pyc
[5.852s] byte-compiling /home/racecar/racecar_ws/install/racecar_neo/lib/python3.10/site-packages/racecar_neo/gamepad.py to gamepad.cpython-310.pyc
[5.854s] byte-compiling /home/racecar/racecar_ws/install/racecar_neo/lib/python3.10/site-packages/racecar_neo/mux.py to mux.cpython-310.pyc
[5.856s] byte-compiling /home/racecar/racecar_ws/install/racecar_neo/lib/python3.10/site-packages/racecar_neo/throttle.py to throttle.cpython-310.pyc
[5.859s] byte-compiling /home/racecar/racecar_ws/install/racecar_neo/lib/python3.10/site-packages/racecar_neo/pwm.py to pwm.cpython-310.pyc
[5.861s] running install_data
[5.864s] copying launch/teleop.launch.py -> /home/racecar/racecar_ws/install/racecar_neo/share/racecar_neo
[5.865s] running install_egg_info
[5.872s] Copying ../../build/racecar_neo/racecar_neo.egg-info to /home/racecar/racecar_ws/install/racecar_neo/lib/python3.10/site-packages/racecar_neo-1.0.0-py3.10.egg-info
[5.877s] running install_scripts
[5.956s] Installing gamepad script to /home/racecar/racecar_ws/install/racecar_neo/lib/racecar_neo
[5.958s] Installing mux script to /home/racecar/racecar_ws/install/racecar_neo/lib/racecar_neo
[5.959s] Installing pwm script to /home/racecar/racecar_ws/install/racecar_neo/lib/racecar_neo
[5.960s] Installing throttle script to /home/racecar/racecar_ws/install/racecar_neo/lib/racecar_neo
[5.961s] writing list of installed files to '/home/racecar/racecar_ws/build/racecar_neo/install.log'
[6.102s] Invoked command in '/home/racecar/racecar_ws/src/racecar_neo' returned '0': PYTHONPATH=/home/racecar/racecar_ws/build/racecar_neo/prefix_override:/home/racecar/racecar_ws/install/racecar_neo/lib/python3.10/site-packages:${PYTHONPATH} /usr/bin/python3 setup.py egg_info --egg-base ../../build/racecar_neo build --build-base /home/racecar/racecar_ws/build/racecar_neo/build install --record /home/racecar/racecar_ws/build/racecar_neo/install.log --single-version-externally-managed
