[4.519s] Invoking command in '/home/racecar/racecar_ws/build/racecar_neo': PYTHONPATH=/home/racecar/racecar_ws/build/racecar_neo/prefix_override:/home/racecar/racecar_ws/install/racecar_neo/lib/python3.10/site-packages:${PYTHONPATH} /usr/bin/python3 setup.py develop --editable --build-directory /home/racecar/racecar_ws/build/racecar_neo/build --no-deps install_data
[5.918s] running develop
[7.016s] running egg_info
[7.016s] writing racecar_neo.egg-info/PKG-INFO
[7.017s] writing dependency_links to racecar_neo.egg-info/dependency_links.txt
[7.018s] writing entry points to racecar_neo.egg-info/entry_points.txt
[7.019s] writing requirements to racecar_neo.egg-info/requires.txt
[7.020s] writing top-level names to racecar_neo.egg-info/top_level.txt
[7.029s] reading manifest file 'racecar_neo.egg-info/SOURCES.txt'
[7.032s] writing manifest file 'racecar_neo.egg-info/SOURCES.txt'
[7.038s] running build_ext
[7.039s] Creating /home/racecar/racecar_ws/install/racecar_neo/lib/python3.10/site-packages/racecar-neo.egg-link (link to .)
[7.042s] Installing gamepad script to /home/racecar/racecar_ws/install/racecar_neo/lib/racecar_neo
[7.043s] Installing mux script to /home/racecar/racecar_ws/install/racecar_neo/lib/racecar_neo
[7.044s] Installing pwm script to /home/racecar/racecar_ws/install/racecar_neo/lib/racecar_neo
[7.045s] Installing throttle script to /home/racecar/racecar_ws/install/racecar_neo/lib/racecar_neo
[7.046s] 
[7.046s] Installed /home/racecar/racecar_ws/build/racecar_neo
[7.047s] running install_data
[7.218s] Invoked command in '/home/racecar/racecar_ws/build/racecar_neo' returned '0': PYTHONPATH=/home/racecar/racecar_ws/build/racecar_neo/prefix_override:/home/racecar/racecar_ws/install/racecar_neo/lib/python3.10/site-packages:${PYTHONPATH} /usr/bin/python3 setup.py develop --editable --build-directory /home/racecar/racecar_ws/build/racecar_neo/build --no-deps install_data
