[5.530s] DEBUG:colcon:Command line arguments: ['/usr/bin/colcon', 'build', '--symlink-install']
[5.531s] DEBUG:colcon:Parsed command line arguments: Namespace(log_base=None, log_level=None, verb_name='build', build_base='build', install_base='install', merge_install=False, symlink_install=True, test_result_base=None, continue_on_error=False, executor='parallel', parallel_workers=4, event_handlers=None, ignore_user_meta=False, metas=['./colcon.meta'], base_paths=['.'], packages_ignore=None, packages_ignore_regex=None, paths=None, packages_up_to=None, packages_up_to_regex=None, packages_above=None, packages_above_and_dependencies=None, packages_above_depth=None, packages_select_by_dep=None, packages_skip_by_dep=None, packages_skip_up_to=None, packages_select_build_failed=False, packages_skip_build_finished=False, packages_select_test_failures=False, packages_skip_test_passed=False, packages_select=None, packages_skip=None, packages_select_regex=None, packages_skip_regex=None, packages_start=None, packages_end=None, allow_overriding=[], cmake_args=None, cmake_target=None, cmake_target_skip_unavailable=False, cmake_clean_cache=False, cmake_clean_first=False, cmake_force_configure=False, ament_cmake_args=None, catkin_cmake_args=None, catkin_skip_building_tests=False, verb_parser=<colcon_defaults.argument_parser.defaults.DefaultArgumentsDecorator object at 0xffff9291ce50>, verb_extension=<colcon_core.verb.build.BuildVerb object at 0xffff92dc0550>, main=<bound method BuildVerb.main of <colcon_core.verb.build.BuildVerb object at 0xffff92dc0550>>)
[5.767s] Level 1:colcon.colcon_core.package_discovery:discover_packages(colcon_meta) check parameters
[5.767s] Level 1:colcon.colcon_core.package_discovery:discover_packages(recursive) check parameters
[5.767s] Level 1:colcon.colcon_core.package_discovery:discover_packages(ignore) check parameters
[5.767s] Level 1:colcon.colcon_core.package_discovery:discover_packages(path) check parameters
[5.768s] Level 1:colcon.colcon_core.package_discovery:discover_packages(colcon_meta) discover
[5.768s] Level 1:colcon.colcon_core.package_discovery:discover_packages(recursive) discover
[5.768s] INFO:colcon.colcon_core.package_discovery:Crawling recursively for packages in '/home/racecar/racecar_ws'
[5.768s] Level 1:colcon.colcon_core.package_identification:_identify(.) by extensions ['ignore', 'ignore_ament_install']
[5.769s] Level 1:colcon.colcon_core.package_identification:_identify(.) by extension 'ignore'
[5.769s] Level 1:colcon.colcon_core.package_identification:_identify(.) by extension 'ignore_ament_install'
[5.769s] Level 1:colcon.colcon_core.package_identification:_identify(.) by extensions ['colcon_pkg']
[5.770s] Level 1:colcon.colcon_core.package_identification:_identify(.) by extension 'colcon_pkg'
[5.770s] Level 1:colcon.colcon_core.package_identification:_identify(.) by extensions ['colcon_meta']
[5.770s] Level 1:colcon.colcon_core.package_identification:_identify(.) by extension 'colcon_meta'
[5.770s] Level 1:colcon.colcon_core.package_identification:_identify(.) by extensions ['ros']
[5.770s] Level 1:colcon.colcon_core.package_identification:_identify(.) by extension 'ros'
[5.817s] Level 1:colcon.colcon_core.package_identification:_identify(.) by extensions ['cmake', 'python']
[5.817s] Level 1:colcon.colcon_core.package_identification:_identify(.) by extension 'cmake'
[5.817s] Level 1:colcon.colcon_core.package_identification:_identify(.) by extension 'python'
[5.818s] Level 1:colcon.colcon_core.package_identification:_identify(.) by extensions ['python_setup_py']
[5.818s] Level 1:colcon.colcon_core.package_identification:_identify(.) by extension 'python_setup_py'
[5.818s] Level 1:colcon.colcon_core.package_identification:_identify(build) by extensions ['ignore', 'ignore_ament_install']
[5.819s] Level 1:colcon.colcon_core.package_identification:_identify(build) by extension 'ignore'
[5.819s] Level 1:colcon.colcon_core.package_identification:_identify(build) ignored
[5.819s] Level 1:colcon.colcon_core.package_identification:_identify(install) by extensions ['ignore', 'ignore_ament_install']
[5.820s] Level 1:colcon.colcon_core.package_identification:_identify(install) by extension 'ignore'
[5.820s] Level 1:colcon.colcon_core.package_identification:_identify(install) ignored
[5.821s] Level 1:colcon.colcon_core.package_identification:_identify(log) by extensions ['ignore', 'ignore_ament_install']
[5.821s] Level 1:colcon.colcon_core.package_identification:_identify(log) by extension 'ignore'
[5.821s] Level 1:colcon.colcon_core.package_identification:_identify(log) ignored
[5.822s] Level 1:colcon.colcon_core.package_identification:_identify(src) by extensions ['ignore', 'ignore_ament_install']
[5.822s] Level 1:colcon.colcon_core.package_identification:_identify(src) by extension 'ignore'
[5.822s] Level 1:colcon.colcon_core.package_identification:_identify(src) by extension 'ignore_ament_install'
[5.822s] Level 1:colcon.colcon_core.package_identification:_identify(src) by extensions ['colcon_pkg']
[5.823s] Level 1:colcon.colcon_core.package_identification:_identify(src) by extension 'colcon_pkg'
[5.823s] Level 1:colcon.colcon_core.package_identification:_identify(src) by extensions ['colcon_meta']
[5.823s] Level 1:colcon.colcon_core.package_identification:_identify(src) by extension 'colcon_meta'
[5.823s] Level 1:colcon.colcon_core.package_identification:_identify(src) by extensions ['ros']
[5.823s] Level 1:colcon.colcon_core.package_identification:_identify(src) by extension 'ros'
[5.823s] Level 1:colcon.colcon_core.package_identification:_identify(src) by extensions ['cmake', 'python']
[5.824s] Level 1:colcon.colcon_core.package_identification:_identify(src) by extension 'cmake'
[5.824s] Level 1:colcon.colcon_core.package_identification:_identify(src) by extension 'python'
[5.824s] Level 1:colcon.colcon_core.package_identification:_identify(src) by extensions ['python_setup_py']
[5.824s] Level 1:colcon.colcon_core.package_identification:_identify(src) by extension 'python_setup_py'
[5.824s] Level 1:colcon.colcon_core.package_identification:_identify(src/racecar_neo) by extensions ['ignore', 'ignore_ament_install']
[5.825s] Level 1:colcon.colcon_core.package_identification:_identify(src/racecar_neo) by extension 'ignore'
[5.825s] Level 1:colcon.colcon_core.package_identification:_identify(src/racecar_neo) by extension 'ignore_ament_install'
[5.825s] Level 1:colcon.colcon_core.package_identification:_identify(src/racecar_neo) by extensions ['colcon_pkg']
[5.825s] Level 1:colcon.colcon_core.package_identification:_identify(src/racecar_neo) by extension 'colcon_pkg'
[5.826s] Level 1:colcon.colcon_core.package_identification:_identify(src/racecar_neo) by extensions ['colcon_meta']
[5.826s] Level 1:colcon.colcon_core.package_identification:_identify(src/racecar_neo) by extension 'colcon_meta'
[5.826s] Level 1:colcon.colcon_core.package_identification:_identify(src/racecar_neo) by extensions ['ros']
[5.826s] Level 1:colcon.colcon_core.package_identification:_identify(src/racecar_neo) by extension 'ros'
[5.836s] DEBUG:colcon.colcon_core.package_identification:Package 'src/racecar_neo' with type 'ros.ament_python' and name 'racecar_neo'
[5.836s] Level 1:colcon.colcon_core.package_identification:_identify(src/ydlidar) by extensions ['ignore', 'ignore_ament_install']
[5.837s] Level 1:colcon.colcon_core.package_identification:_identify(src/ydlidar) by extension 'ignore'
[5.837s] Level 1:colcon.colcon_core.package_identification:_identify(src/ydlidar) by extension 'ignore_ament_install'
[5.837s] Level 1:colcon.colcon_core.package_identification:_identify(src/ydlidar) by extensions ['colcon_pkg']
[5.837s] Level 1:colcon.colcon_core.package_identification:_identify(src/ydlidar) by extension 'colcon_pkg'
[5.838s] Level 1:colcon.colcon_core.package_identification:_identify(src/ydlidar) by extensions ['colcon_meta']
[5.838s] Level 1:colcon.colcon_core.package_identification:_identify(src/ydlidar) by extension 'colcon_meta'
[5.838s] Level 1:colcon.colcon_core.package_identification:_identify(src/ydlidar) by extensions ['ros']
[5.838s] Level 1:colcon.colcon_core.package_identification:_identify(src/ydlidar) by extension 'ros'
[5.840s] DEBUG:colcon.colcon_core.package_identification:Package 'src/ydlidar' with type 'ros.ament_cmake' and name 'ydlidar_ros2_driver'
[5.841s] Level 1:colcon.colcon_core.package_discovery:discover_packages(recursive) using defaults
[5.841s] Level 1:colcon.colcon_core.package_discovery:discover_packages(ignore) discover
[5.841s] Level 1:colcon.colcon_core.package_discovery:discover_packages(ignore) using defaults
[5.841s] Level 1:colcon.colcon_core.package_discovery:discover_packages(path) discover
[5.841s] Level 1:colcon.colcon_core.package_discovery:discover_packages(path) using defaults
[6.312s] Level 1:colcon.colcon_core.package_discovery:discover_packages(prefix_path) check parameters
[6.312s] Level 1:colcon.colcon_core.package_discovery:discover_packages(prefix_path) discover
[6.518s] DEBUG:colcon.colcon_installed_package_information.package_discovery:Found 2 installed packages in /home/racecar/racecar_ws/install
[6.605s] DEBUG:colcon.colcon_installed_package_information.package_discovery:Found 282 installed packages in /opt/ros/iron
[6.611s] Level 1:colcon.colcon_core.package_discovery:discover_packages(prefix_path) using defaults
[6.996s] Level 5:colcon.colcon_core.verb:set package 'racecar_neo' build argument 'cmake_args' from command line to 'None'
[6.997s] Level 5:colcon.colcon_core.verb:set package 'racecar_neo' build argument 'cmake_target' from command line to 'None'
[6.997s] Level 5:colcon.colcon_core.verb:set package 'racecar_neo' build argument 'cmake_target_skip_unavailable' from command line to 'False'
[6.997s] Level 5:colcon.colcon_core.verb:set package 'racecar_neo' build argument 'cmake_clean_cache' from command line to 'False'
[6.997s] Level 5:colcon.colcon_core.verb:set package 'racecar_neo' build argument 'cmake_clean_first' from command line to 'False'
[6.997s] Level 5:colcon.colcon_core.verb:set package 'racecar_neo' build argument 'cmake_force_configure' from command line to 'False'
[6.997s] Level 5:colcon.colcon_core.verb:set package 'racecar_neo' build argument 'ament_cmake_args' from command line to 'None'
[6.997s] Level 5:colcon.colcon_core.verb:set package 'racecar_neo' build argument 'catkin_cmake_args' from command line to 'None'
[6.997s] Level 5:colcon.colcon_core.verb:set package 'racecar_neo' build argument 'catkin_skip_building_tests' from command line to 'False'
[6.998s] DEBUG:colcon.colcon_core.verb:Building package 'racecar_neo' with the following arguments: {'ament_cmake_args': None, 'build_base': '/home/racecar/racecar_ws/build/racecar_neo', 'catkin_cmake_args': None, 'catkin_skip_building_tests': False, 'cmake_args': None, 'cmake_clean_cache': False, 'cmake_clean_first': False, 'cmake_force_configure': False, 'cmake_target': None, 'cmake_target_skip_unavailable': False, 'install_base': '/home/racecar/racecar_ws/install/racecar_neo', 'merge_install': False, 'path': '/home/racecar/racecar_ws/src/racecar_neo', 'symlink_install': True, 'test_result_base': None}
[7.078s] Level 5:colcon.colcon_core.verb:set package 'ydlidar_ros2_driver' build argument 'cmake_args' from command line to 'None'
[7.078s] Level 5:colcon.colcon_core.verb:set package 'ydlidar_ros2_driver' build argument 'cmake_target' from command line to 'None'
[7.078s] Level 5:colcon.colcon_core.verb:set package 'ydlidar_ros2_driver' build argument 'cmake_target_skip_unavailable' from command line to 'False'
[7.078s] Level 5:colcon.colcon_core.verb:set package 'ydlidar_ros2_driver' build argument 'cmake_clean_cache' from command line to 'False'
[7.078s] Level 5:colcon.colcon_core.verb:set package 'ydlidar_ros2_driver' build argument 'cmake_clean_first' from command line to 'False'
[7.079s] Level 5:colcon.colcon_core.verb:set package 'ydlidar_ros2_driver' build argument 'cmake_force_configure' from command line to 'False'
[7.079s] Level 5:colcon.colcon_core.verb:set package 'ydlidar_ros2_driver' build argument 'ament_cmake_args' from command line to 'None'
[7.079s] Level 5:colcon.colcon_core.verb:set package 'ydlidar_ros2_driver' build argument 'catkin_cmake_args' from command line to 'None'
[7.079s] Level 5:colcon.colcon_core.verb:set package 'ydlidar_ros2_driver' build argument 'catkin_skip_building_tests' from command line to 'False'
[7.079s] DEBUG:colcon.colcon_core.verb:Building package 'ydlidar_ros2_driver' with the following arguments: {'ament_cmake_args': None, 'build_base': '/home/racecar/racecar_ws/build/ydlidar_ros2_driver', 'catkin_cmake_args': None, 'catkin_skip_building_tests': False, 'cmake_args': None, 'cmake_clean_cache': False, 'cmake_clean_first': False, 'cmake_force_configure': False, 'cmake_target': None, 'cmake_target_skip_unavailable': False, 'install_base': '/home/racecar/racecar_ws/install/ydlidar_ros2_driver', 'merge_install': False, 'path': '/home/racecar/racecar_ws/src/ydlidar', 'symlink_install': True, 'test_result_base': None}
[7.159s] INFO:colcon.colcon_core.executor:Executing jobs using 'parallel' executor
[7.240s] DEBUG:colcon.colcon_parallel_executor.executor.parallel:run_until_complete
[7.241s] INFO:colcon.colcon_ros.task.ament_python.build:Building ROS package in '/home/racecar/racecar_ws/src/racecar_neo' with build type 'ament_python'
[7.242s] Level 1:colcon.colcon_core.shell:create_environment_hook('racecar_neo', 'ament_prefix_path')
[7.339s] INFO:colcon.colcon_core.plugin_system:Skipping extension 'colcon_core.shell.bat': Not used on non-Windows systems
[7.340s] INFO:colcon.colcon_core.shell:Creating environment hook '/home/racecar/racecar_ws/install/racecar_neo/share/racecar_neo/hook/ament_prefix_path.ps1'
[7.343s] INFO:colcon.colcon_core.shell:Creating environment descriptor '/home/racecar/racecar_ws/install/racecar_neo/share/racecar_neo/hook/ament_prefix_path.dsv'
[7.345s] INFO:colcon.colcon_core.shell:Creating environment hook '/home/racecar/racecar_ws/install/racecar_neo/share/racecar_neo/hook/ament_prefix_path.sh'
[7.438s] INFO:colcon.colcon_core.shell:Skip shell extension 'powershell' for command environment: Not usable outside of PowerShell
[7.439s] DEBUG:colcon.colcon_core.shell:Skip shell extension 'dsv' for command environment
[7.716s] INFO:colcon.colcon_ros.task.ament_cmake.build:Building ROS package in '/home/racecar/racecar_ws/src/ydlidar' with build type 'ament_cmake'
[7.717s] INFO:colcon.colcon_cmake.task.cmake.build:Building CMake package in '/home/racecar/racecar_ws/src/ydlidar'
[7.816s] INFO:colcon.colcon_core.shell:Skip shell extension 'powershell' for command environment: Not usable outside of PowerShell
[7.816s] DEBUG:colcon.colcon_core.shell:Skip shell extension 'dsv' for command environment
[9.565s] INFO:colcon.colcon_core.task.python.build:Building Python package in '/home/racecar/racecar_ws/src/racecar_neo'
[9.659s] INFO:colcon.colcon_core.shell:Skip shell extension 'powershell' for command environment: Not usable outside of PowerShell
[9.660s] DEBUG:colcon.colcon_core.shell:Skip shell extension 'dsv' for command environment
[9.952s] DEBUG:colcon.colcon_core.event_handler.log_command:Invoking command in '/home/racecar/racecar_ws/build/ydlidar_ros2_driver': CMAKE_PREFIX_PATH=${CMAKE_PREFIX_PATH}:/home/racecar/racecar_ws/install/racecar_neo:/opt/ros/iron /usr/bin/cmake --build /home/racecar/racecar_ws/build/ydlidar_ros2_driver -- -j4 -l4
[10.265s] DEBUG:colcon.colcon_core.event_handler.log_command:Invoked command in '/home/racecar/racecar_ws/build/ydlidar_ros2_driver' returned '0': CMAKE_PREFIX_PATH=${CMAKE_PREFIX_PATH}:/home/racecar/racecar_ws/install/racecar_neo:/opt/ros/iron /usr/bin/cmake --build /home/racecar/racecar_ws/build/ydlidar_ros2_driver -- -j4 -l4
[10.460s] DEBUG:colcon.colcon_core.event_handler.log_command:Invoking command in '/home/racecar/racecar_ws/build/ydlidar_ros2_driver': CMAKE_PREFIX_PATH=${CMAKE_PREFIX_PATH}:/home/racecar/racecar_ws/install/racecar_neo:/opt/ros/iron /usr/bin/cmake --install /home/racecar/racecar_ws/build/ydlidar_ros2_driver
[10.606s] Level 1:colcon.colcon_core.environment:create_environment_scripts_only(ydlidar_ros2_driver)
[10.608s] DEBUG:colcon.colcon_core.event_handler.log_command:Invoked command in '/home/racecar/racecar_ws/build/ydlidar_ros2_driver' returned '0': CMAKE_PREFIX_PATH=${CMAKE_PREFIX_PATH}:/home/racecar/racecar_ws/install/racecar_neo:/opt/ros/iron /usr/bin/cmake --install /home/racecar/racecar_ws/build/ydlidar_ros2_driver
[10.721s] Level 1:colcon.colcon_core.environment:checking '/home/racecar/racecar_ws/install/ydlidar_ros2_driver' for CMake module files
[10.725s] Level 1:colcon.colcon_core.environment:checking '/home/racecar/racecar_ws/install/ydlidar_ros2_driver' for CMake config files
[10.729s] Level 1:colcon.colcon_core.shell:create_environment_hook('ydlidar_ros2_driver', 'cmake_prefix_path')
[10.837s] INFO:colcon.colcon_core.shell:Creating environment hook '/home/racecar/racecar_ws/install/ydlidar_ros2_driver/share/ydlidar_ros2_driver/hook/cmake_prefix_path.ps1'
[10.839s] INFO:colcon.colcon_core.shell:Creating environment descriptor '/home/racecar/racecar_ws/install/ydlidar_ros2_driver/share/ydlidar_ros2_driver/hook/cmake_prefix_path.dsv'
[10.841s] INFO:colcon.colcon_core.shell:Creating environment hook '/home/racecar/racecar_ws/install/ydlidar_ros2_driver/share/ydlidar_ros2_driver/hook/cmake_prefix_path.sh'
[10.844s] Level 1:colcon.colcon_core.environment:checking '/home/racecar/racecar_ws/install/ydlidar_ros2_driver/lib'
[10.845s] Level 1:colcon.colcon_core.environment:checking '/home/racecar/racecar_ws/install/ydlidar_ros2_driver/bin'
[10.846s] Level 1:colcon.colcon_core.environment:checking '/home/racecar/racecar_ws/install/ydlidar_ros2_driver/lib/pkgconfig/ydlidar_ros2_driver.pc'
[10.847s] Level 1:colcon.colcon_core.environment:checking '/home/racecar/racecar_ws/install/ydlidar_ros2_driver/lib/python3.10/site-packages'
[10.848s] Level 1:colcon.colcon_core.environment:checking '/home/racecar/racecar_ws/install/ydlidar_ros2_driver/bin'
[10.946s] INFO:colcon.colcon_core.shell:Creating package script '/home/racecar/racecar_ws/install/ydlidar_ros2_driver/share/ydlidar_ros2_driver/package.ps1'
[10.950s] INFO:colcon.colcon_core.shell:Creating package descriptor '/home/racecar/racecar_ws/install/ydlidar_ros2_driver/share/ydlidar_ros2_driver/package.dsv'
[10.952s] INFO:colcon.colcon_core.shell:Creating package script '/home/racecar/racecar_ws/install/ydlidar_ros2_driver/share/ydlidar_ros2_driver/package.sh'
[10.956s] INFO:colcon.colcon_core.shell:Creating package script '/home/racecar/racecar_ws/install/ydlidar_ros2_driver/share/ydlidar_ros2_driver/package.bash'
[10.959s] INFO:colcon.colcon_core.shell:Creating package script '/home/racecar/racecar_ws/install/ydlidar_ros2_driver/share/ydlidar_ros2_driver/package.zsh'
[10.962s] Level 1:colcon.colcon_core.environment:create_file_with_runtime_dependencies(/home/racecar/racecar_ws/install/ydlidar_ros2_driver/share/colcon-core/packages/ydlidar_ros2_driver)
[11.221s] Level 1:colcon.colcon_core.environment:create_environment_scripts_only(ydlidar_ros2_driver)
[11.328s] Level 1:colcon.colcon_core.environment:checking '/home/racecar/racecar_ws/install/ydlidar_ros2_driver' for CMake module files
[11.332s] Level 1:colcon.colcon_core.environment:checking '/home/racecar/racecar_ws/install/ydlidar_ros2_driver' for CMake config files
[11.336s] Level 1:colcon.colcon_core.shell:create_environment_hook('ydlidar_ros2_driver', 'cmake_prefix_path')
[11.451s] INFO:colcon.colcon_core.shell:Creating environment hook '/home/racecar/racecar_ws/install/ydlidar_ros2_driver/share/ydlidar_ros2_driver/hook/cmake_prefix_path.ps1'
[11.453s] INFO:colcon.colcon_core.shell:Creating environment descriptor '/home/racecar/racecar_ws/install/ydlidar_ros2_driver/share/ydlidar_ros2_driver/hook/cmake_prefix_path.dsv'
[11.455s] INFO:colcon.colcon_core.shell:Creating environment hook '/home/racecar/racecar_ws/install/ydlidar_ros2_driver/share/ydlidar_ros2_driver/hook/cmake_prefix_path.sh'
[11.458s] Level 1:colcon.colcon_core.environment:checking '/home/racecar/racecar_ws/install/ydlidar_ros2_driver/lib'
[11.458s] Level 1:colcon.colcon_core.environment:checking '/home/racecar/racecar_ws/install/ydlidar_ros2_driver/bin'
[11.458s] Level 1:colcon.colcon_core.environment:checking '/home/racecar/racecar_ws/install/ydlidar_ros2_driver/lib/pkgconfig/ydlidar_ros2_driver.pc'
[11.459s] Level 1:colcon.colcon_core.environment:checking '/home/racecar/racecar_ws/install/ydlidar_ros2_driver/lib/python3.10/site-packages'
[11.461s] Level 1:colcon.colcon_core.environment:checking '/home/racecar/racecar_ws/install/ydlidar_ros2_driver/bin'
[11.572s] INFO:colcon.colcon_core.shell:Creating package script '/home/racecar/racecar_ws/install/ydlidar_ros2_driver/share/ydlidar_ros2_driver/package.ps1'
[11.575s] INFO:colcon.colcon_core.shell:Creating package descriptor '/home/racecar/racecar_ws/install/ydlidar_ros2_driver/share/ydlidar_ros2_driver/package.dsv'
[11.577s] INFO:colcon.colcon_core.shell:Creating package script '/home/racecar/racecar_ws/install/ydlidar_ros2_driver/share/ydlidar_ros2_driver/package.sh'
[11.580s] INFO:colcon.colcon_core.shell:Creating package script '/home/racecar/racecar_ws/install/ydlidar_ros2_driver/share/ydlidar_ros2_driver/package.bash'
[11.582s] INFO:colcon.colcon_core.shell:Creating package script '/home/racecar/racecar_ws/install/ydlidar_ros2_driver/share/ydlidar_ros2_driver/package.zsh'
[11.585s] Level 1:colcon.colcon_core.environment:create_file_with_runtime_dependencies(/home/racecar/racecar_ws/install/ydlidar_ros2_driver/share/colcon-core/packages/ydlidar_ros2_driver)
[12.177s] DEBUG:colcon.colcon_core.event_handler.log_command:Invoking command in '/home/racecar/racecar_ws/build/racecar_neo': PYTHONPATH=/home/racecar/racecar_ws/build/racecar_neo/prefix_override:/home/racecar/racecar_ws/install/racecar_neo/lib/python3.10/site-packages:${PYTHONPATH} /usr/bin/python3 setup.py develop --editable --build-directory /home/racecar/racecar_ws/build/racecar_neo/build --no-deps install_data
[14.949s] Level 1:colcon.colcon_core.shell:create_environment_hook('racecar_neo', 'pythonpath_develop')
[14.952s] DEBUG:colcon.colcon_core.event_handler.log_command:Invoked command in '/home/racecar/racecar_ws/build/racecar_neo' returned '0': PYTHONPATH=/home/racecar/racecar_ws/build/racecar_neo/prefix_override:/home/racecar/racecar_ws/install/racecar_neo/lib/python3.10/site-packages:${PYTHONPATH} /usr/bin/python3 setup.py develop --editable --build-directory /home/racecar/racecar_ws/build/racecar_neo/build --no-deps install_data
[15.038s] INFO:colcon.colcon_core.shell:Creating environment hook '/home/racecar/racecar_ws/build/racecar_neo/share/racecar_neo/hook/pythonpath_develop.ps1'
[15.041s] INFO:colcon.colcon_core.shell:Creating environment descriptor '/home/racecar/racecar_ws/build/racecar_neo/share/racecar_neo/hook/pythonpath_develop.dsv'
[15.044s] INFO:colcon.colcon_core.shell:Creating environment hook '/home/racecar/racecar_ws/build/racecar_neo/share/racecar_neo/hook/pythonpath_develop.sh'
[15.128s] Level 1:colcon.colcon_core.environment:checking '/home/racecar/racecar_ws/install/racecar_neo' for CMake module files
[15.130s] Level 1:colcon.colcon_core.environment:checking '/home/racecar/racecar_ws/install/racecar_neo' for CMake config files
[15.133s] Level 1:colcon.colcon_core.environment:checking '/home/racecar/racecar_ws/install/racecar_neo/lib'
[15.134s] Level 1:colcon.colcon_core.environment:checking '/home/racecar/racecar_ws/install/racecar_neo/bin'
[15.134s] Level 1:colcon.colcon_core.environment:checking '/home/racecar/racecar_ws/install/racecar_neo/lib/pkgconfig/racecar_neo.pc'
[15.135s] Level 1:colcon.colcon_core.environment:checking '/home/racecar/racecar_ws/install/racecar_neo/lib/python3.10/site-packages'
[15.136s] Level 1:colcon.colcon_core.shell:create_environment_hook('racecar_neo', 'pythonpath')
[15.221s] INFO:colcon.colcon_core.shell:Creating environment hook '/home/racecar/racecar_ws/install/racecar_neo/share/racecar_neo/hook/pythonpath.ps1'
[15.223s] INFO:colcon.colcon_core.shell:Creating environment descriptor '/home/racecar/racecar_ws/install/racecar_neo/share/racecar_neo/hook/pythonpath.dsv'
[15.225s] INFO:colcon.colcon_core.shell:Creating environment hook '/home/racecar/racecar_ws/install/racecar_neo/share/racecar_neo/hook/pythonpath.sh'
[15.227s] Level 1:colcon.colcon_core.environment:checking '/home/racecar/racecar_ws/install/racecar_neo/bin'
[15.228s] Level 1:colcon.colcon_core.environment:create_environment_scripts_only(racecar_neo)
[15.313s] INFO:colcon.colcon_core.shell:Creating package script '/home/racecar/racecar_ws/install/racecar_neo/share/racecar_neo/package.ps1'
[15.316s] INFO:colcon.colcon_core.shell:Creating package descriptor '/home/racecar/racecar_ws/install/racecar_neo/share/racecar_neo/package.dsv'
[15.318s] INFO:colcon.colcon_core.shell:Creating package script '/home/racecar/racecar_ws/install/racecar_neo/share/racecar_neo/package.sh'
[15.321s] INFO:colcon.colcon_core.shell:Creating package script '/home/racecar/racecar_ws/install/racecar_neo/share/racecar_neo/package.bash'
[15.322s] INFO:colcon.colcon_core.shell:Creating package script '/home/racecar/racecar_ws/install/racecar_neo/share/racecar_neo/package.zsh'
[15.324s] Level 1:colcon.colcon_core.environment:create_file_with_runtime_dependencies(/home/racecar/racecar_ws/install/racecar_neo/share/colcon-core/packages/racecar_neo)
[15.325s] DEBUG:colcon.colcon_parallel_executor.executor.parallel:closing loop
[15.327s] DEBUG:colcon.colcon_parallel_executor.executor.parallel:loop closed
[15.327s] DEBUG:colcon.colcon_parallel_executor.executor.parallel:run_until_complete finished with '0'
[15.328s] DEBUG:colcon.colcon_core.event_reactor:joining thread
[15.443s] INFO:colcon.colcon_core.plugin_system:Skipping extension 'colcon_notification.desktop_notification.terminal_notifier': Not used on non-Darwin systems
[15.443s] INFO:colcon.colcon_core.plugin_system:Skipping extension 'colcon_notification.desktop_notification.win32': Not used on non-Windows systems
[15.443s] INFO:colcon.colcon_notification.desktop_notification:Sending desktop notification using 'notify2'
[15.496s] DEBUG:colcon.colcon_core.event_reactor:joined thread
[15.607s] INFO:colcon.colcon_core.shell:Creating prefix script '/home/racecar/racecar_ws/install/local_setup.ps1'
[15.611s] INFO:colcon.colcon_core.shell:Creating prefix util module '/home/racecar/racecar_ws/install/_local_setup_util_ps1.py'
[15.617s] INFO:colcon.colcon_core.shell:Creating prefix chain script '/home/racecar/racecar_ws/install/setup.ps1'
[15.710s] INFO:colcon.colcon_core.shell:Creating prefix script '/home/racecar/racecar_ws/install/local_setup.sh'
[15.713s] INFO:colcon.colcon_core.shell:Creating prefix util module '/home/racecar/racecar_ws/install/_local_setup_util_sh.py'
[15.715s] INFO:colcon.colcon_core.shell:Creating prefix chain script '/home/racecar/racecar_ws/install/setup.sh'
[15.799s] INFO:colcon.colcon_core.shell:Creating prefix script '/home/racecar/racecar_ws/install/local_setup.bash'
[15.802s] INFO:colcon.colcon_core.shell:Creating prefix chain script '/home/racecar/racecar_ws/install/setup.bash'
[15.891s] INFO:colcon.colcon_core.shell:Creating prefix script '/home/racecar/racecar_ws/install/local_setup.zsh'
[15.894s] INFO:colcon.colcon_core.shell:Creating prefix chain script '/home/racecar/racecar_ws/install/setup.zsh'
