[0.290s] Invoking command in '/home/racecar/racecar_ws/build/ackermann_msgs': /usr/bin/cmake /home/racecar/racecar_ws/src/ackermann_msgs -DCATKIN_INSTALL_INTO_PREFIX_ROOT=0 -DCATKIN_SYMLINK_INSTALL=ON -DCMAKE_INSTALL_PREFIX=/home/racecar/racecar_ws/install/ackermann_msgs
[0.515s] [31mCMake Error at CMakeLists.txt:4 (find_package):
[0.516s]   By not providing "Findcatkin.cmake" in CMAKE_MODULE_PATH this project has
[0.516s]   asked CMake to find a package configuration file provided by "catkin", but
[0.516s]   CMake did not find one.
[0.517s] 
[0.517s]   Could not find a package configuration file provided by "catkin" with any
[0.518s]   of the following names:
[0.518s] 
[0.519s]     catkinConfig.cmake
[0.519s]     catkin-config.cmake
[0.519s] 
[0.520s]   Add the installation prefix of "catkin" to CMAKE_PREFIX_PATH or set
[0.520s]   "catkin_DIR" to a directory containing one of the above files.  If "catkin"
[0.520s]   provides a separate development package or SDK, be sure it has been
[0.521s]   installed.
[0.522s] 
[0.523s] [0m
[0.524s] -- Configuring incomplete, errors occurred!
[0.525s] See also "/home/racecar/racecar_ws/build/ackermann_msgs/CMakeFiles/CMakeOutput.log".
[0.526s] Invoked command in '/home/racecar/racecar_ws/build/ackermann_msgs' returned '1': /usr/bin/cmake /home/racecar/racecar_ws/src/ackermann_msgs -DCATKIN_INSTALL_INTO_PREFIX_ROOT=0 -DCATKIN_SYMLINK_INSTALL=ON -DCMAKE_INSTALL_PREFIX=/home/racecar/racecar_ws/install/ackermann_msgs
