[4.934s] Invoking command in '/home/racecar/racecar_ws/build/racecar_neo': PYTHONPATH=/home/racecar/racecar_ws/build/racecar_neo/prefix_override:/home/racecar/racecar_ws/install/racecar_neo/lib/python3.10/site-packages:${PYTHONPATH} /usr/bin/python3 setup.py develop --editable --build-directory /home/racecar/racecar_ws/build/racecar_neo/build --no-deps install_data
[6.374s] running develop
[7.498s] running egg_info
[7.499s] writing racecar_neo.egg-info/PKG-INFO
[7.500s] writing dependency_links to racecar_neo.egg-info/dependency_links.txt
[7.501s] writing entry points to racecar_neo.egg-info/entry_points.txt
[7.502s] writing requirements to racecar_neo.egg-info/requires.txt
[7.502s] writing top-level names to racecar_neo.egg-info/top_level.txt
[7.512s] reading manifest file 'racecar_neo.egg-info/SOURCES.txt'
[7.516s] writing manifest file 'racecar_neo.egg-info/SOURCES.txt'
[7.522s] running build_ext
[7.523s] Creating /home/racecar/racecar_ws/install/racecar_neo/lib/python3.10/site-packages/racecar-neo.egg-link (link to .)
[7.528s] Installing gamepad script to /home/racecar/racecar_ws/install/racecar_neo/lib/racecar_neo
[7.528s] Installing mux script to /home/racecar/racecar_ws/install/racecar_neo/lib/racecar_neo
[7.529s] Installing pwm script to /home/racecar/racecar_ws/install/racecar_neo/lib/racecar_neo
[7.530s] Installing throttle script to /home/racecar/racecar_ws/install/racecar_neo/lib/racecar_neo
[7.531s] 
[7.532s] Installed /home/racecar/racecar_ws/build/racecar_neo
[7.532s] running install_data
[7.708s] Invoked command in '/home/racecar/racecar_ws/build/racecar_neo' returned '0': PYTHONPATH=/home/racecar/racecar_ws/build/racecar_neo/prefix_override:/home/racecar/racecar_ws/install/racecar_neo/lib/python3.10/site-packages:${PYTHONPATH} /usr/bin/python3 setup.py develop --editable --build-directory /home/racecar/racecar_ws/build/racecar_neo/build --no-deps install_data
