running egg_info
writing ../../build/racecar_neo/racecar_neo.egg-info/PKG-INFO
writing dependency_links to ../../build/racecar_neo/racecar_neo.egg-info/dependency_links.txt
writing entry points to ../../build/racecar_neo/racecar_neo.egg-info/entry_points.txt
writing requirements to ../../build/racecar_neo/racecar_neo.egg-info/requires.txt
writing top-level names to ../../build/racecar_neo/racecar_neo.egg-info/top_level.txt
reading manifest file '../../build/racecar_neo/racecar_neo.egg-info/SOURCES.txt'
adding license file 'LICENSE'
writing manifest file '../../build/racecar_neo/racecar_neo.egg-info/SOURCES.txt'
running build
running build_py
running install
running install_lib
running install_data
running install_egg_info
removing '/home/racecar/racecar_ws/install/racecar_neo/lib/python3.10/site-packages/racecar_neo-0.0.0-py3.10.egg-info' (and everything under it)
Copying ../../build/racecar_neo/racecar_neo.egg-info to /home/racecar/racecar_ws/install/racecar_neo/lib/python3.10/site-packages/racecar_neo-0.0.0-py3.10.egg-info
running install_scripts
Installing test_node script to /home/racecar/racecar_ws/install/racecar_neo/lib/racecar_neo
writing list of installed files to '/home/racecar/racecar_ws/build/racecar_neo/install.log'
