[4.169s] Invoking command in '/home/racecar/racecar_ws/src/racecar_neo': PYTHONPATH=/home/racecar/racecar_ws/build/racecar_neo/prefix_override:/home/racecar/racecar_ws/install/racecar_neo/lib/python3.10/site-packages:${PYTHONPATH} /usr/bin/python3 setup.py egg_info --egg-base ../../build/racecar_neo build --build-base /home/racecar/racecar_ws/build/racecar_neo/build install --record /home/racecar/racecar_ws/build/racecar_neo/install.log --single-version-externally-managed
[5.506s] running egg_info
[5.509s] writing ../../build/racecar_neo/racecar_neo.egg-info/PKG-INFO
[5.510s] writing dependency_links to ../../build/racecar_neo/racecar_neo.egg-info/dependency_links.txt
[5.511s] writing entry points to ../../build/racecar_neo/racecar_neo.egg-info/entry_points.txt
[5.511s] writing requirements to ../../build/racecar_neo/racecar_neo.egg-info/requires.txt
[5.512s] writing top-level names to ../../build/racecar_neo/racecar_neo.egg-info/top_level.txt
[5.521s] reading manifest file '../../build/racecar_neo/racecar_neo.egg-info/SOURCES.txt'
[5.522s] adding license file 'LICENSE'
[5.525s] writing manifest file '../../build/racecar_neo/racecar_neo.egg-info/SOURCES.txt'
[5.525s] running build
[5.526s] running build_py
[5.527s] running install
[5.528s] running install_lib
[5.534s] running install_data
[5.537s] running install_egg_info
[5.544s] removing '/home/racecar/racecar_ws/install/racecar_neo/lib/python3.10/site-packages/racecar_neo-0.0.0-py3.10.egg-info' (and everything under it)
[5.545s] Copying ../../build/racecar_neo/racecar_neo.egg-info to /home/racecar/racecar_ws/install/racecar_neo/lib/python3.10/site-packages/racecar_neo-0.0.0-py3.10.egg-info
[5.551s] running install_scripts
[5.627s] Installing test_node script to /home/racecar/racecar_ws/install/racecar_neo/lib/racecar_neo
[5.629s] writing list of installed files to '/home/racecar/racecar_ws/build/racecar_neo/install.log'
[5.766s] Invoked command in '/home/racecar/racecar_ws/src/racecar_neo' returned '0': PYTHONPATH=/home/racecar/racecar_ws/build/racecar_neo/prefix_override:/home/racecar/racecar_ws/install/racecar_neo/lib/python3.10/site-packages:${PYTHONPATH} /usr/bin/python3 setup.py egg_info --egg-base ../../build/racecar_neo build --build-base /home/racecar/racecar_ws/build/racecar_neo/build install --record /home/racecar/racecar_ws/build/racecar_neo/install.log --single-version-externally-managed
