[2.003s] Invoking command in '/home/racecar/racecar_ws/build/ydlidar_ros2_driver': CMAKE_PREFIX_PATH=/opt/ros/iron /usr/bin/cmake --build /home/racecar/racecar_ws/build/ydlidar_ros2_driver -- -j4 -l4
[2.264s] [ 50%] Built target ydlidar_ros2_driver_node
[2.273s] [100%] Built target ydlidar_ros2_driver_client
[2.316s] Invoked command in '/home/racecar/racecar_ws/build/ydlidar_ros2_driver' returned '0': CMAKE_PREFIX_PATH=/opt/ros/iron /usr/bin/cmake --build /home/racecar/racecar_ws/build/ydlidar_ros2_driver -- -j4 -l4
[2.507s] Invoking command in '/home/racecar/racecar_ws/build/ydlidar_ros2_driver': CMAKE_PREFIX_PATH=/opt/ros/iron /usr/bin/cmake --install /home/racecar/racecar_ws/build/ydlidar_ros2_driver
[2.534s] -- Install configuration: ""
[2.536s] -- Execute custom install script
[2.538s] -- Up-to-date symlink: /home/racecar/racecar_ws/install/ydlidar_ros2_driver/lib/ydlidar_ros2_driver/ydlidar_ros2_driver_node
[2.538s] -- Up-to-date symlink: /home/racecar/racecar_ws/install/ydlidar_ros2_driver/lib/ydlidar_ros2_driver/ydlidar_ros2_driver_client
[2.541s] -- Up-to-date symlink: /home/racecar/racecar_ws/install/ydlidar_ros2_driver/share/ydlidar_ros2_driver/launch/.ipynb_checkpoints/ydlidar_launch-checkpoint.py
[2.542s] -- Up-to-date symlink: /home/racecar/racecar_ws/install/ydlidar_ros2_driver/share/ydlidar_ros2_driver/launch/ydlidar.py
[2.542s] -- Up-to-date symlink: /home/racecar/racecar_ws/install/ydlidar_ros2_driver/share/ydlidar_ros2_driver/launch/ydlidar_launch.py
[2.543s] -- Up-to-date symlink: /home/racecar/racecar_ws/install/ydlidar_ros2_driver/share/ydlidar_ros2_driver/launch/ydlidar_launch_view.py
[2.546s] -- Up-to-date symlink: /home/racecar/racecar_ws/install/ydlidar_ros2_driver/share/ydlidar_ros2_driver/params/.ipynb_checkpoints/X4-checkpoint.yaml
[2.547s] -- Up-to-date symlink: /home/racecar/racecar_ws/install/ydlidar_ros2_driver/share/ydlidar_ros2_driver/params/.ipynb_checkpoints/ydlidar-checkpoint.yaml
[2.548s] -- Up-to-date symlink: /home/racecar/racecar_ws/install/ydlidar_ros2_driver/share/ydlidar_ros2_driver/params/G1.yaml
[2.548s] -- Up-to-date symlink: /home/racecar/racecar_ws/install/ydlidar_ros2_driver/share/ydlidar_ros2_driver/params/G2.yaml
[2.549s] -- Up-to-date symlink: /home/racecar/racecar_ws/install/ydlidar_ros2_driver/share/ydlidar_ros2_driver/params/G6.yaml
[2.550s] -- Up-to-date symlink: /home/racecar/racecar_ws/install/ydlidar_ros2_driver/share/ydlidar_ros2_driver/params/TG.yaml
[2.551s] -- Up-to-date symlink: /home/racecar/racecar_ws/install/ydlidar_ros2_driver/share/ydlidar_ros2_driver/params/TminiPro.yaml
[2.552s] -- Up-to-date symlink: /home/racecar/racecar_ws/install/ydlidar_ros2_driver/share/ydlidar_ros2_driver/params/X2.yaml
[2.553s] -- Up-to-date symlink: /home/racecar/racecar_ws/install/ydlidar_ros2_driver/share/ydlidar_ros2_driver/params/X4-Pro.yaml
[2.553s] -- Up-to-date symlink: /home/racecar/racecar_ws/install/ydlidar_ros2_driver/share/ydlidar_ros2_driver/params/X4.yaml
[2.554s] -- Up-to-date symlink: /home/racecar/racecar_ws/install/ydlidar_ros2_driver/share/ydlidar_ros2_driver/params/ydlidar.yaml
[2.556s] -- Up-to-date symlink: /home/racecar/racecar_ws/install/ydlidar_ros2_driver/share/ydlidar_ros2_driver/startup/initenv.sh
[2.557s] -- Up-to-date symlink: /home/racecar/racecar_ws/install/ydlidar_ros2_driver/share/ydlidar_ros2_driver/config/ydlidar.rviz
[2.558s] -- Up-to-date symlink: /home/racecar/racecar_ws/install/ydlidar_ros2_driver/share/ament_index/resource_index/package_run_dependencies/ydlidar_ros2_driver
[2.560s] -- Up-to-date symlink: /home/racecar/racecar_ws/install/ydlidar_ros2_driver/share/ament_index/resource_index/parent_prefix_path/ydlidar_ros2_driver
[2.561s] -- Up-to-date symlink: /home/racecar/racecar_ws/install/ydlidar_ros2_driver/share/ydlidar_ros2_driver/environment/ament_prefix_path.sh
[2.562s] -- Up-to-date symlink: /home/racecar/racecar_ws/install/ydlidar_ros2_driver/share/ydlidar_ros2_driver/environment/ament_prefix_path.dsv
[2.563s] -- Up-to-date symlink: /home/racecar/racecar_ws/install/ydlidar_ros2_driver/share/ydlidar_ros2_driver/environment/path.sh
[2.564s] -- Up-to-date symlink: /home/racecar/racecar_ws/install/ydlidar_ros2_driver/share/ydlidar_ros2_driver/environment/path.dsv
[2.565s] -- Up-to-date symlink: /home/racecar/racecar_ws/install/ydlidar_ros2_driver/share/ydlidar_ros2_driver/local_setup.bash
[2.566s] -- Up-to-date symlink: /home/racecar/racecar_ws/install/ydlidar_ros2_driver/share/ydlidar_ros2_driver/local_setup.sh
[2.567s] -- Up-to-date symlink: /home/racecar/racecar_ws/install/ydlidar_ros2_driver/share/ydlidar_ros2_driver/local_setup.zsh
[2.568s] -- Up-to-date symlink: /home/racecar/racecar_ws/install/ydlidar_ros2_driver/share/ydlidar_ros2_driver/local_setup.dsv
[2.569s] -- Symlinking: /home/racecar/racecar_ws/install/ydlidar_ros2_driver/share/ydlidar_ros2_driver/package.dsv
[2.607s] -- Up-to-date symlink: /home/racecar/racecar_ws/install/ydlidar_ros2_driver/share/ament_index/resource_index/packages/ydlidar_ros2_driver
[2.609s] -- Up-to-date symlink: /home/racecar/racecar_ws/install/ydlidar_ros2_driver/share/ydlidar_ros2_driver/cmake/ydlidar_ros2_driverConfig.cmake
[2.609s] -- Up-to-date symlink: /home/racecar/racecar_ws/install/ydlidar_ros2_driver/share/ydlidar_ros2_driver/cmake/ydlidar_ros2_driverConfig-version.cmake
[2.611s] -- Up-to-date symlink: /home/racecar/racecar_ws/install/ydlidar_ros2_driver/share/ydlidar_ros2_driver/package.xml
[2.618s] Invoked command in '/home/racecar/racecar_ws/build/ydlidar_ros2_driver' returned '0': CMAKE_PREFIX_PATH=/opt/ros/iron /usr/bin/cmake --install /home/racecar/racecar_ws/build/ydlidar_ros2_driver
