[12.081s] Invoking command in '/home/racecar/racecar_ws/build/racecar_neo': PYTHONPATH=/home/racecar/racecar_ws/build/racecar_neo/prefix_override:/home/racecar/racecar_ws/install/racecar_neo/lib/python3.10/site-packages:${PYTHONPATH} /usr/bin/python3 setup.py develop --uninstall --editable --build-directory /home/racecar/racecar_ws/build/racecar_neo/build
[16.389s] running develop
[19.681s] Removing /home/racecar/racecar_ws/install/racecar_neo/lib/python3.10/site-packages/racecar-neo.egg-link (link to .)
[19.942s] Invoked command in '/home/racecar/racecar_ws/build/racecar_neo' returned '0': PYTHONPATH=/home/racecar/racecar_ws/build/racecar_neo/prefix_override:/home/racecar/racecar_ws/install/racecar_neo/lib/python3.10/site-packages:${PYTHONPATH} /usr/bin/python3 setup.py develop --uninstall --editable --build-directory /home/racecar/racecar_ws/build/racecar_neo/build
[19.957s] Invoking command in '/home/racecar/racecar_ws/src/racecar_neo': PYTHONPATH=/home/racecar/racecar_ws/build/racecar_neo/prefix_override:/home/racecar/racecar_ws/install/racecar_neo/lib/python3.10/site-packages:${PYTHONPATH} /usr/bin/python3 setup.py egg_info --egg-base ../../build/racecar_neo build --build-base /home/racecar/racecar_ws/build/racecar_neo/build install --record /home/racecar/racecar_ws/build/racecar_neo/install.log --single-version-externally-managed
[22.814s] running egg_info
[22.819s] writing ../../build/racecar_neo/racecar_neo.egg-info/PKG-INFO
[22.822s] writing dependency_links to ../../build/racecar_neo/racecar_neo.egg-info/dependency_links.txt
[22.824s] writing entry points to ../../build/racecar_neo/racecar_neo.egg-info/entry_points.txt
[22.825s] writing requirements to ../../build/racecar_neo/racecar_neo.egg-info/requires.txt
[22.826s] writing top-level names to ../../build/racecar_neo/racecar_neo.egg-info/top_level.txt
[22.839s] reading manifest file '../../build/racecar_neo/racecar_neo.egg-info/SOURCES.txt'
[22.841s] adding license file 'LICENSE'
[22.848s] writing manifest file '../../build/racecar_neo/racecar_neo.egg-info/SOURCES.txt'
[22.849s] running build
[22.850s] running build_py
[22.869s] copying racecar_neo/maestro.py -> /home/racecar/racecar_ws/build/racecar_neo/build/lib/racecar_neo
[22.870s] copying racecar_neo/camera.py -> /home/racecar/racecar_ws/build/racecar_neo/build/lib/racecar_neo
[22.870s] copying racecar_neo/imu.py -> /home/racecar/racecar_ws/build/racecar_neo/build/lib/racecar_neo
[22.880s] copying racecar_neo/gamepad.py -> /home/racecar/racecar_ws/build/racecar_neo/build/lib/racecar_neo
[22.880s] copying racecar_neo/decode_camera.py -> /home/racecar/racecar_ws/build/racecar_neo/build/lib/racecar_neo
[22.882s] copying racecar_neo/throttle.py -> /home/racecar/racecar_ws/build/racecar_neo/build/lib/racecar_neo
[22.883s] copying racecar_neo/pwm.py -> /home/racecar/racecar_ws/build/racecar_neo/build/lib/racecar_neo
[22.883s] running install
[22.884s] running install_lib
[22.886s] creating /home/racecar/racecar_ws/install/racecar_neo/lib/python3.10/site-packages/racecar_neo
[22.887s] copying /home/racecar/racecar_ws/build/racecar_neo/build/lib/racecar_neo/maestro.py -> /home/racecar/racecar_ws/install/racecar_neo/lib/python3.10/site-packages/racecar_neo
[22.888s] copying /home/racecar/racecar_ws/build/racecar_neo/build/lib/racecar_neo/camera.py -> /home/racecar/racecar_ws/install/racecar_neo/lib/python3.10/site-packages/racecar_neo
[22.893s] copying /home/racecar/racecar_ws/build/racecar_neo/build/lib/racecar_neo/imu.py -> /home/racecar/racecar_ws/install/racecar_neo/lib/python3.10/site-packages/racecar_neo
[22.895s] copying /home/racecar/racecar_ws/build/racecar_neo/build/lib/racecar_neo/gamepad.py -> /home/racecar/racecar_ws/install/racecar_neo/lib/python3.10/site-packages/racecar_neo
[22.897s] copying /home/racecar/racecar_ws/build/racecar_neo/build/lib/racecar_neo/mux.py -> /home/racecar/racecar_ws/install/racecar_neo/lib/python3.10/site-packages/racecar_neo
[22.900s] copying /home/racecar/racecar_ws/build/racecar_neo/build/lib/racecar_neo/decode_camera.py -> /home/racecar/racecar_ws/install/racecar_neo/lib/python3.10/site-packages/racecar_neo
[22.908s] copying /home/racecar/racecar_ws/build/racecar_neo/build/lib/racecar_neo/__init__.py -> /home/racecar/racecar_ws/install/racecar_neo/lib/python3.10/site-packages/racecar_neo
[22.914s] copying /home/racecar/racecar_ws/build/racecar_neo/build/lib/racecar_neo/throttle.py -> /home/racecar/racecar_ws/install/racecar_neo/lib/python3.10/site-packages/racecar_neo
[22.915s] copying /home/racecar/racecar_ws/build/racecar_neo/build/lib/racecar_neo/pwm.py -> /home/racecar/racecar_ws/install/racecar_neo/lib/python3.10/site-packages/racecar_neo
[22.917s] byte-compiling /home/racecar/racecar_ws/install/racecar_neo/lib/python3.10/site-packages/racecar_neo/maestro.py to maestro.cpython-310.pyc
[22.922s] byte-compiling /home/racecar/racecar_ws/install/racecar_neo/lib/python3.10/site-packages/racecar_neo/camera.py to camera.cpython-310.pyc
[22.930s] byte-compiling /home/racecar/racecar_ws/install/racecar_neo/lib/python3.10/site-packages/racecar_neo/imu.py to imu.cpython-310.pyc
[22.931s] byte-compiling /home/racecar/racecar_ws/install/racecar_neo/lib/python3.10/site-packages/racecar_neo/gamepad.py to gamepad.cpython-310.pyc
[22.932s] byte-compiling /home/racecar/racecar_ws/install/racecar_neo/lib/python3.10/site-packages/racecar_neo/mux.py to mux.cpython-310.pyc
[22.935s] byte-compiling /home/racecar/racecar_ws/install/racecar_neo/lib/python3.10/site-packages/racecar_neo/decode_camera.py to decode_camera.cpython-310.pyc
[22.937s] byte-compiling /home/racecar/racecar_ws/install/racecar_neo/lib/python3.10/site-packages/racecar_neo/__init__.py to __init__.cpython-310.pyc
[22.939s] byte-compiling /home/racecar/racecar_ws/install/racecar_neo/lib/python3.10/site-packages/racecar_neo/throttle.py to throttle.cpython-310.pyc
[22.942s] byte-compiling /home/racecar/racecar_ws/install/racecar_neo/lib/python3.10/site-packages/racecar_neo/pwm.py to pwm.cpython-310.pyc
[22.945s] running install_data
[22.951s] running install_egg_info
[22.966s] Copying ../../build/racecar_neo/racecar_neo.egg-info to /home/racecar/racecar_ws/install/racecar_neo/lib/python3.10/site-packages/racecar_neo-1.0.0-py3.10.egg-info
[22.974s] running install_scripts
[23.086s] Installing camera script to /home/racecar/racecar_ws/install/racecar_neo/lib/racecar_neo
[23.088s] Installing gamepad script to /home/racecar/racecar_ws/install/racecar_neo/lib/racecar_neo
[23.089s] Installing imu script to /home/racecar/racecar_ws/install/racecar_neo/lib/racecar_neo
[23.090s] Installing mux script to /home/racecar/racecar_ws/install/racecar_neo/lib/racecar_neo
[23.091s] Installing pwm script to /home/racecar/racecar_ws/install/racecar_neo/lib/racecar_neo
[23.093s] Installing throttle script to /home/racecar/racecar_ws/install/racecar_neo/lib/racecar_neo
[23.097s] writing list of installed files to '/home/racecar/racecar_ws/build/racecar_neo/install.log'
[23.332s] Invoked command in '/home/racecar/racecar_ws/src/racecar_neo' returned '0': PYTHONPATH=/home/racecar/racecar_ws/build/racecar_neo/prefix_override:/home/racecar/racecar_ws/install/racecar_neo/lib/python3.10/site-packages:${PYTHONPATH} /usr/bin/python3 setup.py egg_info --egg-base ../../build/racecar_neo build --build-base /home/racecar/racecar_ws/build/racecar_neo/build install --record /home/racecar/racecar_ws/build/racecar_neo/install.log --single-version-externally-managed
