[7.212s] Invoking command in '/home/racecar/racecar_ws/build/racecar_neo': PYTHONPATH=/home/racecar/racecar_ws/build/racecar_neo/prefix_override:/home/racecar/racecar_ws/install/racecar_neo/lib/python3.10/site-packages:${PYTHONPATH} /usr/bin/python3 setup.py develop --editable --build-directory /home/racecar/racecar_ws/build/racecar_neo/build --no-deps install_data
[8.763s] running develop
[9.979s] running egg_info
[9.980s] writing racecar_neo.egg-info/PKG-INFO
[9.981s] writing dependency_links to racecar_neo.egg-info/dependency_links.txt
[9.982s] writing entry points to racecar_neo.egg-info/entry_points.txt
[9.983s] writing requirements to racecar_neo.egg-info/requires.txt
[9.984s] writing top-level names to racecar_neo.egg-info/top_level.txt
[9.994s] reading manifest file 'racecar_neo.egg-info/SOURCES.txt'
[9.999s] writing manifest file 'racecar_neo.egg-info/SOURCES.txt'
[10.006s] running build_ext
[10.007s] Creating /home/racecar/racecar_ws/install/racecar_neo/lib/python3.10/site-packages/racecar-neo.egg-link (link to .)
[10.010s] Installing camera script to /home/racecar/racecar_ws/install/racecar_neo/lib/racecar_neo
[10.012s] Installing gamepad script to /home/racecar/racecar_ws/install/racecar_neo/lib/racecar_neo
[10.013s] Installing imu script to /home/racecar/racecar_ws/install/racecar_neo/lib/racecar_neo
[10.014s] Installing mux script to /home/racecar/racecar_ws/install/racecar_neo/lib/racecar_neo
[10.015s] Installing pwm script to /home/racecar/racecar_ws/install/racecar_neo/lib/racecar_neo
[10.015s] Installing throttle script to /home/racecar/racecar_ws/install/racecar_neo/lib/racecar_neo
[10.017s] 
[10.017s] Installed /home/racecar/racecar_ws/build/racecar_neo
[10.018s] running install_data
[10.192s] Invoked command in '/home/racecar/racecar_ws/build/racecar_neo' returned '0': PYTHONPATH=/home/racecar/racecar_ws/build/racecar_neo/prefix_override:/home/racecar/racecar_ws/install/racecar_neo/lib/python3.10/site-packages:${PYTHONPATH} /usr/bin/python3 setup.py develop --editable --build-directory /home/racecar/racecar_ws/build/racecar_neo/build --no-deps install_data
