running develop
Removing /home/racecar/racecar_ws/install/racecar_neo/lib/python3.10/site-packages/racecar-neo.egg-link (link to .)
running egg_info
writing ../../build/racecar_neo/racecar_neo.egg-info/PKG-INFO
writing dependency_links to ../../build/racecar_neo/racecar_neo.egg-info/dependency_links.txt
writing entry points to ../../build/racecar_neo/racecar_neo.egg-info/entry_points.txt
writing requirements to ../../build/racecar_neo/racecar_neo.egg-info/requires.txt
writing top-level names to ../../build/racecar_neo/racecar_neo.egg-info/top_level.txt
reading manifest file '../../build/racecar_neo/racecar_neo.egg-info/SOURCES.txt'
adding license file 'LICENSE'
writing manifest file '../../build/racecar_neo/racecar_neo.egg-info/SOURCES.txt'
running build
running build_py
creating /home/racecar/racecar_ws/build/racecar_neo/build
creating /home/racecar/racecar_ws/build/racecar_neo/build/lib
creating /home/racecar/racecar_ws/build/racecar_neo/build/lib/racecar_neo
copying racecar_neo/maestro.py -> /home/racecar/racecar_ws/build/racecar_neo/build/lib/racecar_neo
copying racecar_neo/gamepad.py -> /home/racecar/racecar_ws/build/racecar_neo/build/lib/racecar_neo
copying racecar_neo/mux.py -> /home/racecar/racecar_ws/build/racecar_neo/build/lib/racecar_neo
copying racecar_neo/__init__.py -> /home/racecar/racecar_ws/build/racecar_neo/build/lib/racecar_neo
copying racecar_neo/throttle.py -> /home/racecar/racecar_ws/build/racecar_neo/build/lib/racecar_neo
copying racecar_neo/pwm.py -> /home/racecar/racecar_ws/build/racecar_neo/build/lib/racecar_neo
running install
running install_lib
creating /home/racecar/racecar_ws/install/racecar_neo/lib/python3.10/site-packages/racecar_neo
copying /home/racecar/racecar_ws/build/racecar_neo/build/lib/racecar_neo/maestro.py -> /home/racecar/racecar_ws/install/racecar_neo/lib/python3.10/site-packages/racecar_neo
copying /home/racecar/racecar_ws/build/racecar_neo/build/lib/racecar_neo/gamepad.py -> /home/racecar/racecar_ws/install/racecar_neo/lib/python3.10/site-packages/racecar_neo
copying /home/racecar/racecar_ws/build/racecar_neo/build/lib/racecar_neo/mux.py -> /home/racecar/racecar_ws/install/racecar_neo/lib/python3.10/site-packages/racecar_neo
copying /home/racecar/racecar_ws/build/racecar_neo/build/lib/racecar_neo/__init__.py -> /home/racecar/racecar_ws/install/racecar_neo/lib/python3.10/site-packages/racecar_neo
copying /home/racecar/racecar_ws/build/racecar_neo/build/lib/racecar_neo/throttle.py -> /home/racecar/racecar_ws/install/racecar_neo/lib/python3.10/site-packages/racecar_neo
copying /home/racecar/racecar_ws/build/racecar_neo/build/lib/racecar_neo/pwm.py -> /home/racecar/racecar_ws/install/racecar_neo/lib/python3.10/site-packages/racecar_neo
byte-compiling /home/racecar/racecar_ws/install/racecar_neo/lib/python3.10/site-packages/racecar_neo/maestro.py to maestro.cpython-310.pyc
byte-compiling /home/racecar/racecar_ws/install/racecar_neo/lib/python3.10/site-packages/racecar_neo/gamepad.py to gamepad.cpython-310.pyc
byte-compiling /home/racecar/racecar_ws/install/racecar_neo/lib/python3.10/site-packages/racecar_neo/mux.py to mux.cpython-310.pyc
byte-compiling /home/racecar/racecar_ws/install/racecar_neo/lib/python3.10/site-packages/racecar_neo/__init__.py to __init__.cpython-310.pyc
byte-compiling /home/racecar/racecar_ws/install/racecar_neo/lib/python3.10/site-packages/racecar_neo/throttle.py to throttle.cpython-310.pyc
byte-compiling /home/racecar/racecar_ws/install/racecar_neo/lib/python3.10/site-packages/racecar_neo/pwm.py to pwm.cpython-310.pyc
running install_data
running install_egg_info
Copying ../../build/racecar_neo/racecar_neo.egg-info to /home/racecar/racecar_ws/install/racecar_neo/lib/python3.10/site-packages/racecar_neo-1.0.0-py3.10.egg-info
running install_scripts
Installing gamepad script to /home/racecar/racecar_ws/install/racecar_neo/lib/racecar_neo
Installing mux script to /home/racecar/racecar_ws/install/racecar_neo/lib/racecar_neo
Installing pwm script to /home/racecar/racecar_ws/install/racecar_neo/lib/racecar_neo
Installing throttle script to /home/racecar/racecar_ws/install/racecar_neo/lib/racecar_neo
writing list of installed files to '/home/racecar/racecar_ws/build/racecar_neo/install.log'
