[4.882s] Invoking command in '/home/racecar/racecar_ws/build/racecar_neo': PYTHONPATH=/home/racecar/racecar_ws/build/racecar_neo/prefix_override:/home/racecar/racecar_ws/install/racecar_neo/lib/python3.10/site-packages:${PYTHONPATH} /usr/bin/python3 setup.py develop --uninstall --editable --build-directory /home/racecar/racecar_ws/build/racecar_neo/build
[6.425s] running develop
[7.699s] Removing /home/racecar/racecar_ws/install/racecar_neo/lib/python3.10/site-packages/racecar-neo.egg-link (link to .)
[7.878s] Invoked command in '/home/racecar/racecar_ws/build/racecar_neo' returned '0': PYTHONPATH=/home/racecar/racecar_ws/build/racecar_neo/prefix_override:/home/racecar/racecar_ws/install/racecar_neo/lib/python3.10/site-packages:${PYTHONPATH} /usr/bin/python3 setup.py develop --uninstall --editable --build-directory /home/racecar/racecar_ws/build/racecar_neo/build
[7.887s] Invoking command in '/home/racecar/racecar_ws/src/racecar_neo': PYTHONPATH=/home/racecar/racecar_ws/build/racecar_neo/prefix_override:/home/racecar/racecar_ws/install/racecar_neo/lib/python3.10/site-packages:${PYTHONPATH} /usr/bin/python3 setup.py egg_info --egg-base ../../build/racecar_neo build --build-base /home/racecar/racecar_ws/build/racecar_neo/build install --record /home/racecar/racecar_ws/build/racecar_neo/install.log --single-version-externally-managed
[9.499s] running egg_info
[9.508s] writing ../../build/racecar_neo/racecar_neo.egg-info/PKG-INFO
[9.509s] writing dependency_links to ../../build/racecar_neo/racecar_neo.egg-info/dependency_links.txt
[9.510s] writing entry points to ../../build/racecar_neo/racecar_neo.egg-info/entry_points.txt
[9.513s] writing requirements to ../../build/racecar_neo/racecar_neo.egg-info/requires.txt
[9.514s] writing top-level names to ../../build/racecar_neo/racecar_neo.egg-info/top_level.txt
[9.526s] reading manifest file '../../build/racecar_neo/racecar_neo.egg-info/SOURCES.txt'
[9.527s] adding license file 'LICENSE'
[9.530s] writing manifest file '../../build/racecar_neo/racecar_neo.egg-info/SOURCES.txt'
[9.531s] running build
[9.533s] running build_py
[9.534s] creating /home/racecar/racecar_ws/build/racecar_neo/build
[9.535s] creating /home/racecar/racecar_ws/build/racecar_neo/build/lib
[9.536s] creating /home/racecar/racecar_ws/build/racecar_neo/build/lib/racecar_neo
[9.536s] copying racecar_neo/maestro.py -> /home/racecar/racecar_ws/build/racecar_neo/build/lib/racecar_neo
[9.537s] copying racecar_neo/gamepad.py -> /home/racecar/racecar_ws/build/racecar_neo/build/lib/racecar_neo
[9.538s] copying racecar_neo/mux.py -> /home/racecar/racecar_ws/build/racecar_neo/build/lib/racecar_neo
[9.539s] copying racecar_neo/__init__.py -> /home/racecar/racecar_ws/build/racecar_neo/build/lib/racecar_neo
[9.539s] copying racecar_neo/throttle.py -> /home/racecar/racecar_ws/build/racecar_neo/build/lib/racecar_neo
[9.541s] copying racecar_neo/pwm.py -> /home/racecar/racecar_ws/build/racecar_neo/build/lib/racecar_neo
[9.543s] running install
[9.544s] running install_lib
[9.548s] creating /home/racecar/racecar_ws/install/racecar_neo/lib/python3.10/site-packages/racecar_neo
[9.549s] copying /home/racecar/racecar_ws/build/racecar_neo/build/lib/racecar_neo/maestro.py -> /home/racecar/racecar_ws/install/racecar_neo/lib/python3.10/site-packages/racecar_neo
[9.550s] copying /home/racecar/racecar_ws/build/racecar_neo/build/lib/racecar_neo/gamepad.py -> /home/racecar/racecar_ws/install/racecar_neo/lib/python3.10/site-packages/racecar_neo
[9.551s] copying /home/racecar/racecar_ws/build/racecar_neo/build/lib/racecar_neo/mux.py -> /home/racecar/racecar_ws/install/racecar_neo/lib/python3.10/site-packages/racecar_neo
[9.552s] copying /home/racecar/racecar_ws/build/racecar_neo/build/lib/racecar_neo/__init__.py -> /home/racecar/racecar_ws/install/racecar_neo/lib/python3.10/site-packages/racecar_neo
[9.553s] copying /home/racecar/racecar_ws/build/racecar_neo/build/lib/racecar_neo/throttle.py -> /home/racecar/racecar_ws/install/racecar_neo/lib/python3.10/site-packages/racecar_neo
[9.553s] copying /home/racecar/racecar_ws/build/racecar_neo/build/lib/racecar_neo/pwm.py -> /home/racecar/racecar_ws/install/racecar_neo/lib/python3.10/site-packages/racecar_neo
[9.557s] byte-compiling /home/racecar/racecar_ws/install/racecar_neo/lib/python3.10/site-packages/racecar_neo/maestro.py to maestro.cpython-310.pyc
[9.562s] byte-compiling /home/racecar/racecar_ws/install/racecar_neo/lib/python3.10/site-packages/racecar_neo/gamepad.py to gamepad.cpython-310.pyc
[9.565s] byte-compiling /home/racecar/racecar_ws/install/racecar_neo/lib/python3.10/site-packages/racecar_neo/mux.py to mux.cpython-310.pyc
[9.568s] byte-compiling /home/racecar/racecar_ws/install/racecar_neo/lib/python3.10/site-packages/racecar_neo/__init__.py to __init__.cpython-310.pyc
[9.570s] byte-compiling /home/racecar/racecar_ws/install/racecar_neo/lib/python3.10/site-packages/racecar_neo/throttle.py to throttle.cpython-310.pyc
[9.572s] byte-compiling /home/racecar/racecar_ws/install/racecar_neo/lib/python3.10/site-packages/racecar_neo/pwm.py to pwm.cpython-310.pyc
[9.576s] running install_data
[9.580s] running install_egg_info
[9.586s] Copying ../../build/racecar_neo/racecar_neo.egg-info to /home/racecar/racecar_ws/install/racecar_neo/lib/python3.10/site-packages/racecar_neo-1.0.0-py3.10.egg-info
[9.592s] running install_scripts
[9.681s] Installing gamepad script to /home/racecar/racecar_ws/install/racecar_neo/lib/racecar_neo
[9.681s] Installing mux script to /home/racecar/racecar_ws/install/racecar_neo/lib/racecar_neo
[9.682s] Installing pwm script to /home/racecar/racecar_ws/install/racecar_neo/lib/racecar_neo
[9.683s] Installing throttle script to /home/racecar/racecar_ws/install/racecar_neo/lib/racecar_neo
[9.686s] writing list of installed files to '/home/racecar/racecar_ws/build/racecar_neo/install.log'
[9.847s] Invoked command in '/home/racecar/racecar_ws/src/racecar_neo' returned '0': PYTHONPATH=/home/racecar/racecar_ws/build/racecar_neo/prefix_override:/home/racecar/racecar_ws/install/racecar_neo/lib/python3.10/site-packages:${PYTHONPATH} /usr/bin/python3 setup.py egg_info --egg-base ../../build/racecar_neo build --build-base /home/racecar/racecar_ws/build/racecar_neo/build install --record /home/racecar/racecar_ws/build/racecar_neo/install.log --single-version-externally-managed
