[4.325s] Invoking command in '/home/racecar/racecar_ws/build/racecar_neo': PYTHONPATH=/home/racecar/racecar_ws/build/racecar_neo/prefix_override:/home/racecar/racecar_ws/install/racecar_neo/lib/python3.10/site-packages:${PYTHONPATH} /usr/bin/python3 setup.py develop --editable --build-directory /home/racecar/racecar_ws/build/racecar_neo/build --no-deps install_data
[5.802s] running develop
[6.951s] running egg_info
[6.952s] writing racecar_neo.egg-info/PKG-INFO
[6.953s] writing dependency_links to racecar_neo.egg-info/dependency_links.txt
[6.954s] writing entry points to racecar_neo.egg-info/entry_points.txt
[6.955s] writing requirements to racecar_neo.egg-info/requires.txt
[6.955s] writing top-level names to racecar_neo.egg-info/top_level.txt
[6.964s] reading manifest file 'racecar_neo.egg-info/SOURCES.txt'
[6.967s] writing manifest file 'racecar_neo.egg-info/SOURCES.txt'
[6.973s] running build_ext
[6.974s] Creating /home/racecar/racecar_ws/install/racecar_neo/lib/python3.10/site-packages/racecar-neo.egg-link (link to .)
[6.977s] Installing camera script to /home/racecar/racecar_ws/install/racecar_neo/lib/racecar_neo
[6.978s] Installing gamepad script to /home/racecar/racecar_ws/install/racecar_neo/lib/racecar_neo
[6.979s] Installing imu script to /home/racecar/racecar_ws/install/racecar_neo/lib/racecar_neo
[6.980s] Installing mux script to /home/racecar/racecar_ws/install/racecar_neo/lib/racecar_neo
[6.982s] Installing pwm script to /home/racecar/racecar_ws/install/racecar_neo/lib/racecar_neo
[6.982s] Installing throttle script to /home/racecar/racecar_ws/install/racecar_neo/lib/racecar_neo
[6.984s] 
[6.985s] Installed /home/racecar/racecar_ws/build/racecar_neo
[6.986s] running install_data
[7.154s] Invoked command in '/home/racecar/racecar_ws/build/racecar_neo' returned '0': PYTHONPATH=/home/racecar/racecar_ws/build/racecar_neo/prefix_override:/home/racecar/racecar_ws/install/racecar_neo/lib/python3.10/site-packages:${PYTHONPATH} /usr/bin/python3 setup.py develop --editable --build-directory /home/racecar/racecar_ws/build/racecar_neo/build --no-deps install_data
