[5.635s] DEBUG:colcon:Command line arguments: ['/usr/bin/colcon', 'build', '--symlink-install', '--packages-select', 'racecar_neo']
[5.636s] DEBUG:colcon:Parsed command line arguments: Namespace(log_base=None, log_level=None, verb_name='build', build_base='build', install_base='install', merge_install=False, symlink_install=True, test_result_base=None, continue_on_error=False, executor='parallel', parallel_workers=4, event_handlers=None, ignore_user_meta=False, metas=['./colcon.meta'], base_paths=['.'], packages_ignore=None, packages_ignore_regex=None, paths=None, packages_up_to=None, packages_up_to_regex=None, packages_above=None, packages_above_and_dependencies=None, packages_above_depth=None, packages_select_by_dep=None, packages_skip_by_dep=None, packages_skip_up_to=None, packages_select_build_failed=False, packages_skip_build_finished=False, packages_select_test_failures=False, packages_skip_test_passed=False, packages_select=['racecar_neo'], packages_skip=None, packages_select_regex=None, packages_skip_regex=None, packages_start=None, packages_end=None, allow_overriding=[], cmake_args=None, cmake_target=None, cmake_target_skip_unavailable=False, cmake_clean_cache=False, cmake_clean_first=False, cmake_force_configure=False, ament_cmake_args=None, catkin_cmake_args=None, catkin_skip_building_tests=False, verb_parser=<colcon_defaults.argument_parser.defaults.DefaultArgumentsDecorator object at 0xffff88983010>, verb_extension=<colcon_core.verb.build.BuildVerb object at 0xffff88e0c6d0>, main=<bound method BuildVerb.main of <colcon_core.verb.build.BuildVerb object at 0xffff88e0c6d0>>)
[6.001s] Level 1:colcon.colcon_core.package_discovery:discover_packages(colcon_meta) check parameters
[6.002s] Level 1:colcon.colcon_core.package_discovery:discover_packages(recursive) check parameters
[6.002s] Level 1:colcon.colcon_core.package_discovery:discover_packages(ignore) check parameters
[6.002s] Level 1:colcon.colcon_core.package_discovery:discover_packages(path) check parameters
[6.002s] Level 1:colcon.colcon_core.package_discovery:discover_packages(colcon_meta) discover
[6.002s] Level 1:colcon.colcon_core.package_discovery:discover_packages(recursive) discover
[6.002s] INFO:colcon.colcon_core.package_discovery:Crawling recursively for packages in '/home/racecar/racecar_ws'
[6.003s] Level 1:colcon.colcon_core.package_identification:_identify(.) by extensions ['ignore', 'ignore_ament_install']
[6.003s] Level 1:colcon.colcon_core.package_identification:_identify(.) by extension 'ignore'
[6.003s] Level 1:colcon.colcon_core.package_identification:_identify(.) by extension 'ignore_ament_install'
[6.004s] Level 1:colcon.colcon_core.package_identification:_identify(.) by extensions ['colcon_pkg']
[6.004s] Level 1:colcon.colcon_core.package_identification:_identify(.) by extension 'colcon_pkg'
[6.004s] Level 1:colcon.colcon_core.package_identification:_identify(.) by extensions ['colcon_meta']
[6.004s] Level 1:colcon.colcon_core.package_identification:_identify(.) by extension 'colcon_meta'
[6.004s] Level 1:colcon.colcon_core.package_identification:_identify(.) by extensions ['ros']
[6.004s] Level 1:colcon.colcon_core.package_identification:_identify(.) by extension 'ros'
[6.085s] Level 1:colcon.colcon_core.package_identification:_identify(.) by extensions ['cmake', 'python']
[6.086s] Level 1:colcon.colcon_core.package_identification:_identify(.) by extension 'cmake'
[6.086s] Level 1:colcon.colcon_core.package_identification:_identify(.) by extension 'python'
[6.086s] Level 1:colcon.colcon_core.package_identification:_identify(.) by extensions ['python_setup_py']
[6.086s] Level 1:colcon.colcon_core.package_identification:_identify(.) by extension 'python_setup_py'
[6.087s] Level 1:colcon.colcon_core.package_identification:_identify(build) by extensions ['ignore', 'ignore_ament_install']
[6.087s] Level 1:colcon.colcon_core.package_identification:_identify(build) by extension 'ignore'
[6.087s] Level 1:colcon.colcon_core.package_identification:_identify(build) ignored
[6.088s] Level 1:colcon.colcon_core.package_identification:_identify(install) by extensions ['ignore', 'ignore_ament_install']
[6.088s] Level 1:colcon.colcon_core.package_identification:_identify(install) by extension 'ignore'
[6.088s] Level 1:colcon.colcon_core.package_identification:_identify(install) ignored
[6.089s] Level 1:colcon.colcon_core.package_identification:_identify(log) by extensions ['ignore', 'ignore_ament_install']
[6.090s] Level 1:colcon.colcon_core.package_identification:_identify(log) by extension 'ignore'
[6.090s] Level 1:colcon.colcon_core.package_identification:_identify(log) ignored
[6.090s] Level 1:colcon.colcon_core.package_identification:_identify(src) by extensions ['ignore', 'ignore_ament_install']
[6.090s] Level 1:colcon.colcon_core.package_identification:_identify(src) by extension 'ignore'
[6.091s] Level 1:colcon.colcon_core.package_identification:_identify(src) by extension 'ignore_ament_install'
[6.091s] Level 1:colcon.colcon_core.package_identification:_identify(src) by extensions ['colcon_pkg']
[6.091s] Level 1:colcon.colcon_core.package_identification:_identify(src) by extension 'colcon_pkg'
[6.091s] Level 1:colcon.colcon_core.package_identification:_identify(src) by extensions ['colcon_meta']
[6.091s] Level 1:colcon.colcon_core.package_identification:_identify(src) by extension 'colcon_meta'
[6.091s] Level 1:colcon.colcon_core.package_identification:_identify(src) by extensions ['ros']
[6.092s] Level 1:colcon.colcon_core.package_identification:_identify(src) by extension 'ros'
[6.092s] Level 1:colcon.colcon_core.package_identification:_identify(src) by extensions ['cmake', 'python']
[6.092s] Level 1:colcon.colcon_core.package_identification:_identify(src) by extension 'cmake'
[6.092s] Level 1:colcon.colcon_core.package_identification:_identify(src) by extension 'python'
[6.092s] Level 1:colcon.colcon_core.package_identification:_identify(src) by extensions ['python_setup_py']
[6.092s] Level 1:colcon.colcon_core.package_identification:_identify(src) by extension 'python_setup_py'
[6.093s] Level 1:colcon.colcon_core.package_identification:_identify(src/racecar_neo) by extensions ['ignore', 'ignore_ament_install']
[6.093s] Level 1:colcon.colcon_core.package_identification:_identify(src/racecar_neo) by extension 'ignore'
[6.094s] Level 1:colcon.colcon_core.package_identification:_identify(src/racecar_neo) by extension 'ignore_ament_install'
[6.094s] Level 1:colcon.colcon_core.package_identification:_identify(src/racecar_neo) by extensions ['colcon_pkg']
[6.094s] Level 1:colcon.colcon_core.package_identification:_identify(src/racecar_neo) by extension 'colcon_pkg'
[6.094s] Level 1:colcon.colcon_core.package_identification:_identify(src/racecar_neo) by extensions ['colcon_meta']
[6.094s] Level 1:colcon.colcon_core.package_identification:_identify(src/racecar_neo) by extension 'colcon_meta'
[6.094s] Level 1:colcon.colcon_core.package_identification:_identify(src/racecar_neo) by extensions ['ros']
[6.094s] Level 1:colcon.colcon_core.package_identification:_identify(src/racecar_neo) by extension 'ros'
[6.107s] DEBUG:colcon.colcon_core.package_identification:Package 'src/racecar_neo' with type 'ros.ament_python' and name 'racecar_neo'
[6.107s] Level 1:colcon.colcon_core.package_identification:_identify(src/test_files) by extensions ['ignore', 'ignore_ament_install']
[6.108s] Level 1:colcon.colcon_core.package_identification:_identify(src/test_files) by extension 'ignore'
[6.108s] Level 1:colcon.colcon_core.package_identification:_identify(src/test_files) by extension 'ignore_ament_install'
[6.108s] Level 1:colcon.colcon_core.package_identification:_identify(src/test_files) by extensions ['colcon_pkg']
[6.108s] Level 1:colcon.colcon_core.package_identification:_identify(src/test_files) by extension 'colcon_pkg'
[6.108s] Level 1:colcon.colcon_core.package_identification:_identify(src/test_files) by extensions ['colcon_meta']
[6.108s] Level 1:colcon.colcon_core.package_identification:_identify(src/test_files) by extension 'colcon_meta'
[6.109s] Level 1:colcon.colcon_core.package_identification:_identify(src/test_files) by extensions ['ros']
[6.109s] Level 1:colcon.colcon_core.package_identification:_identify(src/test_files) by extension 'ros'
[6.109s] Level 1:colcon.colcon_core.package_identification:_identify(src/test_files) by extensions ['cmake', 'python']
[6.109s] Level 1:colcon.colcon_core.package_identification:_identify(src/test_files) by extension 'cmake'
[6.110s] Level 1:colcon.colcon_core.package_identification:_identify(src/test_files) by extension 'python'
[6.110s] Level 1:colcon.colcon_core.package_identification:_identify(src/test_files) by extensions ['python_setup_py']
[6.110s] Level 1:colcon.colcon_core.package_identification:_identify(src/test_files) by extension 'python_setup_py'
[6.111s] Level 1:colcon.colcon_core.package_identification:_identify(src/test_files/coral) by extensions ['ignore', 'ignore_ament_install']
[6.111s] Level 1:colcon.colcon_core.package_identification:_identify(src/test_files/coral) by extension 'ignore'
[6.112s] Level 1:colcon.colcon_core.package_identification:_identify(src/test_files/coral) by extension 'ignore_ament_install'
[6.112s] Level 1:colcon.colcon_core.package_identification:_identify(src/test_files/coral) by extensions ['colcon_pkg']
[6.112s] Level 1:colcon.colcon_core.package_identification:_identify(src/test_files/coral) by extension 'colcon_pkg'
[6.112s] Level 1:colcon.colcon_core.package_identification:_identify(src/test_files/coral) by extensions ['colcon_meta']
[6.112s] Level 1:colcon.colcon_core.package_identification:_identify(src/test_files/coral) by extension 'colcon_meta'
[6.112s] Level 1:colcon.colcon_core.package_identification:_identify(src/test_files/coral) by extensions ['ros']
[6.113s] Level 1:colcon.colcon_core.package_identification:_identify(src/test_files/coral) by extension 'ros'
[6.113s] Level 1:colcon.colcon_core.package_identification:_identify(src/test_files/coral) by extensions ['cmake', 'python']
[6.113s] Level 1:colcon.colcon_core.package_identification:_identify(src/test_files/coral) by extension 'cmake'
[6.113s] Level 1:colcon.colcon_core.package_identification:_identify(src/test_files/coral) by extension 'python'
[6.114s] Level 1:colcon.colcon_core.package_identification:_identify(src/test_files/coral) by extensions ['python_setup_py']
[6.114s] Level 1:colcon.colcon_core.package_identification:_identify(src/test_files/coral) by extension 'python_setup_py'
[6.115s] Level 1:colcon.colcon_core.package_identification:_identify(src/test_files/coral/pycoral) by extensions ['ignore', 'ignore_ament_install']
[6.115s] Level 1:colcon.colcon_core.package_identification:_identify(src/test_files/coral/pycoral) by extension 'ignore'
[6.116s] Level 1:colcon.colcon_core.package_identification:_identify(src/test_files/coral/pycoral) by extension 'ignore_ament_install'
[6.116s] Level 1:colcon.colcon_core.package_identification:_identify(src/test_files/coral/pycoral) by extensions ['colcon_pkg']
[6.116s] Level 1:colcon.colcon_core.package_identification:_identify(src/test_files/coral/pycoral) by extension 'colcon_pkg'
[6.116s] Level 1:colcon.colcon_core.package_identification:_identify(src/test_files/coral/pycoral) by extensions ['colcon_meta']
[6.116s] Level 1:colcon.colcon_core.package_identification:_identify(src/test_files/coral/pycoral) by extension 'colcon_meta'
[6.117s] Level 1:colcon.colcon_core.package_identification:_identify(src/test_files/coral/pycoral) by extensions ['ros']
[6.117s] Level 1:colcon.colcon_core.package_identification:_identify(src/test_files/coral/pycoral) by extension 'ros'
[6.117s] Level 1:colcon.colcon_core.package_identification:_identify(src/test_files/coral/pycoral) by extensions ['cmake', 'python']
[6.117s] Level 1:colcon.colcon_core.package_identification:_identify(src/test_files/coral/pycoral) by extension 'cmake'
[6.118s] Level 1:colcon.colcon_core.package_identification:_identify(src/test_files/coral/pycoral) by extension 'python'
[6.118s] Level 1:colcon.colcon_core.package_identification:_identify(src/test_files/coral/pycoral) by extensions ['python_setup_py']
[6.118s] Level 1:colcon.colcon_core.package_identification:_identify(src/test_files/coral/pycoral) by extension 'python_setup_py'
[7.560s] DEBUG:colcon.colcon_core.package_identification:Package 'src/test_files/coral/pycoral' with type 'python' and name 'pycoral'
[7.561s] Level 1:colcon.colcon_core.package_identification:_identify(src/ydlidar) by extensions ['ignore', 'ignore_ament_install']
[7.561s] Level 1:colcon.colcon_core.package_identification:_identify(src/ydlidar) by extension 'ignore'
[7.561s] Level 1:colcon.colcon_core.package_identification:_identify(src/ydlidar) by extension 'ignore_ament_install'
[7.562s] Level 1:colcon.colcon_core.package_identification:_identify(src/ydlidar) by extensions ['colcon_pkg']
[7.562s] Level 1:colcon.colcon_core.package_identification:_identify(src/ydlidar) by extension 'colcon_pkg'
[7.562s] Level 1:colcon.colcon_core.package_identification:_identify(src/ydlidar) by extensions ['colcon_meta']
[7.563s] Level 1:colcon.colcon_core.package_identification:_identify(src/ydlidar) by extension 'colcon_meta'
[7.563s] Level 1:colcon.colcon_core.package_identification:_identify(src/ydlidar) by extensions ['ros']
[7.563s] Level 1:colcon.colcon_core.package_identification:_identify(src/ydlidar) by extension 'ros'
[7.568s] DEBUG:colcon.colcon_core.package_identification:Package 'src/ydlidar' with type 'ros.ament_cmake' and name 'ydlidar_ros2_driver'
[7.568s] Level 1:colcon.colcon_core.package_discovery:discover_packages(recursive) using defaults
[7.568s] Level 1:colcon.colcon_core.package_discovery:discover_packages(ignore) discover
[7.569s] Level 1:colcon.colcon_core.package_discovery:discover_packages(ignore) using defaults
[7.569s] Level 1:colcon.colcon_core.package_discovery:discover_packages(path) discover
[7.569s] Level 1:colcon.colcon_core.package_discovery:discover_packages(path) using defaults
[7.928s] INFO:colcon.colcon_core.package_selection:Skipping not selected package 'pycoral' in 'src/test_files/coral/pycoral'
[7.929s] INFO:colcon.colcon_core.package_selection:Skipping not selected package 'ydlidar_ros2_driver' in 'src/ydlidar'
[8.091s] Level 1:colcon.colcon_core.package_discovery:discover_packages(prefix_path) check parameters
[8.091s] Level 1:colcon.colcon_core.package_discovery:discover_packages(prefix_path) discover
[8.307s] DEBUG:colcon.colcon_installed_package_information.package_discovery:Found 2 installed packages in /home/racecar/racecar_ws/install
[8.398s] DEBUG:colcon.colcon_installed_package_information.package_discovery:Found 282 installed packages in /opt/ros/iron
[8.404s] Level 1:colcon.colcon_core.package_discovery:discover_packages(prefix_path) using defaults
[8.802s] Level 5:colcon.colcon_core.verb:set package 'racecar_neo' build argument 'cmake_args' from command line to 'None'
[8.802s] Level 5:colcon.colcon_core.verb:set package 'racecar_neo' build argument 'cmake_target' from command line to 'None'
[8.802s] Level 5:colcon.colcon_core.verb:set package 'racecar_neo' build argument 'cmake_target_skip_unavailable' from command line to 'False'
[8.802s] Level 5:colcon.colcon_core.verb:set package 'racecar_neo' build argument 'cmake_clean_cache' from command line to 'False'
[8.802s] Level 5:colcon.colcon_core.verb:set package 'racecar_neo' build argument 'cmake_clean_first' from command line to 'False'
[8.802s] Level 5:colcon.colcon_core.verb:set package 'racecar_neo' build argument 'cmake_force_configure' from command line to 'False'
[8.803s] Level 5:colcon.colcon_core.verb:set package 'racecar_neo' build argument 'ament_cmake_args' from command line to 'None'
[8.803s] Level 5:colcon.colcon_core.verb:set package 'racecar_neo' build argument 'catkin_cmake_args' from command line to 'None'
[8.803s] Level 5:colcon.colcon_core.verb:set package 'racecar_neo' build argument 'catkin_skip_building_tests' from command line to 'False'
[8.803s] DEBUG:colcon.colcon_core.verb:Building package 'racecar_neo' with the following arguments: {'ament_cmake_args': None, 'build_base': '/home/racecar/racecar_ws/build/racecar_neo', 'catkin_cmake_args': None, 'catkin_skip_building_tests': False, 'cmake_args': None, 'cmake_clean_cache': False, 'cmake_clean_first': False, 'cmake_force_configure': False, 'cmake_target': None, 'cmake_target_skip_unavailable': False, 'install_base': '/home/racecar/racecar_ws/install/racecar_neo', 'merge_install': False, 'path': '/home/racecar/racecar_ws/src/racecar_neo', 'symlink_install': True, 'test_result_base': None}
[8.883s] INFO:colcon.colcon_core.executor:Executing jobs using 'parallel' executor
[8.967s] DEBUG:colcon.colcon_parallel_executor.executor.parallel:run_until_complete
[8.968s] INFO:colcon.colcon_ros.task.ament_python.build:Building ROS package in '/home/racecar/racecar_ws/src/racecar_neo' with build type 'ament_python'
[8.969s] Level 1:colcon.colcon_core.shell:create_environment_hook('racecar_neo', 'ament_prefix_path')
[9.073s] INFO:colcon.colcon_core.plugin_system:Skipping extension 'colcon_core.shell.bat': Not used on non-Windows systems
[9.074s] INFO:colcon.colcon_core.shell:Creating environment hook '/home/racecar/racecar_ws/install/racecar_neo/share/racecar_neo/hook/ament_prefix_path.ps1'
[9.079s] INFO:colcon.colcon_core.shell:Creating environment descriptor '/home/racecar/racecar_ws/install/racecar_neo/share/racecar_neo/hook/ament_prefix_path.dsv'
[9.082s] INFO:colcon.colcon_core.shell:Creating environment hook '/home/racecar/racecar_ws/install/racecar_neo/share/racecar_neo/hook/ament_prefix_path.sh'
[9.170s] INFO:colcon.colcon_core.shell:Skip shell extension 'powershell' for command environment: Not usable outside of PowerShell
[9.170s] DEBUG:colcon.colcon_core.shell:Skip shell extension 'dsv' for command environment
[10.848s] INFO:colcon.colcon_core.task.python.build:Building Python package in '/home/racecar/racecar_ws/src/racecar_neo'
[10.933s] INFO:colcon.colcon_core.shell:Skip shell extension 'powershell' for command environment: Not usable outside of PowerShell
[10.933s] DEBUG:colcon.colcon_core.shell:Skip shell extension 'dsv' for command environment
[13.252s] DEBUG:colcon.colcon_core.task.python.build:While undoing a previous installation files outside the Python library path are being ignored: /home/racecar/racecar_ws/install/racecar_neo/share/ament_index/resource_index/packages/racecar_neo
[13.253s] DEBUG:colcon.colcon_core.task.python.build:While undoing a previous installation files outside the Python library path are being ignored: /home/racecar/racecar_ws/install/racecar_neo/share/racecar_neo/package.xml
[13.253s] DEBUG:colcon.colcon_core.task.python.build:While undoing a previous installation files outside the Python library path are being ignored: /home/racecar/racecar_ws/install/racecar_neo/share/racecar_neo/teleop.launch.py
[13.254s] DEBUG:colcon.colcon_core.task.python.build:While undoing a previous installation files outside the Python library path are being ignored: /home/racecar/racecar_ws/install/racecar_neo/lib/racecar_neo/gamepad
[13.255s] DEBUG:colcon.colcon_core.task.python.build:While undoing a previous installation files outside the Python library path are being ignored: /home/racecar/racecar_ws/install/racecar_neo/lib/racecar_neo/mux
[13.255s] DEBUG:colcon.colcon_core.task.python.build:While undoing a previous installation files outside the Python library path are being ignored: /home/racecar/racecar_ws/install/racecar_neo/lib/racecar_neo/pwm
[13.255s] DEBUG:colcon.colcon_core.task.python.build:While undoing a previous installation files outside the Python library path are being ignored: /home/racecar/racecar_ws/install/racecar_neo/lib/racecar_neo/throttle
[13.264s] DEBUG:colcon.colcon_core.event_handler.log_command:Invoking command in '/home/racecar/racecar_ws/build/racecar_neo': PYTHONPATH=/home/racecar/racecar_ws/build/racecar_neo/prefix_override:/home/racecar/racecar_ws/install/racecar_neo/lib/python3.10/site-packages:${PYTHONPATH} /usr/bin/python3 setup.py develop --editable --build-directory /home/racecar/racecar_ws/build/racecar_neo/build --no-deps install_data
[15.964s] Level 1:colcon.colcon_core.shell:create_environment_hook('racecar_neo', 'pythonpath_develop')
[15.965s] DEBUG:colcon.colcon_core.event_handler.log_command:Invoked command in '/home/racecar/racecar_ws/build/racecar_neo' returned '0': PYTHONPATH=/home/racecar/racecar_ws/build/racecar_neo/prefix_override:/home/racecar/racecar_ws/install/racecar_neo/lib/python3.10/site-packages:${PYTHONPATH} /usr/bin/python3 setup.py develop --editable --build-directory /home/racecar/racecar_ws/build/racecar_neo/build --no-deps install_data
[16.050s] INFO:colcon.colcon_core.shell:Creating environment hook '/home/racecar/racecar_ws/build/racecar_neo/share/racecar_neo/hook/pythonpath_develop.ps1'
[16.054s] INFO:colcon.colcon_core.shell:Creating environment descriptor '/home/racecar/racecar_ws/build/racecar_neo/share/racecar_neo/hook/pythonpath_develop.dsv'
[16.055s] INFO:colcon.colcon_core.shell:Creating environment hook '/home/racecar/racecar_ws/build/racecar_neo/share/racecar_neo/hook/pythonpath_develop.sh'
[16.167s] Level 1:colcon.colcon_core.environment:checking '/home/racecar/racecar_ws/install/racecar_neo' for CMake module files
[16.171s] Level 1:colcon.colcon_core.environment:checking '/home/racecar/racecar_ws/install/racecar_neo' for CMake config files
[16.175s] Level 1:colcon.colcon_core.environment:checking '/home/racecar/racecar_ws/install/racecar_neo/lib'
[16.176s] Level 1:colcon.colcon_core.environment:checking '/home/racecar/racecar_ws/install/racecar_neo/bin'
[16.176s] Level 1:colcon.colcon_core.environment:checking '/home/racecar/racecar_ws/install/racecar_neo/lib/pkgconfig/racecar_neo.pc'
[16.177s] Level 1:colcon.colcon_core.environment:checking '/home/racecar/racecar_ws/install/racecar_neo/lib/python3.10/site-packages'
[16.178s] Level 1:colcon.colcon_core.shell:create_environment_hook('racecar_neo', 'pythonpath')
[16.262s] INFO:colcon.colcon_core.shell:Creating environment hook '/home/racecar/racecar_ws/install/racecar_neo/share/racecar_neo/hook/pythonpath.ps1'
[16.264s] INFO:colcon.colcon_core.shell:Creating environment descriptor '/home/racecar/racecar_ws/install/racecar_neo/share/racecar_neo/hook/pythonpath.dsv'
[16.265s] INFO:colcon.colcon_core.shell:Creating environment hook '/home/racecar/racecar_ws/install/racecar_neo/share/racecar_neo/hook/pythonpath.sh'
[16.268s] Level 1:colcon.colcon_core.environment:checking '/home/racecar/racecar_ws/install/racecar_neo/bin'
[16.268s] Level 1:colcon.colcon_core.environment:create_environment_scripts_only(racecar_neo)
[16.351s] INFO:colcon.colcon_core.shell:Creating package script '/home/racecar/racecar_ws/install/racecar_neo/share/racecar_neo/package.ps1'
[16.356s] INFO:colcon.colcon_core.shell:Creating package descriptor '/home/racecar/racecar_ws/install/racecar_neo/share/racecar_neo/package.dsv'
[16.360s] INFO:colcon.colcon_core.shell:Creating package script '/home/racecar/racecar_ws/install/racecar_neo/share/racecar_neo/package.sh'
[16.366s] INFO:colcon.colcon_core.shell:Creating package script '/home/racecar/racecar_ws/install/racecar_neo/share/racecar_neo/package.bash'
[16.371s] INFO:colcon.colcon_core.shell:Creating package script '/home/racecar/racecar_ws/install/racecar_neo/share/racecar_neo/package.zsh'
[16.377s] Level 1:colcon.colcon_core.environment:create_file_with_runtime_dependencies(/home/racecar/racecar_ws/install/racecar_neo/share/colcon-core/packages/racecar_neo)
[16.378s] DEBUG:colcon.colcon_parallel_executor.executor.parallel:closing loop
[16.380s] DEBUG:colcon.colcon_parallel_executor.executor.parallel:loop closed
[16.380s] DEBUG:colcon.colcon_parallel_executor.executor.parallel:run_until_complete finished with '0'
[16.381s] DEBUG:colcon.colcon_core.event_reactor:joining thread
[16.490s] INFO:colcon.colcon_core.plugin_system:Skipping extension 'colcon_notification.desktop_notification.terminal_notifier': Not used on non-Darwin systems
[16.490s] INFO:colcon.colcon_core.plugin_system:Skipping extension 'colcon_notification.desktop_notification.win32': Not used on non-Windows systems
[16.491s] INFO:colcon.colcon_notification.desktop_notification:Sending desktop notification using 'notify2'
[16.491s] DEBUG:colcon.colcon_notification.desktop_notification.notify2:Failed to initialize notify2: org.freedesktop.DBus.Error.NotSupported: Unable to autolaunch a dbus-daemon without a $DISPLAY for X11
[16.491s] DEBUG:colcon.colcon_core.event_reactor:joined thread
[16.574s] INFO:colcon.colcon_core.shell:Creating prefix script '/home/racecar/racecar_ws/install/local_setup.ps1'
[16.579s] INFO:colcon.colcon_core.shell:Creating prefix util module '/home/racecar/racecar_ws/install/_local_setup_util_ps1.py'
[16.586s] INFO:colcon.colcon_core.shell:Creating prefix chain script '/home/racecar/racecar_ws/install/setup.ps1'
[16.674s] INFO:colcon.colcon_core.shell:Creating prefix script '/home/racecar/racecar_ws/install/local_setup.sh'
[16.678s] INFO:colcon.colcon_core.shell:Creating prefix util module '/home/racecar/racecar_ws/install/_local_setup_util_sh.py'
[16.680s] INFO:colcon.colcon_core.shell:Creating prefix chain script '/home/racecar/racecar_ws/install/setup.sh'
[16.769s] INFO:colcon.colcon_core.shell:Creating prefix script '/home/racecar/racecar_ws/install/local_setup.bash'
[16.773s] INFO:colcon.colcon_core.shell:Creating prefix chain script '/home/racecar/racecar_ws/install/setup.bash'
[16.860s] INFO:colcon.colcon_core.shell:Creating prefix script '/home/racecar/racecar_ws/install/local_setup.zsh'
[16.863s] INFO:colcon.colcon_core.shell:Creating prefix chain script '/home/racecar/racecar_ws/install/setup.zsh'
