[6.040s] DEBUG:colcon:Command line arguments: ['/usr/bin/colcon', 'build']
[6.041s] DEBUG:colcon:Parsed command line arguments: Namespace(log_base=None, log_level=None, verb_name='build', build_base='build', install_base='install', merge_install=False, symlink_install=False, test_result_base=None, continue_on_error=False, executor='parallel', parallel_workers=4, event_handlers=None, ignore_user_meta=False, metas=['./colcon.meta'], base_paths=['.'], packages_ignore=None, packages_ignore_regex=None, paths=None, packages_up_to=None, packages_up_to_regex=None, packages_above=None, packages_above_and_dependencies=None, packages_above_depth=None, packages_select_by_dep=None, packages_skip_by_dep=None, packages_skip_up_to=None, packages_select_build_failed=False, packages_skip_build_finished=False, packages_select_test_failures=False, packages_skip_test_passed=False, packages_select=None, packages_skip=None, packages_select_regex=None, packages_skip_regex=None, packages_start=None, packages_end=None, allow_overriding=[], cmake_args=None, cmake_target=None, cmake_target_skip_unavailable=False, cmake_clean_cache=False, cmake_clean_first=False, cmake_force_configure=False, ament_cmake_args=None, catkin_cmake_args=None, catkin_skip_building_tests=False, verb_parser=<colcon_defaults.argument_parser.defaults.DefaultArgumentsDecorator object at 0xffff923b9750>, verb_extension=<colcon_core.verb.build.BuildVerb object at 0xffff92703910>, main=<bound method BuildVerb.main of <colcon_core.verb.build.BuildVerb object at 0xffff92703910>>)
[6.357s] Level 1:colcon.colcon_core.package_discovery:discover_packages(colcon_meta) check parameters
[6.357s] Level 1:colcon.colcon_core.package_discovery:discover_packages(recursive) check parameters
[6.357s] Level 1:colcon.colcon_core.package_discovery:discover_packages(ignore) check parameters
[6.357s] Level 1:colcon.colcon_core.package_discovery:discover_packages(path) check parameters
[6.357s] Level 1:colcon.colcon_core.package_discovery:discover_packages(colcon_meta) discover
[6.358s] Level 1:colcon.colcon_core.package_discovery:discover_packages(recursive) discover
[6.358s] INFO:colcon.colcon_core.package_discovery:Crawling recursively for packages in '/home/racecar/racecar_ws'
[6.358s] Level 1:colcon.colcon_core.package_identification:_identify(.) by extensions ['ignore', 'ignore_ament_install']
[6.359s] Level 1:colcon.colcon_core.package_identification:_identify(.) by extension 'ignore'
[6.359s] Level 1:colcon.colcon_core.package_identification:_identify(.) by extension 'ignore_ament_install'
[6.359s] Level 1:colcon.colcon_core.package_identification:_identify(.) by extensions ['colcon_pkg']
[6.359s] Level 1:colcon.colcon_core.package_identification:_identify(.) by extension 'colcon_pkg'
[6.360s] Level 1:colcon.colcon_core.package_identification:_identify(.) by extensions ['colcon_meta']
[6.360s] Level 1:colcon.colcon_core.package_identification:_identify(.) by extension 'colcon_meta'
[6.360s] Level 1:colcon.colcon_core.package_identification:_identify(.) by extensions ['ros']
[6.360s] Level 1:colcon.colcon_core.package_identification:_identify(.) by extension 'ros'
[6.425s] Level 1:colcon.colcon_core.package_identification:_identify(.) by extensions ['cmake', 'python']
[6.425s] Level 1:colcon.colcon_core.package_identification:_identify(.) by extension 'cmake'
[6.426s] Level 1:colcon.colcon_core.package_identification:_identify(.) by extension 'python'
[6.426s] Level 1:colcon.colcon_core.package_identification:_identify(.) by extensions ['python_setup_py']
[6.426s] Level 1:colcon.colcon_core.package_identification:_identify(.) by extension 'python_setup_py'
[6.427s] Level 1:colcon.colcon_core.package_identification:_identify(build) by extensions ['ignore', 'ignore_ament_install']
[6.427s] Level 1:colcon.colcon_core.package_identification:_identify(build) by extension 'ignore'
[6.427s] Level 1:colcon.colcon_core.package_identification:_identify(build) ignored
[6.428s] Level 1:colcon.colcon_core.package_identification:_identify(install) by extensions ['ignore', 'ignore_ament_install']
[6.428s] Level 1:colcon.colcon_core.package_identification:_identify(install) by extension 'ignore'
[6.428s] Level 1:colcon.colcon_core.package_identification:_identify(install) ignored
[6.429s] Level 1:colcon.colcon_core.package_identification:_identify(log) by extensions ['ignore', 'ignore_ament_install']
[6.429s] Level 1:colcon.colcon_core.package_identification:_identify(log) by extension 'ignore'
[6.429s] Level 1:colcon.colcon_core.package_identification:_identify(log) ignored
[6.430s] Level 1:colcon.colcon_core.package_identification:_identify(src) by extensions ['ignore', 'ignore_ament_install']
[6.430s] Level 1:colcon.colcon_core.package_identification:_identify(src) by extension 'ignore'
[6.430s] Level 1:colcon.colcon_core.package_identification:_identify(src) by extension 'ignore_ament_install'
[6.431s] Level 1:colcon.colcon_core.package_identification:_identify(src) by extensions ['colcon_pkg']
[6.431s] Level 1:colcon.colcon_core.package_identification:_identify(src) by extension 'colcon_pkg'
[6.431s] Level 1:colcon.colcon_core.package_identification:_identify(src) by extensions ['colcon_meta']
[6.431s] Level 1:colcon.colcon_core.package_identification:_identify(src) by extension 'colcon_meta'
[6.431s] Level 1:colcon.colcon_core.package_identification:_identify(src) by extensions ['ros']
[6.431s] Level 1:colcon.colcon_core.package_identification:_identify(src) by extension 'ros'
[6.432s] Level 1:colcon.colcon_core.package_identification:_identify(src) by extensions ['cmake', 'python']
[6.432s] Level 1:colcon.colcon_core.package_identification:_identify(src) by extension 'cmake'
[6.432s] Level 1:colcon.colcon_core.package_identification:_identify(src) by extension 'python'
[6.432s] Level 1:colcon.colcon_core.package_identification:_identify(src) by extensions ['python_setup_py']
[6.432s] Level 1:colcon.colcon_core.package_identification:_identify(src) by extension 'python_setup_py'
[6.433s] Level 1:colcon.colcon_core.package_identification:_identify(src/racecar_neo) by extensions ['ignore', 'ignore_ament_install']
[6.433s] Level 1:colcon.colcon_core.package_identification:_identify(src/racecar_neo) by extension 'ignore'
[6.433s] Level 1:colcon.colcon_core.package_identification:_identify(src/racecar_neo) by extension 'ignore_ament_install'
[6.433s] Level 1:colcon.colcon_core.package_identification:_identify(src/racecar_neo) by extensions ['colcon_pkg']
[6.434s] Level 1:colcon.colcon_core.package_identification:_identify(src/racecar_neo) by extension 'colcon_pkg'
[6.434s] Level 1:colcon.colcon_core.package_identification:_identify(src/racecar_neo) by extensions ['colcon_meta']
[6.434s] Level 1:colcon.colcon_core.package_identification:_identify(src/racecar_neo) by extension 'colcon_meta'
[6.434s] Level 1:colcon.colcon_core.package_identification:_identify(src/racecar_neo) by extensions ['ros']
[6.434s] Level 1:colcon.colcon_core.package_identification:_identify(src/racecar_neo) by extension 'ros'
[6.445s] DEBUG:colcon.colcon_core.package_identification:Package 'src/racecar_neo' with type 'ros.ament_python' and name 'racecar_neo'
[6.446s] Level 1:colcon.colcon_core.package_identification:_identify(src/test_scripts) by extensions ['ignore', 'ignore_ament_install']
[6.446s] Level 1:colcon.colcon_core.package_identification:_identify(src/test_scripts) by extension 'ignore'
[6.446s] Level 1:colcon.colcon_core.package_identification:_identify(src/test_scripts) by extension 'ignore_ament_install'
[6.446s] Level 1:colcon.colcon_core.package_identification:_identify(src/test_scripts) by extensions ['colcon_pkg']
[6.447s] Level 1:colcon.colcon_core.package_identification:_identify(src/test_scripts) by extension 'colcon_pkg'
[6.447s] Level 1:colcon.colcon_core.package_identification:_identify(src/test_scripts) by extensions ['colcon_meta']
[6.447s] Level 1:colcon.colcon_core.package_identification:_identify(src/test_scripts) by extension 'colcon_meta'
[6.447s] Level 1:colcon.colcon_core.package_identification:_identify(src/test_scripts) by extensions ['ros']
[6.447s] Level 1:colcon.colcon_core.package_identification:_identify(src/test_scripts) by extension 'ros'
[6.448s] Level 1:colcon.colcon_core.package_identification:_identify(src/test_scripts) by extensions ['cmake', 'python']
[6.448s] Level 1:colcon.colcon_core.package_identification:_identify(src/test_scripts) by extension 'cmake'
[6.448s] Level 1:colcon.colcon_core.package_identification:_identify(src/test_scripts) by extension 'python'
[6.448s] Level 1:colcon.colcon_core.package_identification:_identify(src/test_scripts) by extensions ['python_setup_py']
[6.448s] Level 1:colcon.colcon_core.package_identification:_identify(src/test_scripts) by extension 'python_setup_py'
[6.448s] Level 1:colcon.colcon_core.package_discovery:discover_packages(recursive) using defaults
[6.449s] Level 1:colcon.colcon_core.package_discovery:discover_packages(ignore) discover
[6.449s] Level 1:colcon.colcon_core.package_discovery:discover_packages(ignore) using defaults
[6.449s] Level 1:colcon.colcon_core.package_discovery:discover_packages(path) discover
[6.449s] Level 1:colcon.colcon_core.package_discovery:discover_packages(path) using defaults
[6.933s] Level 1:colcon.colcon_core.package_discovery:discover_packages(prefix_path) check parameters
[6.933s] Level 1:colcon.colcon_core.package_discovery:discover_packages(prefix_path) discover
[7.150s] DEBUG:colcon.colcon_installed_package_information.package_discovery:Found 281 installed packages in /opt/ros/iron
[7.157s] Level 1:colcon.colcon_core.package_discovery:discover_packages(prefix_path) using defaults
[7.538s] Level 5:colcon.colcon_core.verb:set package 'racecar_neo' build argument 'cmake_args' from command line to 'None'
[7.538s] Level 5:colcon.colcon_core.verb:set package 'racecar_neo' build argument 'cmake_target' from command line to 'None'
[7.539s] Level 5:colcon.colcon_core.verb:set package 'racecar_neo' build argument 'cmake_target_skip_unavailable' from command line to 'False'
[7.539s] Level 5:colcon.colcon_core.verb:set package 'racecar_neo' build argument 'cmake_clean_cache' from command line to 'False'
[7.539s] Level 5:colcon.colcon_core.verb:set package 'racecar_neo' build argument 'cmake_clean_first' from command line to 'False'
[7.539s] Level 5:colcon.colcon_core.verb:set package 'racecar_neo' build argument 'cmake_force_configure' from command line to 'False'
[7.539s] Level 5:colcon.colcon_core.verb:set package 'racecar_neo' build argument 'ament_cmake_args' from command line to 'None'
[7.539s] Level 5:colcon.colcon_core.verb:set package 'racecar_neo' build argument 'catkin_cmake_args' from command line to 'None'
[7.539s] Level 5:colcon.colcon_core.verb:set package 'racecar_neo' build argument 'catkin_skip_building_tests' from command line to 'False'
[7.539s] DEBUG:colcon.colcon_core.verb:Building package 'racecar_neo' with the following arguments: {'ament_cmake_args': None, 'build_base': '/home/racecar/racecar_ws/build/racecar_neo', 'catkin_cmake_args': None, 'catkin_skip_building_tests': False, 'cmake_args': None, 'cmake_clean_cache': False, 'cmake_clean_first': False, 'cmake_force_configure': False, 'cmake_target': None, 'cmake_target_skip_unavailable': False, 'install_base': '/home/racecar/racecar_ws/install/racecar_neo', 'merge_install': False, 'path': '/home/racecar/racecar_ws/src/racecar_neo', 'symlink_install': False, 'test_result_base': None}
[7.617s] INFO:colcon.colcon_core.executor:Executing jobs using 'parallel' executor
[7.698s] DEBUG:colcon.colcon_parallel_executor.executor.parallel:run_until_complete
[7.698s] INFO:colcon.colcon_ros.task.ament_python.build:Building ROS package in '/home/racecar/racecar_ws/src/racecar_neo' with build type 'ament_python'
[7.699s] Level 1:colcon.colcon_core.shell:create_environment_hook('racecar_neo', 'ament_prefix_path')
[7.806s] INFO:colcon.colcon_core.plugin_system:Skipping extension 'colcon_core.shell.bat': Not used on non-Windows systems
[7.807s] INFO:colcon.colcon_core.shell:Creating environment hook '/home/racecar/racecar_ws/install/racecar_neo/share/racecar_neo/hook/ament_prefix_path.ps1'
[7.814s] INFO:colcon.colcon_core.shell:Creating environment descriptor '/home/racecar/racecar_ws/install/racecar_neo/share/racecar_neo/hook/ament_prefix_path.dsv'
[7.818s] INFO:colcon.colcon_core.shell:Creating environment hook '/home/racecar/racecar_ws/install/racecar_neo/share/racecar_neo/hook/ament_prefix_path.sh'
[7.908s] INFO:colcon.colcon_core.shell:Skip shell extension 'powershell' for command environment: Not usable outside of PowerShell
[7.908s] DEBUG:colcon.colcon_core.shell:Skip shell extension 'dsv' for command environment
[9.523s] INFO:colcon.colcon_core.task.python.build:Building Python package in '/home/racecar/racecar_ws/src/racecar_neo'
[9.607s] INFO:colcon.colcon_core.shell:Skip shell extension 'powershell' for command environment: Not usable outside of PowerShell
[9.607s] DEBUG:colcon.colcon_core.shell:Skip shell extension 'dsv' for command environment
[12.083s] DEBUG:colcon.colcon_core.event_handler.log_command:Invoking command in '/home/racecar/racecar_ws/build/racecar_neo': PYTHONPATH=/home/racecar/racecar_ws/build/racecar_neo/prefix_override:/home/racecar/racecar_ws/install/racecar_neo/lib/python3.10/site-packages:${PYTHONPATH} /usr/bin/python3 setup.py develop --uninstall --editable --build-directory /home/racecar/racecar_ws/build/racecar_neo/build
[14.744s] DEBUG:colcon.colcon_core.event_handler.log_command:Invoked command in '/home/racecar/racecar_ws/build/racecar_neo' returned '0': PYTHONPATH=/home/racecar/racecar_ws/build/racecar_neo/prefix_override:/home/racecar/racecar_ws/install/racecar_neo/lib/python3.10/site-packages:${PYTHONPATH} /usr/bin/python3 setup.py develop --uninstall --editable --build-directory /home/racecar/racecar_ws/build/racecar_neo/build
[14.755s] DEBUG:colcon.colcon_core.event_handler.log_command:Invoking command in '/home/racecar/racecar_ws/src/racecar_neo': PYTHONPATH=/home/racecar/racecar_ws/build/racecar_neo/prefix_override:/home/racecar/racecar_ws/install/racecar_neo/lib/python3.10/site-packages:${PYTHONPATH} /usr/bin/python3 setup.py egg_info --egg-base ../../build/racecar_neo build --build-base /home/racecar/racecar_ws/build/racecar_neo/build install --record /home/racecar/racecar_ws/build/racecar_neo/install.log --single-version-externally-managed
[16.418s] DEBUG:colcon.colcon_core.event_handler.log_command:Invoked command in '/home/racecar/racecar_ws/src/racecar_neo' returned '0': PYTHONPATH=/home/racecar/racecar_ws/build/racecar_neo/prefix_override:/home/racecar/racecar_ws/install/racecar_neo/lib/python3.10/site-packages:${PYTHONPATH} /usr/bin/python3 setup.py egg_info --egg-base ../../build/racecar_neo build --build-base /home/racecar/racecar_ws/build/racecar_neo/build install --record /home/racecar/racecar_ws/build/racecar_neo/install.log --single-version-externally-managed
[16.523s] Level 1:colcon.colcon_core.environment:checking '/home/racecar/racecar_ws/install/racecar_neo' for CMake module files
[16.526s] Level 1:colcon.colcon_core.environment:checking '/home/racecar/racecar_ws/install/racecar_neo' for CMake config files
[16.531s] Level 1:colcon.colcon_core.environment:checking '/home/racecar/racecar_ws/install/racecar_neo/lib'
[16.532s] Level 1:colcon.colcon_core.environment:checking '/home/racecar/racecar_ws/install/racecar_neo/bin'
[16.533s] Level 1:colcon.colcon_core.environment:checking '/home/racecar/racecar_ws/install/racecar_neo/lib/pkgconfig/racecar_neo.pc'
[16.534s] Level 1:colcon.colcon_core.environment:checking '/home/racecar/racecar_ws/install/racecar_neo/lib/python3.10/site-packages'
[16.534s] Level 1:colcon.colcon_core.shell:create_environment_hook('racecar_neo', 'pythonpath')
[16.622s] INFO:colcon.colcon_core.shell:Creating environment hook '/home/racecar/racecar_ws/install/racecar_neo/share/racecar_neo/hook/pythonpath.ps1'
[16.624s] INFO:colcon.colcon_core.shell:Creating environment descriptor '/home/racecar/racecar_ws/install/racecar_neo/share/racecar_neo/hook/pythonpath.dsv'
[16.626s] INFO:colcon.colcon_core.shell:Creating environment hook '/home/racecar/racecar_ws/install/racecar_neo/share/racecar_neo/hook/pythonpath.sh'
[16.629s] Level 1:colcon.colcon_core.environment:checking '/home/racecar/racecar_ws/install/racecar_neo/bin'
[16.629s] Level 1:colcon.colcon_core.environment:create_environment_scripts_only(racecar_neo)
[16.711s] INFO:colcon.colcon_core.shell:Creating package script '/home/racecar/racecar_ws/install/racecar_neo/share/racecar_neo/package.ps1'
[16.716s] INFO:colcon.colcon_core.shell:Creating package descriptor '/home/racecar/racecar_ws/install/racecar_neo/share/racecar_neo/package.dsv'
[16.721s] INFO:colcon.colcon_core.shell:Creating package script '/home/racecar/racecar_ws/install/racecar_neo/share/racecar_neo/package.sh'
[16.728s] INFO:colcon.colcon_core.shell:Creating package script '/home/racecar/racecar_ws/install/racecar_neo/share/racecar_neo/package.bash'
[16.733s] INFO:colcon.colcon_core.shell:Creating package script '/home/racecar/racecar_ws/install/racecar_neo/share/racecar_neo/package.zsh'
[16.738s] Level 1:colcon.colcon_core.environment:create_file_with_runtime_dependencies(/home/racecar/racecar_ws/install/racecar_neo/share/colcon-core/packages/racecar_neo)
[16.740s] DEBUG:colcon.colcon_parallel_executor.executor.parallel:closing loop
[16.741s] DEBUG:colcon.colcon_parallel_executor.executor.parallel:loop closed
[16.742s] DEBUG:colcon.colcon_parallel_executor.executor.parallel:run_until_complete finished with '0'
[16.742s] DEBUG:colcon.colcon_core.event_reactor:joining thread
[16.857s] INFO:colcon.colcon_core.plugin_system:Skipping extension 'colcon_notification.desktop_notification.terminal_notifier': Not used on non-Darwin systems
[16.857s] INFO:colcon.colcon_core.plugin_system:Skipping extension 'colcon_notification.desktop_notification.win32': Not used on non-Windows systems
[16.857s] INFO:colcon.colcon_notification.desktop_notification:Sending desktop notification using 'notify2'
[16.977s] DEBUG:colcon.colcon_core.event_reactor:joined thread
[17.133s] INFO:colcon.colcon_core.shell:Creating prefix script '/home/racecar/racecar_ws/install/local_setup.ps1'
[17.138s] INFO:colcon.colcon_core.shell:Creating prefix util module '/home/racecar/racecar_ws/install/_local_setup_util_ps1.py'
[17.147s] INFO:colcon.colcon_core.shell:Creating prefix chain script '/home/racecar/racecar_ws/install/setup.ps1'
[17.267s] INFO:colcon.colcon_core.shell:Creating prefix script '/home/racecar/racecar_ws/install/local_setup.sh'
[17.271s] INFO:colcon.colcon_core.shell:Creating prefix util module '/home/racecar/racecar_ws/install/_local_setup_util_sh.py'
[17.274s] INFO:colcon.colcon_core.shell:Creating prefix chain script '/home/racecar/racecar_ws/install/setup.sh'
[17.358s] INFO:colcon.colcon_core.shell:Creating prefix script '/home/racecar/racecar_ws/install/local_setup.bash'
[17.362s] INFO:colcon.colcon_core.shell:Creating prefix chain script '/home/racecar/racecar_ws/install/setup.bash'
[17.446s] INFO:colcon.colcon_core.shell:Creating prefix script '/home/racecar/racecar_ws/install/local_setup.zsh'
[17.450s] INFO:colcon.colcon_core.shell:Creating prefix chain script '/home/racecar/racecar_ws/install/setup.zsh'
