[1.891s] Invoking command in '/home/racecar/racecar_ws/build/ydlidar': /usr/bin/cmake /home/racecar/racecar_ws/src/ydlidar -DCATKIN_INSTALL_INTO_PREFIX_ROOT=0 -DCATKIN_SYMLINK_INSTALL=ON -DCMAKE_INSTALL_PREFIX=/home/racecar/racecar_ws/install/ydlidar
[1.922s] [0mCMake Deprecation Warning at CMakeLists.txt:1 (cmake_minimum_required):
[1.923s]   Compatibility with CMake < 2.8.12 will be removed from a future version of
[1.923s]   CMake.
[1.923s] 
[1.924s]   Update the VERSION argument <min> value or use a ...<max> suffix to tell
[1.924s]   CMake that the project does not need compatibility with older versions.
[1.925s] 
[1.925s] [0m
[2.164s] -- The C compiler identification is GNU 11.4.0
[2.440s] -- The CXX compiler identification is GNU 11.4.0
[2.473s] -- Detecting C compiler ABI info
[2.784s] -- Detecting C compiler ABI info - done
[2.812s] -- Check for working C compiler: /usr/bin/cc - skipped
[2.813s] -- Detecting C compile features
[2.815s] -- Detecting C compile features - done
[2.829s] -- Detecting CXX compiler ABI info
[3.177s] -- Detecting CXX compiler ABI info - done
[3.207s] -- Check for working CXX compiler: /usr/bin/c++ - skipped
[3.208s] -- Detecting CXX compile features
[3.210s] -- Detecting CXX compile features - done
[3.382s] [31mCMake Error at CMakeLists.txt:6 (find_package):
[3.382s]   By not providing "Findcatkin.cmake" in CMAKE_MODULE_PATH this project has
[3.383s]   asked CMake to find a package configuration file provided by "catkin", but
[3.383s]   CMake did not find one.
[3.383s] 
[3.384s]   Could not find a package configuration file provided by "catkin" with any
[3.385s]   of the following names:
[3.388s] 
[3.389s]     catkinConfig.cmake
[3.391s]     catkin-config.cmake
[3.392s] 
[3.393s]   Add the installation prefix of "catkin" to CMAKE_PREFIX_PATH or set
[3.393s]   "catkin_DIR" to a directory containing one of the above files.  If "catkin"
[3.394s]   provides a separate development package or SDK, be sure it has been
[3.395s]   installed.
[3.395s] 
[3.396s] [0m
[3.396s] -- Configuring incomplete, errors occurred!
[3.397s] See also "/home/racecar/racecar_ws/build/ydlidar/CMakeFiles/CMakeOutput.log".
[3.399s] Invoked command in '/home/racecar/racecar_ws/build/ydlidar' returned '1': /usr/bin/cmake /home/racecar/racecar_ws/src/ydlidar -DCATKIN_INSTALL_INTO_PREFIX_ROOT=0 -DCATKIN_SYMLINK_INSTALL=ON -DCMAKE_INSTALL_PREFIX=/home/racecar/racecar_ws/install/ydlidar
