[4.294s] Invoking command in '/home/racecar/racecar_ws/build/racecar_neo': PYTHONPATH=/home/racecar/racecar_ws/build/racecar_neo/prefix_override:/home/racecar/racecar_ws/install/racecar_neo/lib/python3.10/site-packages:${PYTHONPATH} /usr/bin/python3 setup.py develop --editable --build-directory /home/racecar/racecar_ws/build/racecar_neo/build --no-deps install_data
[5.703s] running develop
[6.799s] running egg_info
[6.800s] writing racecar_neo.egg-info/PKG-INFO
[6.802s] writing dependency_links to racecar_neo.egg-info/dependency_links.txt
[6.803s] writing entry points to racecar_neo.egg-info/entry_points.txt
[6.804s] writing requirements to racecar_neo.egg-info/requires.txt
[6.805s] writing top-level names to racecar_neo.egg-info/top_level.txt
[6.814s] reading manifest file 'racecar_neo.egg-info/SOURCES.txt'
[6.818s] writing manifest file 'racecar_neo.egg-info/SOURCES.txt'
[6.824s] running build_ext
[6.824s] Creating /home/racecar/racecar_ws/install/racecar_neo/lib/python3.10/site-packages/racecar-neo.egg-link (link to .)
[6.828s] Installing gamepad script to /home/racecar/racecar_ws/install/racecar_neo/lib/racecar_neo
[6.828s] Installing imu script to /home/racecar/racecar_ws/install/racecar_neo/lib/racecar_neo
[6.829s] Installing mux script to /home/racecar/racecar_ws/install/racecar_neo/lib/racecar_neo
[6.830s] Installing pwm script to /home/racecar/racecar_ws/install/racecar_neo/lib/racecar_neo
[6.831s] Installing throttle script to /home/racecar/racecar_ws/install/racecar_neo/lib/racecar_neo
[6.832s] 
[6.832s] Installed /home/racecar/racecar_ws/build/racecar_neo
[6.833s] running install_data
[6.833s] copying launch/teleop.launch.py -> /home/racecar/racecar_ws/install/racecar_neo/share/racecar_neo
[6.995s] Invoked command in '/home/racecar/racecar_ws/build/racecar_neo' returned '0': PYTHONPATH=/home/racecar/racecar_ws/build/racecar_neo/prefix_override:/home/racecar/racecar_ws/install/racecar_neo/lib/python3.10/site-packages:${PYTHONPATH} /usr/bin/python3 setup.py develop --editable --build-directory /home/racecar/racecar_ws/build/racecar_neo/build --no-deps install_data
