[4.133s] Invoking command in '/home/racecar/racecar_ws/build/racecar_neo': PYTHONPATH=/home/racecar/racecar_ws/build/racecar_neo/prefix_override:/home/racecar/racecar_ws/install/racecar_neo/lib/python3.10/site-packages:${PYTHONPATH} /usr/bin/python3 setup.py develop --editable --build-directory /home/racecar/racecar_ws/build/racecar_neo/build --no-deps install_data
[5.499s] running develop
[6.567s] running egg_info
[6.568s] writing racecar_neo.egg-info/PKG-INFO
[6.569s] writing dependency_links to racecar_neo.egg-info/dependency_links.txt
[6.570s] writing entry points to racecar_neo.egg-info/entry_points.txt
[6.571s] writing requirements to racecar_neo.egg-info/requires.txt
[6.572s] writing top-level names to racecar_neo.egg-info/top_level.txt
[6.582s] reading manifest file 'racecar_neo.egg-info/SOURCES.txt'
[6.585s] writing manifest file 'racecar_neo.egg-info/SOURCES.txt'
[6.591s] running build_ext
[6.592s] Creating /home/racecar/racecar_ws/install/racecar_neo/lib/python3.10/site-packages/racecar-neo.egg-link (link to .)
[6.596s] Installing gamepad script to /home/racecar/racecar_ws/install/racecar_neo/lib/racecar_neo
[6.597s] Installing mux script to /home/racecar/racecar_ws/install/racecar_neo/lib/racecar_neo
[6.597s] Installing pwm script to /home/racecar/racecar_ws/install/racecar_neo/lib/racecar_neo
[6.598s] Installing throttle script to /home/racecar/racecar_ws/install/racecar_neo/lib/racecar_neo
[6.599s] 
[6.600s] Installed /home/racecar/racecar_ws/build/racecar_neo
[6.600s] running install_data
[6.779s] Invoked command in '/home/racecar/racecar_ws/build/racecar_neo' returned '0': PYTHONPATH=/home/racecar/racecar_ws/build/racecar_neo/prefix_override:/home/racecar/racecar_ws/install/racecar_neo/lib/python3.10/site-packages:${PYTHONPATH} /usr/bin/python3 setup.py develop --editable --build-directory /home/racecar/racecar_ws/build/racecar_neo/build --no-deps install_data
