running develop
running egg_info
creating racecar_neo.egg-info
writing racecar_neo.egg-info/PKG-INFO
writing dependency_links to racecar_neo.egg-info/dependency_links.txt
writing entry points to racecar_neo.egg-info/entry_points.txt
writing requirements to racecar_neo.egg-info/requires.txt
writing top-level names to racecar_neo.egg-info/top_level.txt
writing manifest file 'racecar_neo.egg-info/SOURCES.txt'
reading manifest file 'racecar_neo.egg-info/SOURCES.txt'
writing manifest file 'racecar_neo.egg-info/SOURCES.txt'
running build_ext
Creating /home/racecar/racecar_ws/install/racecar_neo/lib/python3.10/site-packages/racecar-neo.egg-link (link to .)
Installing gamepad script to /home/racecar/racecar_ws/install/racecar_neo/lib/racecar_neo
Installing mux script to /home/racecar/racecar_ws/install/racecar_neo/lib/racecar_neo
Installing pwm script to /home/racecar/racecar_ws/install/racecar_neo/lib/racecar_neo
Installing throttle script to /home/racecar/racecar_ws/install/racecar_neo/lib/racecar_neo

Installed /home/racecar/racecar_ws/build/racecar_neo
running install_data
creating /home/racecar/racecar_ws/install/racecar_neo/share/ament_index
creating /home/racecar/racecar_ws/install/racecar_neo/share/ament_index/resource_index
creating /home/racecar/racecar_ws/install/racecar_neo/share/ament_index/resource_index/packages
copying resource/racecar_neo -> /home/racecar/racecar_ws/install/racecar_neo/share/ament_index/resource_index/packages
copying package.xml -> /home/racecar/racecar_ws/install/racecar_neo/share/racecar_neo
copying launch/teleop.launch.py -> /home/racecar/racecar_ws/install/racecar_neo/share/racecar_neo
