[4.051s] Invoking command in '/home/racecar/racecar_ws/build/racecar_neo': PYTHONPATH=/home/racecar/racecar_ws/build/racecar_neo/prefix_override:/home/racecar/racecar_ws/install/racecar_neo/lib/python3.10/site-packages:${PYTHONPATH} /usr/bin/python3 setup.py develop --editable --build-directory /home/racecar/racecar_ws/build/racecar_neo/build --no-deps install_data
[5.420s] running develop
[6.482s] running egg_info
[6.482s] creating racecar_neo.egg-info
[6.483s] writing racecar_neo.egg-info/PKG-INFO
[6.483s] writing dependency_links to racecar_neo.egg-info/dependency_links.txt
[6.484s] writing entry points to racecar_neo.egg-info/entry_points.txt
[6.485s] writing requirements to racecar_neo.egg-info/requires.txt
[6.485s] writing top-level names to racecar_neo.egg-info/top_level.txt
[6.486s] writing manifest file 'racecar_neo.egg-info/SOURCES.txt'
[6.494s] reading manifest file 'racecar_neo.egg-info/SOURCES.txt'
[6.496s] writing manifest file 'racecar_neo.egg-info/SOURCES.txt'
[6.503s] running build_ext
[6.503s] Creating /home/racecar/racecar_ws/install/racecar_neo/lib/python3.10/site-packages/racecar-neo.egg-link (link to .)
[6.507s] Installing gamepad script to /home/racecar/racecar_ws/install/racecar_neo/lib/racecar_neo
[6.507s] Installing mux script to /home/racecar/racecar_ws/install/racecar_neo/lib/racecar_neo
[6.508s] Installing pwm script to /home/racecar/racecar_ws/install/racecar_neo/lib/racecar_neo
[6.509s] Installing throttle script to /home/racecar/racecar_ws/install/racecar_neo/lib/racecar_neo
[6.510s] 
[6.510s] Installed /home/racecar/racecar_ws/build/racecar_neo
[6.511s] running install_data
[6.512s] creating /home/racecar/racecar_ws/install/racecar_neo/share/ament_index
[6.512s] creating /home/racecar/racecar_ws/install/racecar_neo/share/ament_index/resource_index
[6.512s] creating /home/racecar/racecar_ws/install/racecar_neo/share/ament_index/resource_index/packages
[6.513s] copying resource/racecar_neo -> /home/racecar/racecar_ws/install/racecar_neo/share/ament_index/resource_index/packages
[6.513s] copying package.xml -> /home/racecar/racecar_ws/install/racecar_neo/share/racecar_neo
[6.514s] copying launch/teleop.launch.py -> /home/racecar/racecar_ws/install/racecar_neo/share/racecar_neo
[6.681s] Invoked command in '/home/racecar/racecar_ws/build/racecar_neo' returned '0': PYTHONPATH=/home/racecar/racecar_ws/build/racecar_neo/prefix_override:/home/racecar/racecar_ws/install/racecar_neo/lib/python3.10/site-packages:${PYTHONPATH} /usr/bin/python3 setup.py develop --editable --build-directory /home/racecar/racecar_ws/build/racecar_neo/build --no-deps install_data
