[29.187s] Invoking command in '/home/racecar/racecar_ws/src/racecar_neo': PYTHONPATH=/home/racecar/racecar_ws/build/racecar_neo/prefix_override:/home/racecar/racecar_ws/install/racecar_neo/lib/python3.10/site-packages:${PYTHONPATH} /usr/bin/python3 setup.py egg_info --egg-base ../../build/racecar_neo build --build-base /home/racecar/racecar_ws/build/racecar_neo/build install --record /home/racecar/racecar_ws/build/racecar_neo/install.log --single-version-externally-managed
[38.191s] running egg_info
[38.199s] creating ../../build/racecar_neo/racecar_neo.egg-info
[38.210s] writing ../../build/racecar_neo/racecar_neo.egg-info/PKG-INFO
[38.210s] writing dependency_links to ../../build/racecar_neo/racecar_neo.egg-info/dependency_links.txt
[38.217s] writing entry points to ../../build/racecar_neo/racecar_neo.egg-info/entry_points.txt
[38.218s] writing requirements to ../../build/racecar_neo/racecar_neo.egg-info/requires.txt
[38.233s] writing top-level names to ../../build/racecar_neo/racecar_neo.egg-info/top_level.txt
[38.234s] writing manifest file '../../build/racecar_neo/racecar_neo.egg-info/SOURCES.txt'
[38.234s] reading manifest file '../../build/racecar_neo/racecar_neo.egg-info/SOURCES.txt'
[38.235s] adding license file 'LICENSE'
[38.265s] writing manifest file '../../build/racecar_neo/racecar_neo.egg-info/SOURCES.txt'
[38.265s] running build
[38.266s] running build_py
[38.278s] creating /home/racecar/racecar_ws/build/racecar_neo/build
[38.279s] creating /home/racecar/racecar_ws/build/racecar_neo/build/lib
[38.282s] creating /home/racecar/racecar_ws/build/racecar_neo/build/lib/racecar_neo
[38.284s] copying racecar_neo/maestro.py -> /home/racecar/racecar_ws/build/racecar_neo/build/lib/racecar_neo
[38.321s] copying racecar_neo/camera.py -> /home/racecar/racecar_ws/build/racecar_neo/build/lib/racecar_neo
[38.323s] copying racecar_neo/imu.py -> /home/racecar/racecar_ws/build/racecar_neo/build/lib/racecar_neo
[38.325s] copying racecar_neo/gamepad.py -> /home/racecar/racecar_ws/build/racecar_neo/build/lib/racecar_neo
[38.329s] copying racecar_neo/mux.py -> /home/racecar/racecar_ws/build/racecar_neo/build/lib/racecar_neo
[38.332s] copying racecar_neo/decode_camera.py -> /home/racecar/racecar_ws/build/racecar_neo/build/lib/racecar_neo
[38.337s] copying racecar_neo/__init__.py -> /home/racecar/racecar_ws/build/racecar_neo/build/lib/racecar_neo
[38.339s] copying racecar_neo/throttle.py -> /home/racecar/racecar_ws/build/racecar_neo/build/lib/racecar_neo
[38.340s] copying racecar_neo/pwm.py -> /home/racecar/racecar_ws/build/racecar_neo/build/lib/racecar_neo
[38.342s] running install
[38.343s] running install_lib
[38.347s] creating /home/racecar/racecar_ws/install/racecar_neo/lib/python3.10/site-packages/racecar_neo
[38.348s] copying /home/racecar/racecar_ws/build/racecar_neo/build/lib/racecar_neo/maestro.py -> /home/racecar/racecar_ws/install/racecar_neo/lib/python3.10/site-packages/racecar_neo
[38.355s] copying /home/racecar/racecar_ws/build/racecar_neo/build/lib/racecar_neo/camera.py -> /home/racecar/racecar_ws/install/racecar_neo/lib/python3.10/site-packages/racecar_neo
[38.359s] copying /home/racecar/racecar_ws/build/racecar_neo/build/lib/racecar_neo/imu.py -> /home/racecar/racecar_ws/install/racecar_neo/lib/python3.10/site-packages/racecar_neo
[38.360s] copying /home/racecar/racecar_ws/build/racecar_neo/build/lib/racecar_neo/gamepad.py -> /home/racecar/racecar_ws/install/racecar_neo/lib/python3.10/site-packages/racecar_neo
[38.367s] copying /home/racecar/racecar_ws/build/racecar_neo/build/lib/racecar_neo/mux.py -> /home/racecar/racecar_ws/install/racecar_neo/lib/python3.10/site-packages/racecar_neo
[38.369s] copying /home/racecar/racecar_ws/build/racecar_neo/build/lib/racecar_neo/decode_camera.py -> /home/racecar/racecar_ws/install/racecar_neo/lib/python3.10/site-packages/racecar_neo
[38.374s] copying /home/racecar/racecar_ws/build/racecar_neo/build/lib/racecar_neo/__init__.py -> /home/racecar/racecar_ws/install/racecar_neo/lib/python3.10/site-packages/racecar_neo
[38.378s] copying /home/racecar/racecar_ws/build/racecar_neo/build/lib/racecar_neo/throttle.py -> /home/racecar/racecar_ws/install/racecar_neo/lib/python3.10/site-packages/racecar_neo
[38.380s] copying /home/racecar/racecar_ws/build/racecar_neo/build/lib/racecar_neo/pwm.py -> /home/racecar/racecar_ws/install/racecar_neo/lib/python3.10/site-packages/racecar_neo
[38.436s] byte-compiling /home/racecar/racecar_ws/install/racecar_neo/lib/python3.10/site-packages/racecar_neo/maestro.py to maestro.cpython-310.pyc
[38.448s] byte-compiling /home/racecar/racecar_ws/install/racecar_neo/lib/python3.10/site-packages/racecar_neo/camera.py to camera.cpython-310.pyc
[38.458s] byte-compiling /home/racecar/racecar_ws/install/racecar_neo/lib/python3.10/site-packages/racecar_neo/imu.py to imu.cpython-310.pyc
[38.468s] byte-compiling /home/racecar/racecar_ws/install/racecar_neo/lib/python3.10/site-packages/racecar_neo/gamepad.py to gamepad.cpython-310.pyc
[38.475s] byte-compiling /home/racecar/racecar_ws/install/racecar_neo/lib/python3.10/site-packages/racecar_neo/mux.py to mux.cpython-310.pyc
[38.485s] byte-compiling /home/racecar/racecar_ws/install/racecar_neo/lib/python3.10/site-packages/racecar_neo/decode_camera.py to decode_camera.cpython-310.pyc
[38.526s] byte-compiling /home/racecar/racecar_ws/install/racecar_neo/lib/python3.10/site-packages/racecar_neo/__init__.py to __init__.cpython-310.pyc
[38.529s] byte-compiling /home/racecar/racecar_ws/install/racecar_neo/lib/python3.10/site-packages/racecar_neo/throttle.py to throttle.cpython-310.pyc
[38.533s] byte-compiling /home/racecar/racecar_ws/install/racecar_neo/lib/python3.10/site-packages/racecar_neo/pwm.py to pwm.cpython-310.pyc
[38.582s] running install_data
[38.589s] creating /home/racecar/racecar_ws/install/racecar_neo/share/ament_index
[38.622s] creating /home/racecar/racecar_ws/install/racecar_neo/share/ament_index/resource_index
[38.625s] creating /home/racecar/racecar_ws/install/racecar_neo/share/ament_index/resource_index/packages
[38.627s] copying resource/racecar_neo -> /home/racecar/racecar_ws/install/racecar_neo/share/ament_index/resource_index/packages
[38.629s] copying package.xml -> /home/racecar/racecar_ws/install/racecar_neo/share/racecar_neo
[38.631s] copying launch/teleop.launch.py -> /home/racecar/racecar_ws/install/racecar_neo/share/racecar_neo
[38.632s] running install_egg_info
[38.685s] Copying ../../build/racecar_neo/racecar_neo.egg-info to /home/racecar/racecar_ws/install/racecar_neo/lib/python3.10/site-packages/racecar_neo-1.0.0-py3.10.egg-info
[38.733s] running install_scripts
[39.047s] Installing camera script to /home/racecar/racecar_ws/install/racecar_neo/lib/racecar_neo
[39.048s] Installing decode_camera = racecar_neo.decode_camera:mainimu script to /home/racecar/racecar_ws/install/racecar_neo/lib/racecar_neo
[39.049s] Installing gamepad script to /home/racecar/racecar_ws/install/racecar_neo/lib/racecar_neo
[39.050s] Installing mux script to /home/racecar/racecar_ws/install/racecar_neo/lib/racecar_neo
[39.050s] Installing pwm script to /home/racecar/racecar_ws/install/racecar_neo/lib/racecar_neo
[39.052s] Installing throttle script to /home/racecar/racecar_ws/install/racecar_neo/lib/racecar_neo
[39.054s] writing list of installed files to '/home/racecar/racecar_ws/build/racecar_neo/install.log'
[39.760s] Invoked command in '/home/racecar/racecar_ws/src/racecar_neo' returned '0': PYTHONPATH=/home/racecar/racecar_ws/build/racecar_neo/prefix_override:/home/racecar/racecar_ws/install/racecar_neo/lib/python3.10/site-packages:${PYTHONPATH} /usr/bin/python3 setup.py egg_info --egg-base ../../build/racecar_neo build --build-base /home/racecar/racecar_ws/build/racecar_neo/build install --record /home/racecar/racecar_ws/build/racecar_neo/install.log --single-version-externally-managed
