[5.687s] DEBUG:colcon:Command line arguments: ['/usr/bin/colcon', 'build', '--symlink-install', '--packages-select', 'racecar_neo']
[5.688s] DEBUG:colcon:Parsed command line arguments: Namespace(log_base=None, log_level=None, verb_name='build', build_base='build', install_base='install', merge_install=False, symlink_install=True, test_result_base=None, continue_on_error=False, executor='parallel', parallel_workers=4, event_handlers=None, ignore_user_meta=False, metas=['./colcon.meta'], base_paths=['.'], packages_ignore=None, packages_ignore_regex=None, paths=None, packages_up_to=None, packages_up_to_regex=None, packages_above=None, packages_above_and_dependencies=None, packages_above_depth=None, packages_select_by_dep=None, packages_skip_by_dep=None, packages_skip_up_to=None, packages_select_build_failed=False, packages_skip_build_finished=False, packages_select_test_failures=False, packages_skip_test_passed=False, packages_select=['racecar_neo'], packages_skip=None, packages_select_regex=None, packages_skip_regex=None, packages_start=None, packages_end=None, allow_overriding=[], cmake_args=None, cmake_target=None, cmake_target_skip_unavailable=False, cmake_clean_cache=False, cmake_clean_first=False, cmake_force_configure=False, ament_cmake_args=None, catkin_cmake_args=None, catkin_skip_building_tests=False, verb_parser=<colcon_defaults.argument_parser.defaults.DefaultArgumentsDecorator object at 0xffff89caf220>, verb_extension=<colcon_core.verb.build.BuildVerb object at 0xffff8a0fc460>, main=<bound method BuildVerb.main of <colcon_core.verb.build.BuildVerb object at 0xffff8a0fc460>>)
[5.925s] Level 1:colcon.colcon_core.package_discovery:discover_packages(colcon_meta) check parameters
[5.925s] Level 1:colcon.colcon_core.package_discovery:discover_packages(recursive) check parameters
[5.925s] Level 1:colcon.colcon_core.package_discovery:discover_packages(ignore) check parameters
[5.925s] Level 1:colcon.colcon_core.package_discovery:discover_packages(path) check parameters
[5.926s] Level 1:colcon.colcon_core.package_discovery:discover_packages(colcon_meta) discover
[5.926s] Level 1:colcon.colcon_core.package_discovery:discover_packages(recursive) discover
[5.926s] INFO:colcon.colcon_core.package_discovery:Crawling recursively for packages in '/home/racecar/racecar_ws'
[5.926s] Level 1:colcon.colcon_core.package_identification:_identify(.) by extensions ['ignore', 'ignore_ament_install']
[5.927s] Level 1:colcon.colcon_core.package_identification:_identify(.) by extension 'ignore'
[5.927s] Level 1:colcon.colcon_core.package_identification:_identify(.) by extension 'ignore_ament_install'
[5.927s] Level 1:colcon.colcon_core.package_identification:_identify(.) by extensions ['colcon_pkg']
[5.927s] Level 1:colcon.colcon_core.package_identification:_identify(.) by extension 'colcon_pkg'
[5.927s] Level 1:colcon.colcon_core.package_identification:_identify(.) by extensions ['colcon_meta']
[5.928s] Level 1:colcon.colcon_core.package_identification:_identify(.) by extension 'colcon_meta'
[5.928s] Level 1:colcon.colcon_core.package_identification:_identify(.) by extensions ['ros']
[5.928s] Level 1:colcon.colcon_core.package_identification:_identify(.) by extension 'ros'
[5.974s] Level 1:colcon.colcon_core.package_identification:_identify(.) by extensions ['cmake', 'python']
[5.975s] Level 1:colcon.colcon_core.package_identification:_identify(.) by extension 'cmake'
[5.975s] Level 1:colcon.colcon_core.package_identification:_identify(.) by extension 'python'
[5.975s] Level 1:colcon.colcon_core.package_identification:_identify(.) by extensions ['python_setup_py']
[5.975s] Level 1:colcon.colcon_core.package_identification:_identify(.) by extension 'python_setup_py'
[5.976s] Level 1:colcon.colcon_core.package_identification:_identify(build) by extensions ['ignore', 'ignore_ament_install']
[5.976s] Level 1:colcon.colcon_core.package_identification:_identify(build) by extension 'ignore'
[5.976s] Level 1:colcon.colcon_core.package_identification:_identify(build) ignored
[5.977s] Level 1:colcon.colcon_core.package_identification:_identify(install) by extensions ['ignore', 'ignore_ament_install']
[5.977s] Level 1:colcon.colcon_core.package_identification:_identify(install) by extension 'ignore'
[5.977s] Level 1:colcon.colcon_core.package_identification:_identify(install) ignored
[5.978s] Level 1:colcon.colcon_core.package_identification:_identify(log) by extensions ['ignore', 'ignore_ament_install']
[5.978s] Level 1:colcon.colcon_core.package_identification:_identify(log) by extension 'ignore'
[5.979s] Level 1:colcon.colcon_core.package_identification:_identify(log) ignored
[5.979s] Level 1:colcon.colcon_core.package_identification:_identify(src) by extensions ['ignore', 'ignore_ament_install']
[5.979s] Level 1:colcon.colcon_core.package_identification:_identify(src) by extension 'ignore'
[5.979s] Level 1:colcon.colcon_core.package_identification:_identify(src) by extension 'ignore_ament_install'
[5.980s] Level 1:colcon.colcon_core.package_identification:_identify(src) by extensions ['colcon_pkg']
[5.980s] Level 1:colcon.colcon_core.package_identification:_identify(src) by extension 'colcon_pkg'
[5.980s] Level 1:colcon.colcon_core.package_identification:_identify(src) by extensions ['colcon_meta']
[5.980s] Level 1:colcon.colcon_core.package_identification:_identify(src) by extension 'colcon_meta'
[5.980s] Level 1:colcon.colcon_core.package_identification:_identify(src) by extensions ['ros']
[5.980s] Level 1:colcon.colcon_core.package_identification:_identify(src) by extension 'ros'
[5.981s] Level 1:colcon.colcon_core.package_identification:_identify(src) by extensions ['cmake', 'python']
[5.981s] Level 1:colcon.colcon_core.package_identification:_identify(src) by extension 'cmake'
[5.981s] Level 1:colcon.colcon_core.package_identification:_identify(src) by extension 'python'
[5.981s] Level 1:colcon.colcon_core.package_identification:_identify(src) by extensions ['python_setup_py']
[5.981s] Level 1:colcon.colcon_core.package_identification:_identify(src) by extension 'python_setup_py'
[5.982s] Level 1:colcon.colcon_core.package_identification:_identify(src/racecar_neo) by extensions ['ignore', 'ignore_ament_install']
[5.982s] Level 1:colcon.colcon_core.package_identification:_identify(src/racecar_neo) by extension 'ignore'
[5.982s] Level 1:colcon.colcon_core.package_identification:_identify(src/racecar_neo) by extension 'ignore_ament_install'
[5.982s] Level 1:colcon.colcon_core.package_identification:_identify(src/racecar_neo) by extensions ['colcon_pkg']
[5.982s] Level 1:colcon.colcon_core.package_identification:_identify(src/racecar_neo) by extension 'colcon_pkg'
[5.983s] Level 1:colcon.colcon_core.package_identification:_identify(src/racecar_neo) by extensions ['colcon_meta']
[5.983s] Level 1:colcon.colcon_core.package_identification:_identify(src/racecar_neo) by extension 'colcon_meta'
[5.983s] Level 1:colcon.colcon_core.package_identification:_identify(src/racecar_neo) by extensions ['ros']
[5.983s] Level 1:colcon.colcon_core.package_identification:_identify(src/racecar_neo) by extension 'ros'
[5.992s] DEBUG:colcon.colcon_core.package_identification:Package 'src/racecar_neo' with type 'ros.ament_python' and name 'racecar_neo'
[5.993s] Level 1:colcon.colcon_core.package_identification:_identify(src/test_files) by extensions ['ignore', 'ignore_ament_install']
[5.993s] Level 1:colcon.colcon_core.package_identification:_identify(src/test_files) by extension 'ignore'
[5.994s] Level 1:colcon.colcon_core.package_identification:_identify(src/test_files) by extension 'ignore_ament_install'
[5.994s] Level 1:colcon.colcon_core.package_identification:_identify(src/test_files) by extensions ['colcon_pkg']
[5.994s] Level 1:colcon.colcon_core.package_identification:_identify(src/test_files) by extension 'colcon_pkg'
[5.994s] Level 1:colcon.colcon_core.package_identification:_identify(src/test_files) by extensions ['colcon_meta']
[5.994s] Level 1:colcon.colcon_core.package_identification:_identify(src/test_files) by extension 'colcon_meta'
[5.994s] Level 1:colcon.colcon_core.package_identification:_identify(src/test_files) by extensions ['ros']
[5.995s] Level 1:colcon.colcon_core.package_identification:_identify(src/test_files) by extension 'ros'
[5.995s] Level 1:colcon.colcon_core.package_identification:_identify(src/test_files) by extensions ['cmake', 'python']
[5.995s] Level 1:colcon.colcon_core.package_identification:_identify(src/test_files) by extension 'cmake'
[5.995s] Level 1:colcon.colcon_core.package_identification:_identify(src/test_files) by extension 'python'
[5.995s] Level 1:colcon.colcon_core.package_identification:_identify(src/test_files) by extensions ['python_setup_py']
[5.995s] Level 1:colcon.colcon_core.package_identification:_identify(src/test_files) by extension 'python_setup_py'
[5.996s] Level 1:colcon.colcon_core.package_identification:_identify(src/test_files/coral) by extensions ['ignore', 'ignore_ament_install']
[5.996s] Level 1:colcon.colcon_core.package_identification:_identify(src/test_files/coral) by extension 'ignore'
[5.997s] Level 1:colcon.colcon_core.package_identification:_identify(src/test_files/coral) by extension 'ignore_ament_install'
[5.997s] Level 1:colcon.colcon_core.package_identification:_identify(src/test_files/coral) by extensions ['colcon_pkg']
[5.997s] Level 1:colcon.colcon_core.package_identification:_identify(src/test_files/coral) by extension 'colcon_pkg'
[5.997s] Level 1:colcon.colcon_core.package_identification:_identify(src/test_files/coral) by extensions ['colcon_meta']
[5.997s] Level 1:colcon.colcon_core.package_identification:_identify(src/test_files/coral) by extension 'colcon_meta'
[5.997s] Level 1:colcon.colcon_core.package_identification:_identify(src/test_files/coral) by extensions ['ros']
[5.997s] Level 1:colcon.colcon_core.package_identification:_identify(src/test_files/coral) by extension 'ros'
[5.998s] Level 1:colcon.colcon_core.package_identification:_identify(src/test_files/coral) by extensions ['cmake', 'python']
[5.998s] Level 1:colcon.colcon_core.package_identification:_identify(src/test_files/coral) by extension 'cmake'
[5.998s] Level 1:colcon.colcon_core.package_identification:_identify(src/test_files/coral) by extension 'python'
[5.998s] Level 1:colcon.colcon_core.package_identification:_identify(src/test_files/coral) by extensions ['python_setup_py']
[5.998s] Level 1:colcon.colcon_core.package_identification:_identify(src/test_files/coral) by extension 'python_setup_py'
[5.999s] Level 1:colcon.colcon_core.package_identification:_identify(src/test_files/coral/pycoral) by extensions ['ignore', 'ignore_ament_install']
[5.999s] Level 1:colcon.colcon_core.package_identification:_identify(src/test_files/coral/pycoral) by extension 'ignore'
[5.999s] Level 1:colcon.colcon_core.package_identification:_identify(src/test_files/coral/pycoral) by extension 'ignore_ament_install'
[6.000s] Level 1:colcon.colcon_core.package_identification:_identify(src/test_files/coral/pycoral) by extensions ['colcon_pkg']
[6.000s] Level 1:colcon.colcon_core.package_identification:_identify(src/test_files/coral/pycoral) by extension 'colcon_pkg'
[6.000s] Level 1:colcon.colcon_core.package_identification:_identify(src/test_files/coral/pycoral) by extensions ['colcon_meta']
[6.000s] Level 1:colcon.colcon_core.package_identification:_identify(src/test_files/coral/pycoral) by extension 'colcon_meta'
[6.000s] Level 1:colcon.colcon_core.package_identification:_identify(src/test_files/coral/pycoral) by extensions ['ros']
[6.000s] Level 1:colcon.colcon_core.package_identification:_identify(src/test_files/coral/pycoral) by extension 'ros'
[6.001s] Level 1:colcon.colcon_core.package_identification:_identify(src/test_files/coral/pycoral) by extensions ['cmake', 'python']
[6.001s] Level 1:colcon.colcon_core.package_identification:_identify(src/test_files/coral/pycoral) by extension 'cmake'
[6.001s] Level 1:colcon.colcon_core.package_identification:_identify(src/test_files/coral/pycoral) by extension 'python'
[6.001s] Level 1:colcon.colcon_core.package_identification:_identify(src/test_files/coral/pycoral) by extensions ['python_setup_py']
[6.001s] Level 1:colcon.colcon_core.package_identification:_identify(src/test_files/coral/pycoral) by extension 'python_setup_py'
[7.407s] DEBUG:colcon.colcon_core.package_identification:Package 'src/test_files/coral/pycoral' with type 'python' and name 'pycoral'
[7.408s] Level 1:colcon.colcon_core.package_identification:_identify(src/ydlidar) by extensions ['ignore', 'ignore_ament_install']
[7.409s] Level 1:colcon.colcon_core.package_identification:_identify(src/ydlidar) by extension 'ignore'
[7.409s] Level 1:colcon.colcon_core.package_identification:_identify(src/ydlidar) by extension 'ignore_ament_install'
[7.409s] Level 1:colcon.colcon_core.package_identification:_identify(src/ydlidar) by extensions ['colcon_pkg']
[7.409s] Level 1:colcon.colcon_core.package_identification:_identify(src/ydlidar) by extension 'colcon_pkg'
[7.409s] Level 1:colcon.colcon_core.package_identification:_identify(src/ydlidar) by extensions ['colcon_meta']
[7.409s] Level 1:colcon.colcon_core.package_identification:_identify(src/ydlidar) by extension 'colcon_meta'
[7.410s] Level 1:colcon.colcon_core.package_identification:_identify(src/ydlidar) by extensions ['ros']
[7.410s] Level 1:colcon.colcon_core.package_identification:_identify(src/ydlidar) by extension 'ros'
[7.412s] DEBUG:colcon.colcon_core.package_identification:Package 'src/ydlidar' with type 'ros.ament_cmake' and name 'ydlidar_ros2_driver'
[7.412s] Level 1:colcon.colcon_core.package_discovery:discover_packages(recursive) using defaults
[7.413s] Level 1:colcon.colcon_core.package_discovery:discover_packages(ignore) discover
[7.413s] Level 1:colcon.colcon_core.package_discovery:discover_packages(ignore) using defaults
[7.413s] Level 1:colcon.colcon_core.package_discovery:discover_packages(path) discover
[7.413s] Level 1:colcon.colcon_core.package_discovery:discover_packages(path) using defaults
[7.740s] INFO:colcon.colcon_core.package_selection:Skipping not selected package 'pycoral' in 'src/test_files/coral/pycoral'
[7.740s] INFO:colcon.colcon_core.package_selection:Skipping not selected package 'ydlidar_ros2_driver' in 'src/ydlidar'
[7.902s] Level 1:colcon.colcon_core.package_discovery:discover_packages(prefix_path) check parameters
[7.902s] Level 1:colcon.colcon_core.package_discovery:discover_packages(prefix_path) discover
[8.113s] DEBUG:colcon.colcon_installed_package_information.package_discovery:Found 2 installed packages in /home/racecar/racecar_ws/install
[8.203s] DEBUG:colcon.colcon_installed_package_information.package_discovery:Found 282 installed packages in /opt/ros/iron
[8.209s] Level 1:colcon.colcon_core.package_discovery:discover_packages(prefix_path) using defaults
[8.614s] Level 5:colcon.colcon_core.verb:set package 'racecar_neo' build argument 'cmake_args' from command line to 'None'
[8.614s] Level 5:colcon.colcon_core.verb:set package 'racecar_neo' build argument 'cmake_target' from command line to 'None'
[8.614s] Level 5:colcon.colcon_core.verb:set package 'racecar_neo' build argument 'cmake_target_skip_unavailable' from command line to 'False'
[8.614s] Level 5:colcon.colcon_core.verb:set package 'racecar_neo' build argument 'cmake_clean_cache' from command line to 'False'
[8.614s] Level 5:colcon.colcon_core.verb:set package 'racecar_neo' build argument 'cmake_clean_first' from command line to 'False'
[8.614s] Level 5:colcon.colcon_core.verb:set package 'racecar_neo' build argument 'cmake_force_configure' from command line to 'False'
[8.614s] Level 5:colcon.colcon_core.verb:set package 'racecar_neo' build argument 'ament_cmake_args' from command line to 'None'
[8.615s] Level 5:colcon.colcon_core.verb:set package 'racecar_neo' build argument 'catkin_cmake_args' from command line to 'None'
[8.615s] Level 5:colcon.colcon_core.verb:set package 'racecar_neo' build argument 'catkin_skip_building_tests' from command line to 'False'
[8.615s] DEBUG:colcon.colcon_core.verb:Building package 'racecar_neo' with the following arguments: {'ament_cmake_args': None, 'build_base': '/home/racecar/racecar_ws/build/racecar_neo', 'catkin_cmake_args': None, 'catkin_skip_building_tests': False, 'cmake_args': None, 'cmake_clean_cache': False, 'cmake_clean_first': False, 'cmake_force_configure': False, 'cmake_target': None, 'cmake_target_skip_unavailable': False, 'install_base': '/home/racecar/racecar_ws/install/racecar_neo', 'merge_install': False, 'path': '/home/racecar/racecar_ws/src/racecar_neo', 'symlink_install': True, 'test_result_base': None}
[8.696s] INFO:colcon.colcon_core.executor:Executing jobs using 'parallel' executor
[8.782s] DEBUG:colcon.colcon_parallel_executor.executor.parallel:run_until_complete
[8.783s] INFO:colcon.colcon_ros.task.ament_python.build:Building ROS package in '/home/racecar/racecar_ws/src/racecar_neo' with build type 'ament_python'
[8.783s] Level 1:colcon.colcon_core.shell:create_environment_hook('racecar_neo', 'ament_prefix_path')
[8.875s] INFO:colcon.colcon_core.plugin_system:Skipping extension 'colcon_core.shell.bat': Not used on non-Windows systems
[8.876s] INFO:colcon.colcon_core.shell:Creating environment hook '/home/racecar/racecar_ws/install/racecar_neo/share/racecar_neo/hook/ament_prefix_path.ps1'
[8.879s] INFO:colcon.colcon_core.shell:Creating environment descriptor '/home/racecar/racecar_ws/install/racecar_neo/share/racecar_neo/hook/ament_prefix_path.dsv'
[8.881s] INFO:colcon.colcon_core.shell:Creating environment hook '/home/racecar/racecar_ws/install/racecar_neo/share/racecar_neo/hook/ament_prefix_path.sh'
[8.967s] INFO:colcon.colcon_core.shell:Skip shell extension 'powershell' for command environment: Not usable outside of PowerShell
[8.967s] DEBUG:colcon.colcon_core.shell:Skip shell extension 'dsv' for command environment
[10.681s] INFO:colcon.colcon_core.task.python.build:Building Python package in '/home/racecar/racecar_ws/src/racecar_neo'
[10.769s] INFO:colcon.colcon_core.shell:Skip shell extension 'powershell' for command environment: Not usable outside of PowerShell
[10.769s] DEBUG:colcon.colcon_core.shell:Skip shell extension 'dsv' for command environment
[12.893s] DEBUG:colcon.colcon_core.event_handler.log_command:Invoking command in '/home/racecar/racecar_ws/build/racecar_neo': PYTHONPATH=/home/racecar/racecar_ws/build/racecar_neo/prefix_override:/home/racecar/racecar_ws/install/racecar_neo/lib/python3.10/site-packages:${PYTHONPATH} /usr/bin/python3 setup.py develop --editable --build-directory /home/racecar/racecar_ws/build/racecar_neo/build --no-deps install_data
[15.581s] Level 1:colcon.colcon_core.shell:create_environment_hook('racecar_neo', 'pythonpath_develop')
[15.583s] DEBUG:colcon.colcon_core.event_handler.log_command:Invoked command in '/home/racecar/racecar_ws/build/racecar_neo' returned '0': PYTHONPATH=/home/racecar/racecar_ws/build/racecar_neo/prefix_override:/home/racecar/racecar_ws/install/racecar_neo/lib/python3.10/site-packages:${PYTHONPATH} /usr/bin/python3 setup.py develop --editable --build-directory /home/racecar/racecar_ws/build/racecar_neo/build --no-deps install_data
[15.667s] INFO:colcon.colcon_core.shell:Creating environment hook '/home/racecar/racecar_ws/build/racecar_neo/share/racecar_neo/hook/pythonpath_develop.ps1'
[15.669s] INFO:colcon.colcon_core.shell:Creating environment descriptor '/home/racecar/racecar_ws/build/racecar_neo/share/racecar_neo/hook/pythonpath_develop.dsv'
[15.671s] INFO:colcon.colcon_core.shell:Creating environment hook '/home/racecar/racecar_ws/build/racecar_neo/share/racecar_neo/hook/pythonpath_develop.sh'
[15.766s] Level 1:colcon.colcon_core.environment:checking '/home/racecar/racecar_ws/install/racecar_neo' for CMake module files
[15.769s] Level 1:colcon.colcon_core.environment:checking '/home/racecar/racecar_ws/install/racecar_neo' for CMake config files
[15.772s] Level 1:colcon.colcon_core.environment:checking '/home/racecar/racecar_ws/install/racecar_neo/lib'
[15.773s] Level 1:colcon.colcon_core.environment:checking '/home/racecar/racecar_ws/install/racecar_neo/bin'
[15.773s] Level 1:colcon.colcon_core.environment:checking '/home/racecar/racecar_ws/install/racecar_neo/lib/pkgconfig/racecar_neo.pc'
[15.774s] Level 1:colcon.colcon_core.environment:checking '/home/racecar/racecar_ws/install/racecar_neo/lib/python3.10/site-packages'
[15.774s] Level 1:colcon.colcon_core.shell:create_environment_hook('racecar_neo', 'pythonpath')
[15.859s] INFO:colcon.colcon_core.shell:Creating environment hook '/home/racecar/racecar_ws/install/racecar_neo/share/racecar_neo/hook/pythonpath.ps1'
[15.880s] INFO:colcon.colcon_core.shell:Creating environment descriptor '/home/racecar/racecar_ws/install/racecar_neo/share/racecar_neo/hook/pythonpath.dsv'
[15.883s] INFO:colcon.colcon_core.shell:Creating environment hook '/home/racecar/racecar_ws/install/racecar_neo/share/racecar_neo/hook/pythonpath.sh'
[15.887s] Level 1:colcon.colcon_core.environment:checking '/home/racecar/racecar_ws/install/racecar_neo/bin'
[15.887s] Level 1:colcon.colcon_core.environment:create_environment_scripts_only(racecar_neo)
[15.976s] INFO:colcon.colcon_core.shell:Creating package script '/home/racecar/racecar_ws/install/racecar_neo/share/racecar_neo/package.ps1'
[15.979s] INFO:colcon.colcon_core.shell:Creating package descriptor '/home/racecar/racecar_ws/install/racecar_neo/share/racecar_neo/package.dsv'
[15.982s] INFO:colcon.colcon_core.shell:Creating package script '/home/racecar/racecar_ws/install/racecar_neo/share/racecar_neo/package.sh'
[15.986s] INFO:colcon.colcon_core.shell:Creating package script '/home/racecar/racecar_ws/install/racecar_neo/share/racecar_neo/package.bash'
[15.989s] INFO:colcon.colcon_core.shell:Creating package script '/home/racecar/racecar_ws/install/racecar_neo/share/racecar_neo/package.zsh'
[15.992s] Level 1:colcon.colcon_core.environment:create_file_with_runtime_dependencies(/home/racecar/racecar_ws/install/racecar_neo/share/colcon-core/packages/racecar_neo)
[15.993s] DEBUG:colcon.colcon_parallel_executor.executor.parallel:closing loop
[15.994s] DEBUG:colcon.colcon_parallel_executor.executor.parallel:loop closed
[15.995s] DEBUG:colcon.colcon_parallel_executor.executor.parallel:run_until_complete finished with '0'
[15.995s] DEBUG:colcon.colcon_core.event_reactor:joining thread
[16.101s] INFO:colcon.colcon_core.plugin_system:Skipping extension 'colcon_notification.desktop_notification.terminal_notifier': Not used on non-Darwin systems
[16.101s] INFO:colcon.colcon_core.plugin_system:Skipping extension 'colcon_notification.desktop_notification.win32': Not used on non-Windows systems
[16.101s] INFO:colcon.colcon_notification.desktop_notification:Sending desktop notification using 'notify2'
[16.102s] DEBUG:colcon.colcon_notification.desktop_notification.notify2:Failed to initialize notify2: org.freedesktop.DBus.Error.NotSupported: Unable to autolaunch a dbus-daemon without a $DISPLAY for X11
[16.102s] DEBUG:colcon.colcon_core.event_reactor:joined thread
[16.186s] INFO:colcon.colcon_core.shell:Creating prefix script '/home/racecar/racecar_ws/install/local_setup.ps1'
[16.189s] INFO:colcon.colcon_core.shell:Creating prefix util module '/home/racecar/racecar_ws/install/_local_setup_util_ps1.py'
[16.194s] INFO:colcon.colcon_core.shell:Creating prefix chain script '/home/racecar/racecar_ws/install/setup.ps1'
[16.280s] INFO:colcon.colcon_core.shell:Creating prefix script '/home/racecar/racecar_ws/install/local_setup.sh'
[16.282s] INFO:colcon.colcon_core.shell:Creating prefix util module '/home/racecar/racecar_ws/install/_local_setup_util_sh.py'
[16.284s] INFO:colcon.colcon_core.shell:Creating prefix chain script '/home/racecar/racecar_ws/install/setup.sh'
[16.372s] INFO:colcon.colcon_core.shell:Creating prefix script '/home/racecar/racecar_ws/install/local_setup.bash'
[16.374s] INFO:colcon.colcon_core.shell:Creating prefix chain script '/home/racecar/racecar_ws/install/setup.bash'
[16.459s] INFO:colcon.colcon_core.shell:Creating prefix script '/home/racecar/racecar_ws/install/local_setup.zsh'
[16.461s] INFO:colcon.colcon_core.shell:Creating prefix chain script '/home/racecar/racecar_ws/install/setup.zsh'
