[4.597s] Invoking command in '/home/racecar/racecar_ws/build/racecar_neo': PYTHONPATH=/home/racecar/racecar_ws/build/racecar_neo/prefix_override:/home/racecar/racecar_ws/install/racecar_neo/lib/python3.10/site-packages:${PYTHONPATH} /usr/bin/python3 setup.py develop --editable --build-directory /home/racecar/racecar_ws/build/racecar_neo/build --no-deps install_data
[6.072s] running develop
[7.240s] running egg_info
[7.240s] writing racecar_neo.egg-info/PKG-INFO
[7.241s] writing dependency_links to racecar_neo.egg-info/dependency_links.txt
[7.242s] writing entry points to racecar_neo.egg-info/entry_points.txt
[7.243s] writing requirements to racecar_neo.egg-info/requires.txt
[7.244s] writing top-level names to racecar_neo.egg-info/top_level.txt
[7.253s] reading manifest file 'racecar_neo.egg-info/SOURCES.txt'
[7.258s] writing manifest file 'racecar_neo.egg-info/SOURCES.txt'
[7.264s] running build_ext
[7.265s] Creating /home/racecar/racecar_ws/install/racecar_neo/lib/python3.10/site-packages/racecar-neo.egg-link (link to .)
[7.269s] Installing camera script to /home/racecar/racecar_ws/install/racecar_neo/lib/racecar_neo
[7.269s] Installing gamepad script to /home/racecar/racecar_ws/install/racecar_neo/lib/racecar_neo
[7.270s] Installing imu script to /home/racecar/racecar_ws/install/racecar_neo/lib/racecar_neo
[7.271s] Installing mux script to /home/racecar/racecar_ws/install/racecar_neo/lib/racecar_neo
[7.272s] Installing pwm script to /home/racecar/racecar_ws/install/racecar_neo/lib/racecar_neo
[7.273s] Installing throttle script to /home/racecar/racecar_ws/install/racecar_neo/lib/racecar_neo
[7.274s] 
[7.275s] Installed /home/racecar/racecar_ws/build/racecar_neo
[7.275s] running install_data
[7.445s] Invoked command in '/home/racecar/racecar_ws/build/racecar_neo' returned '0': PYTHONPATH=/home/racecar/racecar_ws/build/racecar_neo/prefix_override:/home/racecar/racecar_ws/install/racecar_neo/lib/python3.10/site-packages:${PYTHONPATH} /usr/bin/python3 setup.py develop --editable --build-directory /home/racecar/racecar_ws/build/racecar_neo/build --no-deps install_data
