[4.082s] Invoking command in '/home/racecar/racecar_ws/build/racecar_neo': PYTHONPATH=/home/racecar/racecar_ws/build/racecar_neo/prefix_override:/home/racecar/racecar_ws/install/racecar_neo/lib/python3.10/site-packages:${PYTHONPATH} /usr/bin/python3 setup.py develop --editable --build-directory /home/racecar/racecar_ws/build/racecar_neo/build --no-deps install_data
[5.493s] running develop
[6.587s] running egg_info
[6.588s] writing racecar_neo.egg-info/PKG-INFO
[6.589s] writing dependency_links to racecar_neo.egg-info/dependency_links.txt
[6.590s] writing entry points to racecar_neo.egg-info/entry_points.txt
[6.590s] writing requirements to racecar_neo.egg-info/requires.txt
[6.591s] writing top-level names to racecar_neo.egg-info/top_level.txt
[6.600s] reading manifest file 'racecar_neo.egg-info/SOURCES.txt'
[6.604s] writing manifest file 'racecar_neo.egg-info/SOURCES.txt'
[6.610s] running build_ext
[6.610s] Creating /home/racecar/racecar_ws/install/racecar_neo/lib/python3.10/site-packages/racecar-neo.egg-link (link to .)
[6.614s] Installing camera script to /home/racecar/racecar_ws/install/racecar_neo/lib/racecar_neo
[6.615s] Installing gamepad script to /home/racecar/racecar_ws/install/racecar_neo/lib/racecar_neo
[6.615s] Installing imu script to /home/racecar/racecar_ws/install/racecar_neo/lib/racecar_neo
[6.616s] Installing mux script to /home/racecar/racecar_ws/install/racecar_neo/lib/racecar_neo
[6.617s] Installing pwm script to /home/racecar/racecar_ws/install/racecar_neo/lib/racecar_neo
[6.617s] Installing throttle script to /home/racecar/racecar_ws/install/racecar_neo/lib/racecar_neo
[6.619s] 
[6.619s] Installed /home/racecar/racecar_ws/build/racecar_neo
[6.619s] running install_data
[6.783s] Invoked command in '/home/racecar/racecar_ws/build/racecar_neo' returned '0': PYTHONPATH=/home/racecar/racecar_ws/build/racecar_neo/prefix_override:/home/racecar/racecar_ws/install/racecar_neo/lib/python3.10/site-packages:${PYTHONPATH} /usr/bin/python3 setup.py develop --editable --build-directory /home/racecar/racecar_ws/build/racecar_neo/build --no-deps install_data
