[5.422s] DEBUG:colcon:Command line arguments: ['/usr/bin/colcon', 'build', '--symlink-install']
[5.422s] DEBUG:colcon:Parsed command line arguments: Namespace(log_base=None, log_level=None, verb_name='build', build_base='build', install_base='install', merge_install=False, symlink_install=True, test_result_base=None, continue_on_error=False, executor='parallel', parallel_workers=4, event_handlers=None, ignore_user_meta=False, metas=['./colcon.meta'], base_paths=['.'], packages_ignore=None, packages_ignore_regex=None, paths=None, packages_up_to=None, packages_up_to_regex=None, packages_above=None, packages_above_and_dependencies=None, packages_above_depth=None, packages_select_by_dep=None, packages_skip_by_dep=None, packages_skip_up_to=None, packages_select_build_failed=False, packages_skip_build_finished=False, packages_select_test_failures=False, packages_skip_test_passed=False, packages_select=None, packages_skip=None, packages_select_regex=None, packages_skip_regex=None, packages_start=None, packages_end=None, allow_overriding=[], cmake_args=None, cmake_target=None, cmake_target_skip_unavailable=False, cmake_clean_cache=False, cmake_clean_first=False, cmake_force_configure=False, ament_cmake_args=None, catkin_cmake_args=None, catkin_skip_building_tests=False, verb_parser=<colcon_defaults.argument_parser.defaults.DefaultArgumentsDecorator object at 0xffff8c427df0>, verb_extension=<colcon_core.verb.build.BuildVerb object at 0xffff8c6930d0>, main=<bound method BuildVerb.main of <colcon_core.verb.build.BuildVerb object at 0xffff8c6930d0>>)
[5.650s] Level 1:colcon.colcon_core.package_discovery:discover_packages(colcon_meta) check parameters
[5.651s] Level 1:colcon.colcon_core.package_discovery:discover_packages(recursive) check parameters
[5.651s] Level 1:colcon.colcon_core.package_discovery:discover_packages(ignore) check parameters
[5.651s] Level 1:colcon.colcon_core.package_discovery:discover_packages(path) check parameters
[5.651s] Level 1:colcon.colcon_core.package_discovery:discover_packages(colcon_meta) discover
[5.651s] Level 1:colcon.colcon_core.package_discovery:discover_packages(recursive) discover
[5.651s] INFO:colcon.colcon_core.package_discovery:Crawling recursively for packages in '/home/racecar/racecar_ws'
[5.652s] Level 1:colcon.colcon_core.package_identification:_identify(.) by extensions ['ignore', 'ignore_ament_install']
[5.652s] Level 1:colcon.colcon_core.package_identification:_identify(.) by extension 'ignore'
[5.652s] Level 1:colcon.colcon_core.package_identification:_identify(.) by extension 'ignore_ament_install'
[5.653s] Level 1:colcon.colcon_core.package_identification:_identify(.) by extensions ['colcon_pkg']
[5.653s] Level 1:colcon.colcon_core.package_identification:_identify(.) by extension 'colcon_pkg'
[5.653s] Level 1:colcon.colcon_core.package_identification:_identify(.) by extensions ['colcon_meta']
[5.653s] Level 1:colcon.colcon_core.package_identification:_identify(.) by extension 'colcon_meta'
[5.653s] Level 1:colcon.colcon_core.package_identification:_identify(.) by extensions ['ros']
[5.653s] Level 1:colcon.colcon_core.package_identification:_identify(.) by extension 'ros'
[5.700s] Level 1:colcon.colcon_core.package_identification:_identify(.) by extensions ['cmake', 'python']
[5.700s] Level 1:colcon.colcon_core.package_identification:_identify(.) by extension 'cmake'
[5.700s] Level 1:colcon.colcon_core.package_identification:_identify(.) by extension 'python'
[5.700s] Level 1:colcon.colcon_core.package_identification:_identify(.) by extensions ['python_setup_py']
[5.701s] Level 1:colcon.colcon_core.package_identification:_identify(.) by extension 'python_setup_py'
[5.701s] Level 1:colcon.colcon_core.package_identification:_identify(build) by extensions ['ignore', 'ignore_ament_install']
[5.701s] Level 1:colcon.colcon_core.package_identification:_identify(build) by extension 'ignore'
[5.702s] Level 1:colcon.colcon_core.package_identification:_identify(build) ignored
[5.702s] Level 1:colcon.colcon_core.package_identification:_identify(install) by extensions ['ignore', 'ignore_ament_install']
[5.703s] Level 1:colcon.colcon_core.package_identification:_identify(install) by extension 'ignore'
[5.703s] Level 1:colcon.colcon_core.package_identification:_identify(install) ignored
[5.703s] Level 1:colcon.colcon_core.package_identification:_identify(log) by extensions ['ignore', 'ignore_ament_install']
[5.704s] Level 1:colcon.colcon_core.package_identification:_identify(log) by extension 'ignore'
[5.704s] Level 1:colcon.colcon_core.package_identification:_identify(log) ignored
[5.704s] Level 1:colcon.colcon_core.package_identification:_identify(src) by extensions ['ignore', 'ignore_ament_install']
[5.704s] Level 1:colcon.colcon_core.package_identification:_identify(src) by extension 'ignore'
[5.705s] Level 1:colcon.colcon_core.package_identification:_identify(src) by extension 'ignore_ament_install'
[5.705s] Level 1:colcon.colcon_core.package_identification:_identify(src) by extensions ['colcon_pkg']
[5.705s] Level 1:colcon.colcon_core.package_identification:_identify(src) by extension 'colcon_pkg'
[5.705s] Level 1:colcon.colcon_core.package_identification:_identify(src) by extensions ['colcon_meta']
[5.705s] Level 1:colcon.colcon_core.package_identification:_identify(src) by extension 'colcon_meta'
[5.705s] Level 1:colcon.colcon_core.package_identification:_identify(src) by extensions ['ros']
[5.706s] Level 1:colcon.colcon_core.package_identification:_identify(src) by extension 'ros'
[5.706s] Level 1:colcon.colcon_core.package_identification:_identify(src) by extensions ['cmake', 'python']
[5.706s] Level 1:colcon.colcon_core.package_identification:_identify(src) by extension 'cmake'
[5.706s] Level 1:colcon.colcon_core.package_identification:_identify(src) by extension 'python'
[5.706s] Level 1:colcon.colcon_core.package_identification:_identify(src) by extensions ['python_setup_py']
[5.706s] Level 1:colcon.colcon_core.package_identification:_identify(src) by extension 'python_setup_py'
[5.707s] Level 1:colcon.colcon_core.package_identification:_identify(src/racecar_neo) by extensions ['ignore', 'ignore_ament_install']
[5.707s] Level 1:colcon.colcon_core.package_identification:_identify(src/racecar_neo) by extension 'ignore'
[5.707s] Level 1:colcon.colcon_core.package_identification:_identify(src/racecar_neo) by extension 'ignore_ament_install'
[5.708s] Level 1:colcon.colcon_core.package_identification:_identify(src/racecar_neo) by extensions ['colcon_pkg']
[5.708s] Level 1:colcon.colcon_core.package_identification:_identify(src/racecar_neo) by extension 'colcon_pkg'
[5.708s] Level 1:colcon.colcon_core.package_identification:_identify(src/racecar_neo) by extensions ['colcon_meta']
[5.708s] Level 1:colcon.colcon_core.package_identification:_identify(src/racecar_neo) by extension 'colcon_meta'
[5.708s] Level 1:colcon.colcon_core.package_identification:_identify(src/racecar_neo) by extensions ['ros']
[5.708s] Level 1:colcon.colcon_core.package_identification:_identify(src/racecar_neo) by extension 'ros'
[5.717s] DEBUG:colcon.colcon_core.package_identification:Package 'src/racecar_neo' with type 'ros.ament_python' and name 'racecar_neo'
[5.718s] Level 1:colcon.colcon_core.package_identification:_identify(src/ydlidar) by extensions ['ignore', 'ignore_ament_install']
[5.718s] Level 1:colcon.colcon_core.package_identification:_identify(src/ydlidar) by extension 'ignore'
[5.718s] Level 1:colcon.colcon_core.package_identification:_identify(src/ydlidar) by extension 'ignore_ament_install'
[5.719s] Level 1:colcon.colcon_core.package_identification:_identify(src/ydlidar) by extensions ['colcon_pkg']
[5.719s] Level 1:colcon.colcon_core.package_identification:_identify(src/ydlidar) by extension 'colcon_pkg'
[5.719s] Level 1:colcon.colcon_core.package_identification:_identify(src/ydlidar) by extensions ['colcon_meta']
[5.719s] Level 1:colcon.colcon_core.package_identification:_identify(src/ydlidar) by extension 'colcon_meta'
[5.719s] Level 1:colcon.colcon_core.package_identification:_identify(src/ydlidar) by extensions ['ros']
[5.719s] Level 1:colcon.colcon_core.package_identification:_identify(src/ydlidar) by extension 'ros'
[5.722s] DEBUG:colcon.colcon_core.package_identification:Package 'src/ydlidar' with type 'ros.catkin' and name 'ydlidar'
[5.722s] Level 1:colcon.colcon_core.package_discovery:discover_packages(recursive) using defaults
[5.723s] Level 1:colcon.colcon_core.package_discovery:discover_packages(ignore) discover
[5.723s] Level 1:colcon.colcon_core.package_discovery:discover_packages(ignore) using defaults
[5.723s] Level 1:colcon.colcon_core.package_discovery:discover_packages(path) discover
[5.723s] Level 1:colcon.colcon_core.package_discovery:discover_packages(path) using defaults
[6.181s] Level 1:colcon.colcon_core.package_discovery:discover_packages(prefix_path) check parameters
[6.181s] Level 1:colcon.colcon_core.package_discovery:discover_packages(prefix_path) discover
[6.396s] DEBUG:colcon.colcon_installed_package_information.package_discovery:Found 281 installed packages in /opt/ros/iron
[6.402s] Level 1:colcon.colcon_core.package_discovery:discover_packages(prefix_path) using defaults
[6.774s] Level 5:colcon.colcon_core.verb:set package 'racecar_neo' build argument 'cmake_args' from command line to 'None'
[6.774s] Level 5:colcon.colcon_core.verb:set package 'racecar_neo' build argument 'cmake_target' from command line to 'None'
[6.774s] Level 5:colcon.colcon_core.verb:set package 'racecar_neo' build argument 'cmake_target_skip_unavailable' from command line to 'False'
[6.774s] Level 5:colcon.colcon_core.verb:set package 'racecar_neo' build argument 'cmake_clean_cache' from command line to 'False'
[6.774s] Level 5:colcon.colcon_core.verb:set package 'racecar_neo' build argument 'cmake_clean_first' from command line to 'False'
[6.774s] Level 5:colcon.colcon_core.verb:set package 'racecar_neo' build argument 'cmake_force_configure' from command line to 'False'
[6.774s] Level 5:colcon.colcon_core.verb:set package 'racecar_neo' build argument 'ament_cmake_args' from command line to 'None'
[6.774s] Level 5:colcon.colcon_core.verb:set package 'racecar_neo' build argument 'catkin_cmake_args' from command line to 'None'
[6.775s] Level 5:colcon.colcon_core.verb:set package 'racecar_neo' build argument 'catkin_skip_building_tests' from command line to 'False'
[6.775s] DEBUG:colcon.colcon_core.verb:Building package 'racecar_neo' with the following arguments: {'ament_cmake_args': None, 'build_base': '/home/racecar/racecar_ws/build/racecar_neo', 'catkin_cmake_args': None, 'catkin_skip_building_tests': False, 'cmake_args': None, 'cmake_clean_cache': False, 'cmake_clean_first': False, 'cmake_force_configure': False, 'cmake_target': None, 'cmake_target_skip_unavailable': False, 'install_base': '/home/racecar/racecar_ws/install/racecar_neo', 'merge_install': False, 'path': '/home/racecar/racecar_ws/src/racecar_neo', 'symlink_install': True, 'test_result_base': None}
[6.852s] Level 5:colcon.colcon_core.verb:set package 'ydlidar' build argument 'cmake_args' from command line to 'None'
[6.853s] Level 5:colcon.colcon_core.verb:set package 'ydlidar' build argument 'cmake_target' from command line to 'None'
[6.853s] Level 5:colcon.colcon_core.verb:set package 'ydlidar' build argument 'cmake_target_skip_unavailable' from command line to 'False'
[6.853s] Level 5:colcon.colcon_core.verb:set package 'ydlidar' build argument 'cmake_clean_cache' from command line to 'False'
[6.853s] Level 5:colcon.colcon_core.verb:set package 'ydlidar' build argument 'cmake_clean_first' from command line to 'False'
[6.853s] Level 5:colcon.colcon_core.verb:set package 'ydlidar' build argument 'cmake_force_configure' from command line to 'False'
[6.853s] Level 5:colcon.colcon_core.verb:set package 'ydlidar' build argument 'ament_cmake_args' from command line to 'None'
[6.853s] Level 5:colcon.colcon_core.verb:set package 'ydlidar' build argument 'catkin_cmake_args' from command line to 'None'
[6.853s] Level 5:colcon.colcon_core.verb:set package 'ydlidar' build argument 'catkin_skip_building_tests' from command line to 'False'
[6.854s] DEBUG:colcon.colcon_core.verb:Building package 'ydlidar' with the following arguments: {'ament_cmake_args': None, 'build_base': '/home/racecar/racecar_ws/build/ydlidar', 'catkin_cmake_args': None, 'catkin_skip_building_tests': False, 'cmake_args': None, 'cmake_clean_cache': False, 'cmake_clean_first': False, 'cmake_force_configure': False, 'cmake_target': None, 'cmake_target_skip_unavailable': False, 'install_base': '/home/racecar/racecar_ws/install/ydlidar', 'merge_install': False, 'path': '/home/racecar/racecar_ws/src/ydlidar', 'symlink_install': True, 'test_result_base': None}
[6.930s] INFO:colcon.colcon_core.executor:Executing jobs using 'parallel' executor
[7.011s] DEBUG:colcon.colcon_parallel_executor.executor.parallel:run_until_complete
[7.012s] INFO:colcon.colcon_ros.task.ament_python.build:Building ROS package in '/home/racecar/racecar_ws/src/racecar_neo' with build type 'ament_python'
[7.013s] Level 1:colcon.colcon_core.shell:create_environment_hook('racecar_neo', 'ament_prefix_path')
[7.099s] INFO:colcon.colcon_core.plugin_system:Skipping extension 'colcon_core.shell.bat': Not used on non-Windows systems
[7.100s] INFO:colcon.colcon_core.shell:Creating environment hook '/home/racecar/racecar_ws/install/racecar_neo/share/racecar_neo/hook/ament_prefix_path.ps1'
[7.103s] INFO:colcon.colcon_core.shell:Creating environment descriptor '/home/racecar/racecar_ws/install/racecar_neo/share/racecar_neo/hook/ament_prefix_path.dsv'
[7.105s] INFO:colcon.colcon_core.shell:Creating environment hook '/home/racecar/racecar_ws/install/racecar_neo/share/racecar_neo/hook/ament_prefix_path.sh'
[7.186s] INFO:colcon.colcon_core.shell:Skip shell extension 'powershell' for command environment: Not usable outside of PowerShell
[7.186s] DEBUG:colcon.colcon_core.shell:Skip shell extension 'dsv' for command environment
[7.356s] INFO:colcon.colcon_ros.task.catkin.build:Building ROS package in '/home/racecar/racecar_ws/src/ydlidar' with build type 'catkin'
[7.357s] INFO:colcon.colcon_cmake.task.cmake.build:Building CMake package in '/home/racecar/racecar_ws/src/ydlidar'
[7.439s] INFO:colcon.colcon_core.shell:Skip shell extension 'powershell' for command environment: Not usable outside of PowerShell
[7.439s] DEBUG:colcon.colcon_core.shell:Skip shell extension 'dsv' for command environment
[8.984s] INFO:colcon.colcon_core.task.python.build:Building Python package in '/home/racecar/racecar_ws/src/racecar_neo'
[9.064s] INFO:colcon.colcon_core.shell:Skip shell extension 'powershell' for command environment: Not usable outside of PowerShell
[9.065s] DEBUG:colcon.colcon_core.shell:Skip shell extension 'dsv' for command environment
[9.248s] DEBUG:colcon.colcon_core.event_handler.log_command:Invoking command in '/home/racecar/racecar_ws/build/ydlidar': /usr/bin/cmake /home/racecar/racecar_ws/src/ydlidar -DCATKIN_INSTALL_INTO_PREFIX_ROOT=0 -DCATKIN_SYMLINK_INSTALL=ON -DCMAKE_INSTALL_PREFIX=/home/racecar/racecar_ws/install/ydlidar
[10.756s] DEBUG:colcon.colcon_core.event_handler.log_command:Invoked command in '/home/racecar/racecar_ws/build/ydlidar' returned '1': /usr/bin/cmake /home/racecar/racecar_ws/src/ydlidar -DCATKIN_INSTALL_INTO_PREFIX_ROOT=0 -DCATKIN_SYMLINK_INSTALL=ON -DCMAKE_INSTALL_PREFIX=/home/racecar/racecar_ws/install/ydlidar
[10.801s] Level 1:colcon.colcon_core.environment:create_environment_scripts_only(ydlidar)
[10.925s] Level 1:colcon.colcon_core.environment:checking '/home/racecar/racecar_ws/install/ydlidar' for CMake module files
[10.927s] Level 1:colcon.colcon_core.environment:checking '/home/racecar/racecar_ws/install/ydlidar' for CMake config files
[10.928s] Level 1:colcon.colcon_core.environment:checking '/home/racecar/racecar_ws/install/ydlidar/bin'
[10.929s] Level 1:colcon.colcon_core.environment:checking '/home/racecar/racecar_ws/install/ydlidar/lib/pkgconfig/ydlidar.pc'
[10.930s] Level 1:colcon.colcon_core.environment:checking '/home/racecar/racecar_ws/install/ydlidar/lib/python3.10/site-packages'
[10.931s] Level 1:colcon.colcon_core.environment:checking '/home/racecar/racecar_ws/install/ydlidar/bin'
[11.050s] INFO:colcon.colcon_core.shell:Creating package script '/home/racecar/racecar_ws/install/ydlidar/share/ydlidar/package.ps1'
[11.054s] INFO:colcon.colcon_core.shell:Creating package descriptor '/home/racecar/racecar_ws/install/ydlidar/share/ydlidar/package.dsv'
[11.056s] INFO:colcon.colcon_core.shell:Creating package script '/home/racecar/racecar_ws/install/ydlidar/share/ydlidar/package.sh'
[11.058s] INFO:colcon.colcon_core.shell:Creating package script '/home/racecar/racecar_ws/install/ydlidar/share/ydlidar/package.bash'
[11.061s] INFO:colcon.colcon_core.shell:Creating package script '/home/racecar/racecar_ws/install/ydlidar/share/ydlidar/package.zsh'
[11.064s] Level 1:colcon.colcon_core.environment:create_file_with_runtime_dependencies(/home/racecar/racecar_ws/install/ydlidar/share/colcon-core/packages/ydlidar)
[11.428s] DEBUG:colcon.colcon_parallel_executor.executor.parallel:closing loop
[11.428s] DEBUG:colcon.colcon_parallel_executor.executor.parallel:loop closed
[11.429s] DEBUG:colcon.colcon_parallel_executor.executor.parallel:run_until_complete finished with '1'
[11.429s] DEBUG:colcon.colcon_core.event_reactor:joining thread
[11.533s] INFO:colcon.colcon_core.plugin_system:Skipping extension 'colcon_notification.desktop_notification.terminal_notifier': Not used on non-Darwin systems
[11.533s] INFO:colcon.colcon_core.plugin_system:Skipping extension 'colcon_notification.desktop_notification.win32': Not used on non-Windows systems
[11.533s] INFO:colcon.colcon_notification.desktop_notification:Sending desktop notification using 'notify2'
[11.533s] DEBUG:colcon.colcon_notification.desktop_notification.notify2:Failed to initialize notify2: org.freedesktop.DBus.Error.NotSupported: Unable to autolaunch a dbus-daemon without a $DISPLAY for X11
[11.534s] DEBUG:colcon.colcon_core.event_reactor:joined thread
[11.614s] INFO:colcon.colcon_core.shell:Creating prefix script '/home/racecar/racecar_ws/install/local_setup.ps1'
[11.618s] INFO:colcon.colcon_core.shell:Creating prefix util module '/home/racecar/racecar_ws/install/_local_setup_util_ps1.py'
[11.623s] INFO:colcon.colcon_core.shell:Creating prefix chain script '/home/racecar/racecar_ws/install/setup.ps1'
[11.703s] INFO:colcon.colcon_core.shell:Creating prefix script '/home/racecar/racecar_ws/install/local_setup.sh'
[11.706s] INFO:colcon.colcon_core.shell:Creating prefix util module '/home/racecar/racecar_ws/install/_local_setup_util_sh.py'
[11.708s] INFO:colcon.colcon_core.shell:Creating prefix chain script '/home/racecar/racecar_ws/install/setup.sh'
[11.788s] INFO:colcon.colcon_core.shell:Creating prefix script '/home/racecar/racecar_ws/install/local_setup.bash'
[11.791s] INFO:colcon.colcon_core.shell:Creating prefix chain script '/home/racecar/racecar_ws/install/setup.bash'
[11.872s] INFO:colcon.colcon_core.shell:Creating prefix script '/home/racecar/racecar_ws/install/local_setup.zsh'
[11.874s] INFO:colcon.colcon_core.shell:Creating prefix chain script '/home/racecar/racecar_ws/install/setup.zsh'
