[5.456s] DEBUG:colcon:Command line arguments: ['/usr/bin/colcon', 'build', '--symlink-install', '--packages-select', 'ydlidar_ros2']
[5.457s] DEBUG:colcon:Parsed command line arguments: Namespace(log_base=None, log_level=None, verb_name='build', build_base='build', install_base='install', merge_install=False, symlink_install=True, test_result_base=None, continue_on_error=False, executor='parallel', parallel_workers=4, event_handlers=None, ignore_user_meta=False, metas=['./colcon.meta'], base_paths=['.'], packages_ignore=None, packages_ignore_regex=None, paths=None, packages_up_to=None, packages_up_to_regex=None, packages_above=None, packages_above_and_dependencies=None, packages_above_depth=None, packages_select_by_dep=None, packages_skip_by_dep=None, packages_skip_up_to=None, packages_select_build_failed=False, packages_skip_build_finished=False, packages_select_test_failures=False, packages_skip_test_passed=False, packages_select=['ydlidar_ros2'], packages_skip=None, packages_select_regex=None, packages_skip_regex=None, packages_start=None, packages_end=None, allow_overriding=[], cmake_args=None, cmake_target=None, cmake_target_skip_unavailable=False, cmake_clean_cache=False, cmake_clean_first=False, cmake_force_configure=False, ament_cmake_args=None, catkin_cmake_args=None, catkin_skip_building_tests=False, verb_parser=<colcon_defaults.argument_parser.defaults.DefaultArgumentsDecorator object at 0xffff7e4fbb80>, verb_extension=<colcon_core.verb.build.BuildVerb object at 0xffff7e8439d0>, main=<bound method BuildVerb.main of <colcon_core.verb.build.BuildVerb object at 0xffff7e8439d0>>)
[5.686s] Level 1:colcon.colcon_core.package_discovery:discover_packages(colcon_meta) check parameters
[5.686s] Level 1:colcon.colcon_core.package_discovery:discover_packages(recursive) check parameters
[5.686s] Level 1:colcon.colcon_core.package_discovery:discover_packages(ignore) check parameters
[5.686s] Level 1:colcon.colcon_core.package_discovery:discover_packages(path) check parameters
[5.687s] Level 1:colcon.colcon_core.package_discovery:discover_packages(colcon_meta) discover
[5.687s] Level 1:colcon.colcon_core.package_discovery:discover_packages(recursive) discover
[5.687s] INFO:colcon.colcon_core.package_discovery:Crawling recursively for packages in '/home/racecar/racecar_ws'
[5.688s] Level 1:colcon.colcon_core.package_identification:_identify(.) by extensions ['ignore', 'ignore_ament_install']
[5.688s] Level 1:colcon.colcon_core.package_identification:_identify(.) by extension 'ignore'
[5.688s] Level 1:colcon.colcon_core.package_identification:_identify(.) by extension 'ignore_ament_install'
[5.688s] Level 1:colcon.colcon_core.package_identification:_identify(.) by extensions ['colcon_pkg']
[5.688s] Level 1:colcon.colcon_core.package_identification:_identify(.) by extension 'colcon_pkg'
[5.689s] Level 1:colcon.colcon_core.package_identification:_identify(.) by extensions ['colcon_meta']
[5.689s] Level 1:colcon.colcon_core.package_identification:_identify(.) by extension 'colcon_meta'
[5.689s] Level 1:colcon.colcon_core.package_identification:_identify(.) by extensions ['ros']
[5.689s] Level 1:colcon.colcon_core.package_identification:_identify(.) by extension 'ros'
[5.736s] Level 1:colcon.colcon_core.package_identification:_identify(.) by extensions ['cmake', 'python']
[5.737s] Level 1:colcon.colcon_core.package_identification:_identify(.) by extension 'cmake'
[5.737s] Level 1:colcon.colcon_core.package_identification:_identify(.) by extension 'python'
[5.737s] Level 1:colcon.colcon_core.package_identification:_identify(.) by extensions ['python_setup_py']
[5.737s] Level 1:colcon.colcon_core.package_identification:_identify(.) by extension 'python_setup_py'
[5.738s] Level 1:colcon.colcon_core.package_identification:_identify(build) by extensions ['ignore', 'ignore_ament_install']
[5.738s] Level 1:colcon.colcon_core.package_identification:_identify(build) by extension 'ignore'
[5.738s] Level 1:colcon.colcon_core.package_identification:_identify(build) ignored
[5.739s] Level 1:colcon.colcon_core.package_identification:_identify(install) by extensions ['ignore', 'ignore_ament_install']
[5.740s] Level 1:colcon.colcon_core.package_identification:_identify(install) by extension 'ignore'
[5.740s] Level 1:colcon.colcon_core.package_identification:_identify(install) ignored
[5.740s] Level 1:colcon.colcon_core.package_identification:_identify(log) by extensions ['ignore', 'ignore_ament_install']
[5.741s] Level 1:colcon.colcon_core.package_identification:_identify(log) by extension 'ignore'
[5.741s] Level 1:colcon.colcon_core.package_identification:_identify(log) ignored
[5.741s] Level 1:colcon.colcon_core.package_identification:_identify(src) by extensions ['ignore', 'ignore_ament_install']
[5.741s] Level 1:colcon.colcon_core.package_identification:_identify(src) by extension 'ignore'
[5.742s] Level 1:colcon.colcon_core.package_identification:_identify(src) by extension 'ignore_ament_install'
[5.742s] Level 1:colcon.colcon_core.package_identification:_identify(src) by extensions ['colcon_pkg']
[5.742s] Level 1:colcon.colcon_core.package_identification:_identify(src) by extension 'colcon_pkg'
[5.742s] Level 1:colcon.colcon_core.package_identification:_identify(src) by extensions ['colcon_meta']
[5.742s] Level 1:colcon.colcon_core.package_identification:_identify(src) by extension 'colcon_meta'
[5.742s] Level 1:colcon.colcon_core.package_identification:_identify(src) by extensions ['ros']
[5.743s] Level 1:colcon.colcon_core.package_identification:_identify(src) by extension 'ros'
[5.743s] Level 1:colcon.colcon_core.package_identification:_identify(src) by extensions ['cmake', 'python']
[5.743s] Level 1:colcon.colcon_core.package_identification:_identify(src) by extension 'cmake'
[5.743s] Level 1:colcon.colcon_core.package_identification:_identify(src) by extension 'python'
[5.743s] Level 1:colcon.colcon_core.package_identification:_identify(src) by extensions ['python_setup_py']
[5.743s] Level 1:colcon.colcon_core.package_identification:_identify(src) by extension 'python_setup_py'
[5.744s] Level 1:colcon.colcon_core.package_identification:_identify(src/racecar_neo) by extensions ['ignore', 'ignore_ament_install']
[5.744s] Level 1:colcon.colcon_core.package_identification:_identify(src/racecar_neo) by extension 'ignore'
[5.744s] Level 1:colcon.colcon_core.package_identification:_identify(src/racecar_neo) by extension 'ignore_ament_install'
[5.745s] Level 1:colcon.colcon_core.package_identification:_identify(src/racecar_neo) by extensions ['colcon_pkg']
[5.745s] Level 1:colcon.colcon_core.package_identification:_identify(src/racecar_neo) by extension 'colcon_pkg'
[5.745s] Level 1:colcon.colcon_core.package_identification:_identify(src/racecar_neo) by extensions ['colcon_meta']
[5.745s] Level 1:colcon.colcon_core.package_identification:_identify(src/racecar_neo) by extension 'colcon_meta'
[5.745s] Level 1:colcon.colcon_core.package_identification:_identify(src/racecar_neo) by extensions ['ros']
[5.745s] Level 1:colcon.colcon_core.package_identification:_identify(src/racecar_neo) by extension 'ros'
[5.754s] DEBUG:colcon.colcon_core.package_identification:Package 'src/racecar_neo' with type 'ros.ament_python' and name 'racecar_neo'
[5.755s] Level 1:colcon.colcon_core.package_identification:_identify(src/ydlidar_ros2) by extensions ['ignore', 'ignore_ament_install']
[5.755s] Level 1:colcon.colcon_core.package_identification:_identify(src/ydlidar_ros2) by extension 'ignore'
[5.755s] Level 1:colcon.colcon_core.package_identification:_identify(src/ydlidar_ros2) by extension 'ignore_ament_install'
[5.756s] Level 1:colcon.colcon_core.package_identification:_identify(src/ydlidar_ros2) by extensions ['colcon_pkg']
[5.756s] Level 1:colcon.colcon_core.package_identification:_identify(src/ydlidar_ros2) by extension 'colcon_pkg'
[5.756s] Level 1:colcon.colcon_core.package_identification:_identify(src/ydlidar_ros2) by extensions ['colcon_meta']
[5.756s] Level 1:colcon.colcon_core.package_identification:_identify(src/ydlidar_ros2) by extension 'colcon_meta'
[5.756s] Level 1:colcon.colcon_core.package_identification:_identify(src/ydlidar_ros2) by extensions ['ros']
[5.756s] Level 1:colcon.colcon_core.package_identification:_identify(src/ydlidar_ros2) by extension 'ros'
[5.759s] DEBUG:colcon.colcon_core.package_identification:Package 'src/ydlidar_ros2' with type 'ros.ament_cmake' and name 'ydlidar_ros2_driver'
[5.759s] Level 1:colcon.colcon_core.package_discovery:discover_packages(recursive) using defaults
[5.759s] Level 1:colcon.colcon_core.package_discovery:discover_packages(ignore) discover
[5.759s] Level 1:colcon.colcon_core.package_discovery:discover_packages(ignore) using defaults
[5.760s] Level 1:colcon.colcon_core.package_discovery:discover_packages(path) discover
[5.760s] Level 1:colcon.colcon_core.package_discovery:discover_packages(path) using defaults
[5.838s] WARNING:colcon.colcon_core.package_selection:ignoring unknown package 'ydlidar_ros2' in --packages-select
[6.103s] INFO:colcon.colcon_core.package_selection:Skipping not selected package 'racecar_neo' in 'src/racecar_neo'
[6.104s] INFO:colcon.colcon_core.package_selection:Skipping not selected package 'ydlidar_ros2_driver' in 'src/ydlidar_ros2'
[6.258s] Level 1:colcon.colcon_core.package_discovery:discover_packages(prefix_path) check parameters
[6.259s] Level 1:colcon.colcon_core.package_discovery:discover_packages(prefix_path) discover
[6.469s] DEBUG:colcon.colcon_installed_package_information.package_discovery:Found 281 installed packages in /opt/ros/iron
[6.475s] Level 1:colcon.colcon_core.package_discovery:discover_packages(prefix_path) using defaults
[6.854s] INFO:colcon.colcon_core.executor:Executing jobs using 'parallel' executor
[6.936s] DEBUG:colcon.colcon_parallel_executor.executor.parallel:run_until_complete
[6.937s] DEBUG:colcon.colcon_parallel_executor.executor.parallel:closing loop
[6.938s] DEBUG:colcon.colcon_parallel_executor.executor.parallel:loop closed
[6.938s] DEBUG:colcon.colcon_parallel_executor.executor.parallel:run_until_complete finished with '0'
[6.938s] DEBUG:colcon.colcon_core.event_reactor:joining thread
[7.044s] INFO:colcon.colcon_core.plugin_system:Skipping extension 'colcon_notification.desktop_notification.terminal_notifier': Not used on non-Darwin systems
[7.045s] INFO:colcon.colcon_core.plugin_system:Skipping extension 'colcon_notification.desktop_notification.win32': Not used on non-Windows systems
[7.045s] INFO:colcon.colcon_notification.desktop_notification:Sending desktop notification using 'notify2'
[7.096s] DEBUG:colcon.colcon_core.event_reactor:joined thread
[7.220s] INFO:colcon.colcon_core.plugin_system:Skipping extension 'colcon_core.shell.bat': Not used on non-Windows systems
[7.222s] INFO:colcon.colcon_core.shell:Creating prefix script '/home/racecar/racecar_ws/install/local_setup.ps1'
[7.227s] INFO:colcon.colcon_core.shell:Creating prefix util module '/home/racecar/racecar_ws/install/_local_setup_util_ps1.py'
[7.234s] INFO:colcon.colcon_core.shell:Creating prefix chain script '/home/racecar/racecar_ws/install/setup.ps1'
[7.326s] INFO:colcon.colcon_core.shell:Creating prefix script '/home/racecar/racecar_ws/install/local_setup.sh'
[7.329s] INFO:colcon.colcon_core.shell:Creating prefix util module '/home/racecar/racecar_ws/install/_local_setup_util_sh.py'
[7.331s] INFO:colcon.colcon_core.shell:Creating prefix chain script '/home/racecar/racecar_ws/install/setup.sh'
[7.412s] INFO:colcon.colcon_core.shell:Creating prefix script '/home/racecar/racecar_ws/install/local_setup.bash'
[7.414s] INFO:colcon.colcon_core.shell:Creating prefix chain script '/home/racecar/racecar_ws/install/setup.bash'
[7.496s] INFO:colcon.colcon_core.shell:Creating prefix script '/home/racecar/racecar_ws/install/local_setup.zsh'
[7.498s] INFO:colcon.colcon_core.shell:Creating prefix chain script '/home/racecar/racecar_ws/install/setup.zsh'
