[0.584s] Invoking command in '/home/racecar/racecar_ws/build/ackermann_msgs': /usr/bin/cmake /home/racecar/racecar_ws/src/ackermann_msgs -DCATKIN_INSTALL_INTO_PREFIX_ROOT=0 -DCMAKE_INSTALL_PREFIX=/home/racecar/racecar_ws/install/ackermann_msgs
[1.058s] [31mCMake Error at CMakeLists.txt:4 (find_package):
[1.058s]   By not providing "Findcatkin.cmake" in CMAKE_MODULE_PATH this project has
[1.059s]   asked CMake to find a package configuration file provided by "catkin", but
[1.059s]   CMake did not find one.
[1.060s] 
[1.060s]   Could not find a package configuration file provided by "catkin" with any
[1.061s]   of the following names:
[1.061s] 
[1.062s]     catkinConfig.cmake
[1.063s]     catkin-config.cmake
[1.063s] 
[1.063s]   Add the installation prefix of "catkin" to CMAKE_PREFIX_PATH or set
[1.064s]   "catkin_DIR" to a directory containing one of the above files.  If "catkin"
[1.064s]   provides a separate development package or SDK, be sure it has been
[1.064s]   installed.
[1.065s] 
[1.065s] [0m
[1.066s] -- Configuring incomplete, errors occurred!
[1.067s] See also "/home/racecar/racecar_ws/build/ackermann_msgs/CMakeFiles/CMakeOutput.log".
[1.070s] Invoked command in '/home/racecar/racecar_ws/build/ackermann_msgs' returned '1': /usr/bin/cmake /home/racecar/racecar_ws/src/ackermann_msgs -DCATKIN_INSTALL_INTO_PREFIX_ROOT=0 -DCMAKE_INSTALL_PREFIX=/home/racecar/racecar_ws/install/ackermann_msgs
