[4.514s] Invoking command in '/home/racecar/racecar_ws/build/racecar_neo': PYTHONPATH=/home/racecar/racecar_ws/build/racecar_neo/prefix_override:/home/racecar/racecar_ws/install/racecar_neo/lib/python3.10/site-packages:${PYTHONPATH} /usr/bin/python3 setup.py develop --editable --build-directory /home/racecar/racecar_ws/build/racecar_neo/build --no-deps install_data
[5.985s] running develop
[7.143s] running egg_info
[7.144s] writing racecar_neo.egg-info/PKG-INFO
[7.145s] writing dependency_links to racecar_neo.egg-info/dependency_links.txt
[7.146s] writing entry points to racecar_neo.egg-info/entry_points.txt
[7.146s] writing requirements to racecar_neo.egg-info/requires.txt
[7.147s] writing top-level names to racecar_neo.egg-info/top_level.txt
[7.156s] reading manifest file 'racecar_neo.egg-info/SOURCES.txt'
[7.161s] writing manifest file 'racecar_neo.egg-info/SOURCES.txt'
[7.168s] running build_ext
[7.168s] Creating /home/racecar/racecar_ws/install/racecar_neo/lib/python3.10/site-packages/racecar-neo.egg-link (link to .)
[7.172s] Installing camera script to /home/racecar/racecar_ws/install/racecar_neo/lib/racecar_neo
[7.174s] Installing gamepad script to /home/racecar/racecar_ws/install/racecar_neo/lib/racecar_neo
[7.175s] Installing imu script to /home/racecar/racecar_ws/install/racecar_neo/lib/racecar_neo
[7.176s] Installing mux script to /home/racecar/racecar_ws/install/racecar_neo/lib/racecar_neo
[7.176s] Installing pwm script to /home/racecar/racecar_ws/install/racecar_neo/lib/racecar_neo
[7.177s] Installing throttle script to /home/racecar/racecar_ws/install/racecar_neo/lib/racecar_neo
[7.180s] 
[7.180s] Installed /home/racecar/racecar_ws/build/racecar_neo
[7.180s] running install_data
[7.349s] Invoked command in '/home/racecar/racecar_ws/build/racecar_neo' returned '0': PYTHONPATH=/home/racecar/racecar_ws/build/racecar_neo/prefix_override:/home/racecar/racecar_ws/install/racecar_neo/lib/python3.10/site-packages:${PYTHONPATH} /usr/bin/python3 setup.py develop --editable --build-directory /home/racecar/racecar_ws/build/racecar_neo/build --no-deps install_data
