[3.724s] Invoking command in '/home/racecar/racecar_ws/src/racecar_neo': PYTHONPATH=/home/racecar/racecar_ws/build/racecar_neo/prefix_override:/home/racecar/racecar_ws/install/racecar_neo/lib/python3.10/site-packages:${PYTHONPATH} /usr/bin/python3 setup.py egg_info --egg-base ../../build/racecar_neo build --build-base /home/racecar/racecar_ws/build/racecar_neo/build install --record /home/racecar/racecar_ws/build/racecar_neo/install.log --single-version-externally-managed
[4.884s] running egg_info
[4.885s] writing ../../build/racecar_neo/racecar_neo.egg-info/PKG-INFO
[4.886s] writing dependency_links to ../../build/racecar_neo/racecar_neo.egg-info/dependency_links.txt
[4.887s] writing entry points to ../../build/racecar_neo/racecar_neo.egg-info/entry_points.txt
[4.888s] writing requirements to ../../build/racecar_neo/racecar_neo.egg-info/requires.txt
[4.889s] writing top-level names to ../../build/racecar_neo/racecar_neo.egg-info/top_level.txt
[4.899s] reading manifest file '../../build/racecar_neo/racecar_neo.egg-info/SOURCES.txt'
[4.900s] adding license file 'LICENSE'
[4.903s] writing manifest file '../../build/racecar_neo/racecar_neo.egg-info/SOURCES.txt'
[4.904s] running build
[4.904s] running build_py
[4.905s] running install
[4.907s] running install_lib
[4.912s] running install_data
[4.914s] running install_egg_info
[4.921s] removing '/home/racecar/racecar_ws/install/racecar_neo/lib/python3.10/site-packages/racecar_neo-0.0.0-py3.10.egg-info' (and everything under it)
[4.922s] Copying ../../build/racecar_neo/racecar_neo.egg-info to /home/racecar/racecar_ws/install/racecar_neo/lib/python3.10/site-packages/racecar_neo-0.0.0-py3.10.egg-info
[4.927s] running install_scripts
[5.005s] Installing test_node script to /home/racecar/racecar_ws/install/racecar_neo/lib/racecar_neo
[5.006s] writing list of installed files to '/home/racecar/racecar_ws/build/racecar_neo/install.log'
[5.142s] Invoked command in '/home/racecar/racecar_ws/src/racecar_neo' returned '0': PYTHONPATH=/home/racecar/racecar_ws/build/racecar_neo/prefix_override:/home/racecar/racecar_ws/install/racecar_neo/lib/python3.10/site-packages:${PYTHONPATH} /usr/bin/python3 setup.py egg_info --egg-base ../../build/racecar_neo build --build-base /home/racecar/racecar_ws/build/racecar_neo/build install --record /home/racecar/racecar_ws/build/racecar_neo/install.log --single-version-externally-managed
