[0.392s] Invoking command in '/home/racecar/racecar_ws/build/ackermann_msgs': /usr/bin/cmake /home/racecar/racecar_ws/src/ackermann_msgs -DCATKIN_INSTALL_INTO_PREFIX_ROOT=0 -DCMAKE_INSTALL_PREFIX=/home/racecar/racecar_ws/install/ackermann_msgs
[0.607s] [31mCMake Error at CMakeLists.txt:4 (find_package):
[0.608s]   By not providing "Findcatkin.cmake" in CMAKE_MODULE_PATH this project has
[0.608s]   asked CMake to find a package configuration file provided by "catkin", but
[0.608s]   CMake did not find one.
[0.609s] 
[0.609s]   Could not find a package configuration file provided by "catkin" with any
[0.609s]   of the following names:
[0.610s] 
[0.610s]     catkinConfig.cmake
[0.611s]     catkin-config.cmake
[0.611s] 
[0.612s]   Add the installation prefix of "catkin" to CMAKE_PREFIX_PATH or set
[0.612s]   "catkin_DIR" to a directory containing one of the above files.  If "catkin"
[0.613s]   provides a separate development package or SDK, be sure it has been
[0.615s]   installed.
[0.615s] 
[0.616s] [0m
[0.617s] -- Configuring incomplete, errors occurred!
[0.617s] See also "/home/racecar/racecar_ws/build/ackermann_msgs/CMakeFiles/CMakeOutput.log".
[0.618s] Invoked command in '/home/racecar/racecar_ws/build/ackermann_msgs' returned '1': /usr/bin/cmake /home/racecar/racecar_ws/src/ackermann_msgs -DCATKIN_INSTALL_INTO_PREFIX_ROOT=0 -DCMAKE_INSTALL_PREFIX=/home/racecar/racecar_ws/install/ackermann_msgs
