[4.913s] Invoking command in '/home/racecar/racecar_ws/build/racecar_neo': PYTHONPATH=/home/racecar/racecar_ws/build/racecar_neo/prefix_override:/home/racecar/racecar_ws/install/racecar_neo/lib/python3.10/site-packages:${PYTHONPATH} /usr/bin/python3 setup.py develop --editable --build-directory /home/racecar/racecar_ws/build/racecar_neo/build --no-deps install_data
[6.546s] running develop
[7.774s] running egg_info
[7.775s] writing racecar_neo.egg-info/PKG-INFO
[7.776s] writing dependency_links to racecar_neo.egg-info/dependency_links.txt
[7.777s] writing entry points to racecar_neo.egg-info/entry_points.txt
[7.778s] writing requirements to racecar_neo.egg-info/requires.txt
[7.779s] writing top-level names to racecar_neo.egg-info/top_level.txt
[7.788s] reading manifest file 'racecar_neo.egg-info/SOURCES.txt'
[7.793s] writing manifest file 'racecar_neo.egg-info/SOURCES.txt'
[7.802s] running build_ext
[7.803s] Creating /home/racecar/racecar_ws/install/racecar_neo/lib/python3.10/site-packages/racecar-neo.egg-link (link to .)
[7.807s] Installing camera script to /home/racecar/racecar_ws/install/racecar_neo/lib/racecar_neo
[7.808s] Installing gamepad script to /home/racecar/racecar_ws/install/racecar_neo/lib/racecar_neo
[7.809s] Installing imu script to /home/racecar/racecar_ws/install/racecar_neo/lib/racecar_neo
[7.810s] Installing mux script to /home/racecar/racecar_ws/install/racecar_neo/lib/racecar_neo
[7.811s] Installing pwm script to /home/racecar/racecar_ws/install/racecar_neo/lib/racecar_neo
[7.811s] Installing throttle script to /home/racecar/racecar_ws/install/racecar_neo/lib/racecar_neo
[7.813s] 
[7.813s] Installed /home/racecar/racecar_ws/build/racecar_neo
[7.814s] running install_data
[7.991s] Invoked command in '/home/racecar/racecar_ws/build/racecar_neo' returned '0': PYTHONPATH=/home/racecar/racecar_ws/build/racecar_neo/prefix_override:/home/racecar/racecar_ws/install/racecar_neo/lib/python3.10/site-packages:${PYTHONPATH} /usr/bin/python3 setup.py develop --editable --build-directory /home/racecar/racecar_ws/build/racecar_neo/build --no-deps install_data
