[4.764s] Invoking command in '/home/racecar/racecar_ws/build/racecar_neo': PYTHONPATH=/home/racecar/racecar_ws/build/racecar_neo/prefix_override:/home/racecar/racecar_ws/install/racecar_neo/lib/python3.10/site-packages:${PYTHONPATH} /usr/bin/python3 setup.py develop --editable --build-directory /home/racecar/racecar_ws/build/racecar_neo/build --no-deps install_data
[6.293s] running develop
[7.535s] running egg_info
[7.535s] writing racecar_neo.egg-info/PKG-INFO
[7.536s] writing dependency_links to racecar_neo.egg-info/dependency_links.txt
[7.537s] writing entry points to racecar_neo.egg-info/entry_points.txt
[7.538s] writing requirements to racecar_neo.egg-info/requires.txt
[7.538s] writing top-level names to racecar_neo.egg-info/top_level.txt
[7.548s] reading manifest file 'racecar_neo.egg-info/SOURCES.txt'
[7.552s] writing manifest file 'racecar_neo.egg-info/SOURCES.txt'
[7.559s] running build_ext
[7.560s] Creating /home/racecar/racecar_ws/install/racecar_neo/lib/python3.10/site-packages/racecar-neo.egg-link (link to .)
[7.563s] Installing camera script to /home/racecar/racecar_ws/install/racecar_neo/lib/racecar_neo
[7.564s] Installing gamepad script to /home/racecar/racecar_ws/install/racecar_neo/lib/racecar_neo
[7.565s] Installing imu script to /home/racecar/racecar_ws/install/racecar_neo/lib/racecar_neo
[7.566s] Installing mux script to /home/racecar/racecar_ws/install/racecar_neo/lib/racecar_neo
[7.567s] Installing pwm script to /home/racecar/racecar_ws/install/racecar_neo/lib/racecar_neo
[7.567s] Installing throttle script to /home/racecar/racecar_ws/install/racecar_neo/lib/racecar_neo
[7.569s] 
[7.569s] Installed /home/racecar/racecar_ws/build/racecar_neo
[7.569s] running install_data
[7.750s] Invoked command in '/home/racecar/racecar_ws/build/racecar_neo' returned '0': PYTHONPATH=/home/racecar/racecar_ws/build/racecar_neo/prefix_override:/home/racecar/racecar_ws/install/racecar_neo/lib/python3.10/site-packages:${PYTHONPATH} /usr/bin/python3 setup.py develop --editable --build-directory /home/racecar/racecar_ws/build/racecar_neo/build --no-deps install_data
