[53.273s] Invoking command in '/home/racecar/racecar_ws/build/racecar_neo': PYTHONPATH=/home/racecar/racecar_ws/build/racecar_neo/prefix_override:/home/racecar/racecar_ws/install/racecar_neo/lib/python3.10/site-packages:${PYTHONPATH} /usr/bin/python3 setup.py develop --editable --build-directory /home/racecar/racecar_ws/build/racecar_neo/build --no-deps install_data
[64.569s] running develop
[75.140s] running egg_info
[75.153s] writing racecar_neo.egg-info/PKG-INFO
[75.155s] writing dependency_links to racecar_neo.egg-info/dependency_links.txt
[75.169s] writing entry points to racecar_neo.egg-info/entry_points.txt
[75.169s] writing requirements to racecar_neo.egg-info/requires.txt
[75.170s] writing top-level names to racecar_neo.egg-info/top_level.txt
[75.175s] reading manifest file 'racecar_neo.egg-info/SOURCES.txt'
[75.180s] writing manifest file 'racecar_neo.egg-info/SOURCES.txt'
[75.190s] running build_ext
[75.191s] Creating /home/racecar/racecar_ws/install/racecar_neo/lib/python3.10/site-packages/racecar-neo.egg-link (link to .)
[75.230s] Installing camera script to /home/racecar/racecar_ws/install/racecar_neo/lib/racecar_neo
[75.231s] Installing decode_camera = racecar_neo.decode_camera:mainimu script to /home/racecar/racecar_ws/install/racecar_neo/lib/racecar_neo
[75.232s] Installing gamepad script to /home/racecar/racecar_ws/install/racecar_neo/lib/racecar_neo
[75.235s] Installing mux script to /home/racecar/racecar_ws/install/racecar_neo/lib/racecar_neo
[75.236s] Installing pwm script to /home/racecar/racecar_ws/install/racecar_neo/lib/racecar_neo
[75.238s] Installing throttle script to /home/racecar/racecar_ws/install/racecar_neo/lib/racecar_neo
[75.240s] 
[75.240s] Installed /home/racecar/racecar_ws/build/racecar_neo
[75.242s] running install_data
[75.770s] Invoked command in '/home/racecar/racecar_ws/build/racecar_neo' returned '0': PYTHONPATH=/home/racecar/racecar_ws/build/racecar_neo/prefix_override:/home/racecar/racecar_ws/install/racecar_neo/lib/python3.10/site-packages:${PYTHONPATH} /usr/bin/python3 setup.py develop --editable --build-directory /home/racecar/racecar_ws/build/racecar_neo/build --no-deps install_data
