[4.297s] Invoking command in '/home/racecar/racecar_ws/build/racecar_neo': PYTHONPATH=/home/racecar/racecar_ws/build/racecar_neo/prefix_override:/home/racecar/racecar_ws/install/racecar_neo/lib/python3.10/site-packages:${PYTHONPATH} /usr/bin/python3 setup.py develop --editable --build-directory /home/racecar/racecar_ws/build/racecar_neo/build --no-deps install_data
[5.764s] running develop
[6.909s] running egg_info
[6.910s] writing racecar_neo.egg-info/PKG-INFO
[6.911s] writing dependency_links to racecar_neo.egg-info/dependency_links.txt
[6.912s] writing entry points to racecar_neo.egg-info/entry_points.txt
[6.912s] writing requirements to racecar_neo.egg-info/requires.txt
[6.913s] writing top-level names to racecar_neo.egg-info/top_level.txt
[6.922s] reading manifest file 'racecar_neo.egg-info/SOURCES.txt'
[6.926s] writing manifest file 'racecar_neo.egg-info/SOURCES.txt'
[6.932s] running build_ext
[6.933s] Creating /home/racecar/racecar_ws/install/racecar_neo/lib/python3.10/site-packages/racecar-neo.egg-link (link to .)
[6.936s] Installing camera script to /home/racecar/racecar_ws/install/racecar_neo/lib/racecar_neo
[6.937s] Installing gamepad script to /home/racecar/racecar_ws/install/racecar_neo/lib/racecar_neo
[6.938s] Installing imu script to /home/racecar/racecar_ws/install/racecar_neo/lib/racecar_neo
[6.939s] Installing mux script to /home/racecar/racecar_ws/install/racecar_neo/lib/racecar_neo
[6.940s] Installing pwm script to /home/racecar/racecar_ws/install/racecar_neo/lib/racecar_neo
[6.940s] Installing throttle script to /home/racecar/racecar_ws/install/racecar_neo/lib/racecar_neo
[6.942s] 
[6.942s] Installed /home/racecar/racecar_ws/build/racecar_neo
[6.942s] running install_data
[7.112s] Invoked command in '/home/racecar/racecar_ws/build/racecar_neo' returned '0': PYTHONPATH=/home/racecar/racecar_ws/build/racecar_neo/prefix_override:/home/racecar/racecar_ws/install/racecar_neo/lib/python3.10/site-packages:${PYTHONPATH} /usr/bin/python3 setup.py develop --editable --build-directory /home/racecar/racecar_ws/build/racecar_neo/build --no-deps install_data
