[4.304s] Invoking command in '/home/racecar/racecar_ws/build/racecar_neo': PYTHONPATH=/home/racecar/racecar_ws/build/racecar_neo/prefix_override:/home/racecar/racecar_ws/install/racecar_neo/lib/python3.10/site-packages:${PYTHONPATH} /usr/bin/python3 setup.py develop --editable --build-directory /home/racecar/racecar_ws/build/racecar_neo/build --no-deps install_data
[5.778s] running develop
[6.924s] running egg_info
[6.925s] writing racecar_neo.egg-info/PKG-INFO
[6.926s] writing dependency_links to racecar_neo.egg-info/dependency_links.txt
[6.927s] writing entry points to racecar_neo.egg-info/entry_points.txt
[6.927s] writing requirements to racecar_neo.egg-info/requires.txt
[6.928s] writing top-level names to racecar_neo.egg-info/top_level.txt
[6.937s] reading manifest file 'racecar_neo.egg-info/SOURCES.txt'
[6.941s] writing manifest file 'racecar_neo.egg-info/SOURCES.txt'
[6.947s] running build_ext
[6.947s] Creating /home/racecar/racecar_ws/install/racecar_neo/lib/python3.10/site-packages/racecar-neo.egg-link (link to .)
[6.951s] Installing camera script to /home/racecar/racecar_ws/install/racecar_neo/lib/racecar_neo
[6.952s] Installing gamepad script to /home/racecar/racecar_ws/install/racecar_neo/lib/racecar_neo
[6.952s] Installing imu script to /home/racecar/racecar_ws/install/racecar_neo/lib/racecar_neo
[6.953s] Installing mux script to /home/racecar/racecar_ws/install/racecar_neo/lib/racecar_neo
[6.954s] Installing pwm script to /home/racecar/racecar_ws/install/racecar_neo/lib/racecar_neo
[6.955s] Installing throttle script to /home/racecar/racecar_ws/install/racecar_neo/lib/racecar_neo
[6.956s] 
[6.956s] Installed /home/racecar/racecar_ws/build/racecar_neo
[6.957s] running install_data
[7.126s] Invoked command in '/home/racecar/racecar_ws/build/racecar_neo' returned '0': PYTHONPATH=/home/racecar/racecar_ws/build/racecar_neo/prefix_override:/home/racecar/racecar_ws/install/racecar_neo/lib/python3.10/site-packages:${PYTHONPATH} /usr/bin/python3 setup.py develop --editable --build-directory /home/racecar/racecar_ws/build/racecar_neo/build --no-deps install_data
