[4.381s] Invoking command in '/home/racecar/racecar_ws/build/racecar_neo': PYTHONPATH=/home/racecar/racecar_ws/build/racecar_neo/prefix_override:/home/racecar/racecar_ws/install/racecar_neo/lib/python3.10/site-packages:${PYTHONPATH} /usr/bin/python3 setup.py develop --uninstall --editable --build-directory /home/racecar/racecar_ws/build/racecar_neo/build
[5.778s] running develop
[6.875s] Removing /home/racecar/racecar_ws/install/racecar_neo/lib/python3.10/site-packages/racecar-neo.egg-link (link to .)
[7.043s] Invoked command in '/home/racecar/racecar_ws/build/racecar_neo' returned '0': PYTHONPATH=/home/racecar/racecar_ws/build/racecar_neo/prefix_override:/home/racecar/racecar_ws/install/racecar_neo/lib/python3.10/site-packages:${PYTHONPATH} /usr/bin/python3 setup.py develop --uninstall --editable --build-directory /home/racecar/racecar_ws/build/racecar_neo/build
[7.053s] Invoking command in '/home/racecar/racecar_ws/src/racecar_neo': PYTHONPATH=/home/racecar/racecar_ws/build/racecar_neo/prefix_override:/home/racecar/racecar_ws/install/racecar_neo/lib/python3.10/site-packages:${PYTHONPATH} /usr/bin/python3 setup.py egg_info --egg-base ../../build/racecar_neo build --build-base /home/racecar/racecar_ws/build/racecar_neo/build install --record /home/racecar/racecar_ws/build/racecar_neo/install.log --single-version-externally-managed
[8.398s] running egg_info
[8.401s] writing ../../build/racecar_neo/racecar_neo.egg-info/PKG-INFO
[8.403s] writing dependency_links to ../../build/racecar_neo/racecar_neo.egg-info/dependency_links.txt
[8.404s] writing entry points to ../../build/racecar_neo/racecar_neo.egg-info/entry_points.txt
[8.404s] writing requirements to ../../build/racecar_neo/racecar_neo.egg-info/requires.txt
[8.405s] writing top-level names to ../../build/racecar_neo/racecar_neo.egg-info/top_level.txt
[8.414s] reading manifest file '../../build/racecar_neo/racecar_neo.egg-info/SOURCES.txt'
[8.416s] adding license file 'LICENSE'
[8.424s] writing manifest file '../../build/racecar_neo/racecar_neo.egg-info/SOURCES.txt'
[8.425s] running build
[8.426s] running build_py
[8.446s] running install
[8.448s] running install_lib
[8.454s] creating /home/racecar/racecar_ws/install/racecar_neo/lib/python3.10/site-packages/racecar_neo
[8.455s] copying /home/racecar/racecar_ws/build/racecar_neo/build/lib/racecar_neo/test_node.py -> /home/racecar/racecar_ws/install/racecar_neo/lib/python3.10/site-packages/racecar_neo
[8.456s] copying /home/racecar/racecar_ws/build/racecar_neo/build/lib/racecar_neo/__init__.py -> /home/racecar/racecar_ws/install/racecar_neo/lib/python3.10/site-packages/racecar_neo
[8.459s] byte-compiling /home/racecar/racecar_ws/install/racecar_neo/lib/python3.10/site-packages/racecar_neo/test_node.py to test_node.cpython-310.pyc
[8.461s] byte-compiling /home/racecar/racecar_ws/install/racecar_neo/lib/python3.10/site-packages/racecar_neo/__init__.py to __init__.cpython-310.pyc
[8.462s] running install_data
[8.467s] running install_egg_info
[8.474s] Copying ../../build/racecar_neo/racecar_neo.egg-info to /home/racecar/racecar_ws/install/racecar_neo/lib/python3.10/site-packages/racecar_neo-0.0.0-py3.10.egg-info
[8.480s] running install_scripts
[8.557s] Installing test_node script to /home/racecar/racecar_ws/install/racecar_neo/lib/racecar_neo
[8.577s] writing list of installed files to '/home/racecar/racecar_ws/build/racecar_neo/install.log'
[8.718s] Invoked command in '/home/racecar/racecar_ws/src/racecar_neo' returned '0': PYTHONPATH=/home/racecar/racecar_ws/build/racecar_neo/prefix_override:/home/racecar/racecar_ws/install/racecar_neo/lib/python3.10/site-packages:${PYTHONPATH} /usr/bin/python3 setup.py egg_info --egg-base ../../build/racecar_neo build --build-base /home/racecar/racecar_ws/build/racecar_neo/build install --record /home/racecar/racecar_ws/build/racecar_neo/install.log --single-version-externally-managed
