[6.964s] DEBUG:colcon:Command line arguments: ['/usr/bin/colcon', 'build', '--symlink-install', '--packages-select', 'racecar_neo']
[6.965s] DEBUG:colcon:Parsed command line arguments: Namespace(log_base=None, log_level=None, verb_name='build', build_base='build', install_base='install', merge_install=False, symlink_install=True, test_result_base=None, continue_on_error=False, executor='parallel', parallel_workers=4, event_handlers=None, ignore_user_meta=False, metas=['./colcon.meta'], base_paths=['.'], packages_ignore=None, packages_ignore_regex=None, paths=None, packages_up_to=None, packages_up_to_regex=None, packages_above=None, packages_above_and_dependencies=None, packages_above_depth=None, packages_select_by_dep=None, packages_skip_by_dep=None, packages_skip_up_to=None, packages_select_build_failed=False, packages_skip_build_finished=False, packages_select_test_failures=False, packages_skip_test_passed=False, packages_select=['racecar_neo'], packages_skip=None, packages_select_regex=None, packages_skip_regex=None, packages_start=None, packages_end=None, allow_overriding=[], cmake_args=None, cmake_target=None, cmake_target_skip_unavailable=False, cmake_clean_cache=False, cmake_clean_first=False, cmake_force_configure=False, ament_cmake_args=None, catkin_cmake_args=None, catkin_skip_building_tests=False, verb_parser=<colcon_defaults.argument_parser.defaults.DefaultArgumentsDecorator object at 0xffffb4e80f70>, verb_extension=<colcon_core.verb.build.BuildVerb object at 0xffffb4d0f970>, main=<bound method BuildVerb.main of <colcon_core.verb.build.BuildVerb object at 0xffffb4d0f970>>)
[7.354s] Level 1:colcon.colcon_core.package_discovery:discover_packages(colcon_meta) check parameters
[7.355s] Level 1:colcon.colcon_core.package_discovery:discover_packages(recursive) check parameters
[7.355s] Level 1:colcon.colcon_core.package_discovery:discover_packages(ignore) check parameters
[7.355s] Level 1:colcon.colcon_core.package_discovery:discover_packages(path) check parameters
[7.355s] Level 1:colcon.colcon_core.package_discovery:discover_packages(colcon_meta) discover
[7.355s] Level 1:colcon.colcon_core.package_discovery:discover_packages(recursive) discover
[7.356s] INFO:colcon.colcon_core.package_discovery:Crawling recursively for packages in '/home/racecar/racecar_ws'
[7.356s] Level 1:colcon.colcon_core.package_identification:_identify(.) by extensions ['ignore', 'ignore_ament_install']
[7.356s] Level 1:colcon.colcon_core.package_identification:_identify(.) by extension 'ignore'
[7.357s] Level 1:colcon.colcon_core.package_identification:_identify(.) by extension 'ignore_ament_install'
[7.357s] Level 1:colcon.colcon_core.package_identification:_identify(.) by extensions ['colcon_pkg']
[7.357s] Level 1:colcon.colcon_core.package_identification:_identify(.) by extension 'colcon_pkg'
[7.357s] Level 1:colcon.colcon_core.package_identification:_identify(.) by extensions ['colcon_meta']
[7.357s] Level 1:colcon.colcon_core.package_identification:_identify(.) by extension 'colcon_meta'
[7.358s] Level 1:colcon.colcon_core.package_identification:_identify(.) by extensions ['ros']
[7.358s] Level 1:colcon.colcon_core.package_identification:_identify(.) by extension 'ros'
[7.402s] Level 1:colcon.colcon_core.package_identification:_identify(.) by extensions ['cmake', 'python']
[7.402s] Level 1:colcon.colcon_core.package_identification:_identify(.) by extension 'cmake'
[7.402s] Level 1:colcon.colcon_core.package_identification:_identify(.) by extension 'python'
[7.403s] Level 1:colcon.colcon_core.package_identification:_identify(.) by extensions ['python_setup_py']
[7.403s] Level 1:colcon.colcon_core.package_identification:_identify(.) by extension 'python_setup_py'
[7.403s] Level 1:colcon.colcon_core.package_identification:_identify(build) by extensions ['ignore', 'ignore_ament_install']
[7.404s] Level 1:colcon.colcon_core.package_identification:_identify(build) by extension 'ignore'
[7.404s] Level 1:colcon.colcon_core.package_identification:_identify(build) ignored
[7.405s] Level 1:colcon.colcon_core.package_identification:_identify(install) by extensions ['ignore', 'ignore_ament_install']
[7.405s] Level 1:colcon.colcon_core.package_identification:_identify(install) by extension 'ignore'
[7.405s] Level 1:colcon.colcon_core.package_identification:_identify(install) ignored
[7.406s] Level 1:colcon.colcon_core.package_identification:_identify(log) by extensions ['ignore', 'ignore_ament_install']
[7.407s] Level 1:colcon.colcon_core.package_identification:_identify(log) by extension 'ignore'
[7.407s] Level 1:colcon.colcon_core.package_identification:_identify(log) ignored
[7.407s] Level 1:colcon.colcon_core.package_identification:_identify(src) by extensions ['ignore', 'ignore_ament_install']
[7.408s] Level 1:colcon.colcon_core.package_identification:_identify(src) by extension 'ignore'
[7.408s] Level 1:colcon.colcon_core.package_identification:_identify(src) by extension 'ignore_ament_install'
[7.408s] Level 1:colcon.colcon_core.package_identification:_identify(src) by extensions ['colcon_pkg']
[7.408s] Level 1:colcon.colcon_core.package_identification:_identify(src) by extension 'colcon_pkg'
[7.408s] Level 1:colcon.colcon_core.package_identification:_identify(src) by extensions ['colcon_meta']
[7.408s] Level 1:colcon.colcon_core.package_identification:_identify(src) by extension 'colcon_meta'
[7.409s] Level 1:colcon.colcon_core.package_identification:_identify(src) by extensions ['ros']
[7.409s] Level 1:colcon.colcon_core.package_identification:_identify(src) by extension 'ros'
[7.409s] Level 1:colcon.colcon_core.package_identification:_identify(src) by extensions ['cmake', 'python']
[7.409s] Level 1:colcon.colcon_core.package_identification:_identify(src) by extension 'cmake'
[7.409s] Level 1:colcon.colcon_core.package_identification:_identify(src) by extension 'python'
[7.410s] Level 1:colcon.colcon_core.package_identification:_identify(src) by extensions ['python_setup_py']
[7.410s] Level 1:colcon.colcon_core.package_identification:_identify(src) by extension 'python_setup_py'
[7.410s] Level 1:colcon.colcon_core.package_identification:_identify(src/racecar_neo) by extensions ['ignore', 'ignore_ament_install']
[7.411s] Level 1:colcon.colcon_core.package_identification:_identify(src/racecar_neo) by extension 'ignore'
[7.411s] Level 1:colcon.colcon_core.package_identification:_identify(src/racecar_neo) by extension 'ignore_ament_install'
[7.411s] Level 1:colcon.colcon_core.package_identification:_identify(src/racecar_neo) by extensions ['colcon_pkg']
[7.411s] Level 1:colcon.colcon_core.package_identification:_identify(src/racecar_neo) by extension 'colcon_pkg'
[7.411s] Level 1:colcon.colcon_core.package_identification:_identify(src/racecar_neo) by extensions ['colcon_meta']
[7.411s] Level 1:colcon.colcon_core.package_identification:_identify(src/racecar_neo) by extension 'colcon_meta'
[7.412s] Level 1:colcon.colcon_core.package_identification:_identify(src/racecar_neo) by extensions ['ros']
[7.412s] Level 1:colcon.colcon_core.package_identification:_identify(src/racecar_neo) by extension 'ros'
[7.423s] DEBUG:colcon.colcon_core.package_identification:Package 'src/racecar_neo' with type 'ros.ament_python' and name 'racecar_neo'
[7.424s] Level 1:colcon.colcon_core.package_identification:_identify(src/ydlidar) by extensions ['ignore', 'ignore_ament_install']
[7.424s] Level 1:colcon.colcon_core.package_identification:_identify(src/ydlidar) by extension 'ignore'
[7.425s] Level 1:colcon.colcon_core.package_identification:_identify(src/ydlidar) by extension 'ignore_ament_install'
[7.425s] Level 1:colcon.colcon_core.package_identification:_identify(src/ydlidar) by extensions ['colcon_pkg']
[7.425s] Level 1:colcon.colcon_core.package_identification:_identify(src/ydlidar) by extension 'colcon_pkg'
[7.425s] Level 1:colcon.colcon_core.package_identification:_identify(src/ydlidar) by extensions ['colcon_meta']
[7.425s] Level 1:colcon.colcon_core.package_identification:_identify(src/ydlidar) by extension 'colcon_meta'
[7.426s] Level 1:colcon.colcon_core.package_identification:_identify(src/ydlidar) by extensions ['ros']
[7.426s] Level 1:colcon.colcon_core.package_identification:_identify(src/ydlidar) by extension 'ros'
[7.428s] DEBUG:colcon.colcon_core.package_identification:Package 'src/ydlidar' with type 'ros.ament_cmake' and name 'ydlidar_ros2_driver'
[7.429s] Level 1:colcon.colcon_core.package_discovery:discover_packages(recursive) using defaults
[7.429s] Level 1:colcon.colcon_core.package_discovery:discover_packages(ignore) discover
[7.429s] Level 1:colcon.colcon_core.package_discovery:discover_packages(ignore) using defaults
[7.429s] Level 1:colcon.colcon_core.package_discovery:discover_packages(path) discover
[7.429s] Level 1:colcon.colcon_core.package_discovery:discover_packages(path) using defaults
[7.936s] INFO:colcon.colcon_core.package_selection:Skipping not selected package 'ydlidar_ros2_driver' in 'src/ydlidar'
[8.162s] Level 1:colcon.colcon_core.package_discovery:discover_packages(prefix_path) check parameters
[8.162s] Level 1:colcon.colcon_core.package_discovery:discover_packages(prefix_path) discover
[8.355s] DEBUG:colcon.colcon_installed_package_information.package_discovery:Found 2 installed packages in /home/racecar/racecar_ws/install
[8.454s] DEBUG:colcon.colcon_installed_package_information.package_discovery:Found 282 installed packages in /opt/ros/iron
[8.459s] Level 1:colcon.colcon_core.package_discovery:discover_packages(prefix_path) using defaults
[8.868s] Level 5:colcon.colcon_core.verb:set package 'racecar_neo' build argument 'cmake_args' from command line to 'None'
[8.868s] Level 5:colcon.colcon_core.verb:set package 'racecar_neo' build argument 'cmake_target' from command line to 'None'
[8.868s] Level 5:colcon.colcon_core.verb:set package 'racecar_neo' build argument 'cmake_target_skip_unavailable' from command line to 'False'
[8.868s] Level 5:colcon.colcon_core.verb:set package 'racecar_neo' build argument 'cmake_clean_cache' from command line to 'False'
[8.868s] Level 5:colcon.colcon_core.verb:set package 'racecar_neo' build argument 'cmake_clean_first' from command line to 'False'
[8.868s] Level 5:colcon.colcon_core.verb:set package 'racecar_neo' build argument 'cmake_force_configure' from command line to 'False'
[8.869s] Level 5:colcon.colcon_core.verb:set package 'racecar_neo' build argument 'ament_cmake_args' from command line to 'None'
[8.869s] Level 5:colcon.colcon_core.verb:set package 'racecar_neo' build argument 'catkin_cmake_args' from command line to 'None'
[8.869s] Level 5:colcon.colcon_core.verb:set package 'racecar_neo' build argument 'catkin_skip_building_tests' from command line to 'False'
[8.869s] DEBUG:colcon.colcon_core.verb:Building package 'racecar_neo' with the following arguments: {'ament_cmake_args': None, 'build_base': '/home/racecar/racecar_ws/build/racecar_neo', 'catkin_cmake_args': None, 'catkin_skip_building_tests': False, 'cmake_args': None, 'cmake_clean_cache': False, 'cmake_clean_first': False, 'cmake_force_configure': False, 'cmake_target': None, 'cmake_target_skip_unavailable': False, 'install_base': '/home/racecar/racecar_ws/install/racecar_neo', 'merge_install': False, 'path': '/home/racecar/racecar_ws/src/racecar_neo', 'symlink_install': True, 'test_result_base': None}
[8.955s] INFO:colcon.colcon_core.executor:Executing jobs using 'parallel' executor
[9.044s] DEBUG:colcon.colcon_parallel_executor.executor.parallel:run_until_complete
[9.045s] INFO:colcon.colcon_ros.task.ament_python.build:Building ROS package in '/home/racecar/racecar_ws/src/racecar_neo' with build type 'ament_python'
[9.046s] Level 1:colcon.colcon_core.shell:create_environment_hook('racecar_neo', 'ament_prefix_path')
[9.186s] INFO:colcon.colcon_core.plugin_system:Skipping extension 'colcon_core.shell.bat': Not used on non-Windows systems
[9.188s] INFO:colcon.colcon_core.shell:Creating environment hook '/home/racecar/racecar_ws/install/racecar_neo/share/racecar_neo/hook/ament_prefix_path.ps1'
[9.193s] INFO:colcon.colcon_core.shell:Creating environment descriptor '/home/racecar/racecar_ws/install/racecar_neo/share/racecar_neo/hook/ament_prefix_path.dsv'
[9.197s] INFO:colcon.colcon_core.shell:Creating environment hook '/home/racecar/racecar_ws/install/racecar_neo/share/racecar_neo/hook/ament_prefix_path.sh'
[9.300s] INFO:colcon.colcon_core.shell:Skip shell extension 'powershell' for command environment: Not usable outside of PowerShell
[9.301s] DEBUG:colcon.colcon_core.shell:Skip shell extension 'dsv' for command environment
[11.170s] INFO:colcon.colcon_core.task.python.build:Building Python package in '/home/racecar/racecar_ws/src/racecar_neo'
[11.267s] INFO:colcon.colcon_core.shell:Skip shell extension 'powershell' for command environment: Not usable outside of PowerShell
[11.268s] DEBUG:colcon.colcon_core.shell:Skip shell extension 'dsv' for command environment
[13.960s] DEBUG:colcon.colcon_core.event_handler.log_command:Invoking command in '/home/racecar/racecar_ws/build/racecar_neo': PYTHONPATH=/home/racecar/racecar_ws/build/racecar_neo/prefix_override:/home/racecar/racecar_ws/install/racecar_neo/lib/python3.10/site-packages:${PYTHONPATH} /usr/bin/python3 setup.py develop --editable --build-directory /home/racecar/racecar_ws/build/racecar_neo/build --no-deps install_data
[17.036s] Level 1:colcon.colcon_core.shell:create_environment_hook('racecar_neo', 'pythonpath_develop')
[17.037s] DEBUG:colcon.colcon_core.event_handler.log_command:Invoked command in '/home/racecar/racecar_ws/build/racecar_neo' returned '0': PYTHONPATH=/home/racecar/racecar_ws/build/racecar_neo/prefix_override:/home/racecar/racecar_ws/install/racecar_neo/lib/python3.10/site-packages:${PYTHONPATH} /usr/bin/python3 setup.py develop --editable --build-directory /home/racecar/racecar_ws/build/racecar_neo/build --no-deps install_data
[17.145s] INFO:colcon.colcon_core.shell:Creating environment hook '/home/racecar/racecar_ws/build/racecar_neo/share/racecar_neo/hook/pythonpath_develop.ps1'
[17.151s] INFO:colcon.colcon_core.shell:Creating environment descriptor '/home/racecar/racecar_ws/build/racecar_neo/share/racecar_neo/hook/pythonpath_develop.dsv'
[17.153s] INFO:colcon.colcon_core.shell:Creating environment hook '/home/racecar/racecar_ws/build/racecar_neo/share/racecar_neo/hook/pythonpath_develop.sh'
[17.299s] Level 1:colcon.colcon_core.environment:checking '/home/racecar/racecar_ws/install/racecar_neo' for CMake module files
[17.302s] Level 1:colcon.colcon_core.environment:checking '/home/racecar/racecar_ws/install/racecar_neo' for CMake config files
[17.306s] Level 1:colcon.colcon_core.environment:checking '/home/racecar/racecar_ws/install/racecar_neo/lib'
[17.307s] Level 1:colcon.colcon_core.environment:checking '/home/racecar/racecar_ws/install/racecar_neo/bin'
[17.308s] Level 1:colcon.colcon_core.environment:checking '/home/racecar/racecar_ws/install/racecar_neo/lib/pkgconfig/racecar_neo.pc'
[17.309s] Level 1:colcon.colcon_core.environment:checking '/home/racecar/racecar_ws/install/racecar_neo/lib/python3.10/site-packages'
[17.309s] Level 1:colcon.colcon_core.shell:create_environment_hook('racecar_neo', 'pythonpath')
[17.403s] INFO:colcon.colcon_core.shell:Creating environment hook '/home/racecar/racecar_ws/install/racecar_neo/share/racecar_neo/hook/pythonpath.ps1'
[17.405s] INFO:colcon.colcon_core.shell:Creating environment descriptor '/home/racecar/racecar_ws/install/racecar_neo/share/racecar_neo/hook/pythonpath.dsv'
[17.407s] INFO:colcon.colcon_core.shell:Creating environment hook '/home/racecar/racecar_ws/install/racecar_neo/share/racecar_neo/hook/pythonpath.sh'
[17.409s] Level 1:colcon.colcon_core.environment:checking '/home/racecar/racecar_ws/install/racecar_neo/bin'
[17.410s] Level 1:colcon.colcon_core.environment:create_environment_scripts_only(racecar_neo)
[17.505s] INFO:colcon.colcon_core.shell:Creating package script '/home/racecar/racecar_ws/install/racecar_neo/share/racecar_neo/package.ps1'
[17.510s] INFO:colcon.colcon_core.shell:Creating package descriptor '/home/racecar/racecar_ws/install/racecar_neo/share/racecar_neo/package.dsv'
[17.515s] INFO:colcon.colcon_core.shell:Creating package script '/home/racecar/racecar_ws/install/racecar_neo/share/racecar_neo/package.sh'
[17.521s] INFO:colcon.colcon_core.shell:Creating package script '/home/racecar/racecar_ws/install/racecar_neo/share/racecar_neo/package.bash'
[17.527s] INFO:colcon.colcon_core.shell:Creating package script '/home/racecar/racecar_ws/install/racecar_neo/share/racecar_neo/package.zsh'
[17.535s] Level 1:colcon.colcon_core.environment:create_file_with_runtime_dependencies(/home/racecar/racecar_ws/install/racecar_neo/share/colcon-core/packages/racecar_neo)
[17.537s] DEBUG:colcon.colcon_parallel_executor.executor.parallel:closing loop
[17.539s] DEBUG:colcon.colcon_parallel_executor.executor.parallel:loop closed
[17.539s] DEBUG:colcon.colcon_parallel_executor.executor.parallel:run_until_complete finished with '0'
[17.540s] DEBUG:colcon.colcon_core.event_reactor:joining thread
[17.667s] INFO:colcon.colcon_core.plugin_system:Skipping extension 'colcon_notification.desktop_notification.terminal_notifier': Not used on non-Darwin systems
[17.667s] INFO:colcon.colcon_core.plugin_system:Skipping extension 'colcon_notification.desktop_notification.win32': Not used on non-Windows systems
[17.667s] INFO:colcon.colcon_notification.desktop_notification:Sending desktop notification using 'notify2'
[17.771s] DEBUG:colcon.colcon_core.event_reactor:joined thread
[17.961s] INFO:colcon.colcon_core.shell:Creating prefix script '/home/racecar/racecar_ws/install/local_setup.ps1'
[17.967s] INFO:colcon.colcon_core.shell:Creating prefix util module '/home/racecar/racecar_ws/install/_local_setup_util_ps1.py'
[17.975s] INFO:colcon.colcon_core.shell:Creating prefix chain script '/home/racecar/racecar_ws/install/setup.ps1'
[18.073s] INFO:colcon.colcon_core.shell:Creating prefix script '/home/racecar/racecar_ws/install/local_setup.sh'
[18.078s] INFO:colcon.colcon_core.shell:Creating prefix util module '/home/racecar/racecar_ws/install/_local_setup_util_sh.py'
[18.080s] INFO:colcon.colcon_core.shell:Creating prefix chain script '/home/racecar/racecar_ws/install/setup.sh'
[18.174s] INFO:colcon.colcon_core.shell:Creating prefix script '/home/racecar/racecar_ws/install/local_setup.bash'
[18.178s] INFO:colcon.colcon_core.shell:Creating prefix chain script '/home/racecar/racecar_ws/install/setup.bash'
[18.272s] INFO:colcon.colcon_core.shell:Creating prefix script '/home/racecar/racecar_ws/install/local_setup.zsh'
[18.276s] INFO:colcon.colcon_core.shell:Creating prefix chain script '/home/racecar/racecar_ws/install/setup.zsh'
