[0.390s] Invoking command in '/home/racecar/racecar_ws/build/ackermann_msgs': /usr/bin/cmake /home/racecar/racecar_ws/src/ackermann_msgs -DCATKIN_INSTALL_INTO_PREFIX_ROOT=0 -DCMAKE_INSTALL_PREFIX=/home/racecar/racecar_ws/install/ackermann_msgs
[0.606s] [31mCMake Error at CMakeLists.txt:4 (find_package):
[0.606s]   By not providing "Findcatkin.cmake" in CMAKE_MODULE_PATH this project has
[0.606s]   asked CMake to find a package configuration file provided by "catkin", but
[0.607s]   CMake did not find one.
[0.607s] 
[0.607s]   Could not find a package configuration file provided by "catkin" with any
[0.608s]   of the following names:
[0.608s] 
[0.608s]     catkinConfig.cmake
[0.609s]     catkin-config.cmake
[0.609s] 
[0.610s]   Add the installation prefix of "catkin" to CMAKE_PREFIX_PATH or set
[0.610s]   "catkin_DIR" to a directory containing one of the above files.  If "catkin"
[0.610s]   provides a separate development package or SDK, be sure it has been
[0.611s]   installed.
[0.612s] 
[0.614s] [0m
[0.614s] -- Configuring incomplete, errors occurred!
[0.615s] See also "/home/racecar/racecar_ws/build/ackermann_msgs/CMakeFiles/CMakeOutput.log".
[0.616s] Invoked command in '/home/racecar/racecar_ws/build/ackermann_msgs' returned '1': /usr/bin/cmake /home/racecar/racecar_ws/src/ackermann_msgs -DCATKIN_INSTALL_INTO_PREFIX_ROOT=0 -DCMAKE_INSTALL_PREFIX=/home/racecar/racecar_ws/install/ackermann_msgs
