[4.109s] Invoking command in '/home/racecar/racecar_ws/build/racecar_neo': PYTHONPATH=/home/racecar/racecar_ws/build/racecar_neo/prefix_override:/home/racecar/racecar_ws/install/racecar_neo/lib/python3.10/site-packages:${PYTHONPATH} /usr/bin/python3 setup.py develop --editable --build-directory /home/racecar/racecar_ws/build/racecar_neo/build --no-deps install_data
[5.514s] running develop
[6.604s] running egg_info
[6.604s] writing racecar_neo.egg-info/PKG-INFO
[6.605s] writing dependency_links to racecar_neo.egg-info/dependency_links.txt
[6.606s] writing entry points to racecar_neo.egg-info/entry_points.txt
[6.607s] writing requirements to racecar_neo.egg-info/requires.txt
[6.608s] writing top-level names to racecar_neo.egg-info/top_level.txt
[6.616s] reading manifest file 'racecar_neo.egg-info/SOURCES.txt'
[6.620s] writing manifest file 'racecar_neo.egg-info/SOURCES.txt'
[6.626s] running build_ext
[6.627s] Creating /home/racecar/racecar_ws/install/racecar_neo/lib/python3.10/site-packages/racecar-neo.egg-link (link to .)
[6.630s] Installing gamepad script to /home/racecar/racecar_ws/install/racecar_neo/lib/racecar_neo
[6.631s] Installing imu script to /home/racecar/racecar_ws/install/racecar_neo/lib/racecar_neo
[6.632s] Installing mux script to /home/racecar/racecar_ws/install/racecar_neo/lib/racecar_neo
[6.633s] Installing pwm script to /home/racecar/racecar_ws/install/racecar_neo/lib/racecar_neo
[6.633s] Installing throttle script to /home/racecar/racecar_ws/install/racecar_neo/lib/racecar_neo
[6.635s] 
[6.635s] Installed /home/racecar/racecar_ws/build/racecar_neo
[6.635s] running install_data
[6.798s] Invoked command in '/home/racecar/racecar_ws/build/racecar_neo' returned '0': PYTHONPATH=/home/racecar/racecar_ws/build/racecar_neo/prefix_override:/home/racecar/racecar_ws/install/racecar_neo/lib/python3.10/site-packages:${PYTHONPATH} /usr/bin/python3 setup.py develop --editable --build-directory /home/racecar/racecar_ws/build/racecar_neo/build --no-deps install_data
