[4.047s] Invoking command in '/home/racecar/racecar_ws/build/racecar_neo': PYTHONPATH=/home/racecar/racecar_ws/build/racecar_neo/prefix_override:/home/racecar/racecar_ws/install/racecar_neo/lib/python3.10/site-packages:${PYTHONPATH} /usr/bin/python3 setup.py develop --editable --build-directory /home/racecar/racecar_ws/build/racecar_neo/build --no-deps install_data
[5.420s] running develop
[6.487s] running egg_info
[6.488s] writing racecar_neo.egg-info/PKG-INFO
[6.489s] writing dependency_links to racecar_neo.egg-info/dependency_links.txt
[6.490s] writing entry points to racecar_neo.egg-info/entry_points.txt
[6.490s] writing requirements to racecar_neo.egg-info/requires.txt
[6.491s] writing top-level names to racecar_neo.egg-info/top_level.txt
[6.499s] reading manifest file 'racecar_neo.egg-info/SOURCES.txt'
[6.503s] writing manifest file 'racecar_neo.egg-info/SOURCES.txt'
[6.509s] running build_ext
[6.510s] Creating /home/racecar/racecar_ws/install/racecar_neo/lib/python3.10/site-packages/racecar-neo.egg-link (link to .)
[6.513s] Installing gamepad script to /home/racecar/racecar_ws/install/racecar_neo/lib/racecar_neo
[6.514s] Installing mux script to /home/racecar/racecar_ws/install/racecar_neo/lib/racecar_neo
[6.515s] Installing pwm script to /home/racecar/racecar_ws/install/racecar_neo/lib/racecar_neo
[6.515s] Installing throttle script to /home/racecar/racecar_ws/install/racecar_neo/lib/racecar_neo
[6.517s] 
[6.517s] Installed /home/racecar/racecar_ws/build/racecar_neo
[6.517s] running install_data
[6.683s] Invoked command in '/home/racecar/racecar_ws/build/racecar_neo' returned '0': PYTHONPATH=/home/racecar/racecar_ws/build/racecar_neo/prefix_override:/home/racecar/racecar_ws/install/racecar_neo/lib/python3.10/site-packages:${PYTHONPATH} /usr/bin/python3 setup.py develop --editable --build-directory /home/racecar/racecar_ws/build/racecar_neo/build --no-deps install_data
