[5.543s] DEBUG:colcon:Command line arguments: ['/usr/bin/colcon', 'build', '--symlink-install']
[5.543s] DEBUG:colcon:Parsed command line arguments: Namespace(log_base=None, log_level=None, verb_name='build', build_base='build', install_base='install', merge_install=False, symlink_install=True, test_result_base=None, continue_on_error=False, executor='parallel', parallel_workers=4, event_handlers=None, ignore_user_meta=False, metas=['./colcon.meta'], base_paths=['.'], packages_ignore=None, packages_ignore_regex=None, paths=None, packages_up_to=None, packages_up_to_regex=None, packages_above=None, packages_above_and_dependencies=None, packages_above_depth=None, packages_select_by_dep=None, packages_skip_by_dep=None, packages_skip_up_to=None, packages_select_build_failed=False, packages_skip_build_finished=False, packages_select_test_failures=False, packages_skip_test_passed=False, packages_select=None, packages_skip=None, packages_select_regex=None, packages_skip_regex=None, packages_start=None, packages_end=None, allow_overriding=[], cmake_args=None, cmake_target=None, cmake_target_skip_unavailable=False, cmake_clean_cache=False, cmake_clean_first=False, cmake_force_configure=False, ament_cmake_args=None, catkin_cmake_args=None, catkin_skip_building_tests=False, verb_parser=<colcon_defaults.argument_parser.defaults.DefaultArgumentsDecorator object at 0xffff9feece20>, verb_extension=<colcon_core.verb.build.BuildVerb object at 0xffffa03a4550>, main=<bound method BuildVerb.main of <colcon_core.verb.build.BuildVerb object at 0xffffa03a4550>>)
[5.776s] Level 1:colcon.colcon_core.package_discovery:discover_packages(colcon_meta) check parameters
[5.776s] Level 1:colcon.colcon_core.package_discovery:discover_packages(recursive) check parameters
[5.776s] Level 1:colcon.colcon_core.package_discovery:discover_packages(ignore) check parameters
[5.777s] Level 1:colcon.colcon_core.package_discovery:discover_packages(path) check parameters
[5.777s] Level 1:colcon.colcon_core.package_discovery:discover_packages(colcon_meta) discover
[5.777s] Level 1:colcon.colcon_core.package_discovery:discover_packages(recursive) discover
[5.777s] INFO:colcon.colcon_core.package_discovery:Crawling recursively for packages in '/home/racecar/racecar_ws'
[5.777s] Level 1:colcon.colcon_core.package_identification:_identify(.) by extensions ['ignore', 'ignore_ament_install']
[5.778s] Level 1:colcon.colcon_core.package_identification:_identify(.) by extension 'ignore'
[5.778s] Level 1:colcon.colcon_core.package_identification:_identify(.) by extension 'ignore_ament_install'
[5.779s] Level 1:colcon.colcon_core.package_identification:_identify(.) by extensions ['colcon_pkg']
[5.779s] Level 1:colcon.colcon_core.package_identification:_identify(.) by extension 'colcon_pkg'
[5.779s] Level 1:colcon.colcon_core.package_identification:_identify(.) by extensions ['colcon_meta']
[5.779s] Level 1:colcon.colcon_core.package_identification:_identify(.) by extension 'colcon_meta'
[5.779s] Level 1:colcon.colcon_core.package_identification:_identify(.) by extensions ['ros']
[5.779s] Level 1:colcon.colcon_core.package_identification:_identify(.) by extension 'ros'
[5.826s] Level 1:colcon.colcon_core.package_identification:_identify(.) by extensions ['cmake', 'python']
[5.826s] Level 1:colcon.colcon_core.package_identification:_identify(.) by extension 'cmake'
[5.826s] Level 1:colcon.colcon_core.package_identification:_identify(.) by extension 'python'
[5.827s] Level 1:colcon.colcon_core.package_identification:_identify(.) by extensions ['python_setup_py']
[5.827s] Level 1:colcon.colcon_core.package_identification:_identify(.) by extension 'python_setup_py'
[5.827s] Level 1:colcon.colcon_core.package_identification:_identify(build) by extensions ['ignore', 'ignore_ament_install']
[5.828s] Level 1:colcon.colcon_core.package_identification:_identify(build) by extension 'ignore'
[5.828s] Level 1:colcon.colcon_core.package_identification:_identify(build) ignored
[5.828s] Level 1:colcon.colcon_core.package_identification:_identify(install) by extensions ['ignore', 'ignore_ament_install']
[5.829s] Level 1:colcon.colcon_core.package_identification:_identify(install) by extension 'ignore'
[5.829s] Level 1:colcon.colcon_core.package_identification:_identify(install) ignored
[5.830s] Level 1:colcon.colcon_core.package_identification:_identify(log) by extensions ['ignore', 'ignore_ament_install']
[5.830s] Level 1:colcon.colcon_core.package_identification:_identify(log) by extension 'ignore'
[5.830s] Level 1:colcon.colcon_core.package_identification:_identify(log) ignored
[5.831s] Level 1:colcon.colcon_core.package_identification:_identify(src) by extensions ['ignore', 'ignore_ament_install']
[5.831s] Level 1:colcon.colcon_core.package_identification:_identify(src) by extension 'ignore'
[5.831s] Level 1:colcon.colcon_core.package_identification:_identify(src) by extension 'ignore_ament_install'
[5.831s] Level 1:colcon.colcon_core.package_identification:_identify(src) by extensions ['colcon_pkg']
[5.832s] Level 1:colcon.colcon_core.package_identification:_identify(src) by extension 'colcon_pkg'
[5.832s] Level 1:colcon.colcon_core.package_identification:_identify(src) by extensions ['colcon_meta']
[5.832s] Level 1:colcon.colcon_core.package_identification:_identify(src) by extension 'colcon_meta'
[5.832s] Level 1:colcon.colcon_core.package_identification:_identify(src) by extensions ['ros']
[5.832s] Level 1:colcon.colcon_core.package_identification:_identify(src) by extension 'ros'
[5.832s] Level 1:colcon.colcon_core.package_identification:_identify(src) by extensions ['cmake', 'python']
[5.833s] Level 1:colcon.colcon_core.package_identification:_identify(src) by extension 'cmake'
[5.833s] Level 1:colcon.colcon_core.package_identification:_identify(src) by extension 'python'
[5.833s] Level 1:colcon.colcon_core.package_identification:_identify(src) by extensions ['python_setup_py']
[5.833s] Level 1:colcon.colcon_core.package_identification:_identify(src) by extension 'python_setup_py'
[5.833s] Level 1:colcon.colcon_core.package_identification:_identify(src/racecar_neo) by extensions ['ignore', 'ignore_ament_install']
[5.834s] Level 1:colcon.colcon_core.package_identification:_identify(src/racecar_neo) by extension 'ignore'
[5.834s] Level 1:colcon.colcon_core.package_identification:_identify(src/racecar_neo) by extension 'ignore_ament_install'
[5.834s] Level 1:colcon.colcon_core.package_identification:_identify(src/racecar_neo) by extensions ['colcon_pkg']
[5.834s] Level 1:colcon.colcon_core.package_identification:_identify(src/racecar_neo) by extension 'colcon_pkg'
[5.834s] Level 1:colcon.colcon_core.package_identification:_identify(src/racecar_neo) by extensions ['colcon_meta']
[5.835s] Level 1:colcon.colcon_core.package_identification:_identify(src/racecar_neo) by extension 'colcon_meta'
[5.835s] Level 1:colcon.colcon_core.package_identification:_identify(src/racecar_neo) by extensions ['ros']
[5.835s] Level 1:colcon.colcon_core.package_identification:_identify(src/racecar_neo) by extension 'ros'
[5.845s] DEBUG:colcon.colcon_core.package_identification:Package 'src/racecar_neo' with type 'ros.ament_python' and name 'racecar_neo'
[5.845s] Level 1:colcon.colcon_core.package_identification:_identify(src/ydlidar) by extensions ['ignore', 'ignore_ament_install']
[5.846s] Level 1:colcon.colcon_core.package_identification:_identify(src/ydlidar) by extension 'ignore'
[5.846s] Level 1:colcon.colcon_core.package_identification:_identify(src/ydlidar) by extension 'ignore_ament_install'
[5.846s] Level 1:colcon.colcon_core.package_identification:_identify(src/ydlidar) by extensions ['colcon_pkg']
[5.846s] Level 1:colcon.colcon_core.package_identification:_identify(src/ydlidar) by extension 'colcon_pkg'
[5.846s] Level 1:colcon.colcon_core.package_identification:_identify(src/ydlidar) by extensions ['colcon_meta']
[5.847s] Level 1:colcon.colcon_core.package_identification:_identify(src/ydlidar) by extension 'colcon_meta'
[5.847s] Level 1:colcon.colcon_core.package_identification:_identify(src/ydlidar) by extensions ['ros']
[5.847s] Level 1:colcon.colcon_core.package_identification:_identify(src/ydlidar) by extension 'ros'
[5.849s] DEBUG:colcon.colcon_core.package_identification:Package 'src/ydlidar' with type 'ros.ament_cmake' and name 'ydlidar_ros2_driver'
[5.849s] Level 1:colcon.colcon_core.package_discovery:discover_packages(recursive) using defaults
[5.850s] Level 1:colcon.colcon_core.package_discovery:discover_packages(ignore) discover
[5.850s] Level 1:colcon.colcon_core.package_discovery:discover_packages(ignore) using defaults
[5.850s] Level 1:colcon.colcon_core.package_discovery:discover_packages(path) discover
[5.850s] Level 1:colcon.colcon_core.package_discovery:discover_packages(path) using defaults
[6.318s] Level 1:colcon.colcon_core.package_discovery:discover_packages(prefix_path) check parameters
[6.318s] Level 1:colcon.colcon_core.package_discovery:discover_packages(prefix_path) discover
[6.526s] DEBUG:colcon.colcon_installed_package_information.package_discovery:Found 2 installed packages in /home/racecar/racecar_ws/install
[6.615s] DEBUG:colcon.colcon_installed_package_information.package_discovery:Found 282 installed packages in /opt/ros/iron
[6.621s] Level 1:colcon.colcon_core.package_discovery:discover_packages(prefix_path) using defaults
[7.005s] Level 5:colcon.colcon_core.verb:set package 'racecar_neo' build argument 'cmake_args' from command line to 'None'
[7.005s] Level 5:colcon.colcon_core.verb:set package 'racecar_neo' build argument 'cmake_target' from command line to 'None'
[7.005s] Level 5:colcon.colcon_core.verb:set package 'racecar_neo' build argument 'cmake_target_skip_unavailable' from command line to 'False'
[7.005s] Level 5:colcon.colcon_core.verb:set package 'racecar_neo' build argument 'cmake_clean_cache' from command line to 'False'
[7.005s] Level 5:colcon.colcon_core.verb:set package 'racecar_neo' build argument 'cmake_clean_first' from command line to 'False'
[7.005s] Level 5:colcon.colcon_core.verb:set package 'racecar_neo' build argument 'cmake_force_configure' from command line to 'False'
[7.005s] Level 5:colcon.colcon_core.verb:set package 'racecar_neo' build argument 'ament_cmake_args' from command line to 'None'
[7.006s] Level 5:colcon.colcon_core.verb:set package 'racecar_neo' build argument 'catkin_cmake_args' from command line to 'None'
[7.006s] Level 5:colcon.colcon_core.verb:set package 'racecar_neo' build argument 'catkin_skip_building_tests' from command line to 'False'
[7.006s] DEBUG:colcon.colcon_core.verb:Building package 'racecar_neo' with the following arguments: {'ament_cmake_args': None, 'build_base': '/home/racecar/racecar_ws/build/racecar_neo', 'catkin_cmake_args': None, 'catkin_skip_building_tests': False, 'cmake_args': None, 'cmake_clean_cache': False, 'cmake_clean_first': False, 'cmake_force_configure': False, 'cmake_target': None, 'cmake_target_skip_unavailable': False, 'install_base': '/home/racecar/racecar_ws/install/racecar_neo', 'merge_install': False, 'path': '/home/racecar/racecar_ws/src/racecar_neo', 'symlink_install': True, 'test_result_base': None}
[7.085s] Level 5:colcon.colcon_core.verb:set package 'ydlidar_ros2_driver' build argument 'cmake_args' from command line to 'None'
[7.086s] Level 5:colcon.colcon_core.verb:set package 'ydlidar_ros2_driver' build argument 'cmake_target' from command line to 'None'
[7.086s] Level 5:colcon.colcon_core.verb:set package 'ydlidar_ros2_driver' build argument 'cmake_target_skip_unavailable' from command line to 'False'
[7.086s] Level 5:colcon.colcon_core.verb:set package 'ydlidar_ros2_driver' build argument 'cmake_clean_cache' from command line to 'False'
[7.086s] Level 5:colcon.colcon_core.verb:set package 'ydlidar_ros2_driver' build argument 'cmake_clean_first' from command line to 'False'
[7.086s] Level 5:colcon.colcon_core.verb:set package 'ydlidar_ros2_driver' build argument 'cmake_force_configure' from command line to 'False'
[7.086s] Level 5:colcon.colcon_core.verb:set package 'ydlidar_ros2_driver' build argument 'ament_cmake_args' from command line to 'None'
[7.086s] Level 5:colcon.colcon_core.verb:set package 'ydlidar_ros2_driver' build argument 'catkin_cmake_args' from command line to 'None'
[7.086s] Level 5:colcon.colcon_core.verb:set package 'ydlidar_ros2_driver' build argument 'catkin_skip_building_tests' from command line to 'False'
[7.087s] DEBUG:colcon.colcon_core.verb:Building package 'ydlidar_ros2_driver' with the following arguments: {'ament_cmake_args': None, 'build_base': '/home/racecar/racecar_ws/build/ydlidar_ros2_driver', 'catkin_cmake_args': None, 'catkin_skip_building_tests': False, 'cmake_args': None, 'cmake_clean_cache': False, 'cmake_clean_first': False, 'cmake_force_configure': False, 'cmake_target': None, 'cmake_target_skip_unavailable': False, 'install_base': '/home/racecar/racecar_ws/install/ydlidar_ros2_driver', 'merge_install': False, 'path': '/home/racecar/racecar_ws/src/ydlidar', 'symlink_install': True, 'test_result_base': None}
[7.166s] INFO:colcon.colcon_core.executor:Executing jobs using 'parallel' executor
[7.247s] DEBUG:colcon.colcon_parallel_executor.executor.parallel:run_until_complete
[7.248s] INFO:colcon.colcon_ros.task.ament_python.build:Building ROS package in '/home/racecar/racecar_ws/src/racecar_neo' with build type 'ament_python'
[7.249s] Level 1:colcon.colcon_core.shell:create_environment_hook('racecar_neo', 'ament_prefix_path')
[7.348s] INFO:colcon.colcon_core.plugin_system:Skipping extension 'colcon_core.shell.bat': Not used on non-Windows systems
[7.349s] INFO:colcon.colcon_core.shell:Creating environment hook '/home/racecar/racecar_ws/install/racecar_neo/share/racecar_neo/hook/ament_prefix_path.ps1'
[7.352s] INFO:colcon.colcon_core.shell:Creating environment descriptor '/home/racecar/racecar_ws/install/racecar_neo/share/racecar_neo/hook/ament_prefix_path.dsv'
[7.354s] INFO:colcon.colcon_core.shell:Creating environment hook '/home/racecar/racecar_ws/install/racecar_neo/share/racecar_neo/hook/ament_prefix_path.sh'
[7.446s] INFO:colcon.colcon_core.shell:Skip shell extension 'powershell' for command environment: Not usable outside of PowerShell
[7.447s] DEBUG:colcon.colcon_core.shell:Skip shell extension 'dsv' for command environment
[7.723s] INFO:colcon.colcon_ros.task.ament_cmake.build:Building ROS package in '/home/racecar/racecar_ws/src/ydlidar' with build type 'ament_cmake'
[7.723s] INFO:colcon.colcon_cmake.task.cmake.build:Building CMake package in '/home/racecar/racecar_ws/src/ydlidar'
[7.823s] INFO:colcon.colcon_core.shell:Skip shell extension 'powershell' for command environment: Not usable outside of PowerShell
[7.823s] DEBUG:colcon.colcon_core.shell:Skip shell extension 'dsv' for command environment
[9.554s] INFO:colcon.colcon_core.task.python.build:Building Python package in '/home/racecar/racecar_ws/src/racecar_neo'
[9.642s] INFO:colcon.colcon_core.shell:Skip shell extension 'powershell' for command environment: Not usable outside of PowerShell
[9.642s] DEBUG:colcon.colcon_core.shell:Skip shell extension 'dsv' for command environment
[9.928s] DEBUG:colcon.colcon_core.event_handler.log_command:Invoking command in '/home/racecar/racecar_ws/build/ydlidar_ros2_driver': CMAKE_PREFIX_PATH=${CMAKE_PREFIX_PATH}:/home/racecar/racecar_ws/install/racecar_neo:/opt/ros/iron /usr/bin/cmake --build /home/racecar/racecar_ws/build/ydlidar_ros2_driver -- -j4 -l4
[12.076s] DEBUG:colcon.colcon_core.event_handler.log_command:Invoking command in '/home/racecar/racecar_ws/build/racecar_neo': PYTHONPATH=/home/racecar/racecar_ws/build/racecar_neo/prefix_override:/home/racecar/racecar_ws/install/racecar_neo/lib/python3.10/site-packages:${PYTHONPATH} /usr/bin/python3 setup.py develop --editable --build-directory /home/racecar/racecar_ws/build/racecar_neo/build --no-deps install_data
[16.077s] Level 1:colcon.colcon_core.shell:create_environment_hook('racecar_neo', 'pythonpath_develop')
[16.079s] DEBUG:colcon.colcon_core.event_handler.log_command:Invoked command in '/home/racecar/racecar_ws/build/racecar_neo' returned '0': PYTHONPATH=/home/racecar/racecar_ws/build/racecar_neo/prefix_override:/home/racecar/racecar_ws/install/racecar_neo/lib/python3.10/site-packages:${PYTHONPATH} /usr/bin/python3 setup.py develop --editable --build-directory /home/racecar/racecar_ws/build/racecar_neo/build --no-deps install_data
[16.218s] INFO:colcon.colcon_core.shell:Creating environment hook '/home/racecar/racecar_ws/build/racecar_neo/share/racecar_neo/hook/pythonpath_develop.ps1'
[16.221s] INFO:colcon.colcon_core.shell:Creating environment descriptor '/home/racecar/racecar_ws/build/racecar_neo/share/racecar_neo/hook/pythonpath_develop.dsv'
[16.223s] INFO:colcon.colcon_core.shell:Creating environment hook '/home/racecar/racecar_ws/build/racecar_neo/share/racecar_neo/hook/pythonpath_develop.sh'
[16.417s] Level 1:colcon.colcon_core.environment:checking '/home/racecar/racecar_ws/install/racecar_neo' for CMake module files
[16.420s] Level 1:colcon.colcon_core.environment:checking '/home/racecar/racecar_ws/install/racecar_neo' for CMake config files
[16.424s] Level 1:colcon.colcon_core.environment:checking '/home/racecar/racecar_ws/install/racecar_neo/lib'
[16.426s] Level 1:colcon.colcon_core.environment:checking '/home/racecar/racecar_ws/install/racecar_neo/bin'
[16.427s] Level 1:colcon.colcon_core.environment:checking '/home/racecar/racecar_ws/install/racecar_neo/lib/pkgconfig/racecar_neo.pc'
[16.428s] Level 1:colcon.colcon_core.environment:checking '/home/racecar/racecar_ws/install/racecar_neo/lib/python3.10/site-packages'
[16.428s] Level 1:colcon.colcon_core.shell:create_environment_hook('racecar_neo', 'pythonpath')
[16.570s] INFO:colcon.colcon_core.shell:Creating environment hook '/home/racecar/racecar_ws/install/racecar_neo/share/racecar_neo/hook/pythonpath.ps1'
[16.574s] INFO:colcon.colcon_core.shell:Creating environment descriptor '/home/racecar/racecar_ws/install/racecar_neo/share/racecar_neo/hook/pythonpath.dsv'
[16.577s] INFO:colcon.colcon_core.shell:Creating environment hook '/home/racecar/racecar_ws/install/racecar_neo/share/racecar_neo/hook/pythonpath.sh'
[16.580s] Level 1:colcon.colcon_core.environment:checking '/home/racecar/racecar_ws/install/racecar_neo/bin'
[16.581s] Level 1:colcon.colcon_core.environment:create_environment_scripts_only(racecar_neo)
[16.718s] INFO:colcon.colcon_core.shell:Creating package script '/home/racecar/racecar_ws/install/racecar_neo/share/racecar_neo/package.ps1'
[16.722s] INFO:colcon.colcon_core.shell:Creating package descriptor '/home/racecar/racecar_ws/install/racecar_neo/share/racecar_neo/package.dsv'
[16.726s] INFO:colcon.colcon_core.shell:Creating package script '/home/racecar/racecar_ws/install/racecar_neo/share/racecar_neo/package.sh'
[16.730s] INFO:colcon.colcon_core.shell:Creating package script '/home/racecar/racecar_ws/install/racecar_neo/share/racecar_neo/package.bash'
[16.733s] INFO:colcon.colcon_core.shell:Creating package script '/home/racecar/racecar_ws/install/racecar_neo/share/racecar_neo/package.zsh'
[16.737s] Level 1:colcon.colcon_core.environment:create_file_with_runtime_dependencies(/home/racecar/racecar_ws/install/racecar_neo/share/colcon-core/packages/racecar_neo)
[34.779s] DEBUG:colcon.colcon_core.event_handler.log_command:Invoked command in '/home/racecar/racecar_ws/build/ydlidar_ros2_driver' returned '0': CMAKE_PREFIX_PATH=${CMAKE_PREFIX_PATH}:/home/racecar/racecar_ws/install/racecar_neo:/opt/ros/iron /usr/bin/cmake --build /home/racecar/racecar_ws/build/ydlidar_ros2_driver -- -j4 -l4
[34.961s] DEBUG:colcon.colcon_core.event_handler.log_command:Invoking command in '/home/racecar/racecar_ws/build/ydlidar_ros2_driver': CMAKE_PREFIX_PATH=${CMAKE_PREFIX_PATH}:/home/racecar/racecar_ws/install/racecar_neo:/opt/ros/iron /usr/bin/cmake --install /home/racecar/racecar_ws/build/ydlidar_ros2_driver
[35.057s] Level 1:colcon.colcon_core.environment:create_environment_scripts_only(ydlidar_ros2_driver)
[35.059s] DEBUG:colcon.colcon_core.event_handler.log_command:Invoked command in '/home/racecar/racecar_ws/build/ydlidar_ros2_driver' returned '0': CMAKE_PREFIX_PATH=${CMAKE_PREFIX_PATH}:/home/racecar/racecar_ws/install/racecar_neo:/opt/ros/iron /usr/bin/cmake --install /home/racecar/racecar_ws/build/ydlidar_ros2_driver
[35.147s] Level 1:colcon.colcon_core.environment:checking '/home/racecar/racecar_ws/install/ydlidar_ros2_driver' for CMake module files
[35.150s] Level 1:colcon.colcon_core.environment:checking '/home/racecar/racecar_ws/install/ydlidar_ros2_driver' for CMake config files
[35.154s] Level 1:colcon.colcon_core.shell:create_environment_hook('ydlidar_ros2_driver', 'cmake_prefix_path')
[35.240s] INFO:colcon.colcon_core.shell:Creating environment hook '/home/racecar/racecar_ws/install/ydlidar_ros2_driver/share/ydlidar_ros2_driver/hook/cmake_prefix_path.ps1'
[35.242s] INFO:colcon.colcon_core.shell:Creating environment descriptor '/home/racecar/racecar_ws/install/ydlidar_ros2_driver/share/ydlidar_ros2_driver/hook/cmake_prefix_path.dsv'
[35.244s] INFO:colcon.colcon_core.shell:Creating environment hook '/home/racecar/racecar_ws/install/ydlidar_ros2_driver/share/ydlidar_ros2_driver/hook/cmake_prefix_path.sh'
[35.246s] Level 1:colcon.colcon_core.environment:checking '/home/racecar/racecar_ws/install/ydlidar_ros2_driver/lib'
[35.247s] Level 1:colcon.colcon_core.environment:checking '/home/racecar/racecar_ws/install/ydlidar_ros2_driver/bin'
[35.247s] Level 1:colcon.colcon_core.environment:checking '/home/racecar/racecar_ws/install/ydlidar_ros2_driver/lib/pkgconfig/ydlidar_ros2_driver.pc'
[35.248s] Level 1:colcon.colcon_core.environment:checking '/home/racecar/racecar_ws/install/ydlidar_ros2_driver/lib/python3.10/site-packages'
[35.249s] Level 1:colcon.colcon_core.environment:checking '/home/racecar/racecar_ws/install/ydlidar_ros2_driver/bin'
[35.337s] INFO:colcon.colcon_core.shell:Creating package script '/home/racecar/racecar_ws/install/ydlidar_ros2_driver/share/ydlidar_ros2_driver/package.ps1'
[35.339s] INFO:colcon.colcon_core.shell:Creating package descriptor '/home/racecar/racecar_ws/install/ydlidar_ros2_driver/share/ydlidar_ros2_driver/package.dsv'
[35.341s] INFO:colcon.colcon_core.shell:Creating package script '/home/racecar/racecar_ws/install/ydlidar_ros2_driver/share/ydlidar_ros2_driver/package.sh'
[35.343s] INFO:colcon.colcon_core.shell:Creating package script '/home/racecar/racecar_ws/install/ydlidar_ros2_driver/share/ydlidar_ros2_driver/package.bash'
[35.345s] INFO:colcon.colcon_core.shell:Creating package script '/home/racecar/racecar_ws/install/ydlidar_ros2_driver/share/ydlidar_ros2_driver/package.zsh'
[35.346s] Level 1:colcon.colcon_core.environment:create_file_with_runtime_dependencies(/home/racecar/racecar_ws/install/ydlidar_ros2_driver/share/colcon-core/packages/ydlidar_ros2_driver)
[35.582s] Level 1:colcon.colcon_core.environment:create_environment_scripts_only(ydlidar_ros2_driver)
[35.669s] Level 1:colcon.colcon_core.environment:checking '/home/racecar/racecar_ws/install/ydlidar_ros2_driver' for CMake module files
[35.673s] Level 1:colcon.colcon_core.environment:checking '/home/racecar/racecar_ws/install/ydlidar_ros2_driver' for CMake config files
[35.676s] Level 1:colcon.colcon_core.shell:create_environment_hook('ydlidar_ros2_driver', 'cmake_prefix_path')
[35.762s] INFO:colcon.colcon_core.shell:Creating environment hook '/home/racecar/racecar_ws/install/ydlidar_ros2_driver/share/ydlidar_ros2_driver/hook/cmake_prefix_path.ps1'
[35.764s] INFO:colcon.colcon_core.shell:Creating environment descriptor '/home/racecar/racecar_ws/install/ydlidar_ros2_driver/share/ydlidar_ros2_driver/hook/cmake_prefix_path.dsv'
[35.765s] INFO:colcon.colcon_core.shell:Creating environment hook '/home/racecar/racecar_ws/install/ydlidar_ros2_driver/share/ydlidar_ros2_driver/hook/cmake_prefix_path.sh'
[35.768s] Level 1:colcon.colcon_core.environment:checking '/home/racecar/racecar_ws/install/ydlidar_ros2_driver/lib'
[35.768s] Level 1:colcon.colcon_core.environment:checking '/home/racecar/racecar_ws/install/ydlidar_ros2_driver/bin'
[35.769s] Level 1:colcon.colcon_core.environment:checking '/home/racecar/racecar_ws/install/ydlidar_ros2_driver/lib/pkgconfig/ydlidar_ros2_driver.pc'
[35.770s] Level 1:colcon.colcon_core.environment:checking '/home/racecar/racecar_ws/install/ydlidar_ros2_driver/lib/python3.10/site-packages'
[35.771s] Level 1:colcon.colcon_core.environment:checking '/home/racecar/racecar_ws/install/ydlidar_ros2_driver/bin'
[35.858s] INFO:colcon.colcon_core.shell:Creating package script '/home/racecar/racecar_ws/install/ydlidar_ros2_driver/share/ydlidar_ros2_driver/package.ps1'
[35.860s] INFO:colcon.colcon_core.shell:Creating package descriptor '/home/racecar/racecar_ws/install/ydlidar_ros2_driver/share/ydlidar_ros2_driver/package.dsv'
[35.863s] INFO:colcon.colcon_core.shell:Creating package script '/home/racecar/racecar_ws/install/ydlidar_ros2_driver/share/ydlidar_ros2_driver/package.sh'
[35.865s] INFO:colcon.colcon_core.shell:Creating package script '/home/racecar/racecar_ws/install/ydlidar_ros2_driver/share/ydlidar_ros2_driver/package.bash'
[35.867s] INFO:colcon.colcon_core.shell:Creating package script '/home/racecar/racecar_ws/install/ydlidar_ros2_driver/share/ydlidar_ros2_driver/package.zsh'
[35.869s] Level 1:colcon.colcon_core.environment:create_file_with_runtime_dependencies(/home/racecar/racecar_ws/install/ydlidar_ros2_driver/share/colcon-core/packages/ydlidar_ros2_driver)
[35.870s] DEBUG:colcon.colcon_parallel_executor.executor.parallel:closing loop
[35.872s] DEBUG:colcon.colcon_parallel_executor.executor.parallel:loop closed
[35.872s] DEBUG:colcon.colcon_parallel_executor.executor.parallel:run_until_complete finished with '0'
[35.873s] DEBUG:colcon.colcon_core.event_reactor:joining thread
[35.982s] INFO:colcon.colcon_core.plugin_system:Skipping extension 'colcon_notification.desktop_notification.terminal_notifier': Not used on non-Darwin systems
[35.983s] INFO:colcon.colcon_core.plugin_system:Skipping extension 'colcon_notification.desktop_notification.win32': Not used on non-Windows systems
[35.983s] INFO:colcon.colcon_notification.desktop_notification:Sending desktop notification using 'notify2'
[36.039s] DEBUG:colcon.colcon_core.event_reactor:joined thread
[36.154s] INFO:colcon.colcon_core.shell:Creating prefix script '/home/racecar/racecar_ws/install/local_setup.ps1'
[36.158s] INFO:colcon.colcon_core.shell:Creating prefix util module '/home/racecar/racecar_ws/install/_local_setup_util_ps1.py'
[36.163s] INFO:colcon.colcon_core.shell:Creating prefix chain script '/home/racecar/racecar_ws/install/setup.ps1'
[36.257s] INFO:colcon.colcon_core.shell:Creating prefix script '/home/racecar/racecar_ws/install/local_setup.sh'
[36.259s] INFO:colcon.colcon_core.shell:Creating prefix util module '/home/racecar/racecar_ws/install/_local_setup_util_sh.py'
[36.261s] INFO:colcon.colcon_core.shell:Creating prefix chain script '/home/racecar/racecar_ws/install/setup.sh'
[36.345s] INFO:colcon.colcon_core.shell:Creating prefix script '/home/racecar/racecar_ws/install/local_setup.bash'
[36.347s] INFO:colcon.colcon_core.shell:Creating prefix chain script '/home/racecar/racecar_ws/install/setup.bash'
[36.440s] INFO:colcon.colcon_core.shell:Creating prefix script '/home/racecar/racecar_ws/install/local_setup.zsh'
[36.443s] INFO:colcon.colcon_core.shell:Creating prefix chain script '/home/racecar/racecar_ws/install/setup.zsh'
