[2.182s] Invoking command in '/home/racecar/racecar_ws/build/ydlidar_ros2_driver': CMAKE_PREFIX_PATH=${CMAKE_PREFIX_PATH}:/home/racecar/racecar_ws/install/racecar_neo:/opt/ros/iron /usr/bin/cmake /home/racecar/racecar_ws/src/ydlidar -DCMAKE_INSTALL_PREFIX=/home/racecar/racecar_ws/install/ydlidar_ros2_driver
[2.250s] -- Found ament_cmake: 2.0.3 (/opt/ros/iron/share/ament_cmake/cmake)
[3.048s] -- Override CMake install command with custom implementation using symlinks instead of copying resources
[3.124s] -- Found rclcpp: 21.0.4 (/opt/ros/iron/share/rclcpp/cmake)
[3.362s] -- Found rosidl_generator_c: 4.0.1 (/opt/ros/iron/share/rosidl_generator_c/cmake)
[3.414s] -- Found rosidl_generator_cpp: 4.0.1 (/opt/ros/iron/share/rosidl_generator_cpp/cmake)
[3.490s] -- Using all available rosidl_typesupport_c: rosidl_typesupport_fastrtps_c;rosidl_typesupport_introspection_c
[3.584s] -- Using all available rosidl_typesupport_cpp: rosidl_typesupport_fastrtps_cpp;rosidl_typesupport_introspection_cpp
[4.326s] -- Found rmw_implementation_cmake: 7.1.0 (/opt/ros/iron/share/rmw_implementation_cmake/cmake)
[4.343s] -- Found rmw_fastrtps_cpp: 7.1.2 (/opt/ros/iron/share/rmw_fastrtps_cpp/cmake)
[5.468s] -- Using RMW implementation 'rmw_fastrtps_cpp' as default
[6.220s] -- Found sensor_msgs: 5.0.0 (/opt/ros/iron/share/sensor_msgs/cmake)
[7.108s] -- Found visualization_msgs: 5.0.0 (/opt/ros/iron/share/visualization_msgs/cmake)
[7.734s] -- Found std_srvs: 5.0.0 (/opt/ros/iron/share/std_srvs/cmake)
[7.986s] -- Found ament_lint_auto: 0.14.2 (/opt/ros/iron/share/ament_lint_auto/cmake)
[8.393s] -- Added test 'copyright' to check source files copyright and LICENSE
[8.447s] -- Added test 'cppcheck' to perform static code analysis on C / C++ code
[8.448s] -- Configured cppcheck include dirs: /home/racecar/racecar_ws/src/ydlidar/src
[8.449s] -- Configured cppcheck exclude dirs and/or files: 
[8.493s] -- Added test 'cpplint' to check C / C++ code against the Google style
[8.493s] -- Configured cpplint exclude dirs and/or files: 
[8.500s] -- Added test 'flake8' to check Python code syntax and style conventions
[8.501s] -- Configured 'flake8' exclude dirs and/or files: 
[8.513s] -- Added test 'lint_cmake' to check CMake code style
[8.520s] -- Added test 'pep257' to check Python code against some of the docstring style conventions in PEP 257
[8.565s] -- Added test 'uncrustify' to check C / C++ code style
[8.566s] -- Configured uncrustify additional arguments: 
[8.573s] -- Added test 'xmllint' to check XML markup files
[8.582s] -- Configuring done
[8.703s] -- Generating done
[8.715s] -- Build files have been written to: /home/racecar/racecar_ws/build/ydlidar_ros2_driver
[8.757s] Invoked command in '/home/racecar/racecar_ws/build/ydlidar_ros2_driver' returned '0': CMAKE_PREFIX_PATH=${CMAKE_PREFIX_PATH}:/home/racecar/racecar_ws/install/racecar_neo:/opt/ros/iron /usr/bin/cmake /home/racecar/racecar_ws/src/ydlidar -DCMAKE_INSTALL_PREFIX=/home/racecar/racecar_ws/install/ydlidar_ros2_driver
[8.768s] Invoking command in '/home/racecar/racecar_ws/build/ydlidar_ros2_driver': CMAKE_PREFIX_PATH=${CMAKE_PREFIX_PATH}:/home/racecar/racecar_ws/install/racecar_neo:/opt/ros/iron /usr/bin/cmake --build /home/racecar/racecar_ws/build/ydlidar_ros2_driver -- -j4 -l4
[8.950s] [35m[1mConsolidate compiler generated dependencies of target ydlidar_ros2_driver_client[0m
[8.953s] [35m[1mConsolidate compiler generated dependencies of target ydlidar_ros2_driver_node[0m
[9.055s] [ 50%] Built target ydlidar_ros2_driver_node
[9.065s] [100%] Built target ydlidar_ros2_driver_client
[9.109s] Invoked command in '/home/racecar/racecar_ws/build/ydlidar_ros2_driver' returned '0': CMAKE_PREFIX_PATH=${CMAKE_PREFIX_PATH}:/home/racecar/racecar_ws/install/racecar_neo:/opt/ros/iron /usr/bin/cmake --build /home/racecar/racecar_ws/build/ydlidar_ros2_driver -- -j4 -l4
[9.340s] Invoking command in '/home/racecar/racecar_ws/build/ydlidar_ros2_driver': CMAKE_PREFIX_PATH=${CMAKE_PREFIX_PATH}:/home/racecar/racecar_ws/install/racecar_neo:/opt/ros/iron /usr/bin/cmake --install /home/racecar/racecar_ws/build/ydlidar_ros2_driver
[9.372s] -- Install configuration: ""
[9.375s] -- Execute custom install script
[9.378s] -- Up-to-date symlink: /home/racecar/racecar_ws/install/ydlidar_ros2_driver/lib/ydlidar_ros2_driver/ydlidar_ros2_driver_node
[9.380s] -- Up-to-date symlink: /home/racecar/racecar_ws/install/ydlidar_ros2_driver/lib/ydlidar_ros2_driver/ydlidar_ros2_driver_client
[9.381s] -- Up-to-date symlink: /home/racecar/racecar_ws/install/ydlidar_ros2_driver/share/ydlidar_ros2_driver/launch/.ipynb_checkpoints/ydlidar_launch-checkpoint.py
[9.383s] -- Up-to-date symlink: /home/racecar/racecar_ws/install/ydlidar_ros2_driver/share/ydlidar_ros2_driver/launch/ydlidar.py
[9.384s] -- Up-to-date symlink: /home/racecar/racecar_ws/install/ydlidar_ros2_driver/share/ydlidar_ros2_driver/launch/ydlidar_launch.py
[9.385s] -- Up-to-date symlink: /home/racecar/racecar_ws/install/ydlidar_ros2_driver/share/ydlidar_ros2_driver/launch/ydlidar_launch_view.py
[9.386s] -- Up-to-date symlink: /home/racecar/racecar_ws/install/ydlidar_ros2_driver/share/ydlidar_ros2_driver/params/.ipynb_checkpoints/X4-checkpoint.yaml
[9.387s] -- Up-to-date symlink: /home/racecar/racecar_ws/install/ydlidar_ros2_driver/share/ydlidar_ros2_driver/params/.ipynb_checkpoints/ydlidar-checkpoint.yaml
[9.388s] -- Up-to-date symlink: /home/racecar/racecar_ws/install/ydlidar_ros2_driver/share/ydlidar_ros2_driver/params/G1.yaml
[9.389s] -- Up-to-date symlink: /home/racecar/racecar_ws/install/ydlidar_ros2_driver/share/ydlidar_ros2_driver/params/G2.yaml
[9.390s] -- Up-to-date symlink: /home/racecar/racecar_ws/install/ydlidar_ros2_driver/share/ydlidar_ros2_driver/params/G6.yaml
[9.390s] -- Up-to-date symlink: /home/racecar/racecar_ws/install/ydlidar_ros2_driver/share/ydlidar_ros2_driver/params/TG.yaml
[9.392s] -- Up-to-date symlink: /home/racecar/racecar_ws/install/ydlidar_ros2_driver/share/ydlidar_ros2_driver/params/TminiPro.yaml
[9.393s] -- Up-to-date symlink: /home/racecar/racecar_ws/install/ydlidar_ros2_driver/share/ydlidar_ros2_driver/params/X2.yaml
[9.394s] -- Up-to-date symlink: /home/racecar/racecar_ws/install/ydlidar_ros2_driver/share/ydlidar_ros2_driver/params/X4-Pro.yaml
[9.395s] -- Up-to-date symlink: /home/racecar/racecar_ws/install/ydlidar_ros2_driver/share/ydlidar_ros2_driver/params/X4.yaml
[9.396s] -- Up-to-date symlink: /home/racecar/racecar_ws/install/ydlidar_ros2_driver/share/ydlidar_ros2_driver/params/ydlidar.yaml
[9.397s] -- Up-to-date symlink: /home/racecar/racecar_ws/install/ydlidar_ros2_driver/share/ydlidar_ros2_driver/startup/initenv.sh
[9.398s] -- Up-to-date symlink: /home/racecar/racecar_ws/install/ydlidar_ros2_driver/share/ydlidar_ros2_driver/config/ydlidar.rviz
[9.398s] -- Up-to-date symlink: /home/racecar/racecar_ws/install/ydlidar_ros2_driver/share/ament_index/resource_index/package_run_dependencies/ydlidar_ros2_driver
[9.400s] -- Up-to-date symlink: /home/racecar/racecar_ws/install/ydlidar_ros2_driver/share/ament_index/resource_index/parent_prefix_path/ydlidar_ros2_driver
[9.401s] -- Up-to-date symlink: /home/racecar/racecar_ws/install/ydlidar_ros2_driver/share/ydlidar_ros2_driver/environment/ament_prefix_path.sh
[9.402s] -- Up-to-date symlink: /home/racecar/racecar_ws/install/ydlidar_ros2_driver/share/ydlidar_ros2_driver/environment/ament_prefix_path.dsv
[9.403s] -- Up-to-date symlink: /home/racecar/racecar_ws/install/ydlidar_ros2_driver/share/ydlidar_ros2_driver/environment/path.sh
[9.404s] -- Up-to-date symlink: /home/racecar/racecar_ws/install/ydlidar_ros2_driver/share/ydlidar_ros2_driver/environment/path.dsv
[9.405s] -- Up-to-date symlink: /home/racecar/racecar_ws/install/ydlidar_ros2_driver/share/ydlidar_ros2_driver/local_setup.bash
[9.407s] -- Up-to-date symlink: /home/racecar/racecar_ws/install/ydlidar_ros2_driver/share/ydlidar_ros2_driver/local_setup.sh
[9.408s] -- Up-to-date symlink: /home/racecar/racecar_ws/install/ydlidar_ros2_driver/share/ydlidar_ros2_driver/local_setup.zsh
[9.409s] -- Up-to-date symlink: /home/racecar/racecar_ws/install/ydlidar_ros2_driver/share/ydlidar_ros2_driver/local_setup.dsv
[9.411s] -- Symlinking: /home/racecar/racecar_ws/install/ydlidar_ros2_driver/share/ydlidar_ros2_driver/package.dsv
[9.448s] -- Up-to-date symlink: /home/racecar/racecar_ws/install/ydlidar_ros2_driver/share/ament_index/resource_index/packages/ydlidar_ros2_driver
[9.450s] -- Up-to-date symlink: /home/racecar/racecar_ws/install/ydlidar_ros2_driver/share/ydlidar_ros2_driver/cmake/ydlidar_ros2_driverConfig.cmake
[9.452s] -- Up-to-date symlink: /home/racecar/racecar_ws/install/ydlidar_ros2_driver/share/ydlidar_ros2_driver/cmake/ydlidar_ros2_driverConfig-version.cmake
[9.453s] -- Up-to-date symlink: /home/racecar/racecar_ws/install/ydlidar_ros2_driver/share/ydlidar_ros2_driver/package.xml
[9.729s] Invoked command in '/home/racecar/racecar_ws/build/ydlidar_ros2_driver' returned '0': CMAKE_PREFIX_PATH=${CMAKE_PREFIX_PATH}:/home/racecar/racecar_ws/install/racecar_neo:/opt/ros/iron /usr/bin/cmake --install /home/racecar/racecar_ws/build/ydlidar_ros2_driver
