[4.049s] Invoking command in '/home/racecar/racecar_ws/build/racecar_neo': PYTHONPATH=/home/racecar/racecar_ws/build/racecar_neo/prefix_override:/home/racecar/racecar_ws/install/racecar_neo/lib/python3.10/site-packages:${PYTHONPATH} /usr/bin/python3 setup.py develop --editable --build-directory /home/racecar/racecar_ws/build/racecar_neo/build --no-deps install_data
[5.419s] running develop
[6.477s] running egg_info
[6.478s] writing racecar_neo.egg-info/PKG-INFO
[6.479s] writing dependency_links to racecar_neo.egg-info/dependency_links.txt
[6.480s] writing entry points to racecar_neo.egg-info/entry_points.txt
[6.481s] writing requirements to racecar_neo.egg-info/requires.txt
[6.481s] writing top-level names to racecar_neo.egg-info/top_level.txt
[6.490s] reading manifest file 'racecar_neo.egg-info/SOURCES.txt'
[6.493s] writing manifest file 'racecar_neo.egg-info/SOURCES.txt'
[6.499s] running build_ext
[6.500s] Creating /home/racecar/racecar_ws/install/racecar_neo/lib/python3.10/site-packages/racecar-neo.egg-link (link to .)
[6.503s] Installing gamepad script to /home/racecar/racecar_ws/install/racecar_neo/lib/racecar_neo
[6.504s] Installing mux script to /home/racecar/racecar_ws/install/racecar_neo/lib/racecar_neo
[6.505s] Installing pwm script to /home/racecar/racecar_ws/install/racecar_neo/lib/racecar_neo
[6.506s] Installing throttle script to /home/racecar/racecar_ws/install/racecar_neo/lib/racecar_neo
[6.507s] 
[6.507s] Installed /home/racecar/racecar_ws/build/racecar_neo
[6.508s] running install_data
[6.674s] Invoked command in '/home/racecar/racecar_ws/build/racecar_neo' returned '0': PYTHONPATH=/home/racecar/racecar_ws/build/racecar_neo/prefix_override:/home/racecar/racecar_ws/install/racecar_neo/lib/python3.10/site-packages:${PYTHONPATH} /usr/bin/python3 setup.py develop --editable --build-directory /home/racecar/racecar_ws/build/racecar_neo/build --no-deps install_data
