[1.995s] Invoking command in '/home/racecar/racecar_ws/build/ydlidar_ros2_driver': CMAKE_PREFIX_PATH=/opt/ros/iron /usr/bin/cmake /home/racecar/racecar_ws/src/ydlidar_ros2 -DAMENT_CMAKE_SYMLINK_INSTALL=1 -DCMAKE_INSTALL_PREFIX=/home/racecar/racecar_ws/install/ydlidar_ros2_driver
[2.602s] -- The C compiler identification is GNU 11.4.0
[3.362s] -- The CXX compiler identification is GNU 11.4.0
[3.398s] -- Detecting C compiler ABI info
[3.768s] -- Detecting C compiler ABI info - done
[3.797s] -- Check for working C compiler: /usr/bin/cc - skipped
[3.800s] -- Detecting C compile features
[3.802s] -- Detecting C compile features - done
[3.817s] -- Detecting CXX compiler ABI info
[4.222s] -- Detecting CXX compiler ABI info - done
[4.255s] -- Check for working CXX compiler: /usr/bin/c++ - skipped
[4.257s] -- Detecting CXX compile features
[4.260s] -- Detecting CXX compile features - done
[4.314s] -- Found ament_cmake: 2.0.3 (/opt/ros/iron/share/ament_cmake/cmake)
[5.392s] -- Found Python3: /usr/bin/python3.10 (found version "3.10.12") found components: Interpreter 
[5.743s] -- Override CMake install command with custom implementation using symlinks instead of copying resources
[6.068s] -- Found rclcpp: 21.0.4 (/opt/ros/iron/share/rclcpp/cmake)
[6.505s] -- Found rosidl_generator_c: 4.0.1 (/opt/ros/iron/share/rosidl_generator_c/cmake)
[6.606s] -- Found rosidl_generator_cpp: 4.0.1 (/opt/ros/iron/share/rosidl_generator_cpp/cmake)
[6.739s] -- Using all available rosidl_typesupport_c: rosidl_typesupport_fastrtps_c;rosidl_typesupport_introspection_c
[6.884s] -- Using all available rosidl_typesupport_cpp: rosidl_typesupport_fastrtps_cpp;rosidl_typesupport_introspection_cpp
[7.765s] -- Found rmw_implementation_cmake: 7.1.0 (/opt/ros/iron/share/rmw_implementation_cmake/cmake)
[7.800s] -- Found rmw_fastrtps_cpp: 7.1.2 (/opt/ros/iron/share/rmw_fastrtps_cpp/cmake)
[8.795s] -- Found OpenSSL: /usr/lib/aarch64-linux-gnu/libcrypto.so (found version "3.0.2")  
[9.056s] -- Found FastRTPS: /opt/ros/iron/include  
[9.484s] -- Using RMW implementation 'rmw_fastrtps_cpp' as default
[10.269s] -- Found sensor_msgs: 5.0.0 (/opt/ros/iron/share/sensor_msgs/cmake)
[11.174s] -- Found visualization_msgs: 5.0.0 (/opt/ros/iron/share/visualization_msgs/cmake)
[11.776s] -- Found std_srvs: 5.0.0 (/opt/ros/iron/share/std_srvs/cmake)
[12.138s] [31mCMake Error at CMakeLists.txt:25 (find_package):
[12.139s]   By not providing "Findydlidar_sdk.cmake" in CMAKE_MODULE_PATH this project
[12.139s]   has asked CMake to find a package configuration file provided by
[12.140s]   "ydlidar_sdk", but CMake did not find one.
[12.140s] 
[12.141s]   Could not find a package configuration file provided by "ydlidar_sdk" with
[12.142s]   any of the following names:
[12.142s] 
[12.143s]     ydlidar_sdkConfig.cmake
[12.144s]     ydlidar_sdk-config.cmake
[12.146s] 
[12.147s]   Add the installation prefix of "ydlidar_sdk" to CMAKE_PREFIX_PATH or set
[12.148s]   "ydlidar_sdk_DIR" to a directory containing one of the above files.  If
[12.149s]   "ydlidar_sdk" provides a separate development package or SDK, be sure it
[12.150s]   has been installed.
[12.151s] 
[12.151s] [0m
[12.152s] -- Configuring incomplete, errors occurred!
[12.153s] See also "/home/racecar/racecar_ws/build/ydlidar_ros2_driver/CMakeFiles/CMakeOutput.log".
[12.176s] Invoked command in '/home/racecar/racecar_ws/build/ydlidar_ros2_driver' returned '1': CMAKE_PREFIX_PATH=/opt/ros/iron /usr/bin/cmake /home/racecar/racecar_ws/src/ydlidar_ros2 -DAMENT_CMAKE_SYMLINK_INSTALL=1 -DCMAKE_INSTALL_PREFIX=/home/racecar/racecar_ws/install/ydlidar_ros2_driver
