[5.489s] DEBUG:colcon:Command line arguments: ['/usr/bin/colcon', 'build', '--symlink-install']
[5.490s] DEBUG:colcon:Parsed command line arguments: Namespace(log_base=None, log_level=None, verb_name='build', build_base='build', install_base='install', merge_install=False, symlink_install=True, test_result_base=None, continue_on_error=False, executor='parallel', parallel_workers=4, event_handlers=None, ignore_user_meta=False, metas=['./colcon.meta'], base_paths=['.'], packages_ignore=None, packages_ignore_regex=None, paths=None, packages_up_to=None, packages_up_to_regex=None, packages_above=None, packages_above_and_dependencies=None, packages_above_depth=None, packages_select_by_dep=None, packages_skip_by_dep=None, packages_skip_up_to=None, packages_select_build_failed=False, packages_skip_build_finished=False, packages_select_test_failures=False, packages_skip_test_passed=False, packages_select=None, packages_skip=None, packages_select_regex=None, packages_skip_regex=None, packages_start=None, packages_end=None, allow_overriding=[], cmake_args=None, cmake_target=None, cmake_target_skip_unavailable=False, cmake_clean_cache=False, cmake_clean_first=False, cmake_force_configure=False, ament_cmake_args=None, catkin_cmake_args=None, catkin_skip_building_tests=False, verb_parser=<colcon_defaults.argument_parser.defaults.DefaultArgumentsDecorator object at 0xffff8089d090>, verb_extension=<colcon_core.verb.build.BuildVerb object at 0xffff80cf0d00>, main=<bound method BuildVerb.main of <colcon_core.verb.build.BuildVerb object at 0xffff80cf0d00>>)
[5.720s] Level 1:colcon.colcon_core.package_discovery:discover_packages(colcon_meta) check parameters
[5.720s] Level 1:colcon.colcon_core.package_discovery:discover_packages(recursive) check parameters
[5.720s] Level 1:colcon.colcon_core.package_discovery:discover_packages(ignore) check parameters
[5.720s] Level 1:colcon.colcon_core.package_discovery:discover_packages(path) check parameters
[5.721s] Level 1:colcon.colcon_core.package_discovery:discover_packages(colcon_meta) discover
[5.721s] Level 1:colcon.colcon_core.package_discovery:discover_packages(recursive) discover
[5.721s] INFO:colcon.colcon_core.package_discovery:Crawling recursively for packages in '/home/racecar/racecar_ws'
[5.721s] Level 1:colcon.colcon_core.package_identification:_identify(.) by extensions ['ignore', 'ignore_ament_install']
[5.722s] Level 1:colcon.colcon_core.package_identification:_identify(.) by extension 'ignore'
[5.722s] Level 1:colcon.colcon_core.package_identification:_identify(.) by extension 'ignore_ament_install'
[5.722s] Level 1:colcon.colcon_core.package_identification:_identify(.) by extensions ['colcon_pkg']
[5.722s] Level 1:colcon.colcon_core.package_identification:_identify(.) by extension 'colcon_pkg'
[5.722s] Level 1:colcon.colcon_core.package_identification:_identify(.) by extensions ['colcon_meta']
[5.723s] Level 1:colcon.colcon_core.package_identification:_identify(.) by extension 'colcon_meta'
[5.723s] Level 1:colcon.colcon_core.package_identification:_identify(.) by extensions ['ros']
[5.723s] Level 1:colcon.colcon_core.package_identification:_identify(.) by extension 'ros'
[5.770s] Level 1:colcon.colcon_core.package_identification:_identify(.) by extensions ['cmake', 'python']
[5.770s] Level 1:colcon.colcon_core.package_identification:_identify(.) by extension 'cmake'
[5.771s] Level 1:colcon.colcon_core.package_identification:_identify(.) by extension 'python'
[5.771s] Level 1:colcon.colcon_core.package_identification:_identify(.) by extensions ['python_setup_py']
[5.771s] Level 1:colcon.colcon_core.package_identification:_identify(.) by extension 'python_setup_py'
[5.771s] Level 1:colcon.colcon_core.package_identification:_identify(build) by extensions ['ignore', 'ignore_ament_install']
[5.772s] Level 1:colcon.colcon_core.package_identification:_identify(build) by extension 'ignore'
[5.772s] Level 1:colcon.colcon_core.package_identification:_identify(build) ignored
[5.773s] Level 1:colcon.colcon_core.package_identification:_identify(install) by extensions ['ignore', 'ignore_ament_install']
[5.773s] Level 1:colcon.colcon_core.package_identification:_identify(install) by extension 'ignore'
[5.773s] Level 1:colcon.colcon_core.package_identification:_identify(install) ignored
[5.774s] Level 1:colcon.colcon_core.package_identification:_identify(log) by extensions ['ignore', 'ignore_ament_install']
[5.774s] Level 1:colcon.colcon_core.package_identification:_identify(log) by extension 'ignore'
[5.774s] Level 1:colcon.colcon_core.package_identification:_identify(log) ignored
[5.775s] Level 1:colcon.colcon_core.package_identification:_identify(src) by extensions ['ignore', 'ignore_ament_install']
[5.775s] Level 1:colcon.colcon_core.package_identification:_identify(src) by extension 'ignore'
[5.775s] Level 1:colcon.colcon_core.package_identification:_identify(src) by extension 'ignore_ament_install'
[5.775s] Level 1:colcon.colcon_core.package_identification:_identify(src) by extensions ['colcon_pkg']
[5.776s] Level 1:colcon.colcon_core.package_identification:_identify(src) by extension 'colcon_pkg'
[5.776s] Level 1:colcon.colcon_core.package_identification:_identify(src) by extensions ['colcon_meta']
[5.776s] Level 1:colcon.colcon_core.package_identification:_identify(src) by extension 'colcon_meta'
[5.776s] Level 1:colcon.colcon_core.package_identification:_identify(src) by extensions ['ros']
[5.776s] Level 1:colcon.colcon_core.package_identification:_identify(src) by extension 'ros'
[5.777s] Level 1:colcon.colcon_core.package_identification:_identify(src) by extensions ['cmake', 'python']
[5.777s] Level 1:colcon.colcon_core.package_identification:_identify(src) by extension 'cmake'
[5.777s] Level 1:colcon.colcon_core.package_identification:_identify(src) by extension 'python'
[5.777s] Level 1:colcon.colcon_core.package_identification:_identify(src) by extensions ['python_setup_py']
[5.777s] Level 1:colcon.colcon_core.package_identification:_identify(src) by extension 'python_setup_py'
[5.778s] Level 1:colcon.colcon_core.package_identification:_identify(src/racecar_neo) by extensions ['ignore', 'ignore_ament_install']
[5.778s] Level 1:colcon.colcon_core.package_identification:_identify(src/racecar_neo) by extension 'ignore'
[5.778s] Level 1:colcon.colcon_core.package_identification:_identify(src/racecar_neo) by extension 'ignore_ament_install'
[5.778s] Level 1:colcon.colcon_core.package_identification:_identify(src/racecar_neo) by extensions ['colcon_pkg']
[5.778s] Level 1:colcon.colcon_core.package_identification:_identify(src/racecar_neo) by extension 'colcon_pkg'
[5.779s] Level 1:colcon.colcon_core.package_identification:_identify(src/racecar_neo) by extensions ['colcon_meta']
[5.779s] Level 1:colcon.colcon_core.package_identification:_identify(src/racecar_neo) by extension 'colcon_meta'
[5.779s] Level 1:colcon.colcon_core.package_identification:_identify(src/racecar_neo) by extensions ['ros']
[5.779s] Level 1:colcon.colcon_core.package_identification:_identify(src/racecar_neo) by extension 'ros'
[5.789s] DEBUG:colcon.colcon_core.package_identification:Package 'src/racecar_neo' with type 'ros.ament_python' and name 'racecar_neo'
[5.789s] Level 1:colcon.colcon_core.package_discovery:discover_packages(recursive) using defaults
[5.789s] Level 1:colcon.colcon_core.package_discovery:discover_packages(ignore) discover
[5.789s] Level 1:colcon.colcon_core.package_discovery:discover_packages(ignore) using defaults
[5.790s] Level 1:colcon.colcon_core.package_discovery:discover_packages(path) discover
[5.790s] Level 1:colcon.colcon_core.package_discovery:discover_packages(path) using defaults
[6.254s] Level 1:colcon.colcon_core.package_discovery:discover_packages(prefix_path) check parameters
[6.255s] Level 1:colcon.colcon_core.package_discovery:discover_packages(prefix_path) discover
[6.459s] DEBUG:colcon.colcon_installed_package_information.package_discovery:Found 1 installed packages in /home/racecar/racecar_ws/install
[6.546s] DEBUG:colcon.colcon_installed_package_information.package_discovery:Found 281 installed packages in /opt/ros/iron
[6.552s] Level 1:colcon.colcon_core.package_discovery:discover_packages(prefix_path) using defaults
[6.931s] Level 5:colcon.colcon_core.verb:set package 'racecar_neo' build argument 'cmake_args' from command line to 'None'
[6.932s] Level 5:colcon.colcon_core.verb:set package 'racecar_neo' build argument 'cmake_target' from command line to 'None'
[6.932s] Level 5:colcon.colcon_core.verb:set package 'racecar_neo' build argument 'cmake_target_skip_unavailable' from command line to 'False'
[6.932s] Level 5:colcon.colcon_core.verb:set package 'racecar_neo' build argument 'cmake_clean_cache' from command line to 'False'
[6.932s] Level 5:colcon.colcon_core.verb:set package 'racecar_neo' build argument 'cmake_clean_first' from command line to 'False'
[6.932s] Level 5:colcon.colcon_core.verb:set package 'racecar_neo' build argument 'cmake_force_configure' from command line to 'False'
[6.932s] Level 5:colcon.colcon_core.verb:set package 'racecar_neo' build argument 'ament_cmake_args' from command line to 'None'
[6.932s] Level 5:colcon.colcon_core.verb:set package 'racecar_neo' build argument 'catkin_cmake_args' from command line to 'None'
[6.932s] Level 5:colcon.colcon_core.verb:set package 'racecar_neo' build argument 'catkin_skip_building_tests' from command line to 'False'
[6.933s] DEBUG:colcon.colcon_core.verb:Building package 'racecar_neo' with the following arguments: {'ament_cmake_args': None, 'build_base': '/home/racecar/racecar_ws/build/racecar_neo', 'catkin_cmake_args': None, 'catkin_skip_building_tests': False, 'cmake_args': None, 'cmake_clean_cache': False, 'cmake_clean_first': False, 'cmake_force_configure': False, 'cmake_target': None, 'cmake_target_skip_unavailable': False, 'install_base': '/home/racecar/racecar_ws/install/racecar_neo', 'merge_install': False, 'path': '/home/racecar/racecar_ws/src/racecar_neo', 'symlink_install': True, 'test_result_base': None}
[7.010s] INFO:colcon.colcon_core.executor:Executing jobs using 'parallel' executor
[7.092s] DEBUG:colcon.colcon_parallel_executor.executor.parallel:run_until_complete
[7.093s] INFO:colcon.colcon_ros.task.ament_python.build:Building ROS package in '/home/racecar/racecar_ws/src/racecar_neo' with build type 'ament_python'
[7.094s] Level 1:colcon.colcon_core.shell:create_environment_hook('racecar_neo', 'ament_prefix_path')
[7.180s] INFO:colcon.colcon_core.plugin_system:Skipping extension 'colcon_core.shell.bat': Not used on non-Windows systems
[7.181s] INFO:colcon.colcon_core.shell:Creating environment hook '/home/racecar/racecar_ws/install/racecar_neo/share/racecar_neo/hook/ament_prefix_path.ps1'
[7.184s] INFO:colcon.colcon_core.shell:Creating environment descriptor '/home/racecar/racecar_ws/install/racecar_neo/share/racecar_neo/hook/ament_prefix_path.dsv'
[7.186s] INFO:colcon.colcon_core.shell:Creating environment hook '/home/racecar/racecar_ws/install/racecar_neo/share/racecar_neo/hook/ament_prefix_path.sh'
[7.269s] INFO:colcon.colcon_core.shell:Skip shell extension 'powershell' for command environment: Not usable outside of PowerShell
[7.269s] DEBUG:colcon.colcon_core.shell:Skip shell extension 'dsv' for command environment
[8.929s] INFO:colcon.colcon_core.task.python.build:Building Python package in '/home/racecar/racecar_ws/src/racecar_neo'
[9.027s] INFO:colcon.colcon_core.shell:Skip shell extension 'powershell' for command environment: Not usable outside of PowerShell
[9.027s] DEBUG:colcon.colcon_core.shell:Skip shell extension 'dsv' for command environment
[11.183s] DEBUG:colcon.colcon_core.event_handler.log_command:Invoking command in '/home/racecar/racecar_ws/build/racecar_neo': PYTHONPATH=/home/racecar/racecar_ws/build/racecar_neo/prefix_override:/home/racecar/racecar_ws/install/racecar_neo/lib/python3.10/site-packages:${PYTHONPATH} /usr/bin/python3 setup.py develop --editable --build-directory /home/racecar/racecar_ws/build/racecar_neo/build --no-deps install_data
[13.971s] Level 1:colcon.colcon_core.shell:create_environment_hook('racecar_neo', 'pythonpath_develop')
[13.973s] DEBUG:colcon.colcon_core.event_handler.log_command:Invoked command in '/home/racecar/racecar_ws/build/racecar_neo' returned '0': PYTHONPATH=/home/racecar/racecar_ws/build/racecar_neo/prefix_override:/home/racecar/racecar_ws/install/racecar_neo/lib/python3.10/site-packages:${PYTHONPATH} /usr/bin/python3 setup.py develop --editable --build-directory /home/racecar/racecar_ws/build/racecar_neo/build --no-deps install_data
[14.054s] INFO:colcon.colcon_core.shell:Creating environment hook '/home/racecar/racecar_ws/build/racecar_neo/share/racecar_neo/hook/pythonpath_develop.ps1'
[14.056s] INFO:colcon.colcon_core.shell:Creating environment descriptor '/home/racecar/racecar_ws/build/racecar_neo/share/racecar_neo/hook/pythonpath_develop.dsv'
[14.058s] INFO:colcon.colcon_core.shell:Creating environment hook '/home/racecar/racecar_ws/build/racecar_neo/share/racecar_neo/hook/pythonpath_develop.sh'
[14.150s] Level 1:colcon.colcon_core.environment:checking '/home/racecar/racecar_ws/install/racecar_neo' for CMake module files
[14.152s] Level 1:colcon.colcon_core.environment:checking '/home/racecar/racecar_ws/install/racecar_neo' for CMake config files
[14.156s] Level 1:colcon.colcon_core.environment:checking '/home/racecar/racecar_ws/install/racecar_neo/lib'
[14.156s] Level 1:colcon.colcon_core.environment:checking '/home/racecar/racecar_ws/install/racecar_neo/bin'
[14.157s] Level 1:colcon.colcon_core.environment:checking '/home/racecar/racecar_ws/install/racecar_neo/lib/pkgconfig/racecar_neo.pc'
[14.158s] Level 1:colcon.colcon_core.environment:checking '/home/racecar/racecar_ws/install/racecar_neo/lib/python3.10/site-packages'
[14.158s] Level 1:colcon.colcon_core.shell:create_environment_hook('racecar_neo', 'pythonpath')
[14.237s] INFO:colcon.colcon_core.shell:Creating environment hook '/home/racecar/racecar_ws/install/racecar_neo/share/racecar_neo/hook/pythonpath.ps1'
[14.239s] INFO:colcon.colcon_core.shell:Creating environment descriptor '/home/racecar/racecar_ws/install/racecar_neo/share/racecar_neo/hook/pythonpath.dsv'
[14.241s] INFO:colcon.colcon_core.shell:Creating environment hook '/home/racecar/racecar_ws/install/racecar_neo/share/racecar_neo/hook/pythonpath.sh'
[14.243s] Level 1:colcon.colcon_core.environment:checking '/home/racecar/racecar_ws/install/racecar_neo/bin'
[14.244s] Level 1:colcon.colcon_core.environment:create_environment_scripts_only(racecar_neo)
[14.324s] INFO:colcon.colcon_core.shell:Creating package script '/home/racecar/racecar_ws/install/racecar_neo/share/racecar_neo/package.ps1'
[14.328s] INFO:colcon.colcon_core.shell:Creating package descriptor '/home/racecar/racecar_ws/install/racecar_neo/share/racecar_neo/package.dsv'
[14.330s] INFO:colcon.colcon_core.shell:Creating package script '/home/racecar/racecar_ws/install/racecar_neo/share/racecar_neo/package.sh'
[14.334s] INFO:colcon.colcon_core.shell:Creating package script '/home/racecar/racecar_ws/install/racecar_neo/share/racecar_neo/package.bash'
[14.337s] INFO:colcon.colcon_core.shell:Creating package script '/home/racecar/racecar_ws/install/racecar_neo/share/racecar_neo/package.zsh'
[14.340s] Level 1:colcon.colcon_core.environment:create_file_with_runtime_dependencies(/home/racecar/racecar_ws/install/racecar_neo/share/colcon-core/packages/racecar_neo)
[14.341s] DEBUG:colcon.colcon_parallel_executor.executor.parallel:closing loop
[14.342s] DEBUG:colcon.colcon_parallel_executor.executor.parallel:loop closed
[14.343s] DEBUG:colcon.colcon_parallel_executor.executor.parallel:run_until_complete finished with '0'
[14.343s] DEBUG:colcon.colcon_core.event_reactor:joining thread
[14.446s] INFO:colcon.colcon_core.plugin_system:Skipping extension 'colcon_notification.desktop_notification.terminal_notifier': Not used on non-Darwin systems
[14.446s] INFO:colcon.colcon_core.plugin_system:Skipping extension 'colcon_notification.desktop_notification.win32': Not used on non-Windows systems
[14.446s] INFO:colcon.colcon_notification.desktop_notification:Sending desktop notification using 'notify2'
[14.447s] DEBUG:colcon.colcon_notification.desktop_notification.notify2:Failed to initialize notify2: org.freedesktop.DBus.Error.NotSupported: Unable to autolaunch a dbus-daemon without a $DISPLAY for X11
[14.447s] DEBUG:colcon.colcon_core.event_reactor:joined thread
[14.529s] INFO:colcon.colcon_core.shell:Creating prefix script '/home/racecar/racecar_ws/install/local_setup.ps1'
[14.533s] INFO:colcon.colcon_core.shell:Creating prefix util module '/home/racecar/racecar_ws/install/_local_setup_util_ps1.py'
[14.538s] INFO:colcon.colcon_core.shell:Creating prefix chain script '/home/racecar/racecar_ws/install/setup.ps1'
[14.620s] INFO:colcon.colcon_core.shell:Creating prefix script '/home/racecar/racecar_ws/install/local_setup.sh'
[14.622s] INFO:colcon.colcon_core.shell:Creating prefix util module '/home/racecar/racecar_ws/install/_local_setup_util_sh.py'
[14.625s] INFO:colcon.colcon_core.shell:Creating prefix chain script '/home/racecar/racecar_ws/install/setup.sh'
[14.708s] INFO:colcon.colcon_core.shell:Creating prefix script '/home/racecar/racecar_ws/install/local_setup.bash'
[14.710s] INFO:colcon.colcon_core.shell:Creating prefix chain script '/home/racecar/racecar_ws/install/setup.bash'
[14.792s] INFO:colcon.colcon_core.shell:Creating prefix script '/home/racecar/racecar_ws/install/local_setup.zsh'
[14.795s] INFO:colcon.colcon_core.shell:Creating prefix chain script '/home/racecar/racecar_ws/install/setup.zsh'
