[4.467s] DEBUG:colcon:Command line arguments: ['/usr/bin/colcon', 'build', '--packages-select', 'racecar_neo']
[4.467s] DEBUG:colcon:Parsed command line arguments: Namespace(log_base=None, log_level=None, verb_name='build', build_base='build', install_base='install', merge_install=False, symlink_install=False, test_result_base=None, continue_on_error=False, executor='parallel', parallel_workers=4, event_handlers=None, ignore_user_meta=False, metas=['./colcon.meta'], base_paths=['.'], packages_ignore=None, packages_ignore_regex=None, paths=None, packages_up_to=None, packages_up_to_regex=None, packages_above=None, packages_above_and_dependencies=None, packages_above_depth=None, packages_select_by_dep=None, packages_skip_by_dep=None, packages_skip_up_to=None, packages_select_build_failed=False, packages_skip_build_finished=False, packages_select_test_failures=False, packages_skip_test_passed=False, packages_select=['racecar_neo'], packages_skip=None, packages_select_regex=None, packages_skip_regex=None, packages_start=None, packages_end=None, allow_overriding=[], cmake_args=None, cmake_target=None, cmake_target_skip_unavailable=False, cmake_clean_cache=False, cmake_clean_first=False, cmake_force_configure=False, ament_cmake_args=None, catkin_cmake_args=None, catkin_skip_building_tests=False, verb_parser=<colcon_defaults.argument_parser.defaults.DefaultArgumentsDecorator object at 0xffffa71ea7a0>, verb_extension=<colcon_core.verb.build.BuildVerb object at 0xffffa74caf50>, main=<bound method BuildVerb.main of <colcon_core.verb.build.BuildVerb object at 0xffffa74caf50>>)
[4.669s] Level 1:colcon.colcon_core.package_discovery:discover_packages(colcon_meta) check parameters
[4.670s] Level 1:colcon.colcon_core.package_discovery:discover_packages(recursive) check parameters
[4.670s] Level 1:colcon.colcon_core.package_discovery:discover_packages(ignore) check parameters
[4.670s] Level 1:colcon.colcon_core.package_discovery:discover_packages(path) check parameters
[4.670s] Level 1:colcon.colcon_core.package_discovery:discover_packages(colcon_meta) discover
[4.670s] Level 1:colcon.colcon_core.package_discovery:discover_packages(recursive) discover
[4.670s] INFO:colcon.colcon_core.package_discovery:Crawling recursively for packages in '/home/racecar/racecar_ws'
[4.671s] Level 1:colcon.colcon_core.package_identification:_identify(.) by extensions ['ignore', 'ignore_ament_install']
[4.671s] Level 1:colcon.colcon_core.package_identification:_identify(.) by extension 'ignore'
[4.672s] Level 1:colcon.colcon_core.package_identification:_identify(.) by extension 'ignore_ament_install'
[4.672s] Level 1:colcon.colcon_core.package_identification:_identify(.) by extensions ['colcon_pkg']
[4.672s] Level 1:colcon.colcon_core.package_identification:_identify(.) by extension 'colcon_pkg'
[4.672s] Level 1:colcon.colcon_core.package_identification:_identify(.) by extensions ['colcon_meta']
[4.672s] Level 1:colcon.colcon_core.package_identification:_identify(.) by extension 'colcon_meta'
[4.672s] Level 1:colcon.colcon_core.package_identification:_identify(.) by extensions ['ros']
[4.672s] Level 1:colcon.colcon_core.package_identification:_identify(.) by extension 'ros'
[4.720s] Level 1:colcon.colcon_core.package_identification:_identify(.) by extensions ['cmake', 'python']
[4.720s] Level 1:colcon.colcon_core.package_identification:_identify(.) by extension 'cmake'
[4.720s] Level 1:colcon.colcon_core.package_identification:_identify(.) by extension 'python'
[4.720s] Level 1:colcon.colcon_core.package_identification:_identify(.) by extensions ['python_setup_py']
[4.720s] Level 1:colcon.colcon_core.package_identification:_identify(.) by extension 'python_setup_py'
[4.721s] Level 1:colcon.colcon_core.package_identification:_identify(build) by extensions ['ignore', 'ignore_ament_install']
[4.721s] Level 1:colcon.colcon_core.package_identification:_identify(build) by extension 'ignore'
[4.721s] Level 1:colcon.colcon_core.package_identification:_identify(build) ignored
[4.722s] Level 1:colcon.colcon_core.package_identification:_identify(install) by extensions ['ignore', 'ignore_ament_install']
[4.722s] Level 1:colcon.colcon_core.package_identification:_identify(install) by extension 'ignore'
[4.723s] Level 1:colcon.colcon_core.package_identification:_identify(install) ignored
[4.723s] Level 1:colcon.colcon_core.package_identification:_identify(log) by extensions ['ignore', 'ignore_ament_install']
[4.723s] Level 1:colcon.colcon_core.package_identification:_identify(log) by extension 'ignore'
[4.724s] Level 1:colcon.colcon_core.package_identification:_identify(log) ignored
[4.724s] Level 1:colcon.colcon_core.package_identification:_identify(src) by extensions ['ignore', 'ignore_ament_install']
[4.724s] Level 1:colcon.colcon_core.package_identification:_identify(src) by extension 'ignore'
[4.724s] Level 1:colcon.colcon_core.package_identification:_identify(src) by extension 'ignore_ament_install'
[4.725s] Level 1:colcon.colcon_core.package_identification:_identify(src) by extensions ['colcon_pkg']
[4.725s] Level 1:colcon.colcon_core.package_identification:_identify(src) by extension 'colcon_pkg'
[4.725s] Level 1:colcon.colcon_core.package_identification:_identify(src) by extensions ['colcon_meta']
[4.725s] Level 1:colcon.colcon_core.package_identification:_identify(src) by extension 'colcon_meta'
[4.725s] Level 1:colcon.colcon_core.package_identification:_identify(src) by extensions ['ros']
[4.725s] Level 1:colcon.colcon_core.package_identification:_identify(src) by extension 'ros'
[4.726s] Level 1:colcon.colcon_core.package_identification:_identify(src) by extensions ['cmake', 'python']
[4.726s] Level 1:colcon.colcon_core.package_identification:_identify(src) by extension 'cmake'
[4.726s] Level 1:colcon.colcon_core.package_identification:_identify(src) by extension 'python'
[4.726s] Level 1:colcon.colcon_core.package_identification:_identify(src) by extensions ['python_setup_py']
[4.726s] Level 1:colcon.colcon_core.package_identification:_identify(src) by extension 'python_setup_py'
[4.727s] Level 1:colcon.colcon_core.package_identification:_identify(src/racecar_neo) by extensions ['ignore', 'ignore_ament_install']
[4.727s] Level 1:colcon.colcon_core.package_identification:_identify(src/racecar_neo) by extension 'ignore'
[4.727s] Level 1:colcon.colcon_core.package_identification:_identify(src/racecar_neo) by extension 'ignore_ament_install'
[4.727s] Level 1:colcon.colcon_core.package_identification:_identify(src/racecar_neo) by extensions ['colcon_pkg']
[4.727s] Level 1:colcon.colcon_core.package_identification:_identify(src/racecar_neo) by extension 'colcon_pkg'
[4.728s] Level 1:colcon.colcon_core.package_identification:_identify(src/racecar_neo) by extensions ['colcon_meta']
[4.728s] Level 1:colcon.colcon_core.package_identification:_identify(src/racecar_neo) by extension 'colcon_meta'
[4.728s] Level 1:colcon.colcon_core.package_identification:_identify(src/racecar_neo) by extensions ['ros']
[4.728s] Level 1:colcon.colcon_core.package_identification:_identify(src/racecar_neo) by extension 'ros'
[4.737s] DEBUG:colcon.colcon_core.package_identification:Package 'src/racecar_neo' with type 'ros.ament_python' and name 'racecar_neo'
[4.737s] Level 1:colcon.colcon_core.package_discovery:discover_packages(recursive) using defaults
[4.737s] Level 1:colcon.colcon_core.package_discovery:discover_packages(ignore) discover
[4.738s] Level 1:colcon.colcon_core.package_discovery:discover_packages(ignore) using defaults
[4.738s] Level 1:colcon.colcon_core.package_discovery:discover_packages(path) discover
[4.738s] Level 1:colcon.colcon_core.package_discovery:discover_packages(path) using defaults
[5.119s] Level 1:colcon.colcon_core.package_discovery:discover_packages(prefix_path) check parameters
[5.120s] Level 1:colcon.colcon_core.package_discovery:discover_packages(prefix_path) discover
[5.259s] DEBUG:colcon.colcon_installed_package_information.package_discovery:Found 281 installed packages in /opt/ros/iron
[5.265s] Level 1:colcon.colcon_core.package_discovery:discover_packages(prefix_path) using defaults
[5.656s] Level 5:colcon.colcon_core.verb:set package 'racecar_neo' build argument 'cmake_args' from command line to 'None'
[5.657s] Level 5:colcon.colcon_core.verb:set package 'racecar_neo' build argument 'cmake_target' from command line to 'None'
[5.657s] Level 5:colcon.colcon_core.verb:set package 'racecar_neo' build argument 'cmake_target_skip_unavailable' from command line to 'False'
[5.657s] Level 5:colcon.colcon_core.verb:set package 'racecar_neo' build argument 'cmake_clean_cache' from command line to 'False'
[5.657s] Level 5:colcon.colcon_core.verb:set package 'racecar_neo' build argument 'cmake_clean_first' from command line to 'False'
[5.657s] Level 5:colcon.colcon_core.verb:set package 'racecar_neo' build argument 'cmake_force_configure' from command line to 'False'
[5.658s] Level 5:colcon.colcon_core.verb:set package 'racecar_neo' build argument 'ament_cmake_args' from command line to 'None'
[5.658s] Level 5:colcon.colcon_core.verb:set package 'racecar_neo' build argument 'catkin_cmake_args' from command line to 'None'
[5.658s] Level 5:colcon.colcon_core.verb:set package 'racecar_neo' build argument 'catkin_skip_building_tests' from command line to 'False'
[5.658s] DEBUG:colcon.colcon_core.verb:Building package 'racecar_neo' with the following arguments: {'ament_cmake_args': None, 'build_base': '/home/racecar/racecar_ws/build/racecar_neo', 'catkin_cmake_args': None, 'catkin_skip_building_tests': False, 'cmake_args': None, 'cmake_clean_cache': False, 'cmake_clean_first': False, 'cmake_force_configure': False, 'cmake_target': None, 'cmake_target_skip_unavailable': False, 'install_base': '/home/racecar/racecar_ws/install/racecar_neo', 'merge_install': False, 'path': '/home/racecar/racecar_ws/src/racecar_neo', 'symlink_install': False, 'test_result_base': None}
[5.720s] INFO:colcon.colcon_core.executor:Executing jobs using 'parallel' executor
[5.786s] DEBUG:colcon.colcon_parallel_executor.executor.parallel:run_until_complete
[5.787s] INFO:colcon.colcon_ros.task.ament_python.build:Building ROS package in '/home/racecar/racecar_ws/src/racecar_neo' with build type 'ament_python'
[5.787s] Level 1:colcon.colcon_core.shell:create_environment_hook('racecar_neo', 'ament_prefix_path')
[5.867s] INFO:colcon.colcon_core.plugin_system:Skipping extension 'colcon_core.shell.bat': Not used on non-Windows systems
[5.868s] INFO:colcon.colcon_core.shell:Creating environment hook '/home/racecar/racecar_ws/install/racecar_neo/share/racecar_neo/hook/ament_prefix_path.ps1'
[5.871s] INFO:colcon.colcon_core.shell:Creating environment descriptor '/home/racecar/racecar_ws/install/racecar_neo/share/racecar_neo/hook/ament_prefix_path.dsv'
[5.873s] INFO:colcon.colcon_core.shell:Creating environment hook '/home/racecar/racecar_ws/install/racecar_neo/share/racecar_neo/hook/ament_prefix_path.sh'
[5.948s] INFO:colcon.colcon_core.shell:Skip shell extension 'powershell' for command environment: Not usable outside of PowerShell
[5.949s] DEBUG:colcon.colcon_core.shell:Skip shell extension 'dsv' for command environment
[7.364s] INFO:colcon.colcon_core.task.python.build:Building Python package in '/home/racecar/racecar_ws/src/racecar_neo'
[7.433s] INFO:colcon.colcon_core.shell:Skip shell extension 'powershell' for command environment: Not usable outside of PowerShell
[7.434s] DEBUG:colcon.colcon_core.shell:Skip shell extension 'dsv' for command environment
[9.513s] DEBUG:colcon.colcon_core.event_handler.log_command:Invoking command in '/home/racecar/racecar_ws/src/racecar_neo': PYTHONPATH=/home/racecar/racecar_ws/build/racecar_neo/prefix_override:/home/racecar/racecar_ws/install/racecar_neo/lib/python3.10/site-packages:${PYTHONPATH} /usr/bin/python3 setup.py egg_info --egg-base ../../build/racecar_neo build --build-base /home/racecar/racecar_ws/build/racecar_neo/build install --record /home/racecar/racecar_ws/build/racecar_neo/install.log --single-version-externally-managed
[10.931s] DEBUG:colcon.colcon_core.event_handler.log_command:Invoked command in '/home/racecar/racecar_ws/src/racecar_neo' returned '0': PYTHONPATH=/home/racecar/racecar_ws/build/racecar_neo/prefix_override:/home/racecar/racecar_ws/install/racecar_neo/lib/python3.10/site-packages:${PYTHONPATH} /usr/bin/python3 setup.py egg_info --egg-base ../../build/racecar_neo build --build-base /home/racecar/racecar_ws/build/racecar_neo/build install --record /home/racecar/racecar_ws/build/racecar_neo/install.log --single-version-externally-managed
[11.010s] Level 1:colcon.colcon_core.environment:checking '/home/racecar/racecar_ws/install/racecar_neo' for CMake module files
[11.012s] Level 1:colcon.colcon_core.environment:checking '/home/racecar/racecar_ws/install/racecar_neo' for CMake config files
[11.016s] Level 1:colcon.colcon_core.environment:checking '/home/racecar/racecar_ws/install/racecar_neo/lib'
[11.016s] Level 1:colcon.colcon_core.environment:checking '/home/racecar/racecar_ws/install/racecar_neo/bin'
[11.017s] Level 1:colcon.colcon_core.environment:checking '/home/racecar/racecar_ws/install/racecar_neo/lib/pkgconfig/racecar_neo.pc'
[11.018s] Level 1:colcon.colcon_core.environment:checking '/home/racecar/racecar_ws/install/racecar_neo/lib/python3.10/site-packages'
[11.018s] Level 1:colcon.colcon_core.shell:create_environment_hook('racecar_neo', 'pythonpath')
[11.086s] INFO:colcon.colcon_core.shell:Creating environment hook '/home/racecar/racecar_ws/install/racecar_neo/share/racecar_neo/hook/pythonpath.ps1'
[11.088s] INFO:colcon.colcon_core.shell:Creating environment descriptor '/home/racecar/racecar_ws/install/racecar_neo/share/racecar_neo/hook/pythonpath.dsv'
[11.090s] INFO:colcon.colcon_core.shell:Creating environment hook '/home/racecar/racecar_ws/install/racecar_neo/share/racecar_neo/hook/pythonpath.sh'
[11.093s] Level 1:colcon.colcon_core.environment:checking '/home/racecar/racecar_ws/install/racecar_neo/bin'
[11.093s] Level 1:colcon.colcon_core.environment:create_environment_scripts_only(racecar_neo)
[11.157s] INFO:colcon.colcon_core.shell:Creating package script '/home/racecar/racecar_ws/install/racecar_neo/share/racecar_neo/package.ps1'
[11.161s] INFO:colcon.colcon_core.shell:Creating package descriptor '/home/racecar/racecar_ws/install/racecar_neo/share/racecar_neo/package.dsv'
[11.165s] INFO:colcon.colcon_core.shell:Creating package script '/home/racecar/racecar_ws/install/racecar_neo/share/racecar_neo/package.sh'
[11.168s] INFO:colcon.colcon_core.shell:Creating package script '/home/racecar/racecar_ws/install/racecar_neo/share/racecar_neo/package.bash'
[11.172s] INFO:colcon.colcon_core.shell:Creating package script '/home/racecar/racecar_ws/install/racecar_neo/share/racecar_neo/package.zsh'
[11.175s] Level 1:colcon.colcon_core.environment:create_file_with_runtime_dependencies(/home/racecar/racecar_ws/install/racecar_neo/share/colcon-core/packages/racecar_neo)
[11.176s] DEBUG:colcon.colcon_parallel_executor.executor.parallel:closing loop
[11.177s] DEBUG:colcon.colcon_parallel_executor.executor.parallel:loop closed
[11.178s] DEBUG:colcon.colcon_parallel_executor.executor.parallel:run_until_complete finished with '0'
[11.178s] DEBUG:colcon.colcon_core.event_reactor:joining thread
[11.269s] INFO:colcon.colcon_core.plugin_system:Skipping extension 'colcon_notification.desktop_notification.terminal_notifier': Not used on non-Darwin systems
[11.269s] INFO:colcon.colcon_core.plugin_system:Skipping extension 'colcon_notification.desktop_notification.win32': Not used on non-Windows systems
[11.269s] INFO:colcon.colcon_notification.desktop_notification:Sending desktop notification using 'notify2'
[11.322s] DEBUG:colcon.colcon_core.event_reactor:joined thread
[11.415s] INFO:colcon.colcon_core.shell:Creating prefix script '/home/racecar/racecar_ws/install/local_setup.ps1'
[11.420s] INFO:colcon.colcon_core.shell:Creating prefix util module '/home/racecar/racecar_ws/install/_local_setup_util_ps1.py'
[11.427s] INFO:colcon.colcon_core.shell:Creating prefix chain script '/home/racecar/racecar_ws/install/setup.ps1'
[11.514s] INFO:colcon.colcon_core.shell:Creating prefix script '/home/racecar/racecar_ws/install/local_setup.sh'
[11.517s] INFO:colcon.colcon_core.shell:Creating prefix util module '/home/racecar/racecar_ws/install/_local_setup_util_sh.py'
[11.519s] INFO:colcon.colcon_core.shell:Creating prefix chain script '/home/racecar/racecar_ws/install/setup.sh'
[11.586s] INFO:colcon.colcon_core.shell:Creating prefix script '/home/racecar/racecar_ws/install/local_setup.bash'
[11.588s] INFO:colcon.colcon_core.shell:Creating prefix chain script '/home/racecar/racecar_ws/install/setup.bash'
[11.653s] INFO:colcon.colcon_core.shell:Creating prefix script '/home/racecar/racecar_ws/install/local_setup.zsh'
[11.656s] INFO:colcon.colcon_core.shell:Creating prefix chain script '/home/racecar/racecar_ws/install/setup.zsh'
