[4.816s] Invoking command in '/home/racecar/racecar_ws/build/racecar_neo': PYTHONPATH=/home/racecar/racecar_ws/build/racecar_neo/prefix_override:/home/racecar/racecar_ws/install/racecar_neo/lib/python3.10/site-packages:${PYTHONPATH} /usr/bin/python3 setup.py develop --editable --build-directory /home/racecar/racecar_ws/build/racecar_neo/build --no-deps install_data
[6.386s] running develop
[7.672s] running egg_info
[7.673s] writing racecar_neo.egg-info/PKG-INFO
[7.674s] writing dependency_links to racecar_neo.egg-info/dependency_links.txt
[7.675s] writing entry points to racecar_neo.egg-info/entry_points.txt
[7.676s] writing requirements to racecar_neo.egg-info/requires.txt
[7.677s] writing top-level names to racecar_neo.egg-info/top_level.txt
[7.688s] reading manifest file 'racecar_neo.egg-info/SOURCES.txt'
[7.691s] writing manifest file 'racecar_neo.egg-info/SOURCES.txt'
[7.699s] running build_ext
[7.699s] Creating /home/racecar/racecar_ws/install/racecar_neo/lib/python3.10/site-packages/racecar-neo.egg-link (link to .)
[7.703s] Installing gamepad script to /home/racecar/racecar_ws/install/racecar_neo/lib/racecar_neo
[7.704s] Installing mux script to /home/racecar/racecar_ws/install/racecar_neo/lib/racecar_neo
[7.705s] Installing pwm script to /home/racecar/racecar_ws/install/racecar_neo/lib/racecar_neo
[7.705s] Installing throttle script to /home/racecar/racecar_ws/install/racecar_neo/lib/racecar_neo
[7.708s] 
[7.708s] Installed /home/racecar/racecar_ws/build/racecar_neo
[7.709s] running install_data
[7.889s] Invoked command in '/home/racecar/racecar_ws/build/racecar_neo' returned '0': PYTHONPATH=/home/racecar/racecar_ws/build/racecar_neo/prefix_override:/home/racecar/racecar_ws/install/racecar_neo/lib/python3.10/site-packages:${PYTHONPATH} /usr/bin/python3 setup.py develop --editable --build-directory /home/racecar/racecar_ws/build/racecar_neo/build --no-deps install_data
