[7.620s] Invoking command in '/home/racecar/racecar_ws/build/racecar_neo': PYTHONPATH=/home/racecar/racecar_ws/build/racecar_neo/prefix_override:/home/racecar/racecar_ws/install/racecar_neo/lib/python3.10/site-packages:${PYTHONPATH} /usr/bin/python3 setup.py develop --editable --build-directory /home/racecar/racecar_ws/build/racecar_neo/build --no-deps install_data
[9.825s] running develop
[11.720s] running egg_info
[11.721s] writing racecar_neo.egg-info/PKG-INFO
[11.722s] writing dependency_links to racecar_neo.egg-info/dependency_links.txt
[11.723s] writing entry points to racecar_neo.egg-info/entry_points.txt
[11.724s] writing requirements to racecar_neo.egg-info/requires.txt
[11.725s] writing top-level names to racecar_neo.egg-info/top_level.txt
[11.738s] reading manifest file 'racecar_neo.egg-info/SOURCES.txt'
[11.742s] writing manifest file 'racecar_neo.egg-info/SOURCES.txt'
[11.749s] running build_ext
[11.750s] Creating /home/racecar/racecar_ws/install/racecar_neo/lib/python3.10/site-packages/racecar-neo.egg-link (link to .)
[11.754s] Installing camera script to /home/racecar/racecar_ws/install/racecar_neo/lib/racecar_neo
[11.755s] Installing decode_camera script to /home/racecar/racecar_ws/install/racecar_neo/lib/racecar_neo
[11.756s] Installing gamepad script to /home/racecar/racecar_ws/install/racecar_neo/lib/racecar_neo
[11.757s] Installing imu script to /home/racecar/racecar_ws/install/racecar_neo/lib/racecar_neo
[11.757s] Installing mux script to /home/racecar/racecar_ws/install/racecar_neo/lib/racecar_neo
[11.758s] Installing pwm script to /home/racecar/racecar_ws/install/racecar_neo/lib/racecar_neo
[11.759s] Installing throttle script to /home/racecar/racecar_ws/install/racecar_neo/lib/racecar_neo
[11.761s] 
[11.762s] Installed /home/racecar/racecar_ws/build/racecar_neo
[11.763s] running install_data
[12.014s] Invoked command in '/home/racecar/racecar_ws/build/racecar_neo' returned '0': PYTHONPATH=/home/racecar/racecar_ws/build/racecar_neo/prefix_override:/home/racecar/racecar_ws/install/racecar_neo/lib/python3.10/site-packages:${PYTHONPATH} /usr/bin/python3 setup.py develop --editable --build-directory /home/racecar/racecar_ws/build/racecar_neo/build --no-deps install_data
