[4.777s] Invoking command in '/home/racecar/racecar_ws/build/racecar_neo': PYTHONPATH=/home/racecar/racecar_ws/build/racecar_neo/prefix_override:/home/racecar/racecar_ws/install/racecar_neo/lib/python3.10/site-packages:${PYTHONPATH} /usr/bin/python3 setup.py develop --editable --build-directory /home/racecar/racecar_ws/build/racecar_neo/build --no-deps install_data
[6.245s] running develop
[7.415s] running egg_info
[7.415s] writing racecar_neo.egg-info/PKG-INFO
[7.416s] writing dependency_links to racecar_neo.egg-info/dependency_links.txt
[7.417s] writing entry points to racecar_neo.egg-info/entry_points.txt
[7.418s] writing requirements to racecar_neo.egg-info/requires.txt
[7.419s] writing top-level names to racecar_neo.egg-info/top_level.txt
[7.428s] reading manifest file 'racecar_neo.egg-info/SOURCES.txt'
[7.432s] writing manifest file 'racecar_neo.egg-info/SOURCES.txt'
[7.438s] running build_ext
[7.439s] Creating /home/racecar/racecar_ws/install/racecar_neo/lib/python3.10/site-packages/racecar-neo.egg-link (link to .)
[7.443s] Installing camera script to /home/racecar/racecar_ws/install/racecar_neo/lib/racecar_neo
[7.443s] Installing gamepad script to /home/racecar/racecar_ws/install/racecar_neo/lib/racecar_neo
[7.444s] Installing imu script to /home/racecar/racecar_ws/install/racecar_neo/lib/racecar_neo
[7.445s] Installing mux script to /home/racecar/racecar_ws/install/racecar_neo/lib/racecar_neo
[7.446s] Installing pwm script to /home/racecar/racecar_ws/install/racecar_neo/lib/racecar_neo
[7.446s] Installing throttle script to /home/racecar/racecar_ws/install/racecar_neo/lib/racecar_neo
[7.448s] 
[7.448s] Installed /home/racecar/racecar_ws/build/racecar_neo
[7.449s] running install_data
[7.617s] Invoked command in '/home/racecar/racecar_ws/build/racecar_neo' returned '0': PYTHONPATH=/home/racecar/racecar_ws/build/racecar_neo/prefix_override:/home/racecar/racecar_ws/install/racecar_neo/lib/python3.10/site-packages:${PYTHONPATH} /usr/bin/python3 setup.py develop --editable --build-directory /home/racecar/racecar_ws/build/racecar_neo/build --no-deps install_data
