[5.714s] DEBUG:colcon:Command line arguments: ['/usr/bin/colcon', 'build', '--symlink-install', '--packages-select', 'racecar_neo']
[5.714s] DEBUG:colcon:Parsed command line arguments: Namespace(log_base=None, log_level=None, verb_name='build', build_base='build', install_base='install', merge_install=False, symlink_install=True, test_result_base=None, continue_on_error=False, executor='parallel', parallel_workers=4, event_handlers=None, ignore_user_meta=False, metas=['./colcon.meta'], base_paths=['.'], packages_ignore=None, packages_ignore_regex=None, paths=None, packages_up_to=None, packages_up_to_regex=None, packages_above=None, packages_above_and_dependencies=None, packages_above_depth=None, packages_select_by_dep=None, packages_skip_by_dep=None, packages_skip_up_to=None, packages_select_build_failed=False, packages_skip_build_finished=False, packages_select_test_failures=False, packages_skip_test_passed=False, packages_select=['racecar_neo'], packages_skip=None, packages_select_regex=None, packages_skip_regex=None, packages_start=None, packages_end=None, allow_overriding=[], cmake_args=None, cmake_target=None, cmake_target_skip_unavailable=False, cmake_clean_cache=False, cmake_clean_first=False, cmake_force_configure=False, ament_cmake_args=None, catkin_cmake_args=None, catkin_skip_building_tests=False, verb_parser=<colcon_defaults.argument_parser.defaults.DefaultArgumentsDecorator object at 0xffffa96f3160>, verb_extension=<colcon_core.verb.build.BuildVerb object at 0xffffa96f18d0>, main=<bound method BuildVerb.main of <colcon_core.verb.build.BuildVerb object at 0xffffa96f18d0>>)
[5.951s] Level 1:colcon.colcon_core.package_discovery:discover_packages(colcon_meta) check parameters
[5.952s] Level 1:colcon.colcon_core.package_discovery:discover_packages(recursive) check parameters
[5.952s] Level 1:colcon.colcon_core.package_discovery:discover_packages(ignore) check parameters
[5.952s] Level 1:colcon.colcon_core.package_discovery:discover_packages(path) check parameters
[5.952s] Level 1:colcon.colcon_core.package_discovery:discover_packages(colcon_meta) discover
[5.952s] Level 1:colcon.colcon_core.package_discovery:discover_packages(recursive) discover
[5.953s] INFO:colcon.colcon_core.package_discovery:Crawling recursively for packages in '/home/racecar/racecar_ws'
[5.953s] Level 1:colcon.colcon_core.package_identification:_identify(.) by extensions ['ignore', 'ignore_ament_install']
[5.953s] Level 1:colcon.colcon_core.package_identification:_identify(.) by extension 'ignore'
[5.954s] Level 1:colcon.colcon_core.package_identification:_identify(.) by extension 'ignore_ament_install'
[5.954s] Level 1:colcon.colcon_core.package_identification:_identify(.) by extensions ['colcon_pkg']
[5.954s] Level 1:colcon.colcon_core.package_identification:_identify(.) by extension 'colcon_pkg'
[5.954s] Level 1:colcon.colcon_core.package_identification:_identify(.) by extensions ['colcon_meta']
[5.954s] Level 1:colcon.colcon_core.package_identification:_identify(.) by extension 'colcon_meta'
[5.954s] Level 1:colcon.colcon_core.package_identification:_identify(.) by extensions ['ros']
[5.955s] Level 1:colcon.colcon_core.package_identification:_identify(.) by extension 'ros'
[6.001s] Level 1:colcon.colcon_core.package_identification:_identify(.) by extensions ['cmake', 'python']
[6.001s] Level 1:colcon.colcon_core.package_identification:_identify(.) by extension 'cmake'
[6.001s] Level 1:colcon.colcon_core.package_identification:_identify(.) by extension 'python'
[6.001s] Level 1:colcon.colcon_core.package_identification:_identify(.) by extensions ['python_setup_py']
[6.001s] Level 1:colcon.colcon_core.package_identification:_identify(.) by extension 'python_setup_py'
[6.002s] Level 1:colcon.colcon_core.package_identification:_identify(build) by extensions ['ignore', 'ignore_ament_install']
[6.002s] Level 1:colcon.colcon_core.package_identification:_identify(build) by extension 'ignore'
[6.002s] Level 1:colcon.colcon_core.package_identification:_identify(build) ignored
[6.003s] Level 1:colcon.colcon_core.package_identification:_identify(install) by extensions ['ignore', 'ignore_ament_install']
[6.003s] Level 1:colcon.colcon_core.package_identification:_identify(install) by extension 'ignore'
[6.004s] Level 1:colcon.colcon_core.package_identification:_identify(install) ignored
[6.005s] Level 1:colcon.colcon_core.package_identification:_identify(log) by extensions ['ignore', 'ignore_ament_install']
[6.005s] Level 1:colcon.colcon_core.package_identification:_identify(log) by extension 'ignore'
[6.005s] Level 1:colcon.colcon_core.package_identification:_identify(log) ignored
[6.006s] Level 1:colcon.colcon_core.package_identification:_identify(src) by extensions ['ignore', 'ignore_ament_install']
[6.006s] Level 1:colcon.colcon_core.package_identification:_identify(src) by extension 'ignore'
[6.006s] Level 1:colcon.colcon_core.package_identification:_identify(src) by extension 'ignore_ament_install'
[6.006s] Level 1:colcon.colcon_core.package_identification:_identify(src) by extensions ['colcon_pkg']
[6.007s] Level 1:colcon.colcon_core.package_identification:_identify(src) by extension 'colcon_pkg'
[6.007s] Level 1:colcon.colcon_core.package_identification:_identify(src) by extensions ['colcon_meta']
[6.007s] Level 1:colcon.colcon_core.package_identification:_identify(src) by extension 'colcon_meta'
[6.007s] Level 1:colcon.colcon_core.package_identification:_identify(src) by extensions ['ros']
[6.007s] Level 1:colcon.colcon_core.package_identification:_identify(src) by extension 'ros'
[6.007s] Level 1:colcon.colcon_core.package_identification:_identify(src) by extensions ['cmake', 'python']
[6.008s] Level 1:colcon.colcon_core.package_identification:_identify(src) by extension 'cmake'
[6.008s] Level 1:colcon.colcon_core.package_identification:_identify(src) by extension 'python'
[6.008s] Level 1:colcon.colcon_core.package_identification:_identify(src) by extensions ['python_setup_py']
[6.008s] Level 1:colcon.colcon_core.package_identification:_identify(src) by extension 'python_setup_py'
[6.008s] Level 1:colcon.colcon_core.package_identification:_identify(src/racecar_neo) by extensions ['ignore', 'ignore_ament_install']
[6.009s] Level 1:colcon.colcon_core.package_identification:_identify(src/racecar_neo) by extension 'ignore'
[6.009s] Level 1:colcon.colcon_core.package_identification:_identify(src/racecar_neo) by extension 'ignore_ament_install'
[6.009s] Level 1:colcon.colcon_core.package_identification:_identify(src/racecar_neo) by extensions ['colcon_pkg']
[6.009s] Level 1:colcon.colcon_core.package_identification:_identify(src/racecar_neo) by extension 'colcon_pkg'
[6.009s] Level 1:colcon.colcon_core.package_identification:_identify(src/racecar_neo) by extensions ['colcon_meta']
[6.010s] Level 1:colcon.colcon_core.package_identification:_identify(src/racecar_neo) by extension 'colcon_meta'
[6.010s] Level 1:colcon.colcon_core.package_identification:_identify(src/racecar_neo) by extensions ['ros']
[6.010s] Level 1:colcon.colcon_core.package_identification:_identify(src/racecar_neo) by extension 'ros'
[6.019s] DEBUG:colcon.colcon_core.package_identification:Package 'src/racecar_neo' with type 'ros.ament_python' and name 'racecar_neo'
[6.020s] Level 1:colcon.colcon_core.package_identification:_identify(src/ydlidar) by extensions ['ignore', 'ignore_ament_install']
[6.021s] Level 1:colcon.colcon_core.package_identification:_identify(src/ydlidar) by extension 'ignore'
[6.021s] Level 1:colcon.colcon_core.package_identification:_identify(src/ydlidar) by extension 'ignore_ament_install'
[6.021s] Level 1:colcon.colcon_core.package_identification:_identify(src/ydlidar) by extensions ['colcon_pkg']
[6.021s] Level 1:colcon.colcon_core.package_identification:_identify(src/ydlidar) by extension 'colcon_pkg'
[6.021s] Level 1:colcon.colcon_core.package_identification:_identify(src/ydlidar) by extensions ['colcon_meta']
[6.021s] Level 1:colcon.colcon_core.package_identification:_identify(src/ydlidar) by extension 'colcon_meta'
[6.022s] Level 1:colcon.colcon_core.package_identification:_identify(src/ydlidar) by extensions ['ros']
[6.022s] Level 1:colcon.colcon_core.package_identification:_identify(src/ydlidar) by extension 'ros'
[6.024s] DEBUG:colcon.colcon_core.package_identification:Package 'src/ydlidar' with type 'ros.ament_cmake' and name 'ydlidar_ros2_driver'
[6.024s] Level 1:colcon.colcon_core.package_discovery:discover_packages(recursive) using defaults
[6.025s] Level 1:colcon.colcon_core.package_discovery:discover_packages(ignore) discover
[6.025s] Level 1:colcon.colcon_core.package_discovery:discover_packages(ignore) using defaults
[6.025s] Level 1:colcon.colcon_core.package_discovery:discover_packages(path) discover
[6.025s] Level 1:colcon.colcon_core.package_discovery:discover_packages(path) using defaults
[6.349s] INFO:colcon.colcon_core.package_selection:Skipping not selected package 'ydlidar_ros2_driver' in 'src/ydlidar'
[6.512s] Level 1:colcon.colcon_core.package_discovery:discover_packages(prefix_path) check parameters
[6.512s] Level 1:colcon.colcon_core.package_discovery:discover_packages(prefix_path) discover
[6.722s] DEBUG:colcon.colcon_installed_package_information.package_discovery:Found 2 installed packages in /home/racecar/racecar_ws/install
[6.812s] DEBUG:colcon.colcon_installed_package_information.package_discovery:Found 282 installed packages in /opt/ros/iron
[6.818s] Level 1:colcon.colcon_core.package_discovery:discover_packages(prefix_path) using defaults
[7.204s] Level 5:colcon.colcon_core.verb:set package 'racecar_neo' build argument 'cmake_args' from command line to 'None'
[7.205s] Level 5:colcon.colcon_core.verb:set package 'racecar_neo' build argument 'cmake_target' from command line to 'None'
[7.205s] Level 5:colcon.colcon_core.verb:set package 'racecar_neo' build argument 'cmake_target_skip_unavailable' from command line to 'False'
[7.205s] Level 5:colcon.colcon_core.verb:set package 'racecar_neo' build argument 'cmake_clean_cache' from command line to 'False'
[7.205s] Level 5:colcon.colcon_core.verb:set package 'racecar_neo' build argument 'cmake_clean_first' from command line to 'False'
[7.205s] Level 5:colcon.colcon_core.verb:set package 'racecar_neo' build argument 'cmake_force_configure' from command line to 'False'
[7.205s] Level 5:colcon.colcon_core.verb:set package 'racecar_neo' build argument 'ament_cmake_args' from command line to 'None'
[7.205s] Level 5:colcon.colcon_core.verb:set package 'racecar_neo' build argument 'catkin_cmake_args' from command line to 'None'
[7.205s] Level 5:colcon.colcon_core.verb:set package 'racecar_neo' build argument 'catkin_skip_building_tests' from command line to 'False'
[7.205s] DEBUG:colcon.colcon_core.verb:Building package 'racecar_neo' with the following arguments: {'ament_cmake_args': None, 'build_base': '/home/racecar/racecar_ws/build/racecar_neo', 'catkin_cmake_args': None, 'catkin_skip_building_tests': False, 'cmake_args': None, 'cmake_clean_cache': False, 'cmake_clean_first': False, 'cmake_force_configure': False, 'cmake_target': None, 'cmake_target_skip_unavailable': False, 'install_base': '/home/racecar/racecar_ws/install/racecar_neo', 'merge_install': False, 'path': '/home/racecar/racecar_ws/src/racecar_neo', 'symlink_install': True, 'test_result_base': None}
[7.287s] INFO:colcon.colcon_core.executor:Executing jobs using 'parallel' executor
[7.372s] DEBUG:colcon.colcon_parallel_executor.executor.parallel:run_until_complete
[7.373s] INFO:colcon.colcon_ros.task.ament_python.build:Building ROS package in '/home/racecar/racecar_ws/src/racecar_neo' with build type 'ament_python'
[7.374s] Level 1:colcon.colcon_core.shell:create_environment_hook('racecar_neo', 'ament_prefix_path')
[7.476s] INFO:colcon.colcon_core.plugin_system:Skipping extension 'colcon_core.shell.bat': Not used on non-Windows systems
[7.477s] INFO:colcon.colcon_core.shell:Creating environment hook '/home/racecar/racecar_ws/install/racecar_neo/share/racecar_neo/hook/ament_prefix_path.ps1'
[7.481s] INFO:colcon.colcon_core.shell:Creating environment descriptor '/home/racecar/racecar_ws/install/racecar_neo/share/racecar_neo/hook/ament_prefix_path.dsv'
[7.485s] INFO:colcon.colcon_core.shell:Creating environment hook '/home/racecar/racecar_ws/install/racecar_neo/share/racecar_neo/hook/ament_prefix_path.sh'
[7.597s] INFO:colcon.colcon_core.shell:Skip shell extension 'powershell' for command environment: Not usable outside of PowerShell
[7.597s] DEBUG:colcon.colcon_core.shell:Skip shell extension 'dsv' for command environment
[9.382s] INFO:colcon.colcon_core.task.python.build:Building Python package in '/home/racecar/racecar_ws/src/racecar_neo'
[9.473s] INFO:colcon.colcon_core.shell:Skip shell extension 'powershell' for command environment: Not usable outside of PowerShell
[9.473s] DEBUG:colcon.colcon_core.shell:Skip shell extension 'dsv' for command environment
[11.890s] DEBUG:colcon.colcon_core.event_handler.log_command:Invoking command in '/home/racecar/racecar_ws/build/racecar_neo': PYTHONPATH=/home/racecar/racecar_ws/build/racecar_neo/prefix_override:/home/racecar/racecar_ws/install/racecar_neo/lib/python3.10/site-packages:${PYTHONPATH} /usr/bin/python3 setup.py develop --editable --build-directory /home/racecar/racecar_ws/build/racecar_neo/build --no-deps install_data
[14.722s] Level 1:colcon.colcon_core.shell:create_environment_hook('racecar_neo', 'pythonpath_develop')
[14.724s] DEBUG:colcon.colcon_core.event_handler.log_command:Invoked command in '/home/racecar/racecar_ws/build/racecar_neo' returned '0': PYTHONPATH=/home/racecar/racecar_ws/build/racecar_neo/prefix_override:/home/racecar/racecar_ws/install/racecar_neo/lib/python3.10/site-packages:${PYTHONPATH} /usr/bin/python3 setup.py develop --editable --build-directory /home/racecar/racecar_ws/build/racecar_neo/build --no-deps install_data
[14.816s] INFO:colcon.colcon_core.shell:Creating environment hook '/home/racecar/racecar_ws/build/racecar_neo/share/racecar_neo/hook/pythonpath_develop.ps1'
[14.818s] INFO:colcon.colcon_core.shell:Creating environment descriptor '/home/racecar/racecar_ws/build/racecar_neo/share/racecar_neo/hook/pythonpath_develop.dsv'
[14.819s] INFO:colcon.colcon_core.shell:Creating environment hook '/home/racecar/racecar_ws/build/racecar_neo/share/racecar_neo/hook/pythonpath_develop.sh'
[14.936s] Level 1:colcon.colcon_core.environment:checking '/home/racecar/racecar_ws/install/racecar_neo' for CMake module files
[14.939s] Level 1:colcon.colcon_core.environment:checking '/home/racecar/racecar_ws/install/racecar_neo' for CMake config files
[14.943s] Level 1:colcon.colcon_core.environment:checking '/home/racecar/racecar_ws/install/racecar_neo/lib'
[14.944s] Level 1:colcon.colcon_core.environment:checking '/home/racecar/racecar_ws/install/racecar_neo/bin'
[14.944s] Level 1:colcon.colcon_core.environment:checking '/home/racecar/racecar_ws/install/racecar_neo/lib/pkgconfig/racecar_neo.pc'
[14.945s] Level 1:colcon.colcon_core.environment:checking '/home/racecar/racecar_ws/install/racecar_neo/lib/python3.10/site-packages'
[14.945s] Level 1:colcon.colcon_core.shell:create_environment_hook('racecar_neo', 'pythonpath')
[15.032s] INFO:colcon.colcon_core.shell:Creating environment hook '/home/racecar/racecar_ws/install/racecar_neo/share/racecar_neo/hook/pythonpath.ps1'
[15.034s] INFO:colcon.colcon_core.shell:Creating environment descriptor '/home/racecar/racecar_ws/install/racecar_neo/share/racecar_neo/hook/pythonpath.dsv'
[15.036s] INFO:colcon.colcon_core.shell:Creating environment hook '/home/racecar/racecar_ws/install/racecar_neo/share/racecar_neo/hook/pythonpath.sh'
[15.038s] Level 1:colcon.colcon_core.environment:checking '/home/racecar/racecar_ws/install/racecar_neo/bin'
[15.039s] Level 1:colcon.colcon_core.environment:create_environment_scripts_only(racecar_neo)
[15.127s] INFO:colcon.colcon_core.shell:Creating package script '/home/racecar/racecar_ws/install/racecar_neo/share/racecar_neo/package.ps1'
[15.132s] INFO:colcon.colcon_core.shell:Creating package descriptor '/home/racecar/racecar_ws/install/racecar_neo/share/racecar_neo/package.dsv'
[15.137s] INFO:colcon.colcon_core.shell:Creating package script '/home/racecar/racecar_ws/install/racecar_neo/share/racecar_neo/package.sh'
[15.142s] INFO:colcon.colcon_core.shell:Creating package script '/home/racecar/racecar_ws/install/racecar_neo/share/racecar_neo/package.bash'
[15.148s] INFO:colcon.colcon_core.shell:Creating package script '/home/racecar/racecar_ws/install/racecar_neo/share/racecar_neo/package.zsh'
[15.152s] Level 1:colcon.colcon_core.environment:create_file_with_runtime_dependencies(/home/racecar/racecar_ws/install/racecar_neo/share/colcon-core/packages/racecar_neo)
[15.154s] DEBUG:colcon.colcon_parallel_executor.executor.parallel:closing loop
[15.155s] DEBUG:colcon.colcon_parallel_executor.executor.parallel:loop closed
[15.155s] DEBUG:colcon.colcon_parallel_executor.executor.parallel:run_until_complete finished with '0'
[15.156s] DEBUG:colcon.colcon_core.event_reactor:joining thread
[15.275s] INFO:colcon.colcon_core.plugin_system:Skipping extension 'colcon_notification.desktop_notification.terminal_notifier': Not used on non-Darwin systems
[15.276s] INFO:colcon.colcon_core.plugin_system:Skipping extension 'colcon_notification.desktop_notification.win32': Not used on non-Windows systems
[15.276s] INFO:colcon.colcon_notification.desktop_notification:Sending desktop notification using 'notify2'
[15.328s] DEBUG:colcon.colcon_core.event_reactor:joined thread
[15.474s] INFO:colcon.colcon_core.shell:Creating prefix script '/home/racecar/racecar_ws/install/local_setup.ps1'
[15.480s] INFO:colcon.colcon_core.shell:Creating prefix util module '/home/racecar/racecar_ws/install/_local_setup_util_ps1.py'
[15.487s] INFO:colcon.colcon_core.shell:Creating prefix chain script '/home/racecar/racecar_ws/install/setup.ps1'
[15.589s] INFO:colcon.colcon_core.shell:Creating prefix script '/home/racecar/racecar_ws/install/local_setup.sh'
[15.592s] INFO:colcon.colcon_core.shell:Creating prefix util module '/home/racecar/racecar_ws/install/_local_setup_util_sh.py'
[15.594s] INFO:colcon.colcon_core.shell:Creating prefix chain script '/home/racecar/racecar_ws/install/setup.sh'
[15.681s] INFO:colcon.colcon_core.shell:Creating prefix script '/home/racecar/racecar_ws/install/local_setup.bash'
[15.683s] INFO:colcon.colcon_core.shell:Creating prefix chain script '/home/racecar/racecar_ws/install/setup.bash'
[15.768s] INFO:colcon.colcon_core.shell:Creating prefix script '/home/racecar/racecar_ws/install/local_setup.zsh'
[15.771s] INFO:colcon.colcon_core.shell:Creating prefix chain script '/home/racecar/racecar_ws/install/setup.zsh'
