running egg_info
creating ../../build/racecar_neo/racecar_neo.egg-info
writing ../../build/racecar_neo/racecar_neo.egg-info/PKG-INFO
writing dependency_links to ../../build/racecar_neo/racecar_neo.egg-info/dependency_links.txt
writing entry points to ../../build/racecar_neo/racecar_neo.egg-info/entry_points.txt
writing requirements to ../../build/racecar_neo/racecar_neo.egg-info/requires.txt
writing top-level names to ../../build/racecar_neo/racecar_neo.egg-info/top_level.txt
writing manifest file '../../build/racecar_neo/racecar_neo.egg-info/SOURCES.txt'
reading manifest file '../../build/racecar_neo/racecar_neo.egg-info/SOURCES.txt'
adding license file 'LICENSE'
writing manifest file '../../build/racecar_neo/racecar_neo.egg-info/SOURCES.txt'
running build
running build_py
creating /home/racecar/racecar_ws/build/racecar_neo/build
creating /home/racecar/racecar_ws/build/racecar_neo/build/lib
creating /home/racecar/racecar_ws/build/racecar_neo/build/lib/racecar_neo
copying racecar_neo/test_node.py -> /home/racecar/racecar_ws/build/racecar_neo/build/lib/racecar_neo
copying racecar_neo/__init__.py -> /home/racecar/racecar_ws/build/racecar_neo/build/lib/racecar_neo
running install
running install_lib
creating /home/racecar/racecar_ws/install/racecar_neo/lib/python3.10/site-packages/racecar_neo
copying /home/racecar/racecar_ws/build/racecar_neo/build/lib/racecar_neo/test_node.py -> /home/racecar/racecar_ws/install/racecar_neo/lib/python3.10/site-packages/racecar_neo
copying /home/racecar/racecar_ws/build/racecar_neo/build/lib/racecar_neo/__init__.py -> /home/racecar/racecar_ws/install/racecar_neo/lib/python3.10/site-packages/racecar_neo
byte-compiling /home/racecar/racecar_ws/install/racecar_neo/lib/python3.10/site-packages/racecar_neo/test_node.py to test_node.cpython-310.pyc
byte-compiling /home/racecar/racecar_ws/install/racecar_neo/lib/python3.10/site-packages/racecar_neo/__init__.py to __init__.cpython-310.pyc
running install_data
creating /home/racecar/racecar_ws/install/racecar_neo/share/ament_index
creating /home/racecar/racecar_ws/install/racecar_neo/share/ament_index/resource_index
creating /home/racecar/racecar_ws/install/racecar_neo/share/ament_index/resource_index/packages
copying resource/racecar_neo -> /home/racecar/racecar_ws/install/racecar_neo/share/ament_index/resource_index/packages
copying package.xml -> /home/racecar/racecar_ws/install/racecar_neo/share/racecar_neo
running install_egg_info
Copying ../../build/racecar_neo/racecar_neo.egg-info to /home/racecar/racecar_ws/install/racecar_neo/lib/python3.10/site-packages/racecar_neo-0.0.0-py3.10.egg-info
running install_scripts
Installing test_node script to /home/racecar/racecar_ws/install/racecar_neo/lib/racecar_neo
writing list of installed files to '/home/racecar/racecar_ws/build/racecar_neo/install.log'
