[3.163s] Invoking command in '/home/racecar/racecar_ws/src/racecar_neo': PYTHONPATH=/home/racecar/racecar_ws/build/racecar_neo/prefix_override:/home/racecar/racecar_ws/install/racecar_neo/lib/python3.10/site-packages:${PYTHONPATH} /usr/bin/python3 setup.py egg_info --egg-base ../../build/racecar_neo build --build-base /home/racecar/racecar_ws/build/racecar_neo/build install --record /home/racecar/racecar_ws/build/racecar_neo/install.log --single-version-externally-managed
[4.236s] running egg_info
[4.239s] creating ../../build/racecar_neo/racecar_neo.egg-info
[4.239s] writing ../../build/racecar_neo/racecar_neo.egg-info/PKG-INFO
[4.241s] writing dependency_links to ../../build/racecar_neo/racecar_neo.egg-info/dependency_links.txt
[4.241s] writing entry points to ../../build/racecar_neo/racecar_neo.egg-info/entry_points.txt
[4.242s] writing requirements to ../../build/racecar_neo/racecar_neo.egg-info/requires.txt
[4.242s] writing top-level names to ../../build/racecar_neo/racecar_neo.egg-info/top_level.txt
[4.243s] writing manifest file '../../build/racecar_neo/racecar_neo.egg-info/SOURCES.txt'
[4.250s] reading manifest file '../../build/racecar_neo/racecar_neo.egg-info/SOURCES.txt'
[4.251s] adding license file 'LICENSE'
[4.253s] writing manifest file '../../build/racecar_neo/racecar_neo.egg-info/SOURCES.txt'
[4.254s] running build
[4.254s] running build_py
[4.255s] creating /home/racecar/racecar_ws/build/racecar_neo/build
[4.256s] creating /home/racecar/racecar_ws/build/racecar_neo/build/lib
[4.256s] creating /home/racecar/racecar_ws/build/racecar_neo/build/lib/racecar_neo
[4.257s] copying racecar_neo/test_node.py -> /home/racecar/racecar_ws/build/racecar_neo/build/lib/racecar_neo
[4.258s] copying racecar_neo/__init__.py -> /home/racecar/racecar_ws/build/racecar_neo/build/lib/racecar_neo
[4.258s] running install
[4.259s] /usr/lib/python3/dist-packages/setuptools/command/install.py:34: SetuptoolsDeprecationWarning: setup.py install is deprecated. Use build and pip and other standards-based tools.
[4.261s]   warnings.warn(
[4.264s] running install_lib
[4.265s] creating /home/racecar/racecar_ws/install/racecar_neo/lib/python3.10/site-packages/racecar_neo
[4.266s] copying /home/racecar/racecar_ws/build/racecar_neo/build/lib/racecar_neo/test_node.py -> /home/racecar/racecar_ws/install/racecar_neo/lib/python3.10/site-packages/racecar_neo
[4.267s] copying /home/racecar/racecar_ws/build/racecar_neo/build/lib/racecar_neo/__init__.py -> /home/racecar/racecar_ws/install/racecar_neo/lib/python3.10/site-packages/racecar_neo
[4.269s] byte-compiling /home/racecar/racecar_ws/install/racecar_neo/lib/python3.10/site-packages/racecar_neo/test_node.py to test_node.cpython-310.pyc
[4.271s] byte-compiling /home/racecar/racecar_ws/install/racecar_neo/lib/python3.10/site-packages/racecar_neo/__init__.py to __init__.cpython-310.pyc
[4.272s] running install_data
[4.275s] creating /home/racecar/racecar_ws/install/racecar_neo/share/ament_index
[4.275s] creating /home/racecar/racecar_ws/install/racecar_neo/share/ament_index/resource_index
[4.275s] creating /home/racecar/racecar_ws/install/racecar_neo/share/ament_index/resource_index/packages
[4.276s] copying resource/racecar_neo -> /home/racecar/racecar_ws/install/racecar_neo/share/ament_index/resource_index/packages
[4.276s] copying package.xml -> /home/racecar/racecar_ws/install/racecar_neo/share/racecar_neo
[4.277s] running install_egg_info
[4.283s] Copying ../../build/racecar_neo/racecar_neo.egg-info to /home/racecar/racecar_ws/install/racecar_neo/lib/python3.10/site-packages/racecar_neo-0.0.0-py3.10.egg-info
[4.288s] running install_scripts
[4.370s] Installing test_node script to /home/racecar/racecar_ws/install/racecar_neo/lib/racecar_neo
[4.372s] writing list of installed files to '/home/racecar/racecar_ws/build/racecar_neo/install.log'
[4.496s] Invoked command in '/home/racecar/racecar_ws/src/racecar_neo' returned '0': PYTHONPATH=/home/racecar/racecar_ws/build/racecar_neo/prefix_override:/home/racecar/racecar_ws/install/racecar_neo/lib/python3.10/site-packages:${PYTHONPATH} /usr/bin/python3 setup.py egg_info --egg-base ../../build/racecar_neo build --build-base /home/racecar/racecar_ws/build/racecar_neo/build install --record /home/racecar/racecar_ws/build/racecar_neo/install.log --single-version-externally-managed
