[6.424s] DEBUG:colcon:Command line arguments: ['/usr/bin/colcon', 'build', '--packages-select', 'ackermann_msgs']
[6.425s] DEBUG:colcon:Parsed command line arguments: Namespace(log_base=None, log_level=None, verb_name='build', build_base='build', install_base='install', merge_install=False, symlink_install=False, test_result_base=None, continue_on_error=False, executor='parallel', parallel_workers=4, event_handlers=None, ignore_user_meta=False, metas=['./colcon.meta'], base_paths=['.'], packages_ignore=None, packages_ignore_regex=None, paths=None, packages_up_to=None, packages_up_to_regex=None, packages_above=None, packages_above_and_dependencies=None, packages_above_depth=None, packages_select_by_dep=None, packages_skip_by_dep=None, packages_skip_up_to=None, packages_select_build_failed=False, packages_skip_build_finished=False, packages_select_test_failures=False, packages_skip_test_passed=False, packages_select=['ackermann_msgs'], packages_skip=None, packages_select_regex=None, packages_skip_regex=None, packages_start=None, packages_end=None, allow_overriding=[], cmake_args=None, cmake_target=None, cmake_target_skip_unavailable=False, cmake_clean_cache=False, cmake_clean_first=False, cmake_force_configure=False, ament_cmake_args=None, catkin_cmake_args=None, catkin_skip_building_tests=False, verb_parser=<colcon_defaults.argument_parser.defaults.DefaultArgumentsDecorator object at 0xffffabeb8880>, verb_extension=<colcon_core.verb.build.BuildVerb object at 0xffffac203970>, main=<bound method BuildVerb.main of <colcon_core.verb.build.BuildVerb object at 0xffffac203970>>)
[6.765s] Level 1:colcon.colcon_core.package_discovery:discover_packages(colcon_meta) check parameters
[6.765s] Level 1:colcon.colcon_core.package_discovery:discover_packages(recursive) check parameters
[6.765s] Level 1:colcon.colcon_core.package_discovery:discover_packages(ignore) check parameters
[6.766s] Level 1:colcon.colcon_core.package_discovery:discover_packages(path) check parameters
[6.766s] Level 1:colcon.colcon_core.package_discovery:discover_packages(colcon_meta) discover
[6.766s] Level 1:colcon.colcon_core.package_discovery:discover_packages(recursive) discover
[6.766s] INFO:colcon.colcon_core.package_discovery:Crawling recursively for packages in '/home/racecar/racecar_ws'
[6.766s] Level 1:colcon.colcon_core.package_identification:_identify(.) by extensions ['ignore', 'ignore_ament_install']
[6.767s] Level 1:colcon.colcon_core.package_identification:_identify(.) by extension 'ignore'
[6.767s] Level 1:colcon.colcon_core.package_identification:_identify(.) by extension 'ignore_ament_install'
[6.768s] Level 1:colcon.colcon_core.package_identification:_identify(.) by extensions ['colcon_pkg']
[6.768s] Level 1:colcon.colcon_core.package_identification:_identify(.) by extension 'colcon_pkg'
[6.768s] Level 1:colcon.colcon_core.package_identification:_identify(.) by extensions ['colcon_meta']
[6.768s] Level 1:colcon.colcon_core.package_identification:_identify(.) by extension 'colcon_meta'
[6.768s] Level 1:colcon.colcon_core.package_identification:_identify(.) by extensions ['ros']
[6.768s] Level 1:colcon.colcon_core.package_identification:_identify(.) by extension 'ros'
[6.835s] Level 1:colcon.colcon_core.package_identification:_identify(.) by extensions ['cmake', 'python']
[6.835s] Level 1:colcon.colcon_core.package_identification:_identify(.) by extension 'cmake'
[6.835s] Level 1:colcon.colcon_core.package_identification:_identify(.) by extension 'python'
[6.836s] Level 1:colcon.colcon_core.package_identification:_identify(.) by extensions ['python_setup_py']
[6.836s] Level 1:colcon.colcon_core.package_identification:_identify(.) by extension 'python_setup_py'
[6.836s] Level 1:colcon.colcon_core.package_identification:_identify(build) by extensions ['ignore', 'ignore_ament_install']
[6.837s] Level 1:colcon.colcon_core.package_identification:_identify(build) by extension 'ignore'
[6.837s] Level 1:colcon.colcon_core.package_identification:_identify(build) ignored
[6.837s] Level 1:colcon.colcon_core.package_identification:_identify(install) by extensions ['ignore', 'ignore_ament_install']
[6.838s] Level 1:colcon.colcon_core.package_identification:_identify(install) by extension 'ignore'
[6.838s] Level 1:colcon.colcon_core.package_identification:_identify(install) ignored
[6.838s] Level 1:colcon.colcon_core.package_identification:_identify(log) by extensions ['ignore', 'ignore_ament_install']
[6.839s] Level 1:colcon.colcon_core.package_identification:_identify(log) by extension 'ignore'
[6.839s] Level 1:colcon.colcon_core.package_identification:_identify(log) ignored
[6.839s] Level 1:colcon.colcon_core.package_identification:_identify(src) by extensions ['ignore', 'ignore_ament_install']
[6.840s] Level 1:colcon.colcon_core.package_identification:_identify(src) by extension 'ignore'
[6.840s] Level 1:colcon.colcon_core.package_identification:_identify(src) by extension 'ignore_ament_install'
[6.840s] Level 1:colcon.colcon_core.package_identification:_identify(src) by extensions ['colcon_pkg']
[6.840s] Level 1:colcon.colcon_core.package_identification:_identify(src) by extension 'colcon_pkg'
[6.840s] Level 1:colcon.colcon_core.package_identification:_identify(src) by extensions ['colcon_meta']
[6.841s] Level 1:colcon.colcon_core.package_identification:_identify(src) by extension 'colcon_meta'
[6.841s] Level 1:colcon.colcon_core.package_identification:_identify(src) by extensions ['ros']
[6.841s] Level 1:colcon.colcon_core.package_identification:_identify(src) by extension 'ros'
[6.841s] Level 1:colcon.colcon_core.package_identification:_identify(src) by extensions ['cmake', 'python']
[6.841s] Level 1:colcon.colcon_core.package_identification:_identify(src) by extension 'cmake'
[6.841s] Level 1:colcon.colcon_core.package_identification:_identify(src) by extension 'python'
[6.842s] Level 1:colcon.colcon_core.package_identification:_identify(src) by extensions ['python_setup_py']
[6.842s] Level 1:colcon.colcon_core.package_identification:_identify(src) by extension 'python_setup_py'
[6.842s] Level 1:colcon.colcon_core.package_identification:_identify(src/ackermann_msgs) by extensions ['ignore', 'ignore_ament_install']
[6.843s] Level 1:colcon.colcon_core.package_identification:_identify(src/ackermann_msgs) by extension 'ignore'
[6.843s] Level 1:colcon.colcon_core.package_identification:_identify(src/ackermann_msgs) by extension 'ignore_ament_install'
[6.843s] Level 1:colcon.colcon_core.package_identification:_identify(src/ackermann_msgs) by extensions ['colcon_pkg']
[6.843s] Level 1:colcon.colcon_core.package_identification:_identify(src/ackermann_msgs) by extension 'colcon_pkg'
[6.843s] Level 1:colcon.colcon_core.package_identification:_identify(src/ackermann_msgs) by extensions ['colcon_meta']
[6.843s] Level 1:colcon.colcon_core.package_identification:_identify(src/ackermann_msgs) by extension 'colcon_meta'
[6.844s] Level 1:colcon.colcon_core.package_identification:_identify(src/ackermann_msgs) by extensions ['ros']
[6.844s] Level 1:colcon.colcon_core.package_identification:_identify(src/ackermann_msgs) by extension 'ros'
[6.854s] DEBUG:colcon.colcon_core.package_identification:Package 'src/ackermann_msgs' with type 'ros.catkin' and name 'ackermann_msgs'
[6.855s] Level 1:colcon.colcon_core.package_identification:_identify(src/racecar_neo) by extensions ['ignore', 'ignore_ament_install']
[6.855s] Level 1:colcon.colcon_core.package_identification:_identify(src/racecar_neo) by extension 'ignore'
[6.856s] Level 1:colcon.colcon_core.package_identification:_identify(src/racecar_neo) by extension 'ignore_ament_install'
[6.856s] Level 1:colcon.colcon_core.package_identification:_identify(src/racecar_neo) by extensions ['colcon_pkg']
[6.856s] Level 1:colcon.colcon_core.package_identification:_identify(src/racecar_neo) by extension 'colcon_pkg'
[6.856s] Level 1:colcon.colcon_core.package_identification:_identify(src/racecar_neo) by extensions ['colcon_meta']
[6.856s] Level 1:colcon.colcon_core.package_identification:_identify(src/racecar_neo) by extension 'colcon_meta'
[6.857s] Level 1:colcon.colcon_core.package_identification:_identify(src/racecar_neo) by extensions ['ros']
[6.857s] Level 1:colcon.colcon_core.package_identification:_identify(src/racecar_neo) by extension 'ros'
[6.859s] DEBUG:colcon.colcon_core.package_identification:Package 'src/racecar_neo' with type 'ros.ament_python' and name 'racecar_neo'
[6.860s] Level 1:colcon.colcon_core.package_discovery:discover_packages(recursive) using defaults
[6.860s] Level 1:colcon.colcon_core.package_discovery:discover_packages(ignore) discover
[6.860s] Level 1:colcon.colcon_core.package_discovery:discover_packages(ignore) using defaults
[6.860s] Level 1:colcon.colcon_core.package_discovery:discover_packages(path) discover
[6.860s] Level 1:colcon.colcon_core.package_discovery:discover_packages(path) using defaults
[7.278s] INFO:colcon.colcon_core.package_selection:Skipping not selected package 'racecar_neo' in 'src/racecar_neo'
[7.508s] Level 1:colcon.colcon_core.package_discovery:discover_packages(prefix_path) check parameters
[7.508s] Level 1:colcon.colcon_core.package_discovery:discover_packages(prefix_path) discover
[7.746s] DEBUG:colcon.colcon_installed_package_information.package_discovery:Found 281 installed packages in /opt/ros/iron
[7.753s] Level 1:colcon.colcon_core.package_discovery:discover_packages(prefix_path) using defaults
[8.189s] Level 5:colcon.colcon_core.verb:set package 'ackermann_msgs' build argument 'cmake_args' from command line to 'None'
[8.189s] Level 5:colcon.colcon_core.verb:set package 'ackermann_msgs' build argument 'cmake_target' from command line to 'None'
[8.190s] Level 5:colcon.colcon_core.verb:set package 'ackermann_msgs' build argument 'cmake_target_skip_unavailable' from command line to 'False'
[8.190s] Level 5:colcon.colcon_core.verb:set package 'ackermann_msgs' build argument 'cmake_clean_cache' from command line to 'False'
[8.190s] Level 5:colcon.colcon_core.verb:set package 'ackermann_msgs' build argument 'cmake_clean_first' from command line to 'False'
[8.190s] Level 5:colcon.colcon_core.verb:set package 'ackermann_msgs' build argument 'cmake_force_configure' from command line to 'False'
[8.190s] Level 5:colcon.colcon_core.verb:set package 'ackermann_msgs' build argument 'ament_cmake_args' from command line to 'None'
[8.190s] Level 5:colcon.colcon_core.verb:set package 'ackermann_msgs' build argument 'catkin_cmake_args' from command line to 'None'
[8.191s] Level 5:colcon.colcon_core.verb:set package 'ackermann_msgs' build argument 'catkin_skip_building_tests' from command line to 'False'
[8.191s] DEBUG:colcon.colcon_core.verb:Building package 'ackermann_msgs' with the following arguments: {'ament_cmake_args': None, 'build_base': '/home/racecar/racecar_ws/build/ackermann_msgs', 'catkin_cmake_args': None, 'catkin_skip_building_tests': False, 'cmake_args': None, 'cmake_clean_cache': False, 'cmake_clean_first': False, 'cmake_force_configure': False, 'cmake_target': None, 'cmake_target_skip_unavailable': False, 'install_base': '/home/racecar/racecar_ws/install/ackermann_msgs', 'merge_install': False, 'path': '/home/racecar/racecar_ws/src/ackermann_msgs', 'symlink_install': False, 'test_result_base': None}
[8.300s] INFO:colcon.colcon_core.executor:Executing jobs using 'parallel' executor
[8.382s] DEBUG:colcon.colcon_parallel_executor.executor.parallel:run_until_complete
[8.383s] INFO:colcon.colcon_ros.task.catkin.build:Building ROS package in '/home/racecar/racecar_ws/src/ackermann_msgs' with build type 'catkin'
[8.384s] INFO:colcon.colcon_cmake.task.cmake.build:Building CMake package in '/home/racecar/racecar_ws/src/ackermann_msgs'
[8.518s] INFO:colcon.colcon_core.plugin_system:Skipping extension 'colcon_core.shell.bat': Not used on non-Windows systems
[8.520s] INFO:colcon.colcon_core.shell:Skip shell extension 'powershell' for command environment: Not usable outside of PowerShell
[8.520s] DEBUG:colcon.colcon_core.shell:Skip shell extension 'dsv' for command environment
[8.731s] DEBUG:colcon.colcon_core.event_handler.log_command:Invoking command in '/home/racecar/racecar_ws/build/ackermann_msgs': /usr/bin/cmake /home/racecar/racecar_ws/src/ackermann_msgs -DCATKIN_INSTALL_INTO_PREFIX_ROOT=0 -DCMAKE_INSTALL_PREFIX=/home/racecar/racecar_ws/install/ackermann_msgs
[11.381s] DEBUG:colcon.colcon_core.event_handler.log_command:Invoked command in '/home/racecar/racecar_ws/build/ackermann_msgs' returned '1': /usr/bin/cmake /home/racecar/racecar_ws/src/ackermann_msgs -DCATKIN_INSTALL_INTO_PREFIX_ROOT=0 -DCMAKE_INSTALL_PREFIX=/home/racecar/racecar_ws/install/ackermann_msgs
[11.426s] Level 1:colcon.colcon_core.environment:create_environment_scripts_only(ackermann_msgs)
[11.538s] Level 1:colcon.colcon_core.environment:checking '/home/racecar/racecar_ws/install/ackermann_msgs' for CMake module files
[11.540s] Level 1:colcon.colcon_core.environment:checking '/home/racecar/racecar_ws/install/ackermann_msgs' for CMake config files
[11.542s] Level 1:colcon.colcon_core.environment:checking '/home/racecar/racecar_ws/install/ackermann_msgs/bin'
[11.542s] Level 1:colcon.colcon_core.environment:checking '/home/racecar/racecar_ws/install/ackermann_msgs/lib/pkgconfig/ackermann_msgs.pc'
[11.543s] Level 1:colcon.colcon_core.environment:checking '/home/racecar/racecar_ws/install/ackermann_msgs/lib/python3.10/site-packages'
[11.545s] Level 1:colcon.colcon_core.environment:checking '/home/racecar/racecar_ws/install/ackermann_msgs/bin'
[11.627s] INFO:colcon.colcon_core.shell:Creating package script '/home/racecar/racecar_ws/install/ackermann_msgs/share/ackermann_msgs/package.ps1'
[11.631s] INFO:colcon.colcon_core.shell:Creating package descriptor '/home/racecar/racecar_ws/install/ackermann_msgs/share/ackermann_msgs/package.dsv'
[11.633s] INFO:colcon.colcon_core.shell:Creating package script '/home/racecar/racecar_ws/install/ackermann_msgs/share/ackermann_msgs/package.sh'
[11.637s] INFO:colcon.colcon_core.shell:Creating package script '/home/racecar/racecar_ws/install/ackermann_msgs/share/ackermann_msgs/package.bash'
[11.641s] INFO:colcon.colcon_core.shell:Creating package script '/home/racecar/racecar_ws/install/ackermann_msgs/share/ackermann_msgs/package.zsh'
[11.646s] Level 1:colcon.colcon_core.environment:create_file_with_runtime_dependencies(/home/racecar/racecar_ws/install/ackermann_msgs/share/colcon-core/packages/ackermann_msgs)
[11.658s] DEBUG:colcon.colcon_parallel_executor.executor.parallel:closing loop
[11.659s] DEBUG:colcon.colcon_parallel_executor.executor.parallel:loop closed
[11.659s] DEBUG:colcon.colcon_parallel_executor.executor.parallel:run_until_complete finished with '1'
[11.660s] DEBUG:colcon.colcon_core.event_reactor:joining thread
[11.785s] INFO:colcon.colcon_core.plugin_system:Skipping extension 'colcon_notification.desktop_notification.terminal_notifier': Not used on non-Darwin systems
[11.786s] INFO:colcon.colcon_core.plugin_system:Skipping extension 'colcon_notification.desktop_notification.win32': Not used on non-Windows systems
[11.786s] INFO:colcon.colcon_notification.desktop_notification:Sending desktop notification using 'notify2'
[11.862s] DEBUG:colcon.colcon_core.event_reactor:joined thread
[12.044s] INFO:colcon.colcon_core.shell:Creating prefix script '/home/racecar/racecar_ws/install/local_setup.ps1'
[12.052s] INFO:colcon.colcon_core.shell:Creating prefix util module '/home/racecar/racecar_ws/install/_local_setup_util_ps1.py'
[12.061s] INFO:colcon.colcon_core.shell:Creating prefix chain script '/home/racecar/racecar_ws/install/setup.ps1'
[12.153s] INFO:colcon.colcon_core.shell:Creating prefix script '/home/racecar/racecar_ws/install/local_setup.sh'
[12.157s] INFO:colcon.colcon_core.shell:Creating prefix util module '/home/racecar/racecar_ws/install/_local_setup_util_sh.py'
[12.159s] INFO:colcon.colcon_core.shell:Creating prefix chain script '/home/racecar/racecar_ws/install/setup.sh'
[12.248s] INFO:colcon.colcon_core.shell:Creating prefix script '/home/racecar/racecar_ws/install/local_setup.bash'
[12.252s] INFO:colcon.colcon_core.shell:Creating prefix chain script '/home/racecar/racecar_ws/install/setup.bash'
[12.413s] INFO:colcon.colcon_core.shell:Creating prefix script '/home/racecar/racecar_ws/install/local_setup.zsh'
[12.417s] INFO:colcon.colcon_core.shell:Creating prefix chain script '/home/racecar/racecar_ws/install/setup.zsh'
