[4.287s] Invoking command in '/home/racecar/racecar_ws/build/racecar_neo': PYTHONPATH=/home/racecar/racecar_ws/build/racecar_neo/prefix_override:/home/racecar/racecar_ws/install/racecar_neo/lib/python3.10/site-packages:${PYTHONPATH} /usr/bin/python3 setup.py develop --editable --build-directory /home/racecar/racecar_ws/build/racecar_neo/build --no-deps install_data
[5.750s] running develop
[6.903s] running egg_info
[6.903s] writing racecar_neo.egg-info/PKG-INFO
[6.904s] writing dependency_links to racecar_neo.egg-info/dependency_links.txt
[6.905s] writing entry points to racecar_neo.egg-info/entry_points.txt
[6.906s] writing requirements to racecar_neo.egg-info/requires.txt
[6.907s] writing top-level names to racecar_neo.egg-info/top_level.txt
[6.915s] reading manifest file 'racecar_neo.egg-info/SOURCES.txt'
[6.919s] writing manifest file 'racecar_neo.egg-info/SOURCES.txt'
[6.925s] running build_ext
[6.926s] Creating /home/racecar/racecar_ws/install/racecar_neo/lib/python3.10/site-packages/racecar-neo.egg-link (link to .)
[6.929s] Installing camera script to /home/racecar/racecar_ws/install/racecar_neo/lib/racecar_neo
[6.930s] Installing gamepad script to /home/racecar/racecar_ws/install/racecar_neo/lib/racecar_neo
[6.931s] Installing imu script to /home/racecar/racecar_ws/install/racecar_neo/lib/racecar_neo
[6.932s] Installing mux script to /home/racecar/racecar_ws/install/racecar_neo/lib/racecar_neo
[6.933s] Installing pwm script to /home/racecar/racecar_ws/install/racecar_neo/lib/racecar_neo
[6.933s] Installing throttle script to /home/racecar/racecar_ws/install/racecar_neo/lib/racecar_neo
[6.935s] 
[6.935s] Installed /home/racecar/racecar_ws/build/racecar_neo
[6.935s] running install_data
[7.106s] Invoked command in '/home/racecar/racecar_ws/build/racecar_neo' returned '0': PYTHONPATH=/home/racecar/racecar_ws/build/racecar_neo/prefix_override:/home/racecar/racecar_ws/install/racecar_neo/lib/python3.10/site-packages:${PYTHONPATH} /usr/bin/python3 setup.py develop --editable --build-directory /home/racecar/racecar_ws/build/racecar_neo/build --no-deps install_data
