[5.454s] DEBUG:colcon:Command line arguments: ['/usr/bin/colcon', 'build', '--symlink-install', '--packages-select', 'ydlidar_ros2_driver']
[5.454s] DEBUG:colcon:Parsed command line arguments: Namespace(log_base=None, log_level=None, verb_name='build', build_base='build', install_base='install', merge_install=False, symlink_install=True, test_result_base=None, continue_on_error=False, executor='parallel', parallel_workers=4, event_handlers=None, ignore_user_meta=False, metas=['./colcon.meta'], base_paths=['.'], packages_ignore=None, packages_ignore_regex=None, paths=None, packages_up_to=None, packages_up_to_regex=None, packages_above=None, packages_above_and_dependencies=None, packages_above_depth=None, packages_select_by_dep=None, packages_skip_by_dep=None, packages_skip_up_to=None, packages_select_build_failed=False, packages_skip_build_finished=False, packages_select_test_failures=False, packages_skip_test_passed=False, packages_select=['ydlidar_ros2_driver'], packages_skip=None, packages_select_regex=None, packages_skip_regex=None, packages_start=None, packages_end=None, allow_overriding=[], cmake_args=None, cmake_target=None, cmake_target_skip_unavailable=False, cmake_clean_cache=False, cmake_clean_first=False, cmake_force_configure=False, ament_cmake_args=None, catkin_cmake_args=None, catkin_skip_building_tests=False, verb_parser=<colcon_defaults.argument_parser.defaults.DefaultArgumentsDecorator object at 0xffff8aa294e0>, verb_extension=<colcon_core.verb.build.BuildVerb object at 0xffff8ad6b9d0>, main=<bound method BuildVerb.main of <colcon_core.verb.build.BuildVerb object at 0xffff8ad6b9d0>>)
[5.682s] Level 1:colcon.colcon_core.package_discovery:discover_packages(colcon_meta) check parameters
[5.683s] Level 1:colcon.colcon_core.package_discovery:discover_packages(recursive) check parameters
[5.683s] Level 1:colcon.colcon_core.package_discovery:discover_packages(ignore) check parameters
[5.683s] Level 1:colcon.colcon_core.package_discovery:discover_packages(path) check parameters
[5.683s] Level 1:colcon.colcon_core.package_discovery:discover_packages(colcon_meta) discover
[5.683s] Level 1:colcon.colcon_core.package_discovery:discover_packages(recursive) discover
[5.683s] INFO:colcon.colcon_core.package_discovery:Crawling recursively for packages in '/home/racecar/racecar_ws'
[5.684s] Level 1:colcon.colcon_core.package_identification:_identify(.) by extensions ['ignore', 'ignore_ament_install']
[5.684s] Level 1:colcon.colcon_core.package_identification:_identify(.) by extension 'ignore'
[5.684s] Level 1:colcon.colcon_core.package_identification:_identify(.) by extension 'ignore_ament_install'
[5.685s] Level 1:colcon.colcon_core.package_identification:_identify(.) by extensions ['colcon_pkg']
[5.685s] Level 1:colcon.colcon_core.package_identification:_identify(.) by extension 'colcon_pkg'
[5.685s] Level 1:colcon.colcon_core.package_identification:_identify(.) by extensions ['colcon_meta']
[5.685s] Level 1:colcon.colcon_core.package_identification:_identify(.) by extension 'colcon_meta'
[5.685s] Level 1:colcon.colcon_core.package_identification:_identify(.) by extensions ['ros']
[5.685s] Level 1:colcon.colcon_core.package_identification:_identify(.) by extension 'ros'
[5.732s] Level 1:colcon.colcon_core.package_identification:_identify(.) by extensions ['cmake', 'python']
[5.732s] Level 1:colcon.colcon_core.package_identification:_identify(.) by extension 'cmake'
[5.732s] Level 1:colcon.colcon_core.package_identification:_identify(.) by extension 'python'
[5.733s] Level 1:colcon.colcon_core.package_identification:_identify(.) by extensions ['python_setup_py']
[5.733s] Level 1:colcon.colcon_core.package_identification:_identify(.) by extension 'python_setup_py'
[5.734s] Level 1:colcon.colcon_core.package_identification:_identify(build) by extensions ['ignore', 'ignore_ament_install']
[5.734s] Level 1:colcon.colcon_core.package_identification:_identify(build) by extension 'ignore'
[5.734s] Level 1:colcon.colcon_core.package_identification:_identify(build) ignored
[5.736s] Level 1:colcon.colcon_core.package_identification:_identify(install) by extensions ['ignore', 'ignore_ament_install']
[5.737s] Level 1:colcon.colcon_core.package_identification:_identify(install) by extension 'ignore'
[5.737s] Level 1:colcon.colcon_core.package_identification:_identify(install) ignored
[5.738s] Level 1:colcon.colcon_core.package_identification:_identify(log) by extensions ['ignore', 'ignore_ament_install']
[5.739s] Level 1:colcon.colcon_core.package_identification:_identify(log) by extension 'ignore'
[5.739s] Level 1:colcon.colcon_core.package_identification:_identify(log) ignored
[5.739s] Level 1:colcon.colcon_core.package_identification:_identify(src) by extensions ['ignore', 'ignore_ament_install']
[5.740s] Level 1:colcon.colcon_core.package_identification:_identify(src) by extension 'ignore'
[5.740s] Level 1:colcon.colcon_core.package_identification:_identify(src) by extension 'ignore_ament_install'
[5.740s] Level 1:colcon.colcon_core.package_identification:_identify(src) by extensions ['colcon_pkg']
[5.740s] Level 1:colcon.colcon_core.package_identification:_identify(src) by extension 'colcon_pkg'
[5.740s] Level 1:colcon.colcon_core.package_identification:_identify(src) by extensions ['colcon_meta']
[5.740s] Level 1:colcon.colcon_core.package_identification:_identify(src) by extension 'colcon_meta'
[5.741s] Level 1:colcon.colcon_core.package_identification:_identify(src) by extensions ['ros']
[5.741s] Level 1:colcon.colcon_core.package_identification:_identify(src) by extension 'ros'
[5.741s] Level 1:colcon.colcon_core.package_identification:_identify(src) by extensions ['cmake', 'python']
[5.741s] Level 1:colcon.colcon_core.package_identification:_identify(src) by extension 'cmake'
[5.742s] Level 1:colcon.colcon_core.package_identification:_identify(src) by extension 'python'
[5.742s] Level 1:colcon.colcon_core.package_identification:_identify(src) by extensions ['python_setup_py']
[5.742s] Level 1:colcon.colcon_core.package_identification:_identify(src) by extension 'python_setup_py'
[5.743s] Level 1:colcon.colcon_core.package_identification:_identify(src/racecar_neo) by extensions ['ignore', 'ignore_ament_install']
[5.743s] Level 1:colcon.colcon_core.package_identification:_identify(src/racecar_neo) by extension 'ignore'
[5.743s] Level 1:colcon.colcon_core.package_identification:_identify(src/racecar_neo) by extension 'ignore_ament_install'
[5.743s] Level 1:colcon.colcon_core.package_identification:_identify(src/racecar_neo) by extensions ['colcon_pkg']
[5.743s] Level 1:colcon.colcon_core.package_identification:_identify(src/racecar_neo) by extension 'colcon_pkg'
[5.744s] Level 1:colcon.colcon_core.package_identification:_identify(src/racecar_neo) by extensions ['colcon_meta']
[5.744s] Level 1:colcon.colcon_core.package_identification:_identify(src/racecar_neo) by extension 'colcon_meta'
[5.744s] Level 1:colcon.colcon_core.package_identification:_identify(src/racecar_neo) by extensions ['ros']
[5.744s] Level 1:colcon.colcon_core.package_identification:_identify(src/racecar_neo) by extension 'ros'
[5.752s] DEBUG:colcon.colcon_core.package_identification:Package 'src/racecar_neo' with type 'ros.ament_python' and name 'racecar_neo'
[5.753s] Level 1:colcon.colcon_core.package_identification:_identify(src/ydlidar) by extensions ['ignore', 'ignore_ament_install']
[5.754s] Level 1:colcon.colcon_core.package_identification:_identify(src/ydlidar) by extension 'ignore'
[5.754s] Level 1:colcon.colcon_core.package_identification:_identify(src/ydlidar) by extension 'ignore_ament_install'
[5.754s] Level 1:colcon.colcon_core.package_identification:_identify(src/ydlidar) by extensions ['colcon_pkg']
[5.754s] Level 1:colcon.colcon_core.package_identification:_identify(src/ydlidar) by extension 'colcon_pkg'
[5.754s] Level 1:colcon.colcon_core.package_identification:_identify(src/ydlidar) by extensions ['colcon_meta']
[5.754s] Level 1:colcon.colcon_core.package_identification:_identify(src/ydlidar) by extension 'colcon_meta'
[5.755s] Level 1:colcon.colcon_core.package_identification:_identify(src/ydlidar) by extensions ['ros']
[5.755s] Level 1:colcon.colcon_core.package_identification:_identify(src/ydlidar) by extension 'ros'
[5.755s] Level 1:colcon.colcon_core.package_identification:_identify(src/ydlidar) by extensions ['cmake', 'python']
[5.755s] Level 1:colcon.colcon_core.package_identification:_identify(src/ydlidar) by extension 'cmake'
[5.755s] Level 1:colcon.colcon_core.package_identification:_identify(src/ydlidar) by extension 'python'
[5.756s] Level 1:colcon.colcon_core.package_identification:_identify(src/ydlidar) by extensions ['python_setup_py']
[5.756s] Level 1:colcon.colcon_core.package_identification:_identify(src/ydlidar) by extension 'python_setup_py'
[5.756s] Level 1:colcon.colcon_core.package_identification:_identify(src/ydlidar/YDLIDAR-SDK) by extensions ['ignore', 'ignore_ament_install']
[5.757s] Level 1:colcon.colcon_core.package_identification:_identify(src/ydlidar/YDLIDAR-SDK) by extension 'ignore'
[5.757s] Level 1:colcon.colcon_core.package_identification:_identify(src/ydlidar/YDLIDAR-SDK) by extension 'ignore_ament_install'
[5.757s] Level 1:colcon.colcon_core.package_identification:_identify(src/ydlidar/YDLIDAR-SDK) by extensions ['colcon_pkg']
[5.758s] Level 1:colcon.colcon_core.package_identification:_identify(src/ydlidar/YDLIDAR-SDK) by extension 'colcon_pkg'
[5.758s] Level 1:colcon.colcon_core.package_identification:_identify(src/ydlidar/YDLIDAR-SDK) by extensions ['colcon_meta']
[5.758s] Level 1:colcon.colcon_core.package_identification:_identify(src/ydlidar/YDLIDAR-SDK) by extension 'colcon_meta'
[5.758s] Level 1:colcon.colcon_core.package_identification:_identify(src/ydlidar/YDLIDAR-SDK) by extensions ['ros']
[5.758s] Level 1:colcon.colcon_core.package_identification:_identify(src/ydlidar/YDLIDAR-SDK) by extension 'ros'
[5.759s] Level 1:colcon.colcon_core.package_identification:_identify(src/ydlidar/YDLIDAR-SDK) by extensions ['cmake', 'python']
[5.759s] Level 1:colcon.colcon_core.package_identification:_identify(src/ydlidar/YDLIDAR-SDK) by extension 'cmake'
[5.898s] Level 1:colcon.colcon_core.package_identification:_identify(src/ydlidar/YDLIDAR-SDK) by extension 'python'
[5.898s] DEBUG:colcon.colcon_core.package_identification:Package 'src/ydlidar/YDLIDAR-SDK' with type 'cmake' and name 'ydlidar_sdk'
[5.899s] Level 1:colcon.colcon_core.package_identification:_identify(src/ydlidar/ydlidar_ros2_driver) by extensions ['ignore', 'ignore_ament_install']
[5.899s] Level 1:colcon.colcon_core.package_identification:_identify(src/ydlidar/ydlidar_ros2_driver) by extension 'ignore'
[5.900s] Level 1:colcon.colcon_core.package_identification:_identify(src/ydlidar/ydlidar_ros2_driver) by extension 'ignore_ament_install'
[5.900s] Level 1:colcon.colcon_core.package_identification:_identify(src/ydlidar/ydlidar_ros2_driver) by extensions ['colcon_pkg']
[5.900s] Level 1:colcon.colcon_core.package_identification:_identify(src/ydlidar/ydlidar_ros2_driver) by extension 'colcon_pkg'
[5.900s] Level 1:colcon.colcon_core.package_identification:_identify(src/ydlidar/ydlidar_ros2_driver) by extensions ['colcon_meta']
[5.900s] Level 1:colcon.colcon_core.package_identification:_identify(src/ydlidar/ydlidar_ros2_driver) by extension 'colcon_meta'
[5.901s] Level 1:colcon.colcon_core.package_identification:_identify(src/ydlidar/ydlidar_ros2_driver) by extensions ['ros']
[5.901s] Level 1:colcon.colcon_core.package_identification:_identify(src/ydlidar/ydlidar_ros2_driver) by extension 'ros'
[5.903s] DEBUG:colcon.colcon_core.package_identification:Package 'src/ydlidar/ydlidar_ros2_driver' with type 'ros.ament_cmake' and name 'ydlidar_ros2_driver'
[5.903s] Level 1:colcon.colcon_core.package_discovery:discover_packages(recursive) using defaults
[5.903s] Level 1:colcon.colcon_core.package_discovery:discover_packages(ignore) discover
[5.904s] Level 1:colcon.colcon_core.package_discovery:discover_packages(ignore) using defaults
[5.904s] Level 1:colcon.colcon_core.package_discovery:discover_packages(path) discover
[5.904s] Level 1:colcon.colcon_core.package_discovery:discover_packages(path) using defaults
[6.208s] INFO:colcon.colcon_core.package_selection:Skipping not selected package 'racecar_neo' in 'src/racecar_neo'
[6.208s] INFO:colcon.colcon_core.package_selection:Skipping not selected package 'ydlidar_sdk' in 'src/ydlidar/YDLIDAR-SDK'
[6.365s] Level 1:colcon.colcon_core.package_discovery:discover_packages(prefix_path) check parameters
[6.366s] Level 1:colcon.colcon_core.package_discovery:discover_packages(prefix_path) discover
[6.578s] DEBUG:colcon.colcon_installed_package_information.package_discovery:Found 281 installed packages in /opt/ros/iron
[6.584s] Level 1:colcon.colcon_core.package_discovery:discover_packages(prefix_path) using defaults
[6.964s] Level 5:colcon.colcon_core.verb:set package 'ydlidar_ros2_driver' build argument 'cmake_args' from command line to 'None'
[6.964s] Level 5:colcon.colcon_core.verb:set package 'ydlidar_ros2_driver' build argument 'cmake_target' from command line to 'None'
[6.964s] Level 5:colcon.colcon_core.verb:set package 'ydlidar_ros2_driver' build argument 'cmake_target_skip_unavailable' from command line to 'False'
[6.964s] Level 5:colcon.colcon_core.verb:set package 'ydlidar_ros2_driver' build argument 'cmake_clean_cache' from command line to 'False'
[6.964s] Level 5:colcon.colcon_core.verb:set package 'ydlidar_ros2_driver' build argument 'cmake_clean_first' from command line to 'False'
[6.964s] Level 5:colcon.colcon_core.verb:set package 'ydlidar_ros2_driver' build argument 'cmake_force_configure' from command line to 'False'
[6.965s] Level 5:colcon.colcon_core.verb:set package 'ydlidar_ros2_driver' build argument 'ament_cmake_args' from command line to 'None'
[6.965s] Level 5:colcon.colcon_core.verb:set package 'ydlidar_ros2_driver' build argument 'catkin_cmake_args' from command line to 'None'
[6.965s] Level 5:colcon.colcon_core.verb:set package 'ydlidar_ros2_driver' build argument 'catkin_skip_building_tests' from command line to 'False'
[6.965s] DEBUG:colcon.colcon_core.verb:Building package 'ydlidar_ros2_driver' with the following arguments: {'ament_cmake_args': None, 'build_base': '/home/racecar/racecar_ws/build/ydlidar_ros2_driver', 'catkin_cmake_args': None, 'catkin_skip_building_tests': False, 'cmake_args': None, 'cmake_clean_cache': False, 'cmake_clean_first': False, 'cmake_force_configure': False, 'cmake_target': None, 'cmake_target_skip_unavailable': False, 'install_base': '/home/racecar/racecar_ws/install/ydlidar_ros2_driver', 'merge_install': False, 'path': '/home/racecar/racecar_ws/src/ydlidar/ydlidar_ros2_driver', 'symlink_install': True, 'test_result_base': None}
[7.042s] INFO:colcon.colcon_core.executor:Executing jobs using 'parallel' executor
[7.122s] DEBUG:colcon.colcon_parallel_executor.executor.parallel:run_until_complete
[7.123s] INFO:colcon.colcon_ros.task.ament_cmake.build:Building ROS package in '/home/racecar/racecar_ws/src/ydlidar/ydlidar_ros2_driver' with build type 'ament_cmake'
[7.124s] INFO:colcon.colcon_cmake.task.cmake.build:Building CMake package in '/home/racecar/racecar_ws/src/ydlidar/ydlidar_ros2_driver'
[7.219s] INFO:colcon.colcon_core.plugin_system:Skipping extension 'colcon_core.shell.bat': Not used on non-Windows systems
[7.220s] INFO:colcon.colcon_core.shell:Skip shell extension 'powershell' for command environment: Not usable outside of PowerShell
[7.220s] DEBUG:colcon.colcon_core.shell:Skip shell extension 'dsv' for command environment
[7.438s] DEBUG:colcon.colcon_core.event_handler.log_command:Invoking command in '/home/racecar/racecar_ws/build/ydlidar_ros2_driver': CMAKE_PREFIX_PATH=/opt/ros/iron /usr/bin/cmake /home/racecar/racecar_ws/src/ydlidar/ydlidar_ros2_driver -DAMENT_CMAKE_SYMLINK_INSTALL=1 -DCMAKE_INSTALL_PREFIX=/home/racecar/racecar_ws/install/ydlidar_ros2_driver
[7.467s] DEBUG:colcon.colcon_core.event_handler.log_command:Invoked command in '/home/racecar/racecar_ws/build/ydlidar_ros2_driver' returned '1': CMAKE_PREFIX_PATH=/opt/ros/iron /usr/bin/cmake /home/racecar/racecar_ws/src/ydlidar/ydlidar_ros2_driver -DAMENT_CMAKE_SYMLINK_INSTALL=1 -DCMAKE_INSTALL_PREFIX=/home/racecar/racecar_ws/install/ydlidar_ros2_driver
[7.518s] Level 1:colcon.colcon_core.environment:create_environment_scripts_only(ydlidar_ros2_driver)
[7.619s] Level 1:colcon.colcon_core.environment:checking '/home/racecar/racecar_ws/install/ydlidar_ros2_driver' for CMake module files
[7.621s] Level 1:colcon.colcon_core.environment:checking '/home/racecar/racecar_ws/install/ydlidar_ros2_driver' for CMake config files
[7.623s] Level 1:colcon.colcon_core.environment:checking '/home/racecar/racecar_ws/install/ydlidar_ros2_driver/bin'
[7.623s] Level 1:colcon.colcon_core.environment:checking '/home/racecar/racecar_ws/install/ydlidar_ros2_driver/lib/pkgconfig/ydlidar_ros2_driver.pc'
[7.624s] Level 1:colcon.colcon_core.environment:checking '/home/racecar/racecar_ws/install/ydlidar_ros2_driver/lib/python3.10/site-packages'
[7.625s] Level 1:colcon.colcon_core.environment:checking '/home/racecar/racecar_ws/install/ydlidar_ros2_driver/bin'
[7.725s] INFO:colcon.colcon_core.shell:Creating package script '/home/racecar/racecar_ws/install/ydlidar_ros2_driver/share/ydlidar_ros2_driver/package.ps1'
[7.728s] INFO:colcon.colcon_core.shell:Creating package descriptor '/home/racecar/racecar_ws/install/ydlidar_ros2_driver/share/ydlidar_ros2_driver/package.dsv'
[7.730s] INFO:colcon.colcon_core.shell:Creating package script '/home/racecar/racecar_ws/install/ydlidar_ros2_driver/share/ydlidar_ros2_driver/package.sh'
[7.733s] INFO:colcon.colcon_core.shell:Creating package script '/home/racecar/racecar_ws/install/ydlidar_ros2_driver/share/ydlidar_ros2_driver/package.bash'
[7.736s] INFO:colcon.colcon_core.shell:Creating package script '/home/racecar/racecar_ws/install/ydlidar_ros2_driver/share/ydlidar_ros2_driver/package.zsh'
[7.739s] Level 1:colcon.colcon_core.environment:create_file_with_runtime_dependencies(/home/racecar/racecar_ws/install/ydlidar_ros2_driver/share/colcon-core/packages/ydlidar_ros2_driver)
[7.750s] DEBUG:colcon.colcon_parallel_executor.executor.parallel:closing loop
[7.751s] DEBUG:colcon.colcon_parallel_executor.executor.parallel:loop closed
[7.751s] DEBUG:colcon.colcon_parallel_executor.executor.parallel:run_until_complete finished with '1'
[7.752s] DEBUG:colcon.colcon_core.event_reactor:joining thread
[7.863s] INFO:colcon.colcon_core.plugin_system:Skipping extension 'colcon_notification.desktop_notification.terminal_notifier': Not used on non-Darwin systems
[7.863s] INFO:colcon.colcon_core.plugin_system:Skipping extension 'colcon_notification.desktop_notification.win32': Not used on non-Windows systems
[7.863s] INFO:colcon.colcon_notification.desktop_notification:Sending desktop notification using 'notify2'
[7.916s] DEBUG:colcon.colcon_core.event_reactor:joined thread
[8.034s] INFO:colcon.colcon_core.shell:Creating prefix script '/home/racecar/racecar_ws/install/local_setup.ps1'
[8.039s] INFO:colcon.colcon_core.shell:Creating prefix util module '/home/racecar/racecar_ws/install/_local_setup_util_ps1.py'
[8.047s] INFO:colcon.colcon_core.shell:Creating prefix chain script '/home/racecar/racecar_ws/install/setup.ps1'
[8.150s] INFO:colcon.colcon_core.shell:Creating prefix script '/home/racecar/racecar_ws/install/local_setup.sh'
[8.155s] INFO:colcon.colcon_core.shell:Creating prefix util module '/home/racecar/racecar_ws/install/_local_setup_util_sh.py'
[8.159s] INFO:colcon.colcon_core.shell:Creating prefix chain script '/home/racecar/racecar_ws/install/setup.sh'
[8.242s] INFO:colcon.colcon_core.shell:Creating prefix script '/home/racecar/racecar_ws/install/local_setup.bash'
[8.244s] INFO:colcon.colcon_core.shell:Creating prefix chain script '/home/racecar/racecar_ws/install/setup.bash'
[8.325s] INFO:colcon.colcon_core.shell:Creating prefix script '/home/racecar/racecar_ws/install/local_setup.zsh'
[8.327s] INFO:colcon.colcon_core.shell:Creating prefix chain script '/home/racecar/racecar_ws/install/setup.zsh'
