[5.420s] DEBUG:colcon:Command line arguments: ['/usr/bin/colcon', 'build', '--symlink-install', '--packages-select', 'ackermann_msgs']
[5.420s] DEBUG:colcon:Parsed command line arguments: Namespace(log_base=None, log_level=None, verb_name='build', build_base='build', install_base='install', merge_install=False, symlink_install=True, test_result_base=None, continue_on_error=False, executor='parallel', parallel_workers=4, event_handlers=None, ignore_user_meta=False, metas=['./colcon.meta'], base_paths=['.'], packages_ignore=None, packages_ignore_regex=None, paths=None, packages_up_to=None, packages_up_to_regex=None, packages_above=None, packages_above_and_dependencies=None, packages_above_depth=None, packages_select_by_dep=None, packages_skip_by_dep=None, packages_skip_up_to=None, packages_select_build_failed=False, packages_skip_build_finished=False, packages_select_test_failures=False, packages_skip_test_passed=False, packages_select=['ackermann_msgs'], packages_skip=None, packages_select_regex=None, packages_skip_regex=None, packages_start=None, packages_end=None, allow_overriding=[], cmake_args=None, cmake_target=None, cmake_target_skip_unavailable=False, cmake_clean_cache=False, cmake_clean_first=False, cmake_force_configure=False, ament_cmake_args=None, catkin_cmake_args=None, catkin_skip_building_tests=False, verb_parser=<colcon_defaults.argument_parser.defaults.DefaultArgumentsDecorator object at 0xffff840f95a0>, verb_extension=<colcon_core.verb.build.BuildVerb object at 0xffff8441fca0>, main=<bound method BuildVerb.main of <colcon_core.verb.build.BuildVerb object at 0xffff8441fca0>>)
[5.647s] Level 1:colcon.colcon_core.package_discovery:discover_packages(colcon_meta) check parameters
[5.648s] Level 1:colcon.colcon_core.package_discovery:discover_packages(recursive) check parameters
[5.648s] Level 1:colcon.colcon_core.package_discovery:discover_packages(ignore) check parameters
[5.648s] Level 1:colcon.colcon_core.package_discovery:discover_packages(path) check parameters
[5.648s] Level 1:colcon.colcon_core.package_discovery:discover_packages(colcon_meta) discover
[5.648s] Level 1:colcon.colcon_core.package_discovery:discover_packages(recursive) discover
[5.648s] INFO:colcon.colcon_core.package_discovery:Crawling recursively for packages in '/home/racecar/racecar_ws'
[5.649s] Level 1:colcon.colcon_core.package_identification:_identify(.) by extensions ['ignore', 'ignore_ament_install']
[5.649s] Level 1:colcon.colcon_core.package_identification:_identify(.) by extension 'ignore'
[5.649s] Level 1:colcon.colcon_core.package_identification:_identify(.) by extension 'ignore_ament_install'
[5.650s] Level 1:colcon.colcon_core.package_identification:_identify(.) by extensions ['colcon_pkg']
[5.650s] Level 1:colcon.colcon_core.package_identification:_identify(.) by extension 'colcon_pkg'
[5.650s] Level 1:colcon.colcon_core.package_identification:_identify(.) by extensions ['colcon_meta']
[5.650s] Level 1:colcon.colcon_core.package_identification:_identify(.) by extension 'colcon_meta'
[5.650s] Level 1:colcon.colcon_core.package_identification:_identify(.) by extensions ['ros']
[5.650s] Level 1:colcon.colcon_core.package_identification:_identify(.) by extension 'ros'
[5.696s] Level 1:colcon.colcon_core.package_identification:_identify(.) by extensions ['cmake', 'python']
[5.696s] Level 1:colcon.colcon_core.package_identification:_identify(.) by extension 'cmake'
[5.697s] Level 1:colcon.colcon_core.package_identification:_identify(.) by extension 'python'
[5.697s] Level 1:colcon.colcon_core.package_identification:_identify(.) by extensions ['python_setup_py']
[5.697s] Level 1:colcon.colcon_core.package_identification:_identify(.) by extension 'python_setup_py'
[5.698s] Level 1:colcon.colcon_core.package_identification:_identify(build) by extensions ['ignore', 'ignore_ament_install']
[5.698s] Level 1:colcon.colcon_core.package_identification:_identify(build) by extension 'ignore'
[5.698s] Level 1:colcon.colcon_core.package_identification:_identify(build) ignored
[5.699s] Level 1:colcon.colcon_core.package_identification:_identify(install) by extensions ['ignore', 'ignore_ament_install']
[5.699s] Level 1:colcon.colcon_core.package_identification:_identify(install) by extension 'ignore'
[5.699s] Level 1:colcon.colcon_core.package_identification:_identify(install) ignored
[5.700s] Level 1:colcon.colcon_core.package_identification:_identify(log) by extensions ['ignore', 'ignore_ament_install']
[5.700s] Level 1:colcon.colcon_core.package_identification:_identify(log) by extension 'ignore'
[5.700s] Level 1:colcon.colcon_core.package_identification:_identify(log) ignored
[5.700s] Level 1:colcon.colcon_core.package_identification:_identify(src) by extensions ['ignore', 'ignore_ament_install']
[5.701s] Level 1:colcon.colcon_core.package_identification:_identify(src) by extension 'ignore'
[5.701s] Level 1:colcon.colcon_core.package_identification:_identify(src) by extension 'ignore_ament_install'
[5.701s] Level 1:colcon.colcon_core.package_identification:_identify(src) by extensions ['colcon_pkg']
[5.701s] Level 1:colcon.colcon_core.package_identification:_identify(src) by extension 'colcon_pkg'
[5.702s] Level 1:colcon.colcon_core.package_identification:_identify(src) by extensions ['colcon_meta']
[5.702s] Level 1:colcon.colcon_core.package_identification:_identify(src) by extension 'colcon_meta'
[5.702s] Level 1:colcon.colcon_core.package_identification:_identify(src) by extensions ['ros']
[5.702s] Level 1:colcon.colcon_core.package_identification:_identify(src) by extension 'ros'
[5.702s] Level 1:colcon.colcon_core.package_identification:_identify(src) by extensions ['cmake', 'python']
[5.702s] Level 1:colcon.colcon_core.package_identification:_identify(src) by extension 'cmake'
[5.703s] Level 1:colcon.colcon_core.package_identification:_identify(src) by extension 'python'
[5.703s] Level 1:colcon.colcon_core.package_identification:_identify(src) by extensions ['python_setup_py']
[5.703s] Level 1:colcon.colcon_core.package_identification:_identify(src) by extension 'python_setup_py'
[5.703s] Level 1:colcon.colcon_core.package_identification:_identify(src/ackermann_msgs) by extensions ['ignore', 'ignore_ament_install']
[5.704s] Level 1:colcon.colcon_core.package_identification:_identify(src/ackermann_msgs) by extension 'ignore'
[5.704s] Level 1:colcon.colcon_core.package_identification:_identify(src/ackermann_msgs) by extension 'ignore_ament_install'
[5.704s] Level 1:colcon.colcon_core.package_identification:_identify(src/ackermann_msgs) by extensions ['colcon_pkg']
[5.704s] Level 1:colcon.colcon_core.package_identification:_identify(src/ackermann_msgs) by extension 'colcon_pkg'
[5.704s] Level 1:colcon.colcon_core.package_identification:_identify(src/ackermann_msgs) by extensions ['colcon_meta']
[5.704s] Level 1:colcon.colcon_core.package_identification:_identify(src/ackermann_msgs) by extension 'colcon_meta'
[5.705s] Level 1:colcon.colcon_core.package_identification:_identify(src/ackermann_msgs) by extensions ['ros']
[5.705s] Level 1:colcon.colcon_core.package_identification:_identify(src/ackermann_msgs) by extension 'ros'
[5.714s] DEBUG:colcon.colcon_core.package_identification:Package 'src/ackermann_msgs' with type 'ros.catkin' and name 'ackermann_msgs'
[5.714s] Level 1:colcon.colcon_core.package_identification:_identify(src/racecar_neo) by extensions ['ignore', 'ignore_ament_install']
[5.715s] Level 1:colcon.colcon_core.package_identification:_identify(src/racecar_neo) by extension 'ignore'
[5.715s] Level 1:colcon.colcon_core.package_identification:_identify(src/racecar_neo) by extension 'ignore_ament_install'
[5.715s] Level 1:colcon.colcon_core.package_identification:_identify(src/racecar_neo) by extensions ['colcon_pkg']
[5.715s] Level 1:colcon.colcon_core.package_identification:_identify(src/racecar_neo) by extension 'colcon_pkg'
[5.715s] Level 1:colcon.colcon_core.package_identification:_identify(src/racecar_neo) by extensions ['colcon_meta']
[5.716s] Level 1:colcon.colcon_core.package_identification:_identify(src/racecar_neo) by extension 'colcon_meta'
[5.716s] Level 1:colcon.colcon_core.package_identification:_identify(src/racecar_neo) by extensions ['ros']
[5.716s] Level 1:colcon.colcon_core.package_identification:_identify(src/racecar_neo) by extension 'ros'
[5.718s] DEBUG:colcon.colcon_core.package_identification:Package 'src/racecar_neo' with type 'ros.ament_python' and name 'racecar_neo'
[5.718s] Level 1:colcon.colcon_core.package_discovery:discover_packages(recursive) using defaults
[5.718s] Level 1:colcon.colcon_core.package_discovery:discover_packages(ignore) discover
[5.718s] Level 1:colcon.colcon_core.package_discovery:discover_packages(ignore) using defaults
[5.718s] Level 1:colcon.colcon_core.package_discovery:discover_packages(path) discover
[5.719s] Level 1:colcon.colcon_core.package_discovery:discover_packages(path) using defaults
[6.024s] INFO:colcon.colcon_core.package_selection:Skipping not selected package 'racecar_neo' in 'src/racecar_neo'
[6.176s] Level 1:colcon.colcon_core.package_discovery:discover_packages(prefix_path) check parameters
[6.176s] Level 1:colcon.colcon_core.package_discovery:discover_packages(prefix_path) discover
[6.384s] DEBUG:colcon.colcon_installed_package_information.package_discovery:Found 281 installed packages in /opt/ros/iron
[6.391s] Level 1:colcon.colcon_core.package_discovery:discover_packages(prefix_path) using defaults
[6.767s] Level 5:colcon.colcon_core.verb:set package 'ackermann_msgs' build argument 'cmake_args' from command line to 'None'
[6.767s] Level 5:colcon.colcon_core.verb:set package 'ackermann_msgs' build argument 'cmake_target' from command line to 'None'
[6.767s] Level 5:colcon.colcon_core.verb:set package 'ackermann_msgs' build argument 'cmake_target_skip_unavailable' from command line to 'False'
[6.767s] Level 5:colcon.colcon_core.verb:set package 'ackermann_msgs' build argument 'cmake_clean_cache' from command line to 'False'
[6.767s] Level 5:colcon.colcon_core.verb:set package 'ackermann_msgs' build argument 'cmake_clean_first' from command line to 'False'
[6.768s] Level 5:colcon.colcon_core.verb:set package 'ackermann_msgs' build argument 'cmake_force_configure' from command line to 'False'
[6.768s] Level 5:colcon.colcon_core.verb:set package 'ackermann_msgs' build argument 'ament_cmake_args' from command line to 'None'
[6.768s] Level 5:colcon.colcon_core.verb:set package 'ackermann_msgs' build argument 'catkin_cmake_args' from command line to 'None'
[6.768s] Level 5:colcon.colcon_core.verb:set package 'ackermann_msgs' build argument 'catkin_skip_building_tests' from command line to 'False'
[6.768s] DEBUG:colcon.colcon_core.verb:Building package 'ackermann_msgs' with the following arguments: {'ament_cmake_args': None, 'build_base': '/home/racecar/racecar_ws/build/ackermann_msgs', 'catkin_cmake_args': None, 'catkin_skip_building_tests': False, 'cmake_args': None, 'cmake_clean_cache': False, 'cmake_clean_first': False, 'cmake_force_configure': False, 'cmake_target': None, 'cmake_target_skip_unavailable': False, 'install_base': '/home/racecar/racecar_ws/install/ackermann_msgs', 'merge_install': False, 'path': '/home/racecar/racecar_ws/src/ackermann_msgs', 'symlink_install': True, 'test_result_base': None}
[6.847s] INFO:colcon.colcon_core.executor:Executing jobs using 'parallel' executor
[6.927s] DEBUG:colcon.colcon_parallel_executor.executor.parallel:run_until_complete
[6.928s] INFO:colcon.colcon_ros.task.catkin.build:Building ROS package in '/home/racecar/racecar_ws/src/ackermann_msgs' with build type 'catkin'
[6.929s] INFO:colcon.colcon_cmake.task.cmake.build:Building CMake package in '/home/racecar/racecar_ws/src/ackermann_msgs'
[7.019s] INFO:colcon.colcon_core.plugin_system:Skipping extension 'colcon_core.shell.bat': Not used on non-Windows systems
[7.020s] INFO:colcon.colcon_core.shell:Skip shell extension 'powershell' for command environment: Not usable outside of PowerShell
[7.020s] DEBUG:colcon.colcon_core.shell:Skip shell extension 'dsv' for command environment
[7.219s] DEBUG:colcon.colcon_core.event_handler.log_command:Invoking command in '/home/racecar/racecar_ws/build/ackermann_msgs': /usr/bin/cmake /home/racecar/racecar_ws/src/ackermann_msgs -DCATKIN_INSTALL_INTO_PREFIX_ROOT=0 -DCATKIN_SYMLINK_INSTALL=ON -DCMAKE_INSTALL_PREFIX=/home/racecar/racecar_ws/install/ackermann_msgs
[7.455s] DEBUG:colcon.colcon_core.event_handler.log_command:Invoked command in '/home/racecar/racecar_ws/build/ackermann_msgs' returned '1': /usr/bin/cmake /home/racecar/racecar_ws/src/ackermann_msgs -DCATKIN_INSTALL_INTO_PREFIX_ROOT=0 -DCATKIN_SYMLINK_INSTALL=ON -DCMAKE_INSTALL_PREFIX=/home/racecar/racecar_ws/install/ackermann_msgs
[7.501s] Level 1:colcon.colcon_core.environment:create_environment_scripts_only(ackermann_msgs)
[7.599s] Level 1:colcon.colcon_core.environment:checking '/home/racecar/racecar_ws/install/ackermann_msgs' for CMake module files
[7.601s] Level 1:colcon.colcon_core.environment:checking '/home/racecar/racecar_ws/install/ackermann_msgs' for CMake config files
[7.603s] Level 1:colcon.colcon_core.environment:checking '/home/racecar/racecar_ws/install/ackermann_msgs/bin'
[7.603s] Level 1:colcon.colcon_core.environment:checking '/home/racecar/racecar_ws/install/ackermann_msgs/lib/pkgconfig/ackermann_msgs.pc'
[7.604s] Level 1:colcon.colcon_core.environment:checking '/home/racecar/racecar_ws/install/ackermann_msgs/lib/python3.10/site-packages'
[7.605s] Level 1:colcon.colcon_core.environment:checking '/home/racecar/racecar_ws/install/ackermann_msgs/bin'
[7.687s] INFO:colcon.colcon_core.shell:Creating package script '/home/racecar/racecar_ws/install/ackermann_msgs/share/ackermann_msgs/package.ps1'
[7.690s] INFO:colcon.colcon_core.shell:Creating package descriptor '/home/racecar/racecar_ws/install/ackermann_msgs/share/ackermann_msgs/package.dsv'
[7.692s] INFO:colcon.colcon_core.shell:Creating package script '/home/racecar/racecar_ws/install/ackermann_msgs/share/ackermann_msgs/package.sh'
[7.695s] INFO:colcon.colcon_core.shell:Creating package script '/home/racecar/racecar_ws/install/ackermann_msgs/share/ackermann_msgs/package.bash'
[7.698s] INFO:colcon.colcon_core.shell:Creating package script '/home/racecar/racecar_ws/install/ackermann_msgs/share/ackermann_msgs/package.zsh'
[7.701s] Level 1:colcon.colcon_core.environment:create_file_with_runtime_dependencies(/home/racecar/racecar_ws/install/ackermann_msgs/share/colcon-core/packages/ackermann_msgs)
[7.713s] DEBUG:colcon.colcon_parallel_executor.executor.parallel:closing loop
[7.714s] DEBUG:colcon.colcon_parallel_executor.executor.parallel:loop closed
[7.714s] DEBUG:colcon.colcon_parallel_executor.executor.parallel:run_until_complete finished with '1'
[7.714s] DEBUG:colcon.colcon_core.event_reactor:joining thread
[7.826s] INFO:colcon.colcon_core.plugin_system:Skipping extension 'colcon_notification.desktop_notification.terminal_notifier': Not used on non-Darwin systems
[7.826s] INFO:colcon.colcon_core.plugin_system:Skipping extension 'colcon_notification.desktop_notification.win32': Not used on non-Windows systems
[7.826s] INFO:colcon.colcon_notification.desktop_notification:Sending desktop notification using 'notify2'
[7.875s] DEBUG:colcon.colcon_core.event_reactor:joined thread
[7.986s] INFO:colcon.colcon_core.shell:Creating prefix script '/home/racecar/racecar_ws/install/local_setup.ps1'
[7.991s] INFO:colcon.colcon_core.shell:Creating prefix util module '/home/racecar/racecar_ws/install/_local_setup_util_ps1.py'
[7.996s] INFO:colcon.colcon_core.shell:Creating prefix chain script '/home/racecar/racecar_ws/install/setup.ps1'
[8.089s] INFO:colcon.colcon_core.shell:Creating prefix script '/home/racecar/racecar_ws/install/local_setup.sh'
[8.091s] INFO:colcon.colcon_core.shell:Creating prefix util module '/home/racecar/racecar_ws/install/_local_setup_util_sh.py'
[8.093s] INFO:colcon.colcon_core.shell:Creating prefix chain script '/home/racecar/racecar_ws/install/setup.sh'
[8.176s] INFO:colcon.colcon_core.shell:Creating prefix script '/home/racecar/racecar_ws/install/local_setup.bash'
[8.179s] INFO:colcon.colcon_core.shell:Creating prefix chain script '/home/racecar/racecar_ws/install/setup.bash'
[8.259s] INFO:colcon.colcon_core.shell:Creating prefix script '/home/racecar/racecar_ws/install/local_setup.zsh'
[8.261s] INFO:colcon.colcon_core.shell:Creating prefix chain script '/home/racecar/racecar_ws/install/setup.zsh'
