[4.928s] Invoking command in '/home/racecar/racecar_ws/build/racecar_neo': PYTHONPATH=/home/racecar/racecar_ws/build/racecar_neo/prefix_override:/home/racecar/racecar_ws/install/racecar_neo/lib/python3.10/site-packages:${PYTHONPATH} /usr/bin/python3 setup.py develop --editable --build-directory /home/racecar/racecar_ws/build/racecar_neo/build --no-deps install_data
[6.345s] running develop
[7.452s] running egg_info
[7.453s] writing racecar_neo.egg-info/PKG-INFO
[7.454s] writing dependency_links to racecar_neo.egg-info/dependency_links.txt
[7.455s] writing entry points to racecar_neo.egg-info/entry_points.txt
[7.456s] writing requirements to racecar_neo.egg-info/requires.txt
[7.456s] writing top-level names to racecar_neo.egg-info/top_level.txt
[7.466s] reading manifest file 'racecar_neo.egg-info/SOURCES.txt'
[7.469s] writing manifest file 'racecar_neo.egg-info/SOURCES.txt'
[7.475s] running build_ext
[7.475s] Creating /home/racecar/racecar_ws/install/racecar_neo/lib/python3.10/site-packages/racecar-neo.egg-link (link to .)
[7.479s] Installing gamepad script to /home/racecar/racecar_ws/install/racecar_neo/lib/racecar_neo
[7.480s] Installing mux script to /home/racecar/racecar_ws/install/racecar_neo/lib/racecar_neo
[7.480s] Installing pwm script to /home/racecar/racecar_ws/install/racecar_neo/lib/racecar_neo
[7.481s] Installing throttle script to /home/racecar/racecar_ws/install/racecar_neo/lib/racecar_neo
[7.483s] 
[7.483s] Installed /home/racecar/racecar_ws/build/racecar_neo
[7.484s] running install_data
[7.659s] Invoked command in '/home/racecar/racecar_ws/build/racecar_neo' returned '0': PYTHONPATH=/home/racecar/racecar_ws/build/racecar_neo/prefix_override:/home/racecar/racecar_ws/install/racecar_neo/lib/python3.10/site-packages:${PYTHONPATH} /usr/bin/python3 setup.py develop --editable --build-directory /home/racecar/racecar_ws/build/racecar_neo/build --no-deps install_data
